<?xml version="1.0" encoding="UTF-8"?>
    <!DOCTYPE suite SYSTEM "http://testng.org/testng-1.0.dtd" >
<suite name="Test E-Commerce Platform APIs">
	<suite-files>
		<suite-file path="./catalogue-master-getAllProducts.xml" />
		<suite-file path="./catalogue-master-getProductCatalogue.xml" />

	</suite-files>
</suite>
