<?xml version="1.0" encoding="UTF-8"?>
<testsuite xmlns:xsi="http://www.w3.org/2001/XMLSchema-instance" xsi:noNamespaceSchemaLocation="https://maven.apache.org/surefire/maven-surefire-plugin/xsd/surefire-test-report.xsd" name="TestSuite" time="306.106" tests="538" errors="0" skipped="0" failures="7">
  <properties>
    <property name="gopherProxySet" value="false"/>
    <property name="awt.toolkit" value="sun.lwawt.macosx.LWCToolkit"/>
    <property name="file.encoding.pkg" value="sun.io"/>
    <property name="java.specification.version" value="1.8"/>
    <property name="sun.cpu.isalist" value=""/>
    <property name="sun.jnu.encoding" value="UTF-8"/>
    <property name="java.class.path" value="/Users/chaipoint/Documents/workspace/pos-ag-test/target/test-classes:/Users/chaipoint/Documents/workspace/pos-ag-test/target/classes:/Users/chaipoint/.m2/repository/org/springframework/boot/spring-boot-starter-webflux/2.1.5.RELEASE/spring-boot-starter-webflux-2.1.5.RELEASE.jar:/Users/chaipoint/.m2/repository/org/springframework/boot/spring-boot-starter/2.1.5.RELEASE/spring-boot-starter-2.1.5.RELEASE.jar:/Users/chaipoint/.m2/repository/org/springframework/boot/spring-boot/2.1.5.RELEASE/spring-boot-2.1.5.RELEASE.jar:/Users/chaipoint/.m2/repository/org/springframework/spring-context/5.1.7.RELEASE/spring-context-5.1.7.RELEASE.jar:/Users/chaipoint/.m2/repository/org/springframework/spring-aop/5.1.7.RELEASE/spring-aop-5.1.7.RELEASE.jar:/Users/chaipoint/.m2/repository/org/springframework/spring-expression/5.1.7.RELEASE/spring-expression-5.1.7.RELEASE.jar:/Users/chaipoint/.m2/repository/org/springframework/boot/spring-boot-autoconfigure/2.1.5.RELEASE/spring-boot-autoconfigure-2.1.5.RELEASE.jar:/Users/chaipoint/.m2/repository/org/springframework/boot/spring-boot-starter-logging/2.1.5.RELEASE/spring-boot-starter-logging-2.1.5.RELEASE.jar:/Users/chaipoint/.m2/repository/org/apache/logging/log4j/log4j-to-slf4j/2.11.2/log4j-to-slf4j-2.11.2.jar:/Users/chaipoint/.m2/repository/org/apache/logging/log4j/log4j-api/2.11.2/log4j-api-2.11.2.jar:/Users/chaipoint/.m2/repository/javax/annotation/javax.annotation-api/1.3.2/javax.annotation-api-1.3.2.jar:/Users/chaipoint/.m2/repository/org/springframework/boot/spring-boot-starter-json/2.1.5.RELEASE/spring-boot-starter-json-2.1.5.RELEASE.jar:/Users/chaipoint/.m2/repository/com/fasterxml/jackson/core/jackson-databind/2.9.8/jackson-databind-2.9.8.jar:/Users/chaipoint/.m2/repository/com/fasterxml/jackson/core/jackson-annotations/2.9.0/jackson-annotations-2.9.0.jar:/Users/chaipoint/.m2/repository/com/fasterxml/jackson/core/jackson-core/2.9.8/jackson-core-2.9.8.jar:/Users/chaipoint/.m2/repository/com/fasterxml/jackson/datatype/jackson-datatype-jdk8/2.9.8/jackson-datatype-jdk8-2.9.8.jar:/Users/chaipoint/.m2/repository/com/fasterxml/jackson/datatype/jackson-datatype-jsr310/2.9.8/jackson-datatype-jsr310-2.9.8.jar:/Users/chaipoint/.m2/repository/com/fasterxml/jackson/module/jackson-module-parameter-names/2.9.8/jackson-module-parameter-names-2.9.8.jar:/Users/chaipoint/.m2/repository/org/springframework/boot/spring-boot-starter-reactor-netty/2.1.5.RELEASE/spring-boot-starter-reactor-netty-2.1.5.RELEASE.jar:/Users/chaipoint/.m2/repository/io/projectreactor/netty/reactor-netty/0.8.8.RELEASE/reactor-netty-0.8.8.RELEASE.jar:/Users/chaipoint/.m2/repository/io/netty/netty-codec-http/4.1.36.Final/netty-codec-http-4.1.36.Final.jar:/Users/chaipoint/.m2/repository/io/netty/netty-common/4.1.36.Final/netty-common-4.1.36.Final.jar:/Users/chaipoint/.m2/repository/io/netty/netty-buffer/4.1.36.Final/netty-buffer-4.1.36.Final.jar:/Users/chaipoint/.m2/repository/io/netty/netty-transport/4.1.36.Final/netty-transport-4.1.36.Final.jar:/Users/chaipoint/.m2/repository/io/netty/netty-resolver/4.1.36.Final/netty-resolver-4.1.36.Final.jar:/Users/chaipoint/.m2/repository/io/netty/netty-codec/4.1.36.Final/netty-codec-4.1.36.Final.jar:/Users/chaipoint/.m2/repository/io/netty/netty-codec-http2/4.1.36.Final/netty-codec-http2-4.1.36.Final.jar:/Users/chaipoint/.m2/repository/io/netty/netty-handler/4.1.36.Final/netty-handler-4.1.36.Final.jar:/Users/chaipoint/.m2/repository/io/netty/netty-handler-proxy/4.1.36.Final/netty-handler-proxy-4.1.36.Final.jar:/Users/chaipoint/.m2/repository/io/netty/netty-codec-socks/4.1.36.Final/netty-codec-socks-4.1.36.Final.jar:/Users/chaipoint/.m2/repository/io/netty/netty-transport-native-epoll/4.1.36.Final/netty-transport-native-epoll-4.1.36.Final-linux-x86_64.jar:/Users/chaipoint/.m2/repository/io/netty/netty-transport-native-unix-common/4.1.36.Final/netty-transport-native-unix-common-4.1.36.Final.jar:/Users/chaipoint/.m2/repository/org/glassfish/javax.el/3.0.0/javax.el-3.0.0.jar:/Users/chaipoint/.m2/repository/org/hibernate/validator/hibernate-validator/6.0.16.Final/hibernate-validator-6.0.16.Final.jar:/Users/chaipoint/.m2/repository/javax/validation/validation-api/2.0.1.Final/validation-api-2.0.1.Final.jar:/Users/chaipoint/.m2/repository/org/jboss/logging/jboss-logging/3.3.2.Final/jboss-logging-3.3.2.Final.jar:/Users/chaipoint/.m2/repository/com/fasterxml/classmate/1.4.0/classmate-1.4.0.jar:/Users/chaipoint/.m2/repository/org/springframework/spring-web/5.1.7.RELEASE/spring-web-5.1.7.RELEASE.jar:/Users/chaipoint/.m2/repository/org/springframework/spring-beans/5.1.7.RELEASE/spring-beans-5.1.7.RELEASE.jar:/Users/chaipoint/.m2/repository/org/springframework/spring-webflux/5.1.7.RELEASE/spring-webflux-5.1.7.RELEASE.jar:/Users/chaipoint/.m2/repository/io/projectreactor/reactor-core/3.2.9.RELEASE/reactor-core-3.2.9.RELEASE.jar:/Users/chaipoint/.m2/repository/org/reactivestreams/reactive-streams/1.0.2/reactive-streams-1.0.2.jar:/Users/chaipoint/.m2/repository/org/synchronoss/cloud/nio-multipart-parser/1.1.0/nio-multipart-parser-1.1.0.jar:/Users/chaipoint/.m2/repository/org/synchronoss/cloud/nio-stream-storage/1.1.3/nio-stream-storage-1.1.3.jar:/Users/chaipoint/.m2/repository/org/springframework/boot/spring-boot-starter-test/2.1.5.RELEASE/spring-boot-starter-test-2.1.5.RELEASE.jar:/Users/chaipoint/.m2/repository/org/springframework/boot/spring-boot-test/2.1.5.RELEASE/spring-boot-test-2.1.5.RELEASE.jar:/Users/chaipoint/.m2/repository/org/springframework/boot/spring-boot-test-autoconfigure/2.1.5.RELEASE/spring-boot-test-autoconfigure-2.1.5.RELEASE.jar:/Users/chaipoint/.m2/repository/com/jayway/jsonpath/json-path/2.4.0/json-path-2.4.0.jar:/Users/chaipoint/.m2/repository/net/minidev/json-smart/2.3/json-smart-2.3.jar:/Users/chaipoint/.m2/repository/net/minidev/accessors-smart/1.2/accessors-smart-1.2.jar:/Users/chaipoint/.m2/repository/org/ow2/asm/asm/5.0.4/asm-5.0.4.jar:/Users/chaipoint/.m2/repository/org/assertj/assertj-core/3.11.1/assertj-core-3.11.1.jar:/Users/chaipoint/.m2/repository/org/mockito/mockito-core/2.23.4/mockito-core-2.23.4.jar:/Users/chaipoint/.m2/repository/net/bytebuddy/byte-buddy/1.9.12/byte-buddy-1.9.12.jar:/Users/chaipoint/.m2/repository/net/bytebuddy/byte-buddy-agent/1.9.12/byte-buddy-agent-1.9.12.jar:/Users/chaipoint/.m2/repository/org/objenesis/objenesis/2.6/objenesis-2.6.jar:/Users/chaipoint/.m2/repository/org/hamcrest/hamcrest-core/1.3/hamcrest-core-1.3.jar:/Users/chaipoint/.m2/repository/org/hamcrest/hamcrest-library/1.3/hamcrest-library-1.3.jar:/Users/chaipoint/.m2/repository/org/skyscreamer/jsonassert/1.5.0/jsonassert-1.5.0.jar:/Users/chaipoint/.m2/repository/com/vaadin/external/google/android-json/0.0.20131108.vaadin1/android-json-0.0.20131108.vaadin1.jar:/Users/chaipoint/.m2/repository/org/springframework/spring-core/5.1.7.RELEASE/spring-core-5.1.7.RELEASE.jar:/Users/chaipoint/.m2/repository/org/springframework/spring-jcl/5.1.7.RELEASE/spring-jcl-5.1.7.RELEASE.jar:/Users/chaipoint/.m2/repository/org/xmlunit/xmlunit-core/2.6.2/xmlunit-core-2.6.2.jar:/Users/chaipoint/.m2/repository/ch/qos/logback/logback-classic/1.2.3/logback-classic-1.2.3.jar:/Users/chaipoint/.m2/repository/ch/qos/logback/logback-core/1.2.3/logback-core-1.2.3.jar:/Users/chaipoint/.m2/repository/org/slf4j/slf4j-api/1.7.26/slf4j-api-1.7.26.jar:/Users/chaipoint/.m2/repository/org/slf4j/jul-to-slf4j/1.7.26/jul-to-slf4j-1.7.26.jar:/Users/chaipoint/.m2/repository/io/rest-assured/json-path/4.0.0/json-path-4.0.0.jar:/Users/chaipoint/.m2/repository/org/codehaus/groovy/groovy-json/2.5.7/groovy-json-2.5.7.jar:/Users/chaipoint/.m2/repository/org/codehaus/groovy/groovy/2.5.7/groovy-2.5.7.jar:/Users/chaipoint/.m2/repository/io/rest-assured/rest-assured-common/4.0.0/rest-assured-common-4.0.0.jar:/Users/chaipoint/.m2/repository/org/apache/commons/commons-lang3/3.8.1/commons-lang3-3.8.1.jar:/Users/chaipoint/.m2/repository/junit/junit/4.12/junit-4.12.jar:/Users/chaipoint/.m2/repository/org/testng/testng/6.8/testng-6.8.jar:/Users/chaipoint/.m2/repository/org/beanshell/bsh/2.0b4/bsh-2.0b4.jar:/Users/chaipoint/.m2/repository/com/beust/jcommander/1.27/jcommander-1.27.jar:/Users/chaipoint/.m2/repository/org/yaml/snakeyaml/1.23/snakeyaml-1.23.jar:/Users/chaipoint/.m2/repository/org/springframework/spring-test/5.1.7.RELEASE/spring-test-5.1.7.RELEASE.jar:/Users/chaipoint/.m2/repository/javax/servlet/javax.servlet-api/4.0.1/javax.servlet-api-4.0.1.jar:/Users/chaipoint/.m2/repository/com/googlecode/json-simple/json-simple/1.1.1/json-simple-1.1.1.jar:"/>
    <property name="java.vm.vendor" value="Oracle Corporation"/>
    <property name="sun.arch.data.model" value="64"/>
    <property name="java.vendor.url" value="http://java.oracle.com/"/>
    <property name="user.timezone" value=""/>
    <property name="java.vm.specification.version" value="1.8"/>
    <property name="os.name" value="Mac OS X"/>
    <property name="user.country" value="US"/>
    <property name="sun.java.launcher" value="SUN_STANDARD"/>
    <property name="sun.boot.library.path" value="/Library/Java/JavaVirtualMachines/jdk1.8.0_211.jdk/Contents/Home/jre/lib"/>
    <property name="sun.java.command" value="/Users/chaipoint/Documents/workspace/pos-ag-test/target/surefire/surefirebooter5738176387090825446.jar /Users/chaipoint/Documents/workspace/pos-ag-test/target/surefire 2020-01-08T16-03-25_292-jvmRun1 surefire5575414253603331206tmp surefire_06290637776923633468tmp"/>
    <property name="http.nonProxyHosts" value="local|*.local|169.254/16|*.169.254/16"/>
    <property name="surefire.test.class.path" value="/Users/chaipoint/Documents/workspace/pos-ag-test/target/test-classes:/Users/chaipoint/Documents/workspace/pos-ag-test/target/classes:/Users/chaipoint/.m2/repository/org/springframework/boot/spring-boot-starter-webflux/2.1.5.RELEASE/spring-boot-starter-webflux-2.1.5.RELEASE.jar:/Users/chaipoint/.m2/repository/org/springframework/boot/spring-boot-starter/2.1.5.RELEASE/spring-boot-starter-2.1.5.RELEASE.jar:/Users/chaipoint/.m2/repository/org/springframework/boot/spring-boot/2.1.5.RELEASE/spring-boot-2.1.5.RELEASE.jar:/Users/chaipoint/.m2/repository/org/springframework/spring-context/5.1.7.RELEASE/spring-context-5.1.7.RELEASE.jar:/Users/chaipoint/.m2/repository/org/springframework/spring-aop/5.1.7.RELEASE/spring-aop-5.1.7.RELEASE.jar:/Users/chaipoint/.m2/repository/org/springframework/spring-expression/5.1.7.RELEASE/spring-expression-5.1.7.RELEASE.jar:/Users/chaipoint/.m2/repository/org/springframework/boot/spring-boot-autoconfigure/2.1.5.RELEASE/spring-boot-autoconfigure-2.1.5.RELEASE.jar:/Users/chaipoint/.m2/repository/org/springframework/boot/spring-boot-starter-logging/2.1.5.RELEASE/spring-boot-starter-logging-2.1.5.RELEASE.jar:/Users/chaipoint/.m2/repository/org/apache/logging/log4j/log4j-to-slf4j/2.11.2/log4j-to-slf4j-2.11.2.jar:/Users/chaipoint/.m2/repository/org/apache/logging/log4j/log4j-api/2.11.2/log4j-api-2.11.2.jar:/Users/chaipoint/.m2/repository/javax/annotation/javax.annotation-api/1.3.2/javax.annotation-api-1.3.2.jar:/Users/chaipoint/.m2/repository/org/springframework/boot/spring-boot-starter-json/2.1.5.RELEASE/spring-boot-starter-json-2.1.5.RELEASE.jar:/Users/chaipoint/.m2/repository/com/fasterxml/jackson/core/jackson-databind/2.9.8/jackson-databind-2.9.8.jar:/Users/chaipoint/.m2/repository/com/fasterxml/jackson/core/jackson-annotations/2.9.0/jackson-annotations-2.9.0.jar:/Users/chaipoint/.m2/repository/com/fasterxml/jackson/core/jackson-core/2.9.8/jackson-core-2.9.8.jar:/Users/chaipoint/.m2/repository/com/fasterxml/jackson/datatype/jackson-datatype-jdk8/2.9.8/jackson-datatype-jdk8-2.9.8.jar:/Users/chaipoint/.m2/repository/com/fasterxml/jackson/datatype/jackson-datatype-jsr310/2.9.8/jackson-datatype-jsr310-2.9.8.jar:/Users/chaipoint/.m2/repository/com/fasterxml/jackson/module/jackson-module-parameter-names/2.9.8/jackson-module-parameter-names-2.9.8.jar:/Users/chaipoint/.m2/repository/org/springframework/boot/spring-boot-starter-reactor-netty/2.1.5.RELEASE/spring-boot-starter-reactor-netty-2.1.5.RELEASE.jar:/Users/chaipoint/.m2/repository/io/projectreactor/netty/reactor-netty/0.8.8.RELEASE/reactor-netty-0.8.8.RELEASE.jar:/Users/chaipoint/.m2/repository/io/netty/netty-codec-http/4.1.36.Final/netty-codec-http-4.1.36.Final.jar:/Users/chaipoint/.m2/repository/io/netty/netty-common/4.1.36.Final/netty-common-4.1.36.Final.jar:/Users/chaipoint/.m2/repository/io/netty/netty-buffer/4.1.36.Final/netty-buffer-4.1.36.Final.jar:/Users/chaipoint/.m2/repository/io/netty/netty-transport/4.1.36.Final/netty-transport-4.1.36.Final.jar:/Users/chaipoint/.m2/repository/io/netty/netty-resolver/4.1.36.Final/netty-resolver-4.1.36.Final.jar:/Users/chaipoint/.m2/repository/io/netty/netty-codec/4.1.36.Final/netty-codec-4.1.36.Final.jar:/Users/chaipoint/.m2/repository/io/netty/netty-codec-http2/4.1.36.Final/netty-codec-http2-4.1.36.Final.jar:/Users/chaipoint/.m2/repository/io/netty/netty-handler/4.1.36.Final/netty-handler-4.1.36.Final.jar:/Users/chaipoint/.m2/repository/io/netty/netty-handler-proxy/4.1.36.Final/netty-handler-proxy-4.1.36.Final.jar:/Users/chaipoint/.m2/repository/io/netty/netty-codec-socks/4.1.36.Final/netty-codec-socks-4.1.36.Final.jar:/Users/chaipoint/.m2/repository/io/netty/netty-transport-native-epoll/4.1.36.Final/netty-transport-native-epoll-4.1.36.Final-linux-x86_64.jar:/Users/chaipoint/.m2/repository/io/netty/netty-transport-native-unix-common/4.1.36.Final/netty-transport-native-unix-common-4.1.36.Final.jar:/Users/chaipoint/.m2/repository/org/glassfish/javax.el/3.0.0/javax.el-3.0.0.jar:/Users/chaipoint/.m2/repository/org/hibernate/validator/hibernate-validator/6.0.16.Final/hibernate-validator-6.0.16.Final.jar:/Users/chaipoint/.m2/repository/javax/validation/validation-api/2.0.1.Final/validation-api-2.0.1.Final.jar:/Users/chaipoint/.m2/repository/org/jboss/logging/jboss-logging/3.3.2.Final/jboss-logging-3.3.2.Final.jar:/Users/chaipoint/.m2/repository/com/fasterxml/classmate/1.4.0/classmate-1.4.0.jar:/Users/chaipoint/.m2/repository/org/springframework/spring-web/5.1.7.RELEASE/spring-web-5.1.7.RELEASE.jar:/Users/chaipoint/.m2/repository/org/springframework/spring-beans/5.1.7.RELEASE/spring-beans-5.1.7.RELEASE.jar:/Users/chaipoint/.m2/repository/org/springframework/spring-webflux/5.1.7.RELEASE/spring-webflux-5.1.7.RELEASE.jar:/Users/chaipoint/.m2/repository/io/projectreactor/reactor-core/3.2.9.RELEASE/reactor-core-3.2.9.RELEASE.jar:/Users/chaipoint/.m2/repository/org/reactivestreams/reactive-streams/1.0.2/reactive-streams-1.0.2.jar:/Users/chaipoint/.m2/repository/org/synchronoss/cloud/nio-multipart-parser/1.1.0/nio-multipart-parser-1.1.0.jar:/Users/chaipoint/.m2/repository/org/synchronoss/cloud/nio-stream-storage/1.1.3/nio-stream-storage-1.1.3.jar:/Users/chaipoint/.m2/repository/org/springframework/boot/spring-boot-starter-test/2.1.5.RELEASE/spring-boot-starter-test-2.1.5.RELEASE.jar:/Users/chaipoint/.m2/repository/org/springframework/boot/spring-boot-test/2.1.5.RELEASE/spring-boot-test-2.1.5.RELEASE.jar:/Users/chaipoint/.m2/repository/org/springframework/boot/spring-boot-test-autoconfigure/2.1.5.RELEASE/spring-boot-test-autoconfigure-2.1.5.RELEASE.jar:/Users/chaipoint/.m2/repository/com/jayway/jsonpath/json-path/2.4.0/json-path-2.4.0.jar:/Users/chaipoint/.m2/repository/net/minidev/json-smart/2.3/json-smart-2.3.jar:/Users/chaipoint/.m2/repository/net/minidev/accessors-smart/1.2/accessors-smart-1.2.jar:/Users/chaipoint/.m2/repository/org/ow2/asm/asm/5.0.4/asm-5.0.4.jar:/Users/chaipoint/.m2/repository/org/assertj/assertj-core/3.11.1/assertj-core-3.11.1.jar:/Users/chaipoint/.m2/repository/org/mockito/mockito-core/2.23.4/mockito-core-2.23.4.jar:/Users/chaipoint/.m2/repository/net/bytebuddy/byte-buddy/1.9.12/byte-buddy-1.9.12.jar:/Users/chaipoint/.m2/repository/net/bytebuddy/byte-buddy-agent/1.9.12/byte-buddy-agent-1.9.12.jar:/Users/chaipoint/.m2/repository/org/objenesis/objenesis/2.6/objenesis-2.6.jar:/Users/chaipoint/.m2/repository/org/hamcrest/hamcrest-core/1.3/hamcrest-core-1.3.jar:/Users/chaipoint/.m2/repository/org/hamcrest/hamcrest-library/1.3/hamcrest-library-1.3.jar:/Users/chaipoint/.m2/repository/org/skyscreamer/jsonassert/1.5.0/jsonassert-1.5.0.jar:/Users/chaipoint/.m2/repository/com/vaadin/external/google/android-json/0.0.20131108.vaadin1/android-json-0.0.20131108.vaadin1.jar:/Users/chaipoint/.m2/repository/org/springframework/spring-core/5.1.7.RELEASE/spring-core-5.1.7.RELEASE.jar:/Users/chaipoint/.m2/repository/org/springframework/spring-jcl/5.1.7.RELEASE/spring-jcl-5.1.7.RELEASE.jar:/Users/chaipoint/.m2/repository/org/xmlunit/xmlunit-core/2.6.2/xmlunit-core-2.6.2.jar:/Users/chaipoint/.m2/repository/ch/qos/logback/logback-classic/1.2.3/logback-classic-1.2.3.jar:/Users/chaipoint/.m2/repository/ch/qos/logback/logback-core/1.2.3/logback-core-1.2.3.jar:/Users/chaipoint/.m2/repository/org/slf4j/slf4j-api/1.7.26/slf4j-api-1.7.26.jar:/Users/chaipoint/.m2/repository/org/slf4j/jul-to-slf4j/1.7.26/jul-to-slf4j-1.7.26.jar:/Users/chaipoint/.m2/repository/io/rest-assured/json-path/4.0.0/json-path-4.0.0.jar:/Users/chaipoint/.m2/repository/org/codehaus/groovy/groovy-json/2.5.7/groovy-json-2.5.7.jar:/Users/chaipoint/.m2/repository/org/codehaus/groovy/groovy/2.5.7/groovy-2.5.7.jar:/Users/chaipoint/.m2/repository/io/rest-assured/rest-assured-common/4.0.0/rest-assured-common-4.0.0.jar:/Users/chaipoint/.m2/repository/org/apache/commons/commons-lang3/3.8.1/commons-lang3-3.8.1.jar:/Users/chaipoint/.m2/repository/junit/junit/4.12/junit-4.12.jar:/Users/chaipoint/.m2/repository/org/testng/testng/6.8/testng-6.8.jar:/Users/chaipoint/.m2/repository/org/beanshell/bsh/2.0b4/bsh-2.0b4.jar:/Users/chaipoint/.m2/repository/com/beust/jcommander/1.27/jcommander-1.27.jar:/Users/chaipoint/.m2/repository/org/yaml/snakeyaml/1.23/snakeyaml-1.23.jar:/Users/chaipoint/.m2/repository/org/springframework/spring-test/5.1.7.RELEASE/spring-test-5.1.7.RELEASE.jar:/Users/chaipoint/.m2/repository/javax/servlet/javax.servlet-api/4.0.1/javax.servlet-api-4.0.1.jar:/Users/chaipoint/.m2/repository/com/googlecode/json-simple/json-simple/1.1.1/json-simple-1.1.1.jar:"/>
    <property name="sun.cpu.endian" value="little"/>
    <property name="user.home" value="/Users/chaipoint"/>
    <property name="user.language" value="en"/>
    <property name="java.specification.vendor" value="Oracle Corporation"/>
    <property name="java.home" value="/Library/Java/JavaVirtualMachines/jdk1.8.0_211.jdk/Contents/Home/jre"/>
    <property name="basedir" value="/Users/chaipoint/Documents/workspace/pos-ag-test"/>
    <property name="file.separator" value="/"/>
    <property name="line.separator" value="&#10;"/>
    <property name="java.vm.specification.vendor" value="Oracle Corporation"/>
    <property name="java.specification.name" value="Java Platform API Specification"/>
    <property name="java.awt.graphicsenv" value="sun.awt.CGraphicsEnvironment"/>
    <property name="surefire.real.class.path" value="/Users/chaipoint/Documents/workspace/pos-ag-test/target/surefire/surefirebooter5738176387090825446.jar"/>
    <property name="sun.boot.class.path" value="/Library/Java/JavaVirtualMachines/jdk1.8.0_211.jdk/Contents/Home/jre/lib/resources.jar:/Library/Java/JavaVirtualMachines/jdk1.8.0_211.jdk/Contents/Home/jre/lib/rt.jar:/Library/Java/JavaVirtualMachines/jdk1.8.0_211.jdk/Contents/Home/jre/lib/sunrsasign.jar:/Library/Java/JavaVirtualMachines/jdk1.8.0_211.jdk/Contents/Home/jre/lib/jsse.jar:/Library/Java/JavaVirtualMachines/jdk1.8.0_211.jdk/Contents/Home/jre/lib/jce.jar:/Library/Java/JavaVirtualMachines/jdk1.8.0_211.jdk/Contents/Home/jre/lib/charsets.jar:/Library/Java/JavaVirtualMachines/jdk1.8.0_211.jdk/Contents/Home/jre/lib/jfr.jar:/Library/Java/JavaVirtualMachines/jdk1.8.0_211.jdk/Contents/Home/jre/classes"/>
    <property name="sun.management.compiler" value="HotSpot 64-Bit Tiered Compilers"/>
    <property name="ftp.nonProxyHosts" value="local|*.local|169.254/16|*.169.254/16"/>
    <property name="java.runtime.version" value="1.8.0_211-b12"/>
    <property name="user.name" value="chaipoint"/>
    <property name="path.separator" value=":"/>
    <property name="os.version" value="10.12.6"/>
    <property name="java.endorsed.dirs" value="/Library/Java/JavaVirtualMachines/jdk1.8.0_211.jdk/Contents/Home/jre/lib/endorsed"/>
    <property name="java.runtime.name" value="Java(TM) SE Runtime Environment"/>
    <property name="file.encoding" value="UTF-8"/>
    <property name="java.vm.name" value="Java HotSpot(TM) 64-Bit Server VM"/>
    <property name="localRepository" value="/Users/chaipoint/.m2/repository"/>
    <property name="java.vendor.url.bug" value="http://bugreport.sun.com/bugreport/"/>
    <property name="java.io.tmpdir" value="/var/folders/dx/pqyhdpw96n521z3pbll7bl0h0000gn/T/"/>
    <property name="java.version" value="1.8.0_211"/>
    <property name="user.dir" value="/Users/chaipoint/Documents/workspace/pos-ag-test"/>
    <property name="os.arch" value="x86_64"/>
    <property name="java.vm.specification.name" value="Java Virtual Machine Specification"/>
    <property name="java.awt.printerjob" value="sun.lwawt.macosx.CPrinterJob"/>
    <property name="sun.os.patch.level" value="unknown"/>
    <property name="java.library.path" value="/Users/chaipoint/Library/Java/Extensions:/Library/Java/Extensions:/Network/Library/Java/Extensions:/System/Library/Java/Extensions:/usr/lib/java:."/>
    <property name="java.vm.info" value="mixed mode"/>
    <property name="java.vendor" value="Oracle Corporation"/>
    <property name="java.vm.version" value="25.211-b12"/>
    <property name="java.ext.dirs" value="/Users/chaipoint/Library/Java/Extensions:/Library/Java/JavaVirtualMachines/jdk1.8.0_211.jdk/Contents/Home/jre/lib/ext:/Library/Java/Extensions:/Network/Library/Java/Extensions:/System/Library/Java/Extensions:/usr/lib/java"/>
    <property name="sun.io.unicode.encoding" value="UnicodeBig"/>
    <property name="java.class.version" value="52.0"/>
    <property name="socksNonProxyHosts" value="local|*.local|169.254/16|*.169.254/16"/>
  </properties>
  <testcase name="testGetTerminalConfig" classname="cool.fountain.online.web.test.terminal.master.TestGetTerminalConfigTestNg" time="7.911"/>
  <testcase name="testErrorCode" classname="cool.fountain.online.web.test.errors.TestErrorsForPostReq" time="0.177"/>
  <testcase name="testErrorCode" classname="cool.fountain.online.web.test.errors.TestErrorsForPostReq" time="0.088"/>
  <testcase name="testErrorCode" classname="cool.fountain.online.web.test.errors.TestErrorsForPostReq" time="0.095"/>
  <testcase name="testErrorCode" classname="cool.fountain.online.web.test.errors.TestErrorsForPostReq" time="0.073"/>
  <testcase name="testErrorCode" classname="cool.fountain.online.web.test.errors.TestErrorsForPostReq" time="0.086"/>
  <testcase name="testErrorCode" classname="cool.fountain.online.web.test.errors.TestErrorsForPostReq" time="0.109"/>
  <testcase name="testErrorCode" classname="cool.fountain.online.web.test.errors.TestErrorsForPostReq" time="0.071"/>
  <testcase name="testErrorCode" classname="cool.fountain.online.web.test.errors.TestErrorsForPostReq" time="0.072"/>
  <testcase name="testErrorCode" classname="cool.fountain.online.web.test.errors.TestErrorsForPostReq" time="0.086"/>
  <testcase name="testErrorCode" classname="cool.fountain.online.web.test.errors.TestErrorsForPostReq" time="0.083"/>
  <testcase name="testErrorCode" classname="cool.fountain.online.web.test.errors.TestErrorsForPostReq" time="0.063"/>
  <testcase name="testErrorCode" classname="cool.fountain.online.web.test.errors.TestErrorsForPostReq" time="0.078">
    <failure message="Status expected:&lt;400 BAD_REQUEST&gt; but was:&lt;200 OK&gt;&#10;&#10;&gt; POST https://testing.chaipoint.com/qa3/outlet-pos-api/api/event/heartbeat&#10;&gt; WebTestClient-Request-Id: [1]&#10;&gt; service.auth.key: [1234567]&#10;&gt; Content-Type: [application/json]&#10;&gt; Content-Length: [46]&#10;&#10;{&#10;  &quot;terminalId&quot;: &quot;abc&quot;,&#10;  &quot;timestamp&quot;: 1234&#10;}&#10;&#10;&lt; 200 OK OK&#10;&lt; Date: [Wed, 08 Jan 2020 10:35:43 GMT]&#10;&lt; Content-Type: [application/json;charset=UTF-8]&#10;&lt; Transfer-Encoding: [chunked]&#10;&lt; Connection: [keep-alive]&#10;&lt; Access-Control-Allow-Headers: [Content-Type, Cookie, service.auth.key]&#10;&lt; Access-Control-Allow-Credentials: [true]&#10;&lt; Access-Control-Max-Age: [86400]&#10;&lt; X-Content-Type-Options: [nosniff]&#10;&lt; X-XSS-Protection: [1; mode=block]&#10;&lt; Cache-Control: [no-cache, no-store, max-age=0, must-revalidate]&#10;&lt; Pragma: [no-cache]&#10;&lt; Expires: [0]&#10;&lt; X-Frame-Options: [DENY]&#10;&#10;{&quot;errorCode&quot;:&quot;INVALID_TERMINAL_ID&quot;,&quot;message&quot;:&quot;Invalid TerminalId, Please provide a valid terminal ID&quot;}&#10;" type="java.lang.AssertionError"><![CDATA[java.lang.AssertionError: 
Status expected:<400 BAD_REQUEST> but was:<200 OK>

> POST https://testing.chaipoint.com/qa3/outlet-pos-api/api/event/heartbeat
> WebTestClient-Request-Id: [1]
> service.auth.key: [1234567]
> Content-Type: [application/json]
> Content-Length: [46]

{
  "terminalId": "abc",
  "timestamp": 1234
}

< 200 OK OK
< Date: [Wed, 08 Jan 2020 10:35:43 GMT]
< Content-Type: [application/json;charset=UTF-8]
< Transfer-Encoding: [chunked]
< Connection: [keep-alive]
< Access-Control-Allow-Headers: [Content-Type, Cookie, service.auth.key]
< Access-Control-Allow-Credentials: [true]
< Access-Control-Max-Age: [86400]
< X-Content-Type-Options: [nosniff]
< X-XSS-Protection: [1; mode=block]
< Cache-Control: [no-cache, no-store, max-age=0, must-revalidate]
< Pragma: [no-cache]
< Expires: [0]
< X-Frame-Options: [DENY]

{"errorCode":"INVALID_TERMINAL_ID","message":"Invalid TerminalId, Please provide a valid terminal ID"}

	at cool.fountain.online.web.test.errors.TestErrorsForPostReq.testErrorCode(TestErrorsForPostReq.java:61)
Caused by: java.lang.AssertionError: Status expected:<400 BAD_REQUEST> but was:<200 OK>
	at cool.fountain.online.web.test.errors.TestErrorsForPostReq.testErrorCode(TestErrorsForPostReq.java:61)
]]></failure>
  </testcase>
  <testcase name="testErrorCode" classname="cool.fountain.online.web.test.errors.TestErrorsForPostReq" time="0.079"/>
  <testcase name="testErrorCode" classname="cool.fountain.online.web.test.errors.TestErrorsForPostReq" time="0.063"/>
  <testcase name="testErrorCode" classname="cool.fountain.online.web.test.errors.TestErrorsForPostReq" time="0.062"/>
  <testcase name="testErrorCode" classname="cool.fountain.online.web.test.errors.TestErrorsForPostReq" time="0.088">
    <failure message="Status expected:&lt;400 BAD_REQUEST&gt; but was:&lt;200 OK&gt;&#10;&#10;&gt; POST https://testing.chaipoint.com/qa3/outlet-pos-api/api/event/heartbeat&#10;&gt; Content-Length: [54]&#10;&gt; WebTestClient-Request-Id: [1]&#10;&gt; service.auth.key: [1234567]&#10;&gt; Content-Type: [application/json]&#10;&#10;{&#10;  &quot;terminalId&quot;: &quot;terminal_1&quot;,&#10;  &quot;timestamp&quot;: 12.34&#10;}&#10;&#10;&lt; 200 OK OK&#10;&lt; Date: [Wed, 08 Jan 2020 10:36:03 GMT]&#10;&lt; Content-Type: [application/json;charset=UTF-8]&#10;&lt; Transfer-Encoding: [chunked]&#10;&lt; Connection: [keep-alive]&#10;&lt; Access-Control-Allow-Headers: [Content-Type, Cookie, service.auth.key]&#10;&lt; Access-Control-Allow-Credentials: [true]&#10;&lt; Access-Control-Max-Age: [86400]&#10;&lt; X-Content-Type-Options: [nosniff]&#10;&lt; X-XSS-Protection: [1; mode=block]&#10;&lt; Cache-Control: [no-cache, no-store, max-age=0, must-revalidate]&#10;&lt; Pragma: [no-cache]&#10;&lt; Expires: [0]&#10;&lt; X-Frame-Options: [DENY]&#10;&#10;{&quot;errorCode&quot;:&quot;INVALID_TERMINAL_ID&quot;,&quot;message&quot;:&quot;Invalid TerminalId, Please provide a valid terminal ID&quot;}&#10;" type="java.lang.AssertionError"><![CDATA[java.lang.AssertionError: 
Status expected:<400 BAD_REQUEST> but was:<200 OK>

> POST https://testing.chaipoint.com/qa3/outlet-pos-api/api/event/heartbeat
> Content-Length: [54]
> WebTestClient-Request-Id: [1]
> service.auth.key: [1234567]
> Content-Type: [application/json]

{
  "terminalId": "terminal_1",
  "timestamp": 12.34
}

< 200 OK OK
< Date: [Wed, 08 Jan 2020 10:36:03 GMT]
< Content-Type: [application/json;charset=UTF-8]
< Transfer-Encoding: [chunked]
< Connection: [keep-alive]
< Access-Control-Allow-Headers: [Content-Type, Cookie, service.auth.key]
< Access-Control-Allow-Credentials: [true]
< Access-Control-Max-Age: [86400]
< X-Content-Type-Options: [nosniff]
< X-XSS-Protection: [1; mode=block]
< Cache-Control: [no-cache, no-store, max-age=0, must-revalidate]
< Pragma: [no-cache]
< Expires: [0]
< X-Frame-Options: [DENY]

{"errorCode":"INVALID_TERMINAL_ID","message":"Invalid TerminalId, Please provide a valid terminal ID"}

	at cool.fountain.online.web.test.errors.TestErrorsForPostReq.testErrorCode(TestErrorsForPostReq.java:61)
Caused by: java.lang.AssertionError: Status expected:<400 BAD_REQUEST> but was:<200 OK>
	at cool.fountain.online.web.test.errors.TestErrorsForPostReq.testErrorCode(TestErrorsForPostReq.java:61)
]]></failure>
  </testcase>
  <testcase name="testErrorCode" classname="cool.fountain.online.web.test.errors.TestErrorsForPostReq" time="0.062">
    <failure message="JSON path &quot;$.errorCode&quot; expected:&lt;INVALID_REQUEST&gt; but was:&lt;INVALID_TERMINAL_MODULE_ID&gt;" type="java.lang.AssertionError"><![CDATA[java.lang.AssertionError: JSON path "$.errorCode" expected:<INVALID_REQUEST> but was:<INVALID_TERMINAL_MODULE_ID>
	at cool.fountain.online.web.test.errors.TestErrorsForPostReq.testErrorCode(TestErrorsForPostReq.java:62)
]]></failure>
  </testcase>
  <testcase name="testErrorCode" classname="cool.fountain.online.web.test.errors.TestErrorsForPostReq" time="0.106"/>
  <testcase name="testErrorCode" classname="cool.fountain.online.web.test.errors.TestErrorsForPostReq" time="0.087"/>
  <testcase name="testErrorCode" classname="cool.fountain.online.web.test.errors.TestErrorsForPostReq" time="0.11"/>
  <testcase name="testServiceAuthKey" classname="cool.fountain.online.web.test.errors.TestErrorsForPostReq" time="0.077"/>
  <testcase name="testServiceAuthKey" classname="cool.fountain.online.web.test.errors.TestErrorsForPostReq" time="0.086"/>
  <testcase name="testServiceAuthKey" classname="cool.fountain.online.web.test.errors.TestErrorsForPostReq" time="0.074"/>
  <testcase name="testServiceAuthKey" classname="cool.fountain.online.web.test.errors.TestErrorsForPostReq" time="0.109"/>
  <testcase name="testServiceAuthKey" classname="cool.fountain.online.web.test.errors.TestErrorsForPostReq" time="0.061"/>
  <testcase name="testServiceAuthKey" classname="cool.fountain.online.web.test.errors.TestErrorsForPostReq" time="0.069"/>
  <testcase name="testServiceAuthKey" classname="cool.fountain.online.web.test.errors.TestErrorsForPostReq" time="0.075"/>
  <testcase name="testServiceAuthKey" classname="cool.fountain.online.web.test.errors.TestErrorsForPostReq" time="0.083"/>
  <testcase name="testGetProductCatalogue" classname="cool.fountain.online.web.test.catalogue.master.TestGetProductCatalogueApiTestNg" time="0.985">
    <failure message="expected [true] but found [false]" type="java.lang.AssertionError">java.lang.AssertionError: expected [true] but found [false]
	at cool.fountain.online.web.test.catalogue.master.TestGetProductCatalogueApiTestNg.testGetProductCatalogue(TestGetProductCatalogueApiTestNg.java:87)
</failure>
    <system-out><![CDATA[[2020-01-08T16:04:41.041Z] [cool.fountain.online.web.test.catalogue.master.TestGetProductCatalogueApiTestNg] [main] [61] [INFO ]
				Running GetProductCatalogue
]]></system-out>
  </testcase>
  <testcase name="testPostEvent" classname="cool.fountain.online.web.test.event.master.TestPostEventstestNg" time="0.182"/>
  <testcase name="testHeartbeat" classname="cool.fountain.online.web.test.event.master.TestHeartbeatTestNg" time="0.105">
    <failure message="Response body expected:&lt;true&gt; but was:&lt;{&quot;errorCode&quot;:&quot;INVALID_TERMINAL_ID&quot;,&quot;message&quot;:&quot;INVALID_TERMINAL_ID&quot;}&gt;&#10;&#10;&gt; POST https://testing.chaipoint.com/qa3/outlet-pos-api/api/event/heartbeat&#10;&gt; Content-Length: [52]&#10;&gt; WebTestClient-Request-Id: [1]&#10;&gt; service.auth.key: [1234567]&#10;&gt; Content-Type: [application/json]&#10;&#10;{&#10;  &quot;terminalId&quot;: &quot;T00001&quot;,&#10;  &quot;timestamp&quot;: 1234567&#10;}&#10;&#10;&lt; 200 OK OK&#10;&lt; Date: [Wed, 08 Jan 2020 10:35:23 GMT]&#10;&lt; Content-Type: [application/json;charset=UTF-8]&#10;&lt; Transfer-Encoding: [chunked]&#10;&lt; Connection: [keep-alive]&#10;&lt; Access-Control-Allow-Headers: [Content-Type, Cookie, service.auth.key]&#10;&lt; Access-Control-Allow-Credentials: [true]&#10;&lt; Access-Control-Max-Age: [86400]&#10;&lt; X-Content-Type-Options: [nosniff]&#10;&lt; X-XSS-Protection: [1; mode=block]&#10;&lt; Cache-Control: [no-cache, no-store, max-age=0, must-revalidate]&#10;&lt; Pragma: [no-cache]&#10;&lt; Expires: [0]&#10;&lt; X-Frame-Options: [DENY]&#10;&#10;{&quot;errorCode&quot;:&quot;INVALID_TERMINAL_ID&quot;,&quot;message&quot;:&quot;INVALID_TERMINAL_ID&quot;}&#10;" type="java.lang.AssertionError"><![CDATA[java.lang.AssertionError: 
Response body expected:<true> but was:<{"errorCode":"INVALID_TERMINAL_ID","message":"INVALID_TERMINAL_ID"}>

> POST https://testing.chaipoint.com/qa3/outlet-pos-api/api/event/heartbeat
> Content-Length: [52]
> WebTestClient-Request-Id: [1]
> service.auth.key: [1234567]
> Content-Type: [application/json]

{
  "terminalId": "T00001",
  "timestamp": 1234567
}

< 200 OK OK
< Date: [Wed, 08 Jan 2020 10:35:23 GMT]
< Content-Type: [application/json;charset=UTF-8]
< Transfer-Encoding: [chunked]
< Connection: [keep-alive]
< Access-Control-Allow-Headers: [Content-Type, Cookie, service.auth.key]
< Access-Control-Allow-Credentials: [true]
< Access-Control-Max-Age: [86400]
< X-Content-Type-Options: [nosniff]
< X-XSS-Protection: [1; mode=block]
< Cache-Control: [no-cache, no-store, max-age=0, must-revalidate]
< Pragma: [no-cache]
< Expires: [0]
< X-Frame-Options: [DENY]

{"errorCode":"INVALID_TERMINAL_ID","message":"INVALID_TERMINAL_ID"}

	at cool.fountain.online.web.test.event.master.TestHeartbeatTestNg.testHeartbeat(TestHeartbeatTestNg.java:65)
Caused by: java.lang.AssertionError: Response body expected:<true> but was:<{"errorCode":"INVALID_TERMINAL_ID","message":"INVALID_TERMINAL_ID"}>
	at cool.fountain.online.web.test.event.master.TestHeartbeatTestNg.testHeartbeat(TestHeartbeatTestNg.java:65)
]]></failure>
    <system-out><![CDATA[[2020-01-08T16:05:23.023Z] [cool.fountain.online.web.test.event.master.TestHeartbeatTestNg] [main] [57] [INFO ]
				Running Heartbeat
]]></system-out>
  </testcase>
  <testcase name="testBadRequest" classname="cool.fountain.online.web.test.errors.TestErrorsForPostReq" time="0.064"/>
  <testcase name="testBadRequest" classname="cool.fountain.online.web.test.errors.TestErrorsForPostReq" time="0.638">
    <failure message="Status expected:&lt;400 BAD_REQUEST&gt; but was:&lt;200 OK&gt;&#10;&#10;&gt; POST https://testing.chaipoint.com/qa3/outlet-pos-api/api/order/history&#10;&gt; WebTestClient-Request-Id: [1]&#10;&gt; service.auth.key: [1234567]&#10;&gt; Content-Type: [application/json]&#10;&gt; Content-Length: [23]&#10;&#10;{&#10;  &quot;moduleId&quot;:1.5990&#10;}&#10;&#10;&lt; 200 OK OK&#10;&lt; Date: [Wed, 08 Jan 2020 10:36:45 GMT]&#10;&lt; Content-Type: [application/json;charset=UTF-8]&#10;&lt; Transfer-Encoding: [chunked]&#10;&lt; Connection: [keep-alive]&#10;&lt; Access-Control-Allow-Headers: [Content-Type, Cookie, service.auth.key]&#10;&lt; Access-Control-Allow-Credentials: [true]&#10;&lt; Access-Control-Max-Age: [86400]&#10;&lt; X-Content-Type-Options: [nosniff]&#10;&lt; X-XSS-Protection: [1; mode=block]&#10;&lt; Cache-Control: [no-cache, no-store, max-age=0, must-revalidate]&#10;&lt; Pragma: [no-cache]&#10;&lt; Expires: [0]&#10;&lt; X-Frame-Options: [DENY]&#10;&#10;{&quot;errorCode&quot;:&quot;INTERNAL_ERROR_OCCURED&quot;,&quot;message&quot;:&quot; Could not fetch orders&quot;}&#10;" type="java.lang.AssertionError"><![CDATA[java.lang.AssertionError: 
Status expected:<400 BAD_REQUEST> but was:<200 OK>

> POST https://testing.chaipoint.com/qa3/outlet-pos-api/api/order/history
> WebTestClient-Request-Id: [1]
> service.auth.key: [1234567]
> Content-Type: [application/json]
> Content-Length: [23]

{
  "moduleId":1.5990
}

< 200 OK OK
< Date: [Wed, 08 Jan 2020 10:36:45 GMT]
< Content-Type: [application/json;charset=UTF-8]
< Transfer-Encoding: [chunked]
< Connection: [keep-alive]
< Access-Control-Allow-Headers: [Content-Type, Cookie, service.auth.key]
< Access-Control-Allow-Credentials: [true]
< Access-Control-Max-Age: [86400]
< X-Content-Type-Options: [nosniff]
< X-XSS-Protection: [1; mode=block]
< Cache-Control: [no-cache, no-store, max-age=0, must-revalidate]
< Pragma: [no-cache]
< Expires: [0]
< X-Frame-Options: [DENY]

{"errorCode":"INTERNAL_ERROR_OCCURED","message":" Could not fetch orders"}

	at cool.fountain.online.web.test.errors.TestErrorsForPostReq.testBadRequest(TestErrorsForPostReq.java:86)
Caused by: java.lang.AssertionError: Status expected:<400 BAD_REQUEST> but was:<200 OK>
	at cool.fountain.online.web.test.errors.TestErrorsForPostReq.testBadRequest(TestErrorsForPostReq.java:86)
]]></failure>
  </testcase>
  <testcase name="testBadRequest" classname="cool.fountain.online.web.test.errors.TestErrorsForPostReq" time="0.087"/>
  <testcase name="testBadRequest" classname="cool.fountain.online.web.test.errors.TestErrorsForPostReq" time="0.129"/>
  <testcase name="testBadRequest" classname="cool.fountain.online.web.test.errors.TestErrorsForPostReq" time="0.112"/>
  <testcase name="testHistory" classname="cool.fountain.online.web.test.order.TestHistoryTestNg" time="0.133"/>
  <testcase name="testGetProductCatalogueLoad" classname="cool.fountain.online.web.test.catalogue.master.TestGetProductCatalogueApiTestNg" time="0.353"/>
  <testcase name="testGetProductCatalogueLoad" classname="cool.fountain.online.web.test.catalogue.master.TestGetProductCatalogueApiTestNg" time="0.54"/>
  <testcase name="testGetProductCatalogueLoad" classname="cool.fountain.online.web.test.catalogue.master.TestGetProductCatalogueApiTestNg" time="0.015"/>
  <testcase name="testGetProductCatalogueLoad" classname="cool.fountain.online.web.test.catalogue.master.TestGetProductCatalogueApiTestNg" time="0.012"/>
  <testcase name="testGetProductCatalogueLoad" classname="cool.fountain.online.web.test.catalogue.master.TestGetProductCatalogueApiTestNg" time="0.001"/>
  <testcase name="testGetProductCatalogueLoad" classname="cool.fountain.online.web.test.catalogue.master.TestGetProductCatalogueApiTestNg" time="0.018"/>
  <testcase name="testGetProductCatalogueLoad" classname="cool.fountain.online.web.test.catalogue.master.TestGetProductCatalogueApiTestNg" time="0.001"/>
  <testcase name="testGetProductCatalogueLoad" classname="cool.fountain.online.web.test.catalogue.master.TestGetProductCatalogueApiTestNg" time="0.001"/>
  <testcase name="testGetProductCatalogueLoad" classname="cool.fountain.online.web.test.catalogue.master.TestGetProductCatalogueApiTestNg" time="0.038"/>
  <testcase name="testGetProductCatalogueLoad" classname="cool.fountain.online.web.test.catalogue.master.TestGetProductCatalogueApiTestNg" time="0.001"/>
  <testcase name="testGetProductCatalogueLoad" classname="cool.fountain.online.web.test.catalogue.master.TestGetProductCatalogueApiTestNg" time="0.019"/>
  <testcase name="testGetProductCatalogueLoad" classname="cool.fountain.online.web.test.catalogue.master.TestGetProductCatalogueApiTestNg" time="0.406"/>
  <testcase name="testGetProductCatalogueLoad" classname="cool.fountain.online.web.test.catalogue.master.TestGetProductCatalogueApiTestNg" time="0.117"/>
  <testcase name="testGetProductCatalogueLoad" classname="cool.fountain.online.web.test.catalogue.master.TestGetProductCatalogueApiTestNg" time="0.025"/>
  <testcase name="testGetProductCatalogueLoad" classname="cool.fountain.online.web.test.catalogue.master.TestGetProductCatalogueApiTestNg" time="0.001"/>
  <testcase name="testGetProductCatalogueLoad" classname="cool.fountain.online.web.test.catalogue.master.TestGetProductCatalogueApiTestNg" time="0.001"/>
  <testcase name="testGetProductCatalogueLoad" classname="cool.fountain.online.web.test.catalogue.master.TestGetProductCatalogueApiTestNg" time="0.041"/>
  <testcase name="testGetProductCatalogueLoad" classname="cool.fountain.online.web.test.catalogue.master.TestGetProductCatalogueApiTestNg" time="0.004"/>
  <testcase name="testGetProductCatalogueLoad" classname="cool.fountain.online.web.test.catalogue.master.TestGetProductCatalogueApiTestNg" time="0.009"/>
  <testcase name="testGetProductCatalogueLoad" classname="cool.fountain.online.web.test.catalogue.master.TestGetProductCatalogueApiTestNg" time="0.039"/>
  <testcase name="testGetProductCatalogueLoad" classname="cool.fountain.online.web.test.catalogue.master.TestGetProductCatalogueApiTestNg" time="0.012"/>
  <testcase name="testGetProductCatalogueLoad" classname="cool.fountain.online.web.test.catalogue.master.TestGetProductCatalogueApiTestNg" time="0.16"/>
  <testcase name="testGetProductCatalogueLoad" classname="cool.fountain.online.web.test.catalogue.master.TestGetProductCatalogueApiTestNg" time="0.412"/>
  <testcase name="testGetProductCatalogueLoad" classname="cool.fountain.online.web.test.catalogue.master.TestGetProductCatalogueApiTestNg" time="0.026"/>
  <testcase name="testGetProductCatalogueLoad" classname="cool.fountain.online.web.test.catalogue.master.TestGetProductCatalogueApiTestNg" time="0.026"/>
  <testcase name="testGetProductCatalogueLoad" classname="cool.fountain.online.web.test.catalogue.master.TestGetProductCatalogueApiTestNg" time="0.002"/>
  <testcase name="testGetProductCatalogueLoad" classname="cool.fountain.online.web.test.catalogue.master.TestGetProductCatalogueApiTestNg" time="0.019"/>
  <testcase name="testGetProductCatalogueLoad" classname="cool.fountain.online.web.test.catalogue.master.TestGetProductCatalogueApiTestNg" time="0.001"/>
  <testcase name="testGetProductCatalogueLoad" classname="cool.fountain.online.web.test.catalogue.master.TestGetProductCatalogueApiTestNg" time="0.001"/>
  <testcase name="testGetProductCatalogueLoad" classname="cool.fountain.online.web.test.catalogue.master.TestGetProductCatalogueApiTestNg" time="0.024"/>
  <testcase name="testGetProductCatalogueLoad" classname="cool.fountain.online.web.test.catalogue.master.TestGetProductCatalogueApiTestNg" time="0.002"/>
  <testcase name="testGetProductCatalogueLoad" classname="cool.fountain.online.web.test.catalogue.master.TestGetProductCatalogueApiTestNg" time="0.001"/>
  <testcase name="testGetProductCatalogueLoad" classname="cool.fountain.online.web.test.catalogue.master.TestGetProductCatalogueApiTestNg" time="0.508"/>
  <testcase name="testGetProductCatalogueLoad" classname="cool.fountain.online.web.test.catalogue.master.TestGetProductCatalogueApiTestNg" time="0.052"/>
  <testcase name="testGetProductCatalogueLoad" classname="cool.fountain.online.web.test.catalogue.master.TestGetProductCatalogueApiTestNg" time="0.052"/>
  <testcase name="testGetProductCatalogueLoad" classname="cool.fountain.online.web.test.catalogue.master.TestGetProductCatalogueApiTestNg" time="0.023"/>
  <testcase name="testGetProductCatalogueLoad" classname="cool.fountain.online.web.test.catalogue.master.TestGetProductCatalogueApiTestNg" time="0.044"/>
  <testcase name="testGetProductCatalogueLoad" classname="cool.fountain.online.web.test.catalogue.master.TestGetProductCatalogueApiTestNg" time="0.128"/>
  <testcase name="testGetProductCatalogueLoad" classname="cool.fountain.online.web.test.catalogue.master.TestGetProductCatalogueApiTestNg" time="0.02"/>
  <testcase name="testGetProductCatalogueLoad" classname="cool.fountain.online.web.test.catalogue.master.TestGetProductCatalogueApiTestNg" time="0.007"/>
  <testcase name="testGetProductCatalogueLoad" classname="cool.fountain.online.web.test.catalogue.master.TestGetProductCatalogueApiTestNg" time="0.001"/>
  <testcase name="testGetProductCatalogueLoad" classname="cool.fountain.online.web.test.catalogue.master.TestGetProductCatalogueApiTestNg" time="0.051"/>
  <testcase name="testGetProductCatalogueLoad" classname="cool.fountain.online.web.test.catalogue.master.TestGetProductCatalogueApiTestNg" time="0.454"/>
  <testcase name="testGetProductCatalogueLoad" classname="cool.fountain.online.web.test.catalogue.master.TestGetProductCatalogueApiTestNg" time="0.006"/>
  <testcase name="testGetProductCatalogueLoad" classname="cool.fountain.online.web.test.catalogue.master.TestGetProductCatalogueApiTestNg" time="0.028"/>
  <testcase name="testGetProductCatalogueLoad" classname="cool.fountain.online.web.test.catalogue.master.TestGetProductCatalogueApiTestNg" time="0.028"/>
  <testcase name="testGetProductCatalogueLoad" classname="cool.fountain.online.web.test.catalogue.master.TestGetProductCatalogueApiTestNg" time="0.006"/>
  <testcase name="testGetProductCatalogueLoad" classname="cool.fountain.online.web.test.catalogue.master.TestGetProductCatalogueApiTestNg" time="0.058"/>
  <testcase name="testGetProductCatalogueLoad" classname="cool.fountain.online.web.test.catalogue.master.TestGetProductCatalogueApiTestNg" time="0.058"/>
  <testcase name="testGetProductCatalogueLoad" classname="cool.fountain.online.web.test.catalogue.master.TestGetProductCatalogueApiTestNg" time="0.047"/>
  <testcase name="testGetProductCatalogueLoad" classname="cool.fountain.online.web.test.catalogue.master.TestGetProductCatalogueApiTestNg" time="0.001"/>
  <testcase name="testGetProductCatalogueLoad" classname="cool.fountain.online.web.test.catalogue.master.TestGetProductCatalogueApiTestNg" time="0.001"/>
  <testcase name="testGetProductCatalogueLoad" classname="cool.fountain.online.web.test.catalogue.master.TestGetProductCatalogueApiTestNg" time="0.392"/>
  <testcase name="testGetProductCatalogueLoad" classname="cool.fountain.online.web.test.catalogue.master.TestGetProductCatalogueApiTestNg" time="0.001"/>
  <testcase name="testGetProductCatalogueLoad" classname="cool.fountain.online.web.test.catalogue.master.TestGetProductCatalogueApiTestNg" time="0.001"/>
  <testcase name="testGetProductCatalogueLoad" classname="cool.fountain.online.web.test.catalogue.master.TestGetProductCatalogueApiTestNg" time="0.006"/>
  <testcase name="testGetProductCatalogueLoad" classname="cool.fountain.online.web.test.catalogue.master.TestGetProductCatalogueApiTestNg" time="0.019"/>
  <testcase name="testGetProductCatalogueLoad" classname="cool.fountain.online.web.test.catalogue.master.TestGetProductCatalogueApiTestNg" time="0.007"/>
  <testcase name="testGetProductCatalogueLoad" classname="cool.fountain.online.web.test.catalogue.master.TestGetProductCatalogueApiTestNg" time="0.002"/>
  <testcase name="testGetProductCatalogueLoad" classname="cool.fountain.online.web.test.catalogue.master.TestGetProductCatalogueApiTestNg" time="0.04"/>
  <testcase name="testGetProductCatalogueLoad" classname="cool.fountain.online.web.test.catalogue.master.TestGetProductCatalogueApiTestNg" time="0.008"/>
  <testcase name="testGetProductCatalogueLoad" classname="cool.fountain.online.web.test.catalogue.master.TestGetProductCatalogueApiTestNg" time="0.053"/>
  <testcase name="testGetProductCatalogueLoad" classname="cool.fountain.online.web.test.catalogue.master.TestGetProductCatalogueApiTestNg" time="0.598"/>
  <testcase name="testGetProductCatalogueLoad" classname="cool.fountain.online.web.test.catalogue.master.TestGetProductCatalogueApiTestNg" time="0.005"/>
  <testcase name="testGetProductCatalogueLoad" classname="cool.fountain.online.web.test.catalogue.master.TestGetProductCatalogueApiTestNg" time="0.01"/>
  <testcase name="testGetProductCatalogueLoad" classname="cool.fountain.online.web.test.catalogue.master.TestGetProductCatalogueApiTestNg" time="0.001"/>
  <testcase name="testGetProductCatalogueLoad" classname="cool.fountain.online.web.test.catalogue.master.TestGetProductCatalogueApiTestNg" time="0.001"/>
  <testcase name="testGetProductCatalogueLoad" classname="cool.fountain.online.web.test.catalogue.master.TestGetProductCatalogueApiTestNg" time="0.001"/>
  <testcase name="testGetProductCatalogueLoad" classname="cool.fountain.online.web.test.catalogue.master.TestGetProductCatalogueApiTestNg" time="0.002"/>
  <testcase name="testGetProductCatalogueLoad" classname="cool.fountain.online.web.test.catalogue.master.TestGetProductCatalogueApiTestNg" time="0.003"/>
  <testcase name="testGetProductCatalogueLoad" classname="cool.fountain.online.web.test.catalogue.master.TestGetProductCatalogueApiTestNg" time="0.003"/>
  <testcase name="testGetProductCatalogueLoad" classname="cool.fountain.online.web.test.catalogue.master.TestGetProductCatalogueApiTestNg" time="0.003"/>
  <testcase name="testGetProductCatalogueLoad" classname="cool.fountain.online.web.test.catalogue.master.TestGetProductCatalogueApiTestNg" time="0.607"/>
  <testcase name="testGetProductCatalogueLoad" classname="cool.fountain.online.web.test.catalogue.master.TestGetProductCatalogueApiTestNg" time="0"/>
  <testcase name="testGetProductCatalogueLoad" classname="cool.fountain.online.web.test.catalogue.master.TestGetProductCatalogueApiTestNg" time="0.003"/>
  <testcase name="testGetProductCatalogueLoad" classname="cool.fountain.online.web.test.catalogue.master.TestGetProductCatalogueApiTestNg" time="0.004"/>
  <testcase name="testGetProductCatalogueLoad" classname="cool.fountain.online.web.test.catalogue.master.TestGetProductCatalogueApiTestNg" time="0.038"/>
  <testcase name="testGetProductCatalogueLoad" classname="cool.fountain.online.web.test.catalogue.master.TestGetProductCatalogueApiTestNg" time="0.002"/>
  <testcase name="testGetProductCatalogueLoad" classname="cool.fountain.online.web.test.catalogue.master.TestGetProductCatalogueApiTestNg" time="0.002"/>
  <testcase name="testGetProductCatalogueLoad" classname="cool.fountain.online.web.test.catalogue.master.TestGetProductCatalogueApiTestNg" time="0.015"/>
  <testcase name="testGetProductCatalogueLoad" classname="cool.fountain.online.web.test.catalogue.master.TestGetProductCatalogueApiTestNg" time="0.001"/>
  <testcase name="testGetProductCatalogueLoad" classname="cool.fountain.online.web.test.catalogue.master.TestGetProductCatalogueApiTestNg" time="0.008"/>
  <testcase name="testGetProductCatalogueLoad" classname="cool.fountain.online.web.test.catalogue.master.TestGetProductCatalogueApiTestNg" time="0.396"/>
  <testcase name="testGetProductCatalogueLoad" classname="cool.fountain.online.web.test.catalogue.master.TestGetProductCatalogueApiTestNg" time="0.031"/>
  <testcase name="testGetProductCatalogueLoad" classname="cool.fountain.online.web.test.catalogue.master.TestGetProductCatalogueApiTestNg" time="0.04"/>
  <testcase name="testGetProductCatalogueLoad" classname="cool.fountain.online.web.test.catalogue.master.TestGetProductCatalogueApiTestNg" time="0.019"/>
  <testcase name="testGetProductCatalogueLoad" classname="cool.fountain.online.web.test.catalogue.master.TestGetProductCatalogueApiTestNg" time="0.013"/>
  <testcase name="testGetProductCatalogueLoad" classname="cool.fountain.online.web.test.catalogue.master.TestGetProductCatalogueApiTestNg" time="0.013"/>
  <testcase name="testGetProductCatalogueLoad" classname="cool.fountain.online.web.test.catalogue.master.TestGetProductCatalogueApiTestNg" time="0.01"/>
  <testcase name="testGetProductCatalogueLoad" classname="cool.fountain.online.web.test.catalogue.master.TestGetProductCatalogueApiTestNg" time="0.008"/>
  <testcase name="testGetProductCatalogueLoad" classname="cool.fountain.online.web.test.catalogue.master.TestGetProductCatalogueApiTestNg" time="0.006"/>
  <testcase name="testGetProductCatalogueLoad" classname="cool.fountain.online.web.test.catalogue.master.TestGetProductCatalogueApiTestNg" time="0.019"/>
  <testcase name="testGetProductCatalogueLoad" classname="cool.fountain.online.web.test.catalogue.master.TestGetProductCatalogueApiTestNg" time="0.376"/>
  <testcase name="testGetProductCatalogueLoad" classname="cool.fountain.online.web.test.catalogue.master.TestGetProductCatalogueApiTestNg" time="0.377"/>
  <testcase name="testGetProductCatalogueLoad" classname="cool.fountain.online.web.test.catalogue.master.TestGetProductCatalogueApiTestNg" time="0.415"/>
  <testcase name="testGetProductCatalogueLoad" classname="cool.fountain.online.web.test.catalogue.master.TestGetProductCatalogueApiTestNg" time="0.434"/>
  <testcase name="testGetProductCatalogueLoad" classname="cool.fountain.online.web.test.catalogue.master.TestGetProductCatalogueApiTestNg" time="0.513"/>
  <testcase name="testGetProductCatalogueLoad" classname="cool.fountain.online.web.test.catalogue.master.TestGetProductCatalogueApiTestNg" time="0.515"/>
  <testcase name="testGetProductCatalogueLoad" classname="cool.fountain.online.web.test.catalogue.master.TestGetProductCatalogueApiTestNg" time="0.515"/>
  <testcase name="testGetProductCatalogueLoad" classname="cool.fountain.online.web.test.catalogue.master.TestGetProductCatalogueApiTestNg" time="0.623"/>
  <testcase name="testGetTerminalConfigLoad" classname="cool.fountain.online.web.test.terminal.master.TestGetTerminalConfigTestNg" time="0.541"/>
  <testcase name="testGetTerminalConfigLoad" classname="cool.fountain.online.web.test.terminal.master.TestGetTerminalConfigTestNg" time="0.042"/>
  <testcase name="testGetTerminalConfigLoad" classname="cool.fountain.online.web.test.terminal.master.TestGetTerminalConfigTestNg" time="0.042"/>
  <testcase name="testGetTerminalConfigLoad" classname="cool.fountain.online.web.test.terminal.master.TestGetTerminalConfigTestNg" time="0.039"/>
  <testcase name="testGetTerminalConfigLoad" classname="cool.fountain.online.web.test.terminal.master.TestGetTerminalConfigTestNg" time="0.039"/>
  <testcase name="testGetTerminalConfigLoad" classname="cool.fountain.online.web.test.terminal.master.TestGetTerminalConfigTestNg" time="0.003"/>
  <testcase name="testGetTerminalConfigLoad" classname="cool.fountain.online.web.test.terminal.master.TestGetTerminalConfigTestNg" time="0.003"/>
  <testcase name="testGetTerminalConfigLoad" classname="cool.fountain.online.web.test.terminal.master.TestGetTerminalConfigTestNg" time="0.111"/>
  <testcase name="testGetTerminalConfigLoad" classname="cool.fountain.online.web.test.terminal.master.TestGetTerminalConfigTestNg" time="0.02"/>
  <testcase name="testGetTerminalConfigLoad" classname="cool.fountain.online.web.test.terminal.master.TestGetTerminalConfigTestNg" time="0.02"/>
  <testcase name="testGetTerminalConfigLoad" classname="cool.fountain.online.web.test.terminal.master.TestGetTerminalConfigTestNg" time="0.208"/>
  <testcase name="testGetTerminalConfigLoad" classname="cool.fountain.online.web.test.terminal.master.TestGetTerminalConfigTestNg" time="0.093"/>
  <testcase name="testGetTerminalConfigLoad" classname="cool.fountain.online.web.test.terminal.master.TestGetTerminalConfigTestNg" time="0.006"/>
  <testcase name="testGetTerminalConfigLoad" classname="cool.fountain.online.web.test.terminal.master.TestGetTerminalConfigTestNg" time="0.124"/>
  <testcase name="testGetTerminalConfigLoad" classname="cool.fountain.online.web.test.terminal.master.TestGetTerminalConfigTestNg" time="0.001"/>
  <testcase name="testGetTerminalConfigLoad" classname="cool.fountain.online.web.test.terminal.master.TestGetTerminalConfigTestNg" time="0.001"/>
  <testcase name="testGetTerminalConfigLoad" classname="cool.fountain.online.web.test.terminal.master.TestGetTerminalConfigTestNg" time="0.028"/>
  <testcase name="testGetTerminalConfigLoad" classname="cool.fountain.online.web.test.terminal.master.TestGetTerminalConfigTestNg" time="0.041"/>
  <testcase name="testGetTerminalConfigLoad" classname="cool.fountain.online.web.test.terminal.master.TestGetTerminalConfigTestNg" time="0.041"/>
  <testcase name="testGetTerminalConfigLoad" classname="cool.fountain.online.web.test.terminal.master.TestGetTerminalConfigTestNg" time="0.01"/>
  <testcase name="testGetTerminalConfigLoad" classname="cool.fountain.online.web.test.terminal.master.TestGetTerminalConfigTestNg" time="0.199"/>
  <testcase name="testGetTerminalConfigLoad" classname="cool.fountain.online.web.test.terminal.master.TestGetTerminalConfigTestNg" time="0.026"/>
  <testcase name="testGetTerminalConfigLoad" classname="cool.fountain.online.web.test.terminal.master.TestGetTerminalConfigTestNg" time="0.081"/>
  <testcase name="testGetTerminalConfigLoad" classname="cool.fountain.online.web.test.terminal.master.TestGetTerminalConfigTestNg" time="0.082"/>
  <testcase name="testGetTerminalConfigLoad" classname="cool.fountain.online.web.test.terminal.master.TestGetTerminalConfigTestNg" time="0.042"/>
  <testcase name="testGetTerminalConfigLoad" classname="cool.fountain.online.web.test.terminal.master.TestGetTerminalConfigTestNg" time="0.089"/>
  <testcase name="testGetTerminalConfigLoad" classname="cool.fountain.online.web.test.terminal.master.TestGetTerminalConfigTestNg" time="0.056"/>
  <testcase name="testGetTerminalConfigLoad" classname="cool.fountain.online.web.test.terminal.master.TestGetTerminalConfigTestNg" time="0.048"/>
  <testcase name="testGetTerminalConfigLoad" classname="cool.fountain.online.web.test.terminal.master.TestGetTerminalConfigTestNg" time="0.038"/>
  <testcase name="testGetTerminalConfigLoad" classname="cool.fountain.online.web.test.terminal.master.TestGetTerminalConfigTestNg" time="0"/>
  <testcase name="testGetTerminalConfigLoad" classname="cool.fountain.online.web.test.terminal.master.TestGetTerminalConfigTestNg" time="0.004"/>
  <testcase name="testGetTerminalConfigLoad" classname="cool.fountain.online.web.test.terminal.master.TestGetTerminalConfigTestNg" time="0.016"/>
  <testcase name="testGetTerminalConfigLoad" classname="cool.fountain.online.web.test.terminal.master.TestGetTerminalConfigTestNg" time="0.103"/>
  <testcase name="testGetTerminalConfigLoad" classname="cool.fountain.online.web.test.terminal.master.TestGetTerminalConfigTestNg" time="0.108"/>
  <testcase name="testGetTerminalConfigLoad" classname="cool.fountain.online.web.test.terminal.master.TestGetTerminalConfigTestNg" time="0.03"/>
  <testcase name="testGetTerminalConfigLoad" classname="cool.fountain.online.web.test.terminal.master.TestGetTerminalConfigTestNg" time="0.03"/>
  <testcase name="testGetTerminalConfigLoad" classname="cool.fountain.online.web.test.terminal.master.TestGetTerminalConfigTestNg" time="0.171"/>
  <testcase name="testGetTerminalConfigLoad" classname="cool.fountain.online.web.test.terminal.master.TestGetTerminalConfigTestNg" time="0.037"/>
  <testcase name="testGetTerminalConfigLoad" classname="cool.fountain.online.web.test.terminal.master.TestGetTerminalConfigTestNg" time="0"/>
  <testcase name="testGetTerminalConfigLoad" classname="cool.fountain.online.web.test.terminal.master.TestGetTerminalConfigTestNg" time="0.044"/>
  <testcase name="testGetTerminalConfigLoad" classname="cool.fountain.online.web.test.terminal.master.TestGetTerminalConfigTestNg" time="0.044"/>
  <testcase name="testGetTerminalConfigLoad" classname="cool.fountain.online.web.test.terminal.master.TestGetTerminalConfigTestNg" time="0.12"/>
  <testcase name="testGetTerminalConfigLoad" classname="cool.fountain.online.web.test.terminal.master.TestGetTerminalConfigTestNg" time="0.12"/>
  <testcase name="testGetTerminalConfigLoad" classname="cool.fountain.online.web.test.terminal.master.TestGetTerminalConfigTestNg" time="0.067"/>
  <testcase name="testGetTerminalConfigLoad" classname="cool.fountain.online.web.test.terminal.master.TestGetTerminalConfigTestNg" time="0.075"/>
  <testcase name="testGetTerminalConfigLoad" classname="cool.fountain.online.web.test.terminal.master.TestGetTerminalConfigTestNg" time="0.075"/>
  <testcase name="testGetTerminalConfigLoad" classname="cool.fountain.online.web.test.terminal.master.TestGetTerminalConfigTestNg" time="0.124"/>
  <testcase name="testGetTerminalConfigLoad" classname="cool.fountain.online.web.test.terminal.master.TestGetTerminalConfigTestNg" time="0.001"/>
  <testcase name="testGetTerminalConfigLoad" classname="cool.fountain.online.web.test.terminal.master.TestGetTerminalConfigTestNg" time="0.064"/>
  <testcase name="testGetTerminalConfigLoad" classname="cool.fountain.online.web.test.terminal.master.TestGetTerminalConfigTestNg" time="0.088"/>
  <testcase name="testGetTerminalConfigLoad" classname="cool.fountain.online.web.test.terminal.master.TestGetTerminalConfigTestNg" time="0.106"/>
  <testcase name="testGetTerminalConfigLoad" classname="cool.fountain.online.web.test.terminal.master.TestGetTerminalConfigTestNg" time="0.107"/>
  <testcase name="testGetTerminalConfigLoad" classname="cool.fountain.online.web.test.terminal.master.TestGetTerminalConfigTestNg" time="0.047"/>
  <testcase name="testGetTerminalConfigLoad" classname="cool.fountain.online.web.test.terminal.master.TestGetTerminalConfigTestNg" time="0.047"/>
  <testcase name="testGetTerminalConfigLoad" classname="cool.fountain.online.web.test.terminal.master.TestGetTerminalConfigTestNg" time="0.002"/>
  <testcase name="testGetTerminalConfigLoad" classname="cool.fountain.online.web.test.terminal.master.TestGetTerminalConfigTestNg" time="0.002"/>
  <testcase name="testGetTerminalConfigLoad" classname="cool.fountain.online.web.test.terminal.master.TestGetTerminalConfigTestNg" time="0.332"/>
  <testcase name="testGetTerminalConfigLoad" classname="cool.fountain.online.web.test.terminal.master.TestGetTerminalConfigTestNg" time="0.332"/>
  <testcase name="testGetTerminalConfigLoad" classname="cool.fountain.online.web.test.terminal.master.TestGetTerminalConfigTestNg" time="0.005"/>
  <testcase name="testGetTerminalConfigLoad" classname="cool.fountain.online.web.test.terminal.master.TestGetTerminalConfigTestNg" time="0.079"/>
  <testcase name="testGetTerminalConfigLoad" classname="cool.fountain.online.web.test.terminal.master.TestGetTerminalConfigTestNg" time="0.066"/>
  <testcase name="testGetTerminalConfigLoad" classname="cool.fountain.online.web.test.terminal.master.TestGetTerminalConfigTestNg" time="0.022"/>
  <testcase name="testGetTerminalConfigLoad" classname="cool.fountain.online.web.test.terminal.master.TestGetTerminalConfigTestNg" time="0.034"/>
  <testcase name="testGetTerminalConfigLoad" classname="cool.fountain.online.web.test.terminal.master.TestGetTerminalConfigTestNg" time="0.012"/>
  <testcase name="testGetTerminalConfigLoad" classname="cool.fountain.online.web.test.terminal.master.TestGetTerminalConfigTestNg" time="0.009"/>
  <testcase name="testGetTerminalConfigLoad" classname="cool.fountain.online.web.test.terminal.master.TestGetTerminalConfigTestNg" time="0"/>
  <testcase name="testGetTerminalConfigLoad" classname="cool.fountain.online.web.test.terminal.master.TestGetTerminalConfigTestNg" time="0.142"/>
  <testcase name="testGetTerminalConfigLoad" classname="cool.fountain.online.web.test.terminal.master.TestGetTerminalConfigTestNg" time="0.088"/>
  <testcase name="testGetTerminalConfigLoad" classname="cool.fountain.online.web.test.terminal.master.TestGetTerminalConfigTestNg" time="0.118"/>
  <testcase name="testGetTerminalConfigLoad" classname="cool.fountain.online.web.test.terminal.master.TestGetTerminalConfigTestNg" time="0.011"/>
  <testcase name="testGetTerminalConfigLoad" classname="cool.fountain.online.web.test.terminal.master.TestGetTerminalConfigTestNg" time="0.073"/>
  <testcase name="testGetTerminalConfigLoad" classname="cool.fountain.online.web.test.terminal.master.TestGetTerminalConfigTestNg" time="0.044"/>
  <testcase name="testGetTerminalConfigLoad" classname="cool.fountain.online.web.test.terminal.master.TestGetTerminalConfigTestNg" time="0.044"/>
  <testcase name="testGetTerminalConfigLoad" classname="cool.fountain.online.web.test.terminal.master.TestGetTerminalConfigTestNg" time="0.007"/>
  <testcase name="testGetTerminalConfigLoad" classname="cool.fountain.online.web.test.terminal.master.TestGetTerminalConfigTestNg" time="0.041"/>
  <testcase name="testGetTerminalConfigLoad" classname="cool.fountain.online.web.test.terminal.master.TestGetTerminalConfigTestNg" time="0.023"/>
  <testcase name="testGetTerminalConfigLoad" classname="cool.fountain.online.web.test.terminal.master.TestGetTerminalConfigTestNg" time="0.075"/>
  <testcase name="testGetTerminalConfigLoad" classname="cool.fountain.online.web.test.terminal.master.TestGetTerminalConfigTestNg" time="0.065"/>
  <testcase name="testGetTerminalConfigLoad" classname="cool.fountain.online.web.test.terminal.master.TestGetTerminalConfigTestNg" time="0.107"/>
  <testcase name="testGetTerminalConfigLoad" classname="cool.fountain.online.web.test.terminal.master.TestGetTerminalConfigTestNg" time="0.036"/>
  <testcase name="testGetTerminalConfigLoad" classname="cool.fountain.online.web.test.terminal.master.TestGetTerminalConfigTestNg" time="0.12"/>
  <testcase name="testGetTerminalConfigLoad" classname="cool.fountain.online.web.test.terminal.master.TestGetTerminalConfigTestNg" time="0.012"/>
  <testcase name="testGetTerminalConfigLoad" classname="cool.fountain.online.web.test.terminal.master.TestGetTerminalConfigTestNg" time="0.021"/>
  <testcase name="testGetTerminalConfigLoad" classname="cool.fountain.online.web.test.terminal.master.TestGetTerminalConfigTestNg" time="0.023"/>
  <testcase name="testGetTerminalConfigLoad" classname="cool.fountain.online.web.test.terminal.master.TestGetTerminalConfigTestNg" time="0.023"/>
  <testcase name="testGetTerminalConfigLoad" classname="cool.fountain.online.web.test.terminal.master.TestGetTerminalConfigTestNg" time="0.119"/>
  <testcase name="testGetTerminalConfigLoad" classname="cool.fountain.online.web.test.terminal.master.TestGetTerminalConfigTestNg" time="0.013"/>
  <testcase name="testGetTerminalConfigLoad" classname="cool.fountain.online.web.test.terminal.master.TestGetTerminalConfigTestNg" time="0.016"/>
  <testcase name="testGetTerminalConfigLoad" classname="cool.fountain.online.web.test.terminal.master.TestGetTerminalConfigTestNg" time="0.049"/>
  <testcase name="testGetTerminalConfigLoad" classname="cool.fountain.online.web.test.terminal.master.TestGetTerminalConfigTestNg" time="0.197"/>
  <testcase name="testGetTerminalConfigLoad" classname="cool.fountain.online.web.test.terminal.master.TestGetTerminalConfigTestNg" time="0.197"/>
  <testcase name="testGetTerminalConfigLoad" classname="cool.fountain.online.web.test.terminal.master.TestGetTerminalConfigTestNg" time="0.075"/>
  <testcase name="testGetTerminalConfigLoad" classname="cool.fountain.online.web.test.terminal.master.TestGetTerminalConfigTestNg" time="0.082"/>
  <testcase name="testGetTerminalConfigLoad" classname="cool.fountain.online.web.test.terminal.master.TestGetTerminalConfigTestNg" time="0.198"/>
  <testcase name="testGetTerminalConfigLoad" classname="cool.fountain.online.web.test.terminal.master.TestGetTerminalConfigTestNg" time="0.206"/>
  <testcase name="testGetTerminalConfigLoad" classname="cool.fountain.online.web.test.terminal.master.TestGetTerminalConfigTestNg" time="0.214"/>
  <testcase name="testGetTerminalConfigLoad" classname="cool.fountain.online.web.test.terminal.master.TestGetTerminalConfigTestNg" time="0.237"/>
  <testcase name="testGetTerminalConfigLoad" classname="cool.fountain.online.web.test.terminal.master.TestGetTerminalConfigTestNg" time="0.249"/>
  <testcase name="testGetTerminalConfigLoad" classname="cool.fountain.online.web.test.terminal.master.TestGetTerminalConfigTestNg" time="0.277"/>
  <testcase name="testGetTerminalConfigLoad" classname="cool.fountain.online.web.test.terminal.master.TestGetTerminalConfigTestNg" time="0.336"/>
  <testcase name="testpostEventsLoad" classname="cool.fountain.online.web.test.event.master.TestPostEventstestNg" time="0.128"/>
  <testcase name="testpostEventsLoad" classname="cool.fountain.online.web.test.event.master.TestPostEventstestNg" time="0.128"/>
  <testcase name="testpostEventsLoad" classname="cool.fountain.online.web.test.event.master.TestPostEventstestNg" time="0.001"/>
  <testcase name="testpostEventsLoad" classname="cool.fountain.online.web.test.event.master.TestPostEventstestNg" time="0.017"/>
  <testcase name="testpostEventsLoad" classname="cool.fountain.online.web.test.event.master.TestPostEventstestNg" time="0.017"/>
  <testcase name="testpostEventsLoad" classname="cool.fountain.online.web.test.event.master.TestPostEventstestNg" time="0.017"/>
  <testcase name="testpostEventsLoad" classname="cool.fountain.online.web.test.event.master.TestPostEventstestNg" time="0.018"/>
  <testcase name="testpostEventsLoad" classname="cool.fountain.online.web.test.event.master.TestPostEventstestNg" time="0.012"/>
  <testcase name="testpostEventsLoad" classname="cool.fountain.online.web.test.event.master.TestPostEventstestNg" time="0.012"/>
  <testcase name="testpostEventsLoad" classname="cool.fountain.online.web.test.event.master.TestPostEventstestNg" time="0.006"/>
  <testcase name="testpostEventsLoad" classname="cool.fountain.online.web.test.event.master.TestPostEventstestNg" time="0.102"/>
  <testcase name="testpostEventsLoad" classname="cool.fountain.online.web.test.event.master.TestPostEventstestNg" time="0.102"/>
  <testcase name="testpostEventsLoad" classname="cool.fountain.online.web.test.event.master.TestPostEventstestNg" time="0"/>
  <testcase name="testpostEventsLoad" classname="cool.fountain.online.web.test.event.master.TestPostEventstestNg" time="0.001"/>
  <testcase name="testpostEventsLoad" classname="cool.fountain.online.web.test.event.master.TestPostEventstestNg" time="0.001"/>
  <testcase name="testpostEventsLoad" classname="cool.fountain.online.web.test.event.master.TestPostEventstestNg" time="0.009"/>
  <testcase name="testpostEventsLoad" classname="cool.fountain.online.web.test.event.master.TestPostEventstestNg" time="0.009"/>
  <testcase name="testpostEventsLoad" classname="cool.fountain.online.web.test.event.master.TestPostEventstestNg" time="0.009"/>
  <testcase name="testpostEventsLoad" classname="cool.fountain.online.web.test.event.master.TestPostEventstestNg" time="0.036"/>
  <testcase name="testpostEventsLoad" classname="cool.fountain.online.web.test.event.master.TestPostEventstestNg" time="0.036"/>
  <testcase name="testpostEventsLoad" classname="cool.fountain.online.web.test.event.master.TestPostEventstestNg" time="0.054"/>
  <testcase name="testpostEventsLoad" classname="cool.fountain.online.web.test.event.master.TestPostEventstestNg" time="0.018"/>
  <testcase name="testpostEventsLoad" classname="cool.fountain.online.web.test.event.master.TestPostEventstestNg" time="0.017"/>
  <testcase name="testpostEventsLoad" classname="cool.fountain.online.web.test.event.master.TestPostEventstestNg" time="0.007"/>
  <testcase name="testpostEventsLoad" classname="cool.fountain.online.web.test.event.master.TestPostEventstestNg" time="0.008"/>
  <testcase name="testpostEventsLoad" classname="cool.fountain.online.web.test.event.master.TestPostEventstestNg" time="0.009"/>
  <testcase name="testpostEventsLoad" classname="cool.fountain.online.web.test.event.master.TestPostEventstestNg" time="0.003"/>
  <testcase name="testpostEventsLoad" classname="cool.fountain.online.web.test.event.master.TestPostEventstestNg" time="0.018"/>
  <testcase name="testpostEventsLoad" classname="cool.fountain.online.web.test.event.master.TestPostEventstestNg" time="0.018"/>
  <testcase name="testpostEventsLoad" classname="cool.fountain.online.web.test.event.master.TestPostEventstestNg" time="0.003"/>
  <testcase name="testpostEventsLoad" classname="cool.fountain.online.web.test.event.master.TestPostEventstestNg" time="0.04"/>
  <testcase name="testpostEventsLoad" classname="cool.fountain.online.web.test.event.master.TestPostEventstestNg" time="0.022"/>
  <testcase name="testpostEventsLoad" classname="cool.fountain.online.web.test.event.master.TestPostEventstestNg" time="0.016"/>
  <testcase name="testpostEventsLoad" classname="cool.fountain.online.web.test.event.master.TestPostEventstestNg" time="0.016"/>
  <testcase name="testpostEventsLoad" classname="cool.fountain.online.web.test.event.master.TestPostEventstestNg" time="0.007"/>
  <testcase name="testpostEventsLoad" classname="cool.fountain.online.web.test.event.master.TestPostEventstestNg" time="0.008"/>
  <testcase name="testpostEventsLoad" classname="cool.fountain.online.web.test.event.master.TestPostEventstestNg" time="0.016"/>
  <testcase name="testpostEventsLoad" classname="cool.fountain.online.web.test.event.master.TestPostEventstestNg" time="0.004"/>
  <testcase name="testpostEventsLoad" classname="cool.fountain.online.web.test.event.master.TestPostEventstestNg" time="0.005"/>
  <testcase name="testpostEventsLoad" classname="cool.fountain.online.web.test.event.master.TestPostEventstestNg" time="0.007"/>
  <testcase name="testpostEventsLoad" classname="cool.fountain.online.web.test.event.master.TestPostEventstestNg" time="0.017"/>
  <testcase name="testpostEventsLoad" classname="cool.fountain.online.web.test.event.master.TestPostEventstestNg" time="0.017"/>
  <testcase name="testpostEventsLoad" classname="cool.fountain.online.web.test.event.master.TestPostEventstestNg" time="0.036"/>
  <testcase name="testpostEventsLoad" classname="cool.fountain.online.web.test.event.master.TestPostEventstestNg" time="0"/>
  <testcase name="testpostEventsLoad" classname="cool.fountain.online.web.test.event.master.TestPostEventstestNg" time="0.002"/>
  <testcase name="testpostEventsLoad" classname="cool.fountain.online.web.test.event.master.TestPostEventstestNg" time="0.03"/>
  <testcase name="testpostEventsLoad" classname="cool.fountain.online.web.test.event.master.TestPostEventstestNg" time="0.03"/>
  <testcase name="testpostEventsLoad" classname="cool.fountain.online.web.test.event.master.TestPostEventstestNg" time="0.014"/>
  <testcase name="testpostEventsLoad" classname="cool.fountain.online.web.test.event.master.TestPostEventstestNg" time="0.015"/>
  <testcase name="testpostEventsLoad" classname="cool.fountain.online.web.test.event.master.TestPostEventstestNg" time="0.015"/>
  <testcase name="testpostEventsLoad" classname="cool.fountain.online.web.test.event.master.TestPostEventstestNg" time="0.002"/>
  <testcase name="testpostEventsLoad" classname="cool.fountain.online.web.test.event.master.TestPostEventstestNg" time="0.026"/>
  <testcase name="testpostEventsLoad" classname="cool.fountain.online.web.test.event.master.TestPostEventstestNg" time="0.015"/>
  <testcase name="testpostEventsLoad" classname="cool.fountain.online.web.test.event.master.TestPostEventstestNg" time="0.015"/>
  <testcase name="testpostEventsLoad" classname="cool.fountain.online.web.test.event.master.TestPostEventstestNg" time="0.005"/>
  <testcase name="testpostEventsLoad" classname="cool.fountain.online.web.test.event.master.TestPostEventstestNg" time="0.039"/>
  <testcase name="testpostEventsLoad" classname="cool.fountain.online.web.test.event.master.TestPostEventstestNg" time="0"/>
  <testcase name="testpostEventsLoad" classname="cool.fountain.online.web.test.event.master.TestPostEventstestNg" time="0.006"/>
  <testcase name="testpostEventsLoad" classname="cool.fountain.online.web.test.event.master.TestPostEventstestNg" time="0.006"/>
  <testcase name="testpostEventsLoad" classname="cool.fountain.online.web.test.event.master.TestPostEventstestNg" time="0.061"/>
  <testcase name="testpostEventsLoad" classname="cool.fountain.online.web.test.event.master.TestPostEventstestNg" time="0.062"/>
  <testcase name="testpostEventsLoad" classname="cool.fountain.online.web.test.event.master.TestPostEventstestNg" time="0.062"/>
  <testcase name="testpostEventsLoad" classname="cool.fountain.online.web.test.event.master.TestPostEventstestNg" time="0.062"/>
  <testcase name="testpostEventsLoad" classname="cool.fountain.online.web.test.event.master.TestPostEventstestNg" time="0.009"/>
  <testcase name="testpostEventsLoad" classname="cool.fountain.online.web.test.event.master.TestPostEventstestNg" time="0.009"/>
  <testcase name="testpostEventsLoad" classname="cool.fountain.online.web.test.event.master.TestPostEventstestNg" time="0.019"/>
  <testcase name="testpostEventsLoad" classname="cool.fountain.online.web.test.event.master.TestPostEventstestNg" time="0.02"/>
  <testcase name="testpostEventsLoad" classname="cool.fountain.online.web.test.event.master.TestPostEventstestNg" time="0.002"/>
  <testcase name="testpostEventsLoad" classname="cool.fountain.online.web.test.event.master.TestPostEventstestNg" time="0.006"/>
  <testcase name="testpostEventsLoad" classname="cool.fountain.online.web.test.event.master.TestPostEventstestNg" time="0.063"/>
  <testcase name="testpostEventsLoad" classname="cool.fountain.online.web.test.event.master.TestPostEventstestNg" time="0.063"/>
  <testcase name="testpostEventsLoad" classname="cool.fountain.online.web.test.event.master.TestPostEventstestNg" time="0.063"/>
  <testcase name="testpostEventsLoad" classname="cool.fountain.online.web.test.event.master.TestPostEventstestNg" time="0.003"/>
  <testcase name="testpostEventsLoad" classname="cool.fountain.online.web.test.event.master.TestPostEventstestNg" time="0.005"/>
  <testcase name="testpostEventsLoad" classname="cool.fountain.online.web.test.event.master.TestPostEventstestNg" time="0.007"/>
  <testcase name="testpostEventsLoad" classname="cool.fountain.online.web.test.event.master.TestPostEventstestNg" time="0.033"/>
  <testcase name="testpostEventsLoad" classname="cool.fountain.online.web.test.event.master.TestPostEventstestNg" time="0.033"/>
  <testcase name="testpostEventsLoad" classname="cool.fountain.online.web.test.event.master.TestPostEventstestNg" time="0.023"/>
  <testcase name="testpostEventsLoad" classname="cool.fountain.online.web.test.event.master.TestPostEventstestNg" time="0.024"/>
  <testcase name="testpostEventsLoad" classname="cool.fountain.online.web.test.event.master.TestPostEventstestNg" time="0.023"/>
  <testcase name="testpostEventsLoad" classname="cool.fountain.online.web.test.event.master.TestPostEventstestNg" time="0.023"/>
  <testcase name="testpostEventsLoad" classname="cool.fountain.online.web.test.event.master.TestPostEventstestNg" time="0.011"/>
  <testcase name="testpostEventsLoad" classname="cool.fountain.online.web.test.event.master.TestPostEventstestNg" time="0.012"/>
  <testcase name="testpostEventsLoad" classname="cool.fountain.online.web.test.event.master.TestPostEventstestNg" time="0.012"/>
  <testcase name="testpostEventsLoad" classname="cool.fountain.online.web.test.event.master.TestPostEventstestNg" time="0.009"/>
  <testcase name="testpostEventsLoad" classname="cool.fountain.online.web.test.event.master.TestPostEventstestNg" time="0.063"/>
  <testcase name="testpostEventsLoad" classname="cool.fountain.online.web.test.event.master.TestPostEventstestNg" time="0.017"/>
  <testcase name="testpostEventsLoad" classname="cool.fountain.online.web.test.event.master.TestPostEventstestNg" time="0.017"/>
  <testcase name="testpostEventsLoad" classname="cool.fountain.online.web.test.event.master.TestPostEventstestNg" time="0.017"/>
  <testcase name="testpostEventsLoad" classname="cool.fountain.online.web.test.event.master.TestPostEventstestNg" time="0"/>
  <testcase name="testpostEventsLoad" classname="cool.fountain.online.web.test.event.master.TestPostEventstestNg" time="0.004"/>
  <testcase name="testpostEventsLoad" classname="cool.fountain.online.web.test.event.master.TestPostEventstestNg" time="0.015"/>
  <testcase name="testpostEventsLoad" classname="cool.fountain.online.web.test.event.master.TestPostEventstestNg" time="0.021"/>
  <testcase name="testpostEventsLoad" classname="cool.fountain.online.web.test.event.master.TestPostEventstestNg" time="0.021"/>
  <testcase name="testpostEventsLoad" classname="cool.fountain.online.web.test.event.master.TestPostEventstestNg" time="0.029"/>
  <testcase name="testpostEventsLoad" classname="cool.fountain.online.web.test.event.master.TestPostEventstestNg" time="0.092"/>
  <testcase name="testpostEventsLoad" classname="cool.fountain.online.web.test.event.master.TestPostEventstestNg" time="0.092"/>
  <testcase name="testpostEventsLoad" classname="cool.fountain.online.web.test.event.master.TestPostEventstestNg" time="0.092"/>
  <testcase name="testpostEventsLoad" classname="cool.fountain.online.web.test.event.master.TestPostEventstestNg" time="0.108"/>
  <testcase name="testpostEventsLoad" classname="cool.fountain.online.web.test.event.master.TestPostEventstestNg" time="0.108"/>
  <testcase name="testHeartBeatLoad" classname="cool.fountain.online.web.test.event.master.TestHeartbeatTestNg" time="0.053"/>
  <testcase name="testHeartBeatLoad" classname="cool.fountain.online.web.test.event.master.TestHeartbeatTestNg" time="0.053"/>
  <testcase name="testHeartBeatLoad" classname="cool.fountain.online.web.test.event.master.TestHeartbeatTestNg" time="0"/>
  <testcase name="testHeartBeatLoad" classname="cool.fountain.online.web.test.event.master.TestHeartbeatTestNg" time="0.008"/>
  <testcase name="testHeartBeatLoad" classname="cool.fountain.online.web.test.event.master.TestHeartbeatTestNg" time="0.018"/>
  <testcase name="testHeartBeatLoad" classname="cool.fountain.online.web.test.event.master.TestHeartbeatTestNg" time="0.019"/>
  <testcase name="testHeartBeatLoad" classname="cool.fountain.online.web.test.event.master.TestHeartbeatTestNg" time="0.019"/>
  <testcase name="testHeartBeatLoad" classname="cool.fountain.online.web.test.event.master.TestHeartbeatTestNg" time="0.019"/>
  <testcase name="testHeartBeatLoad" classname="cool.fountain.online.web.test.event.master.TestHeartbeatTestNg" time="0.024"/>
  <testcase name="testHeartBeatLoad" classname="cool.fountain.online.web.test.event.master.TestHeartbeatTestNg" time="0.025"/>
  <testcase name="testHeartBeatLoad" classname="cool.fountain.online.web.test.event.master.TestHeartbeatTestNg" time="0.02"/>
  <testcase name="testHeartBeatLoad" classname="cool.fountain.online.web.test.event.master.TestHeartbeatTestNg" time="0.02"/>
  <testcase name="testHeartBeatLoad" classname="cool.fountain.online.web.test.event.master.TestHeartbeatTestNg" time="0.003"/>
  <testcase name="testHeartBeatLoad" classname="cool.fountain.online.web.test.event.master.TestHeartbeatTestNg" time="0.004"/>
  <testcase name="testHeartBeatLoad" classname="cool.fountain.online.web.test.event.master.TestHeartbeatTestNg" time="0.037"/>
  <testcase name="testHeartBeatLoad" classname="cool.fountain.online.web.test.event.master.TestHeartbeatTestNg" time="0.037"/>
  <testcase name="testHeartBeatLoad" classname="cool.fountain.online.web.test.event.master.TestHeartbeatTestNg" time="0.037"/>
  <testcase name="testHeartBeatLoad" classname="cool.fountain.online.web.test.event.master.TestHeartbeatTestNg" time="0.001"/>
  <testcase name="testHeartBeatLoad" classname="cool.fountain.online.web.test.event.master.TestHeartbeatTestNg" time="0.002"/>
  <testcase name="testHeartBeatLoad" classname="cool.fountain.online.web.test.event.master.TestHeartbeatTestNg" time="0.001"/>
  <testcase name="testHeartBeatLoad" classname="cool.fountain.online.web.test.event.master.TestHeartbeatTestNg" time="0.031"/>
  <testcase name="testHeartBeatLoad" classname="cool.fountain.online.web.test.event.master.TestHeartbeatTestNg" time="0.032"/>
  <testcase name="testHeartBeatLoad" classname="cool.fountain.online.web.test.event.master.TestHeartbeatTestNg" time="0.006"/>
  <testcase name="testHeartBeatLoad" classname="cool.fountain.online.web.test.event.master.TestHeartbeatTestNg" time="0.001"/>
  <testcase name="testHeartBeatLoad" classname="cool.fountain.online.web.test.event.master.TestHeartbeatTestNg" time="0.072"/>
  <testcase name="testHeartBeatLoad" classname="cool.fountain.online.web.test.event.master.TestHeartbeatTestNg" time="0"/>
  <testcase name="testHeartBeatLoad" classname="cool.fountain.online.web.test.event.master.TestHeartbeatTestNg" time="0.006"/>
  <testcase name="testHeartBeatLoad" classname="cool.fountain.online.web.test.event.master.TestHeartbeatTestNg" time="0.006"/>
  <testcase name="testHeartBeatLoad" classname="cool.fountain.online.web.test.event.master.TestHeartbeatTestNg" time="0.002"/>
  <testcase name="testHeartBeatLoad" classname="cool.fountain.online.web.test.event.master.TestHeartbeatTestNg" time="0.001"/>
  <testcase name="testHeartBeatLoad" classname="cool.fountain.online.web.test.event.master.TestHeartbeatTestNg" time="0.004"/>
  <testcase name="testHeartBeatLoad" classname="cool.fountain.online.web.test.event.master.TestHeartbeatTestNg" time="0"/>
  <testcase name="testHeartBeatLoad" classname="cool.fountain.online.web.test.event.master.TestHeartbeatTestNg" time="0"/>
  <testcase name="testHeartBeatLoad" classname="cool.fountain.online.web.test.event.master.TestHeartbeatTestNg" time="0.032"/>
  <testcase name="testHeartBeatLoad" classname="cool.fountain.online.web.test.event.master.TestHeartbeatTestNg" time="0.033"/>
  <testcase name="testHeartBeatLoad" classname="cool.fountain.online.web.test.event.master.TestHeartbeatTestNg" time="0.001"/>
  <testcase name="testHeartBeatLoad" classname="cool.fountain.online.web.test.event.master.TestHeartbeatTestNg" time="0.001"/>
  <testcase name="testHeartBeatLoad" classname="cool.fountain.online.web.test.event.master.TestHeartbeatTestNg" time="0.002"/>
  <testcase name="testHeartBeatLoad" classname="cool.fountain.online.web.test.event.master.TestHeartbeatTestNg" time="0.01"/>
  <testcase name="testHeartBeatLoad" classname="cool.fountain.online.web.test.event.master.TestHeartbeatTestNg" time="0.01"/>
  <testcase name="testHeartBeatLoad" classname="cool.fountain.online.web.test.event.master.TestHeartbeatTestNg" time="0.01"/>
  <testcase name="testHeartBeatLoad" classname="cool.fountain.online.web.test.event.master.TestHeartbeatTestNg" time="0.002"/>
  <testcase name="testHeartBeatLoad" classname="cool.fountain.online.web.test.event.master.TestHeartbeatTestNg" time="0.003"/>
  <testcase name="testHeartBeatLoad" classname="cool.fountain.online.web.test.event.master.TestHeartbeatTestNg" time="0.013"/>
  <testcase name="testHeartBeatLoad" classname="cool.fountain.online.web.test.event.master.TestHeartbeatTestNg" time="0.026"/>
  <testcase name="testHeartBeatLoad" classname="cool.fountain.online.web.test.event.master.TestHeartbeatTestNg" time="0.009"/>
  <testcase name="testHeartBeatLoad" classname="cool.fountain.online.web.test.event.master.TestHeartbeatTestNg" time="0.009"/>
  <testcase name="testHeartBeatLoad" classname="cool.fountain.online.web.test.event.master.TestHeartbeatTestNg" time="0.019"/>
  <testcase name="testHeartBeatLoad" classname="cool.fountain.online.web.test.event.master.TestHeartbeatTestNg" time="0.019"/>
  <testcase name="testHeartBeatLoad" classname="cool.fountain.online.web.test.event.master.TestHeartbeatTestNg" time="0.003"/>
  <testcase name="testHeartBeatLoad" classname="cool.fountain.online.web.test.event.master.TestHeartbeatTestNg" time="0.008"/>
  <testcase name="testHeartBeatLoad" classname="cool.fountain.online.web.test.event.master.TestHeartbeatTestNg" time="0.009"/>
  <testcase name="testHeartBeatLoad" classname="cool.fountain.online.web.test.event.master.TestHeartbeatTestNg" time="0"/>
  <testcase name="testHeartBeatLoad" classname="cool.fountain.online.web.test.event.master.TestHeartbeatTestNg" time="0.017"/>
  <testcase name="testHeartBeatLoad" classname="cool.fountain.online.web.test.event.master.TestHeartbeatTestNg" time="0.009"/>
  <testcase name="testHeartBeatLoad" classname="cool.fountain.online.web.test.event.master.TestHeartbeatTestNg" time="0.007"/>
  <testcase name="testHeartBeatLoad" classname="cool.fountain.online.web.test.event.master.TestHeartbeatTestNg" time="0.004"/>
  <testcase name="testHeartBeatLoad" classname="cool.fountain.online.web.test.event.master.TestHeartbeatTestNg" time="0.015"/>
  <testcase name="testHeartBeatLoad" classname="cool.fountain.online.web.test.event.master.TestHeartbeatTestNg" time="0.005"/>
  <testcase name="testHeartBeatLoad" classname="cool.fountain.online.web.test.event.master.TestHeartbeatTestNg" time="0.003"/>
  <testcase name="testHeartBeatLoad" classname="cool.fountain.online.web.test.event.master.TestHeartbeatTestNg" time="0.007"/>
  <testcase name="testHeartBeatLoad" classname="cool.fountain.online.web.test.event.master.TestHeartbeatTestNg" time="0.007"/>
  <testcase name="testHeartBeatLoad" classname="cool.fountain.online.web.test.event.master.TestHeartbeatTestNg" time="0.01"/>
  <testcase name="testHeartBeatLoad" classname="cool.fountain.online.web.test.event.master.TestHeartbeatTestNg" time="0.012"/>
  <testcase name="testHeartBeatLoad" classname="cool.fountain.online.web.test.event.master.TestHeartbeatTestNg" time="0.008"/>
  <testcase name="testHeartBeatLoad" classname="cool.fountain.online.web.test.event.master.TestHeartbeatTestNg" time="0.009"/>
  <testcase name="testHeartBeatLoad" classname="cool.fountain.online.web.test.event.master.TestHeartbeatTestNg" time="0.009"/>
  <testcase name="testHeartBeatLoad" classname="cool.fountain.online.web.test.event.master.TestHeartbeatTestNg" time="0.072"/>
  <testcase name="testHeartBeatLoad" classname="cool.fountain.online.web.test.event.master.TestHeartbeatTestNg" time="0.073"/>
  <testcase name="testHeartBeatLoad" classname="cool.fountain.online.web.test.event.master.TestHeartbeatTestNg" time="0.074"/>
  <testcase name="testHeartBeatLoad" classname="cool.fountain.online.web.test.event.master.TestHeartbeatTestNg" time="0.074"/>
  <testcase name="testHeartBeatLoad" classname="cool.fountain.online.web.test.event.master.TestHeartbeatTestNg" time="0.002"/>
  <testcase name="testHeartBeatLoad" classname="cool.fountain.online.web.test.event.master.TestHeartbeatTestNg" time="0.003"/>
  <testcase name="testHeartBeatLoad" classname="cool.fountain.online.web.test.event.master.TestHeartbeatTestNg" time="0.001"/>
  <testcase name="testHeartBeatLoad" classname="cool.fountain.online.web.test.event.master.TestHeartbeatTestNg" time="0.001"/>
  <testcase name="testHeartBeatLoad" classname="cool.fountain.online.web.test.event.master.TestHeartbeatTestNg" time="0.001"/>
  <testcase name="testHeartBeatLoad" classname="cool.fountain.online.web.test.event.master.TestHeartbeatTestNg" time="0.004"/>
  <testcase name="testHeartBeatLoad" classname="cool.fountain.online.web.test.event.master.TestHeartbeatTestNg" time="0.056"/>
  <testcase name="testHeartBeatLoad" classname="cool.fountain.online.web.test.event.master.TestHeartbeatTestNg" time="0.002"/>
  <testcase name="testHeartBeatLoad" classname="cool.fountain.online.web.test.event.master.TestHeartbeatTestNg" time="0.003"/>
  <testcase name="testHeartBeatLoad" classname="cool.fountain.online.web.test.event.master.TestHeartbeatTestNg" time="0.002"/>
  <testcase name="testHeartBeatLoad" classname="cool.fountain.online.web.test.event.master.TestHeartbeatTestNg" time="0.005"/>
  <testcase name="testHeartBeatLoad" classname="cool.fountain.online.web.test.event.master.TestHeartbeatTestNg" time="0.005"/>
  <testcase name="testHeartBeatLoad" classname="cool.fountain.online.web.test.event.master.TestHeartbeatTestNg" time="0.001"/>
  <testcase name="testHeartBeatLoad" classname="cool.fountain.online.web.test.event.master.TestHeartbeatTestNg" time="0.004"/>
  <testcase name="testHeartBeatLoad" classname="cool.fountain.online.web.test.event.master.TestHeartbeatTestNg" time="0.004"/>
  <testcase name="testHeartBeatLoad" classname="cool.fountain.online.web.test.event.master.TestHeartbeatTestNg" time="0.001"/>
  <testcase name="testHeartBeatLoad" classname="cool.fountain.online.web.test.event.master.TestHeartbeatTestNg" time="0.069"/>
  <testcase name="testHeartBeatLoad" classname="cool.fountain.online.web.test.event.master.TestHeartbeatTestNg" time="0.069"/>
  <testcase name="testHeartBeatLoad" classname="cool.fountain.online.web.test.event.master.TestHeartbeatTestNg" time="0.069"/>
  <testcase name="testHeartBeatLoad" classname="cool.fountain.online.web.test.event.master.TestHeartbeatTestNg" time="0.001"/>
  <testcase name="testHeartBeatLoad" classname="cool.fountain.online.web.test.event.master.TestHeartbeatTestNg" time="0.001"/>
  <testcase name="testHeartBeatLoad" classname="cool.fountain.online.web.test.event.master.TestHeartbeatTestNg" time="0.002"/>
  <testcase name="testHeartBeatLoad" classname="cool.fountain.online.web.test.event.master.TestHeartbeatTestNg" time="0.002"/>
  <testcase name="testHeartBeatLoad" classname="cool.fountain.online.web.test.event.master.TestHeartbeatTestNg" time="0.005"/>
  <testcase name="testHeartBeatLoad" classname="cool.fountain.online.web.test.event.master.TestHeartbeatTestNg" time="0.025"/>
  <testcase name="testHeartBeatLoad" classname="cool.fountain.online.web.test.event.master.TestHeartbeatTestNg" time="0.025"/>
  <testcase name="testHeartBeatLoad" classname="cool.fountain.online.web.test.event.master.TestHeartbeatTestNg" time="0.072"/>
  <testcase name="testHeartBeatLoad" classname="cool.fountain.online.web.test.event.master.TestHeartbeatTestNg" time="0.078"/>
  <testcase name="testHeartBeatLoad" classname="cool.fountain.online.web.test.event.master.TestHeartbeatTestNg" time="0.08"/>
  <testcase name="testOrderHistoryLoad" classname="cool.fountain.online.web.test.order.TestHistoryTestNg" time="1.569"/>
  <testcase name="testOrderHistoryLoad" classname="cool.fountain.online.web.test.order.TestHistoryTestNg" time="1.569"/>
  <testcase name="testOrderHistoryLoad" classname="cool.fountain.online.web.test.order.TestHistoryTestNg" time="0.001"/>
  <testcase name="testOrderHistoryLoad" classname="cool.fountain.online.web.test.order.TestHistoryTestNg" time="0.002"/>
  <testcase name="testOrderHistoryLoad" classname="cool.fountain.online.web.test.order.TestHistoryTestNg" time="0.001"/>
  <testcase name="testOrderHistoryLoad" classname="cool.fountain.online.web.test.order.TestHistoryTestNg" time="0.001"/>
  <testcase name="testOrderHistoryLoad" classname="cool.fountain.online.web.test.order.TestHistoryTestNg" time="0.001"/>
  <testcase name="testOrderHistoryLoad" classname="cool.fountain.online.web.test.order.TestHistoryTestNg" time="0.003"/>
  <testcase name="testOrderHistoryLoad" classname="cool.fountain.online.web.test.order.TestHistoryTestNg" time="0.004"/>
  <testcase name="testOrderHistoryLoad" classname="cool.fountain.online.web.test.order.TestHistoryTestNg" time="0.004"/>
  <testcase name="testOrderHistoryLoad" classname="cool.fountain.online.web.test.order.TestHistoryTestNg" time="0.131"/>
  <testcase name="testOrderHistoryLoad" classname="cool.fountain.online.web.test.order.TestHistoryTestNg" time="0.011"/>
  <testcase name="testOrderHistoryLoad" classname="cool.fountain.online.web.test.order.TestHistoryTestNg" time="0.012"/>
  <testcase name="testOrderHistoryLoad" classname="cool.fountain.online.web.test.order.TestHistoryTestNg" time="0.012"/>
  <testcase name="testOrderHistoryLoad" classname="cool.fountain.online.web.test.order.TestHistoryTestNg" time="0.008"/>
  <testcase name="testOrderHistoryLoad" classname="cool.fountain.online.web.test.order.TestHistoryTestNg" time="0.015"/>
  <testcase name="testOrderHistoryLoad" classname="cool.fountain.online.web.test.order.TestHistoryTestNg" time="0.015"/>
  <testcase name="testOrderHistoryLoad" classname="cool.fountain.online.web.test.order.TestHistoryTestNg" time="0.015"/>
  <testcase name="testOrderHistoryLoad" classname="cool.fountain.online.web.test.order.TestHistoryTestNg" time="0.007"/>
  <testcase name="testOrderHistoryLoad" classname="cool.fountain.online.web.test.order.TestHistoryTestNg" time="0.019"/>
  <testcase name="testOrderHistoryLoad" classname="cool.fountain.online.web.test.order.TestHistoryTestNg" time="0.071"/>
  <testcase name="testOrderHistoryLoad" classname="cool.fountain.online.web.test.order.TestHistoryTestNg" time="0.008"/>
  <testcase name="testOrderHistoryLoad" classname="cool.fountain.online.web.test.order.TestHistoryTestNg" time="0.022"/>
  <testcase name="testOrderHistoryLoad" classname="cool.fountain.online.web.test.order.TestHistoryTestNg" time="0.022"/>
  <testcase name="testOrderHistoryLoad" classname="cool.fountain.online.web.test.order.TestHistoryTestNg" time="0.01"/>
  <testcase name="testOrderHistoryLoad" classname="cool.fountain.online.web.test.order.TestHistoryTestNg" time="0.008"/>
  <testcase name="testOrderHistoryLoad" classname="cool.fountain.online.web.test.order.TestHistoryTestNg" time="0.012"/>
  <testcase name="testOrderHistoryLoad" classname="cool.fountain.online.web.test.order.TestHistoryTestNg" time="0.004"/>
  <testcase name="testOrderHistoryLoad" classname="cool.fountain.online.web.test.order.TestHistoryTestNg" time="0.006"/>
  <testcase name="testOrderHistoryLoad" classname="cool.fountain.online.web.test.order.TestHistoryTestNg" time="0.006"/>
  <testcase name="testOrderHistoryLoad" classname="cool.fountain.online.web.test.order.TestHistoryTestNg" time="0.048"/>
  <testcase name="testOrderHistoryLoad" classname="cool.fountain.online.web.test.order.TestHistoryTestNg" time="0.007"/>
  <testcase name="testOrderHistoryLoad" classname="cool.fountain.online.web.test.order.TestHistoryTestNg" time="0.007"/>
  <testcase name="testOrderHistoryLoad" classname="cool.fountain.online.web.test.order.TestHistoryTestNg" time="0.005"/>
  <testcase name="testOrderHistoryLoad" classname="cool.fountain.online.web.test.order.TestHistoryTestNg" time="0.008"/>
  <testcase name="testOrderHistoryLoad" classname="cool.fountain.online.web.test.order.TestHistoryTestNg" time="0.01"/>
  <testcase name="testOrderHistoryLoad" classname="cool.fountain.online.web.test.order.TestHistoryTestNg" time="0.015"/>
  <testcase name="testOrderHistoryLoad" classname="cool.fountain.online.web.test.order.TestHistoryTestNg" time="0.015"/>
  <testcase name="testOrderHistoryLoad" classname="cool.fountain.online.web.test.order.TestHistoryTestNg" time="0.002"/>
  <testcase name="testOrderHistoryLoad" classname="cool.fountain.online.web.test.order.TestHistoryTestNg" time="0.01"/>
  <testcase name="testOrderHistoryLoad" classname="cool.fountain.online.web.test.order.TestHistoryTestNg" time="0.051"/>
  <testcase name="testOrderHistoryLoad" classname="cool.fountain.online.web.test.order.TestHistoryTestNg" time="0.001"/>
  <testcase name="testOrderHistoryLoad" classname="cool.fountain.online.web.test.order.TestHistoryTestNg" time="0.001"/>
  <testcase name="testOrderHistoryLoad" classname="cool.fountain.online.web.test.order.TestHistoryTestNg" time="0.008"/>
  <testcase name="testOrderHistoryLoad" classname="cool.fountain.online.web.test.order.TestHistoryTestNg" time="0.017"/>
  <testcase name="testOrderHistoryLoad" classname="cool.fountain.online.web.test.order.TestHistoryTestNg" time="0.014"/>
  <testcase name="testOrderHistoryLoad" classname="cool.fountain.online.web.test.order.TestHistoryTestNg" time="0.003"/>
  <testcase name="testOrderHistoryLoad" classname="cool.fountain.online.web.test.order.TestHistoryTestNg" time="0.021"/>
  <testcase name="testOrderHistoryLoad" classname="cool.fountain.online.web.test.order.TestHistoryTestNg" time="0.004"/>
  <testcase name="testOrderHistoryLoad" classname="cool.fountain.online.web.test.order.TestHistoryTestNg" time="0.014"/>
  <testcase name="testOrderHistoryLoad" classname="cool.fountain.online.web.test.order.TestHistoryTestNg" time="0.025"/>
  <testcase name="testOrderHistoryLoad" classname="cool.fountain.online.web.test.order.TestHistoryTestNg" time="0.005"/>
  <testcase name="testOrderHistoryLoad" classname="cool.fountain.online.web.test.order.TestHistoryTestNg" time="0.003"/>
  <testcase name="testOrderHistoryLoad" classname="cool.fountain.online.web.test.order.TestHistoryTestNg" time="0.023"/>
  <testcase name="testOrderHistoryLoad" classname="cool.fountain.online.web.test.order.TestHistoryTestNg" time="0.023"/>
  <testcase name="testOrderHistoryLoad" classname="cool.fountain.online.web.test.order.TestHistoryTestNg" time="0.018"/>
  <testcase name="testOrderHistoryLoad" classname="cool.fountain.online.web.test.order.TestHistoryTestNg" time="0.012"/>
  <testcase name="testOrderHistoryLoad" classname="cool.fountain.online.web.test.order.TestHistoryTestNg" time="0.411"/>
  <testcase name="testOrderHistoryLoad" classname="cool.fountain.online.web.test.order.TestHistoryTestNg" time="0.007"/>
  <testcase name="testOrderHistoryLoad" classname="cool.fountain.online.web.test.order.TestHistoryTestNg" time="0.001"/>
  <testcase name="testOrderHistoryLoad" classname="cool.fountain.online.web.test.order.TestHistoryTestNg" time="0.019"/>
  <testcase name="testOrderHistoryLoad" classname="cool.fountain.online.web.test.order.TestHistoryTestNg" time="0.001"/>
  <testcase name="testOrderHistoryLoad" classname="cool.fountain.online.web.test.order.TestHistoryTestNg" time="0.001"/>
  <testcase name="testOrderHistoryLoad" classname="cool.fountain.online.web.test.order.TestHistoryTestNg" time="0.011"/>
  <testcase name="testOrderHistoryLoad" classname="cool.fountain.online.web.test.order.TestHistoryTestNg" time="0"/>
  <testcase name="testOrderHistoryLoad" classname="cool.fountain.online.web.test.order.TestHistoryTestNg" time="0.001"/>
  <testcase name="testOrderHistoryLoad" classname="cool.fountain.online.web.test.order.TestHistoryTestNg" time="0.001"/>
  <testcase name="testOrderHistoryLoad" classname="cool.fountain.online.web.test.order.TestHistoryTestNg" time="0.051">
    <failure message="Status expected:&lt;200 OK&gt; but was:&lt;500 INTERNAL_SERVER_ERROR&gt;&#10;&#10;&gt; POST https://testing.chaipoint.com/qa3/outlet-pos-api/api/order/history&#10;&gt; WebTestClient-Request-Id: [1]&#10;&gt; service.auth.key: [1234567]&#10;&gt; Content-Type: [application/json]&#10;&gt; Content-Length: [19]&#10;&#10;{&#10;  &quot;moduleId&quot;: 1&#10;}&#10;&#10;&lt; 500 INTERNAL_SERVER_ERROR Internal Server Error&#10;&lt; Date: [Wed, 08 Jan 2020 10:37:58 GMT]&#10;&lt; Content-Type: [application/json;charset=UTF-8]&#10;&lt; Transfer-Encoding: [chunked]&#10;&lt; Connection: [keep-alive]&#10;&lt; Access-Control-Allow-Headers: [Content-Type, Cookie, service.auth.key]&#10;&lt; Access-Control-Allow-Credentials: [true]&#10;&lt; Access-Control-Max-Age: [86400]&#10;&#10;{&quot;timestamp&quot;:1578479878389,&quot;status&quot;:500,&quot;error&quot;:&quot;Internal Server Error&quot;,&quot;message&quot;:&quot;Cannot connect to Hessian remote service at [https://testing.chaipoint.com/qa3/terminal-api/terminalModuleStateService]; nested exception is com.caucho.hessian.client.HessianConnectionException: 502: java.io.IOException: Server returned HTTP response code: 502 for URL: https://testing.chaipoint.com/qa3/terminal-api/terminalModuleStateService&quot;,&quot;path&quot;:&quot;/qa3/outlet-pos-api/api/order/history&quot;}&#10;" type="java.lang.AssertionError"><![CDATA[java.lang.AssertionError: 
Status expected:<200 OK> but was:<500 INTERNAL_SERVER_ERROR>

> POST https://testing.chaipoint.com/qa3/outlet-pos-api/api/order/history
> WebTestClient-Request-Id: [1]
> service.auth.key: [1234567]
> Content-Type: [application/json]
> Content-Length: [19]

{
  "moduleId": 1
}

< 500 INTERNAL_SERVER_ERROR Internal Server Error
< Date: [Wed, 08 Jan 2020 10:37:58 GMT]
< Content-Type: [application/json;charset=UTF-8]
< Transfer-Encoding: [chunked]
< Connection: [keep-alive]
< Access-Control-Allow-Headers: [Content-Type, Cookie, service.auth.key]
< Access-Control-Allow-Credentials: [true]
< Access-Control-Max-Age: [86400]

{"timestamp":1578479878389,"status":500,"error":"Internal Server Error","message":"Cannot connect to Hessian remote service at [https://testing.chaipoint.com/qa3/terminal-api/terminalModuleStateService]; nested exception is com.caucho.hessian.client.HessianConnectionException: 502: java.io.IOException: Server returned HTTP response code: 502 for URL: https://testing.chaipoint.com/qa3/terminal-api/terminalModuleStateService","path":"/qa3/outlet-pos-api/api/order/history"}

	at cool.fountain.online.web.test.order.TestHistoryTestNg.history(TestHistoryTestNg.java:91)
	at cool.fountain.online.web.test.order.TestHistoryTestNg.testOrderHistoryLoad(TestHistoryTestNg.java:77)
Caused by: java.lang.AssertionError: Status expected:<200 OK> but was:<500 INTERNAL_SERVER_ERROR>
	at cool.fountain.online.web.test.order.TestHistoryTestNg.history(TestHistoryTestNg.java:91)
	at cool.fountain.online.web.test.order.TestHistoryTestNg.testOrderHistoryLoad(TestHistoryTestNg.java:77)
]]></failure>
    <system-out><![CDATA[[2020-01-08T16:07:58.058Z] [cool.fountain.online.web.test.order.TestHistoryTestNg] [TestNG] [74] [INFO ]
				Running testOrderHistoryLoad
[2020-01-08T16:07:58.058Z] [cool.fountain.online.web.test.order.TestHistoryTestNg] [TestNG] [75] [INFO ]
				responseTimeThreshold: 5000
[2020-01-08T16:07:58.058Z] [cool.fountain.online.web.test.order.TestHistoryTestNg] [TestNG] [74] [INFO ]
				Running testOrderHistoryLoad
[2020-01-08T16:07:58.058Z] [cool.fountain.online.web.test.order.TestHistoryTestNg] [TestNG] [75] [INFO ]
				responseTimeThreshold: 5000
]]></system-out>
  </testcase>
  <testcase name="testOrderHistoryLoad" classname="cool.fountain.online.web.test.order.TestHistoryTestNg" time="0.04"/>
  <testcase name="testOrderHistoryLoad" classname="cool.fountain.online.web.test.order.TestHistoryTestNg" time="0.014"/>
  <testcase name="testOrderHistoryLoad" classname="cool.fountain.online.web.test.order.TestHistoryTestNg" time="0.012"/>
  <testcase name="testOrderHistoryLoad" classname="cool.fountain.online.web.test.order.TestHistoryTestNg" time="0.022"/>
  <testcase name="testOrderHistoryLoad" classname="cool.fountain.online.web.test.order.TestHistoryTestNg" time="0.002"/>
  <testcase name="testOrderHistoryLoad" classname="cool.fountain.online.web.test.order.TestHistoryTestNg" time="0.003"/>
  <testcase name="testOrderHistoryLoad" classname="cool.fountain.online.web.test.order.TestHistoryTestNg" time="0.003"/>
  <testcase name="testOrderHistoryLoad" classname="cool.fountain.online.web.test.order.TestHistoryTestNg" time="0.002"/>
  <testcase name="testOrderHistoryLoad" classname="cool.fountain.online.web.test.order.TestHistoryTestNg" time="0.002"/>
  <testcase name="testOrderHistoryLoad" classname="cool.fountain.online.web.test.order.TestHistoryTestNg" time="0.008"/>
  <testcase name="testOrderHistoryLoad" classname="cool.fountain.online.web.test.order.TestHistoryTestNg" time="0.034"/>
  <testcase name="testOrderHistoryLoad" classname="cool.fountain.online.web.test.order.TestHistoryTestNg" time="0.024"/>
  <testcase name="testOrderHistoryLoad" classname="cool.fountain.online.web.test.order.TestHistoryTestNg" time="0.016"/>
  <testcase name="testOrderHistoryLoad" classname="cool.fountain.online.web.test.order.TestHistoryTestNg" time="0.03"/>
  <testcase name="testOrderHistoryLoad" classname="cool.fountain.online.web.test.order.TestHistoryTestNg" time="0.024"/>
  <testcase name="testOrderHistoryLoad" classname="cool.fountain.online.web.test.order.TestHistoryTestNg" time="0.025"/>
  <testcase name="testOrderHistoryLoad" classname="cool.fountain.online.web.test.order.TestHistoryTestNg" time="0.025"/>
  <testcase name="testOrderHistoryLoad" classname="cool.fountain.online.web.test.order.TestHistoryTestNg" time="0.012"/>
  <testcase name="testOrderHistoryLoad" classname="cool.fountain.online.web.test.order.TestHistoryTestNg" time="0.026"/>
  <testcase name="testOrderHistoryLoad" classname="cool.fountain.online.web.test.order.TestHistoryTestNg" time="0.026"/>
  <testcase name="testOrderHistoryLoad" classname="cool.fountain.online.web.test.order.TestHistoryTestNg" time="0.001"/>
  <testcase name="testOrderHistoryLoad" classname="cool.fountain.online.web.test.order.TestHistoryTestNg" time="0.002"/>
  <testcase name="testOrderHistoryLoad" classname="cool.fountain.online.web.test.order.TestHistoryTestNg" time="0.017"/>
  <testcase name="testOrderHistoryLoad" classname="cool.fountain.online.web.test.order.TestHistoryTestNg" time="0.053"/>
  <testcase name="testOrderHistoryLoad" classname="cool.fountain.online.web.test.order.TestHistoryTestNg" time="0.093"/>
  <testcase name="testOrderHistoryLoad" classname="cool.fountain.online.web.test.order.TestHistoryTestNg" time="0.104"/>
  <testcase name="testOrderHistoryLoad" classname="cool.fountain.online.web.test.order.TestHistoryTestNg" time="0.104"/>
  <testcase name="testOrderHistoryLoad" classname="cool.fountain.online.web.test.order.TestHistoryTestNg" time="0.105"/>
  <testcase name="testOrderHistoryLoad" classname="cool.fountain.online.web.test.order.TestHistoryTestNg" time="0.113"/>
  <testcase name="testOrderHistoryLoad" classname="cool.fountain.online.web.test.order.TestHistoryTestNg" time="0.127"/>
  <testcase name="testOrderHistoryLoad" classname="cool.fountain.online.web.test.order.TestHistoryTestNg" time="0.128"/>
  <testcase name="testOrderHistoryLoad" classname="cool.fountain.online.web.test.order.TestHistoryTestNg" time="0.135"/>
</testsuite>