<?xml version="1.0" encoding="UTF-8"?>
<!-- Generated by org.testng.reporters.JUnitReportReporter -->
<testsuite hostname="Chaipoints-MacBook-Air.local" name="cool.fountain.online.web.test.catalogue.master.TestGetProductCatalogueApiTestNg" tests="101" failures="0" timestamp="9 Jan 2020 06:36:15 GMT" time="119.423" errors="0">
  <testcase name="testGetProductCatalogueLoad" time="0.991" classname="cool.fountain.online.web.test.catalogue.master.TestGetProductCatalogueApiTestNg"/>
  <testcase name="testGetProductCatalogueLoad" time="1.137" classname="cool.fountain.online.web.test.catalogue.master.TestGetProductCatalogueApiTestNg"/>
  <testcase name="testGetProductCatalogueLoad" time="1.268" classname="cool.fountain.online.web.test.catalogue.master.TestGetProductCatalogueApiTestNg"/>
  <testcase name="testGetProductCatalogueLoad" time="1.106" classname="cool.fountain.online.web.test.catalogue.master.TestGetProductCatalogueApiTestNg"/>
  <testcase name="testGetProductCatalogueLoad" time="1.228" classname="cool.fountain.online.web.test.catalogue.master.TestGetProductCatalogueApiTestNg"/>
  <testcase name="testGetProductCatalogueLoad" time="1.095" classname="cool.fountain.online.web.test.catalogue.master.TestGetProductCatalogueApiTestNg"/>
  <testcase name="testGetProductCatalogueLoad" time="1.098" classname="cool.fountain.online.web.test.catalogue.master.TestGetProductCatalogueApiTestNg"/>
  <testcase name="testGetProductCatalogueLoad" time="1.067" classname="cool.fountain.online.web.test.catalogue.master.TestGetProductCatalogueApiTestNg"/>
  <testcase name="testGetProductCatalogueLoad" time="1.021" classname="cool.fountain.online.web.test.catalogue.master.TestGetProductCatalogueApiTestNg"/>
  <testcase name="testGetProductCatalogueLoad" time="0.953" classname="cool.fountain.online.web.test.catalogue.master.TestGetProductCatalogueApiTestNg"/>
  <testcase name="testGetProductCatalogueLoad" time="1.056" classname="cool.fountain.online.web.test.catalogue.master.TestGetProductCatalogueApiTestNg"/>
  <testcase name="testGetProductCatalogueLoad" time="0.810" classname="cool.fountain.online.web.test.catalogue.master.TestGetProductCatalogueApiTestNg"/>
  <testcase name="testGetProductCatalogueLoad" time="1.126" classname="cool.fountain.online.web.test.catalogue.master.TestGetProductCatalogueApiTestNg"/>
  <testcase name="testGetProductCatalogueLoad" time="1.038" classname="cool.fountain.online.web.test.catalogue.master.TestGetProductCatalogueApiTestNg"/>
  <testcase name="testGetProductCatalogueLoad" time="1.324" classname="cool.fountain.online.web.test.catalogue.master.TestGetProductCatalogueApiTestNg"/>
  <testcase name="testGetProductCatalogueLoad" time="1.276" classname="cool.fountain.online.web.test.catalogue.master.TestGetProductCatalogueApiTestNg"/>
  <testcase name="testGetProductCatalogueLoad" time="1.094" classname="cool.fountain.online.web.test.catalogue.master.TestGetProductCatalogueApiTestNg"/>
  <testcase name="testGetProductCatalogueLoad" time="1.431" classname="cool.fountain.online.web.test.catalogue.master.TestGetProductCatalogueApiTestNg"/>
  <testcase name="testGetProductCatalogueLoad" time="1.412" classname="cool.fountain.online.web.test.catalogue.master.TestGetProductCatalogueApiTestNg"/>
  <testcase name="testGetProductCatalogueLoad" time="1.050" classname="cool.fountain.online.web.test.catalogue.master.TestGetProductCatalogueApiTestNg"/>
  <testcase name="testGetProductCatalogueLoad" time="0.958" classname="cool.fountain.online.web.test.catalogue.master.TestGetProductCatalogueApiTestNg"/>
  <testcase name="testGetProductCatalogueLoad" time="0.874" classname="cool.fountain.online.web.test.catalogue.master.TestGetProductCatalogueApiTestNg"/>
  <testcase name="testGetProductCatalogueLoad" time="1.045" classname="cool.fountain.online.web.test.catalogue.master.TestGetProductCatalogueApiTestNg"/>
  <testcase name="testGetProductCatalogueLoad" time="1.026" classname="cool.fountain.online.web.test.catalogue.master.TestGetProductCatalogueApiTestNg"/>
  <testcase name="testGetProductCatalogueLoad" time="2.256" classname="cool.fountain.online.web.test.catalogue.master.TestGetProductCatalogueApiTestNg"/>
  <testcase name="testGetProductCatalogueLoad" time="0.378" classname="cool.fountain.online.web.test.catalogue.master.TestGetProductCatalogueApiTestNg"/>
  <testcase name="testGetProductCatalogueLoad" time="1.118" classname="cool.fountain.online.web.test.catalogue.master.TestGetProductCatalogueApiTestNg"/>
  <testcase name="testGetProductCatalogueLoad" time="1.194" classname="cool.fountain.online.web.test.catalogue.master.TestGetProductCatalogueApiTestNg"/>
  <testcase name="testGetProductCatalogueLoad" time="1.047" classname="cool.fountain.online.web.test.catalogue.master.TestGetProductCatalogueApiTestNg"/>
  <testcase name="testGetProductCatalogueLoad" time="1.203" classname="cool.fountain.online.web.test.catalogue.master.TestGetProductCatalogueApiTestNg"/>
  <testcase name="testGetProductCatalogueLoad" time="0.933" classname="cool.fountain.online.web.test.catalogue.master.TestGetProductCatalogueApiTestNg"/>
  <testcase name="testGetProductCatalogueLoad" time="0.898" classname="cool.fountain.online.web.test.catalogue.master.TestGetProductCatalogueApiTestNg"/>
  <testcase name="testGetProductCatalogueLoad" time="0.879" classname="cool.fountain.online.web.test.catalogue.master.TestGetProductCatalogueApiTestNg"/>
  <testcase name="testGetProductCatalogueLoad" time="1.568" classname="cool.fountain.online.web.test.catalogue.master.TestGetProductCatalogueApiTestNg"/>
  <testcase name="testGetProductCatalogueLoad" time="1.706" classname="cool.fountain.online.web.test.catalogue.master.TestGetProductCatalogueApiTestNg"/>
  <testcase name="testGetProductCatalogueLoad" time="0.902" classname="cool.fountain.online.web.test.catalogue.master.TestGetProductCatalogueApiTestNg"/>
  <testcase name="testGetProductCatalogueLoad" time="1.317" classname="cool.fountain.online.web.test.catalogue.master.TestGetProductCatalogueApiTestNg"/>
  <testcase name="testGetProductCatalogueLoad" time="1.218" classname="cool.fountain.online.web.test.catalogue.master.TestGetProductCatalogueApiTestNg"/>
  <testcase name="testGetProductCatalogueLoad" time="0.748" classname="cool.fountain.online.web.test.catalogue.master.TestGetProductCatalogueApiTestNg"/>
  <testcase name="testGetProductCatalogueLoad" time="1.449" classname="cool.fountain.online.web.test.catalogue.master.TestGetProductCatalogueApiTestNg"/>
  <testcase name="testGetProductCatalogueLoad" time="0.954" classname="cool.fountain.online.web.test.catalogue.master.TestGetProductCatalogueApiTestNg"/>
  <testcase name="testGetProductCatalogueLoad" time="1.259" classname="cool.fountain.online.web.test.catalogue.master.TestGetProductCatalogueApiTestNg"/>
  <testcase name="testGetProductCatalogueLoad" time="1.127" classname="cool.fountain.online.web.test.catalogue.master.TestGetProductCatalogueApiTestNg"/>
  <testcase name="testGetProductCatalogueLoad" time="1.298" classname="cool.fountain.online.web.test.catalogue.master.TestGetProductCatalogueApiTestNg"/>
  <testcase name="testGetProductCatalogueLoad" time="1.058" classname="cool.fountain.online.web.test.catalogue.master.TestGetProductCatalogueApiTestNg"/>
  <testcase name="testGetProductCatalogueLoad" time="1.127" classname="cool.fountain.online.web.test.catalogue.master.TestGetProductCatalogueApiTestNg"/>
  <testcase name="testGetProductCatalogueLoad" time="1.286" classname="cool.fountain.online.web.test.catalogue.master.TestGetProductCatalogueApiTestNg"/>
  <testcase name="testGetProductCatalogueLoad" time="1.247" classname="cool.fountain.online.web.test.catalogue.master.TestGetProductCatalogueApiTestNg"/>
  <testcase name="testGetProductCatalogueLoad" time="1.223" classname="cool.fountain.online.web.test.catalogue.master.TestGetProductCatalogueApiTestNg"/>
  <testcase name="testGetProductCatalogueLoad" time="0.937" classname="cool.fountain.online.web.test.catalogue.master.TestGetProductCatalogueApiTestNg"/>
  <testcase name="testGetProductCatalogueLoad" time="0.952" classname="cool.fountain.online.web.test.catalogue.master.TestGetProductCatalogueApiTestNg"/>
  <testcase name="testGetProductCatalogueLoad" time="1.255" classname="cool.fountain.online.web.test.catalogue.master.TestGetProductCatalogueApiTestNg"/>
  <testcase name="testGetProductCatalogueLoad" time="0.977" classname="cool.fountain.online.web.test.catalogue.master.TestGetProductCatalogueApiTestNg"/>
  <testcase name="testGetProductCatalogueLoad" time="0.949" classname="cool.fountain.online.web.test.catalogue.master.TestGetProductCatalogueApiTestNg"/>
  <testcase name="testGetProductCatalogueLoad" time="0.969" classname="cool.fountain.online.web.test.catalogue.master.TestGetProductCatalogueApiTestNg"/>
  <testcase name="testGetProductCatalogueLoad" time="1.934" classname="cool.fountain.online.web.test.catalogue.master.TestGetProductCatalogueApiTestNg"/>
  <testcase name="testGetProductCatalogueLoad" time="1.395" classname="cool.fountain.online.web.test.catalogue.master.TestGetProductCatalogueApiTestNg"/>
  <testcase name="testGetProductCatalogueLoad" time="1.237" classname="cool.fountain.online.web.test.catalogue.master.TestGetProductCatalogueApiTestNg"/>
  <testcase name="testGetProductCatalogueLoad" time="0.907" classname="cool.fountain.online.web.test.catalogue.master.TestGetProductCatalogueApiTestNg"/>
  <testcase name="testGetProductCatalogueLoad" time="0.839" classname="cool.fountain.online.web.test.catalogue.master.TestGetProductCatalogueApiTestNg"/>
  <testcase name="testGetProductCatalogueLoad" time="1.062" classname="cool.fountain.online.web.test.catalogue.master.TestGetProductCatalogueApiTestNg"/>
  <testcase name="testGetProductCatalogueLoad" time="1.161" classname="cool.fountain.online.web.test.catalogue.master.TestGetProductCatalogueApiTestNg"/>
  <testcase name="testGetProductCatalogueLoad" time="1.054" classname="cool.fountain.online.web.test.catalogue.master.TestGetProductCatalogueApiTestNg"/>
  <testcase name="testGetProductCatalogueLoad" time="0.848" classname="cool.fountain.online.web.test.catalogue.master.TestGetProductCatalogueApiTestNg"/>
  <testcase name="testGetProductCatalogueLoad" time="1.128" classname="cool.fountain.online.web.test.catalogue.master.TestGetProductCatalogueApiTestNg"/>
  <testcase name="testGetProductCatalogueLoad" time="1.566" classname="cool.fountain.online.web.test.catalogue.master.TestGetProductCatalogueApiTestNg"/>
  <testcase name="testGetProductCatalogueLoad" time="1.011" classname="cool.fountain.online.web.test.catalogue.master.TestGetProductCatalogueApiTestNg"/>
  <testcase name="testGetProductCatalogueLoad" time="1.248" classname="cool.fountain.online.web.test.catalogue.master.TestGetProductCatalogueApiTestNg"/>
  <testcase name="testGetProductCatalogueLoad" time="1.424" classname="cool.fountain.online.web.test.catalogue.master.TestGetProductCatalogueApiTestNg"/>
  <testcase name="testGetProductCatalogueLoad" time="1.965" classname="cool.fountain.online.web.test.catalogue.master.TestGetProductCatalogueApiTestNg"/>
  <testcase name="testGetProductCatalogueLoad" time="0.999" classname="cool.fountain.online.web.test.catalogue.master.TestGetProductCatalogueApiTestNg"/>
  <testcase name="testGetProductCatalogueLoad" time="1.437" classname="cool.fountain.online.web.test.catalogue.master.TestGetProductCatalogueApiTestNg"/>
  <testcase name="testGetProductCatalogueLoad" time="0.902" classname="cool.fountain.online.web.test.catalogue.master.TestGetProductCatalogueApiTestNg"/>
  <testcase name="testGetProductCatalogueLoad" time="1.110" classname="cool.fountain.online.web.test.catalogue.master.TestGetProductCatalogueApiTestNg"/>
  <testcase name="testGetProductCatalogueLoad" time="2.244" classname="cool.fountain.online.web.test.catalogue.master.TestGetProductCatalogueApiTestNg"/>
  <testcase name="testGetProductCatalogueLoad" time="1.376" classname="cool.fountain.online.web.test.catalogue.master.TestGetProductCatalogueApiTestNg"/>
  <testcase name="testGetProductCatalogueLoad" time="1.428" classname="cool.fountain.online.web.test.catalogue.master.TestGetProductCatalogueApiTestNg"/>
  <testcase name="testGetProductCatalogueLoad" time="1.038" classname="cool.fountain.online.web.test.catalogue.master.TestGetProductCatalogueApiTestNg"/>
  <testcase name="testGetProductCatalogueLoad" time="1.281" classname="cool.fountain.online.web.test.catalogue.master.TestGetProductCatalogueApiTestNg"/>
  <testcase name="testGetProductCatalogueLoad" time="1.495" classname="cool.fountain.online.web.test.catalogue.master.TestGetProductCatalogueApiTestNg"/>
  <testcase name="testGetProductCatalogueLoad" time="1.555" classname="cool.fountain.online.web.test.catalogue.master.TestGetProductCatalogueApiTestNg"/>
  <testcase name="testGetProductCatalogueLoad" time="1.565" classname="cool.fountain.online.web.test.catalogue.master.TestGetProductCatalogueApiTestNg"/>
  <testcase name="testGetProductCatalogueLoad" time="0.999" classname="cool.fountain.online.web.test.catalogue.master.TestGetProductCatalogueApiTestNg"/>
  <testcase name="testGetProductCatalogueLoad" time="1.998" classname="cool.fountain.online.web.test.catalogue.master.TestGetProductCatalogueApiTestNg"/>
  <testcase name="testGetProductCatalogue" time="0.695" classname="cool.fountain.online.web.test.catalogue.master.TestGetProductCatalogueApiTestNg"/>
  <testcase name="testGetProductCatalogueLoad" time="1.766" classname="cool.fountain.online.web.test.catalogue.master.TestGetProductCatalogueApiTestNg"/>
  <testcase name="testGetProductCatalogueLoad" time="1.397" classname="cool.fountain.online.web.test.catalogue.master.TestGetProductCatalogueApiTestNg"/>
  <testcase name="testGetProductCatalogueLoad" time="1.339" classname="cool.fountain.online.web.test.catalogue.master.TestGetProductCatalogueApiTestNg"/>
  <testcase name="testGetProductCatalogueLoad" time="0.990" classname="cool.fountain.online.web.test.catalogue.master.TestGetProductCatalogueApiTestNg"/>
  <testcase name="testGetProductCatalogueLoad" time="1.212" classname="cool.fountain.online.web.test.catalogue.master.TestGetProductCatalogueApiTestNg"/>
  <testcase name="testGetProductCatalogueLoad" time="1.157" classname="cool.fountain.online.web.test.catalogue.master.TestGetProductCatalogueApiTestNg"/>
  <testcase name="testGetProductCatalogueLoad" time="1.033" classname="cool.fountain.online.web.test.catalogue.master.TestGetProductCatalogueApiTestNg"/>
  <testcase name="testGetProductCatalogueLoad" time="1.398" classname="cool.fountain.online.web.test.catalogue.master.TestGetProductCatalogueApiTestNg"/>
  <testcase name="testGetProductCatalogueLoad" time="1.050" classname="cool.fountain.online.web.test.catalogue.master.TestGetProductCatalogueApiTestNg"/>
  <testcase name="testGetProductCatalogueLoad" time="1.239" classname="cool.fountain.online.web.test.catalogue.master.TestGetProductCatalogueApiTestNg"/>
  <testcase name="testGetProductCatalogueLoad" time="1.082" classname="cool.fountain.online.web.test.catalogue.master.TestGetProductCatalogueApiTestNg"/>
  <testcase name="testGetProductCatalogueLoad" time="0.812" classname="cool.fountain.online.web.test.catalogue.master.TestGetProductCatalogueApiTestNg"/>
  <testcase name="testGetProductCatalogueLoad" time="1.546" classname="cool.fountain.online.web.test.catalogue.master.TestGetProductCatalogueApiTestNg"/>
  <testcase name="testGetProductCatalogueLoad" time="0.929" classname="cool.fountain.online.web.test.catalogue.master.TestGetProductCatalogueApiTestNg"/>
  <testcase name="testGetProductCatalogueLoad" time="1.003" classname="cool.fountain.online.web.test.catalogue.master.TestGetProductCatalogueApiTestNg"/>
  <testcase name="testGetProductCatalogueLoad" time="0.653" classname="cool.fountain.online.web.test.catalogue.master.TestGetProductCatalogueApiTestNg"/>
</testsuite> <!-- cool.fountain.online.web.test.catalogue.master.TestGetProductCatalogueApiTestNg -->
