<?xml version="1.0" encoding="UTF-8"?>
<!-- Generated by org.testng.reporters.JUnitReportReporter -->
<testsuite hostname="chaipoint-Inspiron-5370" name="cool.fountain.online.web.test.terminal.master.TestGetTerminalConfigTestNg" tests="1" failures="0" timestamp="10 Jan 2020 12:26:22 GMT" time="1.776" errors="0">
  <testcase name="testGetTerminalConfig" time="1.776" classname="cool.fountain.online.web.test.terminal.master.TestGetTerminalConfigTestNg"/>
</testsuite> <!-- cool.fountain.online.web.test.terminal.master.TestGetTerminalConfigTestNg -->
