<?xml version="1.0" encoding="UTF-8"?>
<!-- Generated by org.testng.reporters.JUnitReportReporter -->
<testsuite hostname="chaipoint-Inspiron-5370" name="cool.fountain.online.web.test.errors.TestErrorsForPostReq" tests="6" failures="0" timestamp="13 Jan 2020 10:13:39 GMT" time="0.775" errors="0">
  <testcase name="testServiceAuthKey" time="0.092" classname="cool.fountain.online.web.test.errors.TestErrorsForPostReq"/>
  <testcase name="testErrorCode" time="0.068" classname="cool.fountain.online.web.test.errors.TestErrorsForPostReq"/>
  <testcase name="testErrorCode" time="0.176" classname="cool.fountain.online.web.test.errors.TestErrorsForPostReq"/>
  <testcase name="testErrorCode" time="0.130" classname="cool.fountain.online.web.test.errors.TestErrorsForPostReq"/>
  <testcase name="testErrorCode" time="0.147" classname="cool.fountain.online.web.test.errors.TestErrorsForPostReq"/>
  <testcase name="testServiceAuthKey" time="0.162" classname="cool.fountain.online.web.test.errors.TestErrorsForPostReq"/>
</testsuite> <!-- cool.fountain.online.web.test.errors.TestErrorsForPostReq -->
