<?xml version="1.0" encoding="UTF-8"?>
<!-- Generated by org.testng.reporters.JUnitReportReporter -->
<testsuite hostname="Chaipoints-MacBook-Air.local" name="in.shark.online.web.test.catalogue.master.TestGetProductCatlogueApiTestNg" tests="1" failures="0" timestamp="25 Nov 2019 09:24:11 GMT" time="6.528" errors="0">
  <testcase name="testGetAllProducts" time="6.528" classname="in.shark.online.web.test.catalogue.master.TestGetProductCatlogueApiTestNg"/>
</testsuite> <!-- in.shark.online.web.test.catalogue.master.TestGetProductCatlogueApiTestNg -->
