<?xml version="1.0" encoding="UTF-8"?>
<!-- Generated by org.testng.reporters.JUnitReportReporter -->
<testsuite hostname="Chaipoints-MacBook-Air.local" name="cool.fountain.online.web.test.event.master.TestHeartbeatTestNg" tests="101" failures="0" timestamp="8 Jan 2020 09:56:59 GMT" time="7.013" errors="1">
  <testcase name="testHeartBeatLoad" time="0.050" classname="cool.fountain.online.web.test.event.master.TestHeartbeatTestNg"/>
  <testcase name="testHeartBeatLoad" time="0.059" classname="cool.fountain.online.web.test.event.master.TestHeartbeatTestNg"/>
  <testcase name="testHeartBeatLoad" time="0.063" classname="cool.fountain.online.web.test.event.master.TestHeartbeatTestNg"/>
  <testcase name="testHeartBeatLoad" time="0.058" classname="cool.fountain.online.web.test.event.master.TestHeartbeatTestNg"/>
  <testcase name="testHeartBeatLoad" time="0.093" classname="cool.fountain.online.web.test.event.master.TestHeartbeatTestNg"/>
  <testcase name="testHeartBeatLoad" time="0.062" classname="cool.fountain.online.web.test.event.master.TestHeartbeatTestNg"/>
  <testcase name="testHeartBeatLoad" time="0.149" classname="cool.fountain.online.web.test.event.master.TestHeartbeatTestNg"/>
  <testcase name="testHeartBeatLoad" time="0.078" classname="cool.fountain.online.web.test.event.master.TestHeartbeatTestNg"/>
  <testcase name="testHeartBeatLoad" time="0.058" classname="cool.fountain.online.web.test.event.master.TestHeartbeatTestNg"/>
  <testcase name="testHeartBeatLoad" time="0.130" classname="cool.fountain.online.web.test.event.master.TestHeartbeatTestNg"/>
  <testcase name="testHeartBeatLoad" time="0.051" classname="cool.fountain.online.web.test.event.master.TestHeartbeatTestNg"/>
  <testcase name="testHeartBeatLoad" time="0.064" classname="cool.fountain.online.web.test.event.master.TestHeartbeatTestNg"/>
  <testcase name="testHeartBeatLoad" time="0.123" classname="cool.fountain.online.web.test.event.master.TestHeartbeatTestNg"/>
  <testcase name="testHeartBeatLoad" time="0.068" classname="cool.fountain.online.web.test.event.master.TestHeartbeatTestNg"/>
  <testcase name="testHeartBeatLoad" time="0.065" classname="cool.fountain.online.web.test.event.master.TestHeartbeatTestNg"/>
  <testcase name="testHeartBeatLoad" time="0.138" classname="cool.fountain.online.web.test.event.master.TestHeartbeatTestNg"/>
  <testcase name="testHeartBeatLoad" time="0.058" classname="cool.fountain.online.web.test.event.master.TestHeartbeatTestNg"/>
  <testcase name="testHeartBeatLoad" time="0.065" classname="cool.fountain.online.web.test.event.master.TestHeartbeatTestNg"/>
  <testcase name="testHeartBeatLoad" time="0.058" classname="cool.fountain.online.web.test.event.master.TestHeartbeatTestNg"/>
  <testcase name="testHeartBeatLoad" time="0.064" classname="cool.fountain.online.web.test.event.master.TestHeartbeatTestNg"/>
  <testcase name="testHeartBeatLoad" time="0.115" classname="cool.fountain.online.web.test.event.master.TestHeartbeatTestNg"/>
  <testcase name="testHeartBeatLoad" time="0.047" classname="cool.fountain.online.web.test.event.master.TestHeartbeatTestNg"/>
  <testcase name="testHeartBeatLoad" time="0.067" classname="cool.fountain.online.web.test.event.master.TestHeartbeatTestNg"/>
  <testcase name="testHeartBeatLoad" time="0.067" classname="cool.fountain.online.web.test.event.master.TestHeartbeatTestNg"/>
  <testcase name="testHeartBeatLoad" time="0.056" classname="cool.fountain.online.web.test.event.master.TestHeartbeatTestNg"/>
  <testcase name="testHeartBeatLoad" time="0.057" classname="cool.fountain.online.web.test.event.master.TestHeartbeatTestNg"/>
  <testcase name="testHeartBeatLoad" time="0.059" classname="cool.fountain.online.web.test.event.master.TestHeartbeatTestNg"/>
  <testcase name="testHeartBeatLoad" time="0.083" classname="cool.fountain.online.web.test.event.master.TestHeartbeatTestNg"/>
  <testcase name="testHeartbeat" time="0.115" classname="cool.fountain.online.web.test.event.master.TestHeartbeatTestNg">
    <error type="java.lang.AssertionError" message="Response body expected:&lt;true&gt; but was:&lt;{&quot;errorCode&quot;:&quot;INVALID_TERMINAL_ID&quot;,&quot;message&quot;:&quot;INVALID_TERMINAL_ID&quot;}&gt;

&gt; POST https://testing.chaipoint.com/qa3/outlet-pos-api/api/event/heartbeat
&gt; Content-Length: [52]
&gt; WebTestClient-Request-Id: [1]
&gt; service.auth.key: [1234567]
&gt; Content-Type: [application/json]

{
  &quot;terminalId&quot;: &quot;T00001&quot;,
  &quot;timestamp&quot;: 1234567
}

&lt; 200 OK OK
&lt; Date: [Wed, 08 Jan 2020 09:54:14 GMT]
&lt; Content-Type: [application/json;charset=UTF-8]
&lt; Transfer-Encoding: [chunked]
&lt; Connection: [keep-alive]
&lt; Access-Control-Allow-Headers: [Content-Type, Cookie, service.auth.key]
&lt; Access-Control-Allow-Credentials: [true]
&lt; Access-Control-Max-Age: [86400]
&lt; X-Content-Type-Options: [nosniff]
&lt; X-XSS-Protection: [1; mode=block]
&lt; Cache-Control: [no-cache, no-store, max-age=0, must-revalidate]
&lt; Pragma: [no-cache]
&lt; Expires: [0]
&lt; X-Frame-Options: [DENY]

{&quot;errorCode&quot;:&quot;INVALID_TERMINAL_ID&quot;,&quot;message&quot;:&quot;INVALID_TERMINAL_ID&quot;}
">
      <![CDATA[java.lang.AssertionError: Response body expected:<true> but was:<{"errorCode":"INVALID_TERMINAL_ID","message":"INVALID_TERMINAL_ID"}>

> POST https://testing.chaipoint.com/qa3/outlet-pos-api/api/event/heartbeat
> Content-Length: [52]
> WebTestClient-Request-Id: [1]
> service.auth.key: [1234567]
> Content-Type: [application/json]

{
  "terminalId": "T00001",
  "timestamp": 1234567
}

< 200 OK OK
< Date: [Wed, 08 Jan 2020 09:54:14 GMT]
< Content-Type: [application/json;charset=UTF-8]
< Transfer-Encoding: [chunked]
< Connection: [keep-alive]
< Access-Control-Allow-Headers: [Content-Type, Cookie, service.auth.key]
< Access-Control-Allow-Credentials: [true]
< Access-Control-Max-Age: [86400]
< X-Content-Type-Options: [nosniff]
< X-XSS-Protection: [1; mode=block]
< Cache-Control: [no-cache, no-store, max-age=0, must-revalidate]
< Pragma: [no-cache]
< Expires: [0]
< X-Frame-Options: [DENY]

{"errorCode":"INVALID_TERMINAL_ID","message":"INVALID_TERMINAL_ID"}

	at org.springframework.test.web.reactive.server.ExchangeResult.assertWithDiagnostics(ExchangeResult.java:200)
	at org.springframework.test.web.reactive.server.DefaultWebTestClient$DefaultBodySpec.isEqualTo(DefaultWebTestClient.java:385)
	at cool.fountain.online.web.test.event.master.TestHeartbeatTestNg.testHeartbeat(TestHeartbeatTestNg.java:65)
	at sun.reflect.NativeMethodAccessorImpl.invoke0(Native Method)
	at sun.reflect.NativeMethodAccessorImpl.invoke(NativeMethodAccessorImpl.java:62)
	at sun.reflect.DelegatingMethodAccessorImpl.invoke(DelegatingMethodAccessorImpl.java:43)
	at java.lang.reflect.Method.invoke(Method.java:498)
	at org.testng.internal.MethodInvocationHelper.invokeMethod(MethodInvocationHelper.java:80)
	at org.testng.internal.MethodInvocationHelper$1.runTestMethod(MethodInvocationHelper.java:182)
	at org.springframework.test.context.testng.AbstractTestNGSpringContextTests.run(AbstractTestNGSpringContextTests.java:180)
	at sun.reflect.NativeMethodAccessorImpl.invoke0(Native Method)
	at sun.reflect.NativeMethodAccessorImpl.invoke(NativeMethodAccessorImpl.java:62)
	at sun.reflect.DelegatingMethodAccessorImpl.invoke(DelegatingMethodAccessorImpl.java:43)
	at java.lang.reflect.Method.invoke(Method.java:498)
	at org.testng.internal.MethodInvocationHelper.invokeHookable(MethodInvocationHelper.java:194)
	at org.testng.internal.Invoker.invokeMethod(Invoker.java:707)
	at org.testng.internal.Invoker.invokeTestMethod(Invoker.java:901)
	at org.testng.internal.Invoker.invokeTestMethods(Invoker.java:1231)
	at org.testng.internal.TestMethodWorker.invokeTestMethods(TestMethodWorker.java:127)
	at org.testng.internal.TestMethodWorker.run(TestMethodWorker.java:111)
	at org.testng.TestRunner.privateRun(TestRunner.java:767)
	at org.testng.TestRunner.run(TestRunner.java:617)
	at org.testng.SuiteRunner.runTest(SuiteRunner.java:334)
	at org.testng.SuiteRunner.runSequentially(SuiteRunner.java:329)
	at org.testng.SuiteRunner.privateRun(SuiteRunner.java:291)
	at org.testng.SuiteRunner.run(SuiteRunner.java:240)
	at org.testng.SuiteRunnerWorker.runSuite(SuiteRunnerWorker.java:52)
	at org.testng.SuiteRunnerWorker.run(SuiteRunnerWorker.java:86)
	at org.testng.TestNG.runSuitesSequentially(TestNG.java:1198)
	at org.testng.TestNG.runSuitesSequentially(TestNG.java:1194)
	at org.testng.TestNG.runSuitesLocally(TestNG.java:1123)
	at org.testng.TestNG.run(TestNG.java:1031)
	at org.testng.remote.AbstractRemoteTestNG.run(AbstractRemoteTestNG.java:115)
	at org.testng.remote.RemoteTestNG.initAndRun(RemoteTestNG.java:251)
	at org.testng.remote.RemoteTestNG.main(RemoteTestNG.java:77)
Caused by: java.lang.AssertionError: Response body expected:<true> but was:<{"errorCode":"INVALID_TERMINAL_ID","message":"INVALID_TERMINAL_ID"}>
	at org.springframework.test.util.AssertionErrors.fail(AssertionErrors.java:55)
	at org.springframework.test.util.AssertionErrors.assertEquals(AssertionErrors.java:82)
	at org.springframework.test.web.reactive.server.DefaultWebTestClient$DefaultBodySpec.lambda$isEqualTo$0(DefaultWebTestClient.java:386)
	at org.springframework.test.web.reactive.server.ExchangeResult.assertWithDiagnostics(ExchangeResult.java:197)
	... 34 more
]]>
    </error>
  </testcase> <!-- testHeartbeat -->
  <testcase name="testHeartBeatLoad" time="0.046" classname="cool.fountain.online.web.test.event.master.TestHeartbeatTestNg"/>
  <testcase name="testHeartBeatLoad" time="0.153" classname="cool.fountain.online.web.test.event.master.TestHeartbeatTestNg"/>
  <testcase name="testHeartBeatLoad" time="0.051" classname="cool.fountain.online.web.test.event.master.TestHeartbeatTestNg"/>
  <testcase name="testHeartBeatLoad" time="0.079" classname="cool.fountain.online.web.test.event.master.TestHeartbeatTestNg"/>
  <testcase name="testHeartBeatLoad" time="0.077" classname="cool.fountain.online.web.test.event.master.TestHeartbeatTestNg"/>
  <testcase name="testHeartBeatLoad" time="0.051" classname="cool.fountain.online.web.test.event.master.TestHeartbeatTestNg"/>
  <testcase name="testHeartBeatLoad" time="0.054" classname="cool.fountain.online.web.test.event.master.TestHeartbeatTestNg"/>
  <testcase name="testHeartBeatLoad" time="0.067" classname="cool.fountain.online.web.test.event.master.TestHeartbeatTestNg"/>
  <testcase name="testHeartBeatLoad" time="0.054" classname="cool.fountain.online.web.test.event.master.TestHeartbeatTestNg"/>
  <testcase name="testHeartBeatLoad" time="0.048" classname="cool.fountain.online.web.test.event.master.TestHeartbeatTestNg"/>
  <testcase name="testHeartBeatLoad" time="0.060" classname="cool.fountain.online.web.test.event.master.TestHeartbeatTestNg"/>
  <testcase name="testHeartBeatLoad" time="0.059" classname="cool.fountain.online.web.test.event.master.TestHeartbeatTestNg"/>
  <testcase name="testHeartBeatLoad" time="0.052" classname="cool.fountain.online.web.test.event.master.TestHeartbeatTestNg"/>
  <testcase name="testHeartBeatLoad" time="0.051" classname="cool.fountain.online.web.test.event.master.TestHeartbeatTestNg"/>
  <testcase name="testHeartBeatLoad" time="0.124" classname="cool.fountain.online.web.test.event.master.TestHeartbeatTestNg"/>
  <testcase name="testHeartBeatLoad" time="0.072" classname="cool.fountain.online.web.test.event.master.TestHeartbeatTestNg"/>
  <testcase name="testHeartBeatLoad" time="0.141" classname="cool.fountain.online.web.test.event.master.TestHeartbeatTestNg"/>
  <testcase name="testHeartBeatLoad" time="0.059" classname="cool.fountain.online.web.test.event.master.TestHeartbeatTestNg"/>
  <testcase name="testHeartBeatLoad" time="0.054" classname="cool.fountain.online.web.test.event.master.TestHeartbeatTestNg"/>
  <testcase name="testHeartBeatLoad" time="0.061" classname="cool.fountain.online.web.test.event.master.TestHeartbeatTestNg"/>
  <testcase name="testHeartBeatLoad" time="0.066" classname="cool.fountain.online.web.test.event.master.TestHeartbeatTestNg"/>
  <testcase name="testHeartBeatLoad" time="0.056" classname="cool.fountain.online.web.test.event.master.TestHeartbeatTestNg"/>
  <testcase name="testHeartBeatLoad" time="0.085" classname="cool.fountain.online.web.test.event.master.TestHeartbeatTestNg"/>
  <testcase name="testHeartBeatLoad" time="0.063" classname="cool.fountain.online.web.test.event.master.TestHeartbeatTestNg"/>
  <testcase name="testHeartBeatLoad" time="0.058" classname="cool.fountain.online.web.test.event.master.TestHeartbeatTestNg"/>
  <testcase name="testHeartBeatLoad" time="0.074" classname="cool.fountain.online.web.test.event.master.TestHeartbeatTestNg"/>
  <testcase name="testHeartBeatLoad" time="0.048" classname="cool.fountain.online.web.test.event.master.TestHeartbeatTestNg"/>
  <testcase name="testHeartBeatLoad" time="0.049" classname="cool.fountain.online.web.test.event.master.TestHeartbeatTestNg"/>
  <testcase name="testHeartBeatLoad" time="0.076" classname="cool.fountain.online.web.test.event.master.TestHeartbeatTestNg"/>
  <testcase name="testHeartBeatLoad" time="0.153" classname="cool.fountain.online.web.test.event.master.TestHeartbeatTestNg"/>
  <testcase name="testHeartBeatLoad" time="0.054" classname="cool.fountain.online.web.test.event.master.TestHeartbeatTestNg"/>
  <testcase name="testHeartBeatLoad" time="0.063" classname="cool.fountain.online.web.test.event.master.TestHeartbeatTestNg"/>
  <testcase name="testHeartBeatLoad" time="0.066" classname="cool.fountain.online.web.test.event.master.TestHeartbeatTestNg"/>
  <testcase name="testHeartBeatLoad" time="0.058" classname="cool.fountain.online.web.test.event.master.TestHeartbeatTestNg"/>
  <testcase name="testHeartBeatLoad" time="0.051" classname="cool.fountain.online.web.test.event.master.TestHeartbeatTestNg"/>
  <testcase name="testHeartBeatLoad" time="0.054" classname="cool.fountain.online.web.test.event.master.TestHeartbeatTestNg"/>
  <testcase name="testHeartBeatLoad" time="0.047" classname="cool.fountain.online.web.test.event.master.TestHeartbeatTestNg"/>
  <testcase name="testHeartBeatLoad" time="0.059" classname="cool.fountain.online.web.test.event.master.TestHeartbeatTestNg"/>
  <testcase name="testHeartBeatLoad" time="0.054" classname="cool.fountain.online.web.test.event.master.TestHeartbeatTestNg"/>
  <testcase name="testHeartBeatLoad" time="0.071" classname="cool.fountain.online.web.test.event.master.TestHeartbeatTestNg"/>
  <testcase name="testHeartBeatLoad" time="0.059" classname="cool.fountain.online.web.test.event.master.TestHeartbeatTestNg"/>
  <testcase name="testHeartBeatLoad" time="0.064" classname="cool.fountain.online.web.test.event.master.TestHeartbeatTestNg"/>
  <testcase name="testHeartBeatLoad" time="0.061" classname="cool.fountain.online.web.test.event.master.TestHeartbeatTestNg"/>
  <testcase name="testHeartBeatLoad" time="0.076" classname="cool.fountain.online.web.test.event.master.TestHeartbeatTestNg"/>
  <testcase name="testHeartBeatLoad" time="0.057" classname="cool.fountain.online.web.test.event.master.TestHeartbeatTestNg"/>
  <testcase name="testHeartBeatLoad" time="0.055" classname="cool.fountain.online.web.test.event.master.TestHeartbeatTestNg"/>
  <testcase name="testHeartBeatLoad" time="0.067" classname="cool.fountain.online.web.test.event.master.TestHeartbeatTestNg"/>
  <testcase name="testHeartBeatLoad" time="0.060" classname="cool.fountain.online.web.test.event.master.TestHeartbeatTestNg"/>
  <testcase name="testHeartBeatLoad" time="0.051" classname="cool.fountain.online.web.test.event.master.TestHeartbeatTestNg"/>
  <testcase name="testHeartBeatLoad" time="0.063" classname="cool.fountain.online.web.test.event.master.TestHeartbeatTestNg"/>
  <testcase name="testHeartBeatLoad" time="0.062" classname="cool.fountain.online.web.test.event.master.TestHeartbeatTestNg"/>
  <testcase name="testHeartBeatLoad" time="0.066" classname="cool.fountain.online.web.test.event.master.TestHeartbeatTestNg"/>
  <testcase name="testHeartBeatLoad" time="0.050" classname="cool.fountain.online.web.test.event.master.TestHeartbeatTestNg"/>
  <testcase name="testHeartBeatLoad" time="0.048" classname="cool.fountain.online.web.test.event.master.TestHeartbeatTestNg"/>
  <testcase name="testHeartBeatLoad" time="0.091" classname="cool.fountain.online.web.test.event.master.TestHeartbeatTestNg"/>
  <testcase name="testHeartBeatLoad" time="0.080" classname="cool.fountain.online.web.test.event.master.TestHeartbeatTestNg"/>
  <testcase name="testHeartBeatLoad" time="0.055" classname="cool.fountain.online.web.test.event.master.TestHeartbeatTestNg"/>
  <testcase name="testHeartBeatLoad" time="0.073" classname="cool.fountain.online.web.test.event.master.TestHeartbeatTestNg"/>
  <testcase name="testHeartBeatLoad" time="0.058" classname="cool.fountain.online.web.test.event.master.TestHeartbeatTestNg"/>
  <testcase name="testHeartBeatLoad" time="0.052" classname="cool.fountain.online.web.test.event.master.TestHeartbeatTestNg"/>
  <testcase name="testHeartBeatLoad" time="0.060" classname="cool.fountain.online.web.test.event.master.TestHeartbeatTestNg"/>
  <testcase name="testHeartBeatLoad" time="0.103" classname="cool.fountain.online.web.test.event.master.TestHeartbeatTestNg"/>
  <testcase name="testHeartBeatLoad" time="0.095" classname="cool.fountain.online.web.test.event.master.TestHeartbeatTestNg"/>
  <testcase name="testHeartBeatLoad" time="0.052" classname="cool.fountain.online.web.test.event.master.TestHeartbeatTestNg"/>
  <testcase name="testHeartBeatLoad" time="0.062" classname="cool.fountain.online.web.test.event.master.TestHeartbeatTestNg"/>
  <testcase name="testHeartBeatLoad" time="0.080" classname="cool.fountain.online.web.test.event.master.TestHeartbeatTestNg"/>
  <testcase name="testHeartBeatLoad" time="0.067" classname="cool.fountain.online.web.test.event.master.TestHeartbeatTestNg"/>
  <testcase name="testHeartBeatLoad" time="0.059" classname="cool.fountain.online.web.test.event.master.TestHeartbeatTestNg"/>
  <testcase name="testHeartBeatLoad" time="0.061" classname="cool.fountain.online.web.test.event.master.TestHeartbeatTestNg"/>
  <testcase name="testHeartBeatLoad" time="0.063" classname="cool.fountain.online.web.test.event.master.TestHeartbeatTestNg"/>
  <testcase name="testHeartBeatLoad" time="0.072" classname="cool.fountain.online.web.test.event.master.TestHeartbeatTestNg"/>
  <testcase name="testHeartBeatLoad" time="0.053" classname="cool.fountain.online.web.test.event.master.TestHeartbeatTestNg"/>
</testsuite> <!-- cool.fountain.online.web.test.event.master.TestHeartbeatTestNg -->
