<?xml version="1.0" encoding="UTF-8"?>
<!-- Generated by org.testng.reporters.JUnitReportReporter -->
<testsuite hostname="Chaipoints-MacBook-Air.local" name="cool.fountain.online.web.test.staff.master.TestGetAllStaffForTerminalTestNg" tests="101" failures="1" timestamp="4 Dec 2019 12:38:24 GMT" time="145.878" errors="45">
  <testcase name="testGetAllStaffForTerminalLoad" time="2.292" classname="cool.fountain.online.web.test.staff.master.TestGetAllStaffForTerminalTestNg"/>
  <testcase name="testGetAllStaffForTerminalLoad" time="0.145" classname="cool.fountain.online.web.test.staff.master.TestGetAllStaffForTerminalTestNg">
    <error type="java.lang.AssertionError" message="Status expected:&lt;200 OK&gt; but was:&lt;404 NOT_FOUND&gt;

&gt; POST https://qa3-api.chaipoint.com/outlet-pos-api/api/staff/getAllStaffForTerminal
&gt; WebTestClient-Request-Id: [1]
&gt; service.auth.key: [1234567]
&gt; Content-Type: [application/json]
&gt; Content-Length: [23]

{
  &quot;terminalId&quot;: &quot;1&quot;
}

&lt; 404 NOT_FOUND Not Found
&lt; Date: [Wed, 04 Dec 2019 12:37:26 GMT]
&lt; Content-Type: [text/html;charset=utf-8]
&lt; Content-Length: [1086]
&lt; Connection: [keep-alive]
&lt; Server: [Apache-Coyote/1.1]
&lt; Content-Language: [en]

&lt;!DOCTYPE html&gt;&lt;html&gt;&lt;head&gt;&lt;title&gt;Apache Tomcat/8.5.0 - Error report&lt;/title&gt;&lt;style type=&quot;text/css&quot;&gt;H1 {font-family:Tahoma,Arial,sans-serif;color:white;background-color:#525D76;font-size:22px;} H2 {font-family:Tahoma,Arial,sans-serif;color:white;background-color:#525D76;font-size:16px;} H3 {font-family:Tahoma,Arial,sans-serif;color:white;background-color:#525D76;font-size:14px;} BODY {font-family:Tahoma,Arial,sans-serif;color:black;background-color:white;} B {font-family:Tahoma,Arial,sans-serif;color:white;background-color:#525D76;} P {font-family:Tahoma,Arial,sans-serif;background:white;color:black;font-size:12px;}A {color : black;}A.name {color : black;}.line {height: 1px; background-color: #525D76; border: none;}&lt;/style&gt; &lt;/head&gt;&lt;body&gt;&lt;h1&gt;HTTP Status 404 - /outlet-pos-api/api/staff/getAllStaffForTerminal&lt;/h1&gt;&lt;div class=&quot;line&quot;&gt;&lt;/div&gt;&lt;p&gt;&lt;b&gt;type&lt;/b&gt; Status report&lt;/p&gt;&lt;p&gt;&lt;b&gt;message&lt;/b&gt; &lt;u&gt;/outlet-pos-api/api/staff/getAllStaffForTerminal&lt;/u&gt;&lt;/p&gt;&lt;p&gt;&lt;b&gt;description&lt;/b&gt; &lt;u&gt;The requested resource is not available.&lt;/u&gt;&lt;/p&gt;&lt;hr class=&quot;line&quot;&gt;&lt;h3&gt;Apache Tomcat/8.5.0&lt;/h3&gt;&lt;/body&gt;&lt;/html&gt;
">
      <![CDATA[java.lang.AssertionError: Status expected:<200 OK> but was:<404 NOT_FOUND>

> POST https://qa3-api.chaipoint.com/outlet-pos-api/api/staff/getAllStaffForTerminal
> WebTestClient-Request-Id: [1]
> service.auth.key: [1234567]
> Content-Type: [application/json]
> Content-Length: [23]

{
  "terminalId": "1"
}

< 404 NOT_FOUND Not Found
< Date: [Wed, 04 Dec 2019 12:37:26 GMT]
< Content-Type: [text/html;charset=utf-8]
< Content-Length: [1086]
< Connection: [keep-alive]
< Server: [Apache-Coyote/1.1]
< Content-Language: [en]

<!DOCTYPE html><html><head><title>Apache Tomcat/8.5.0 - Error report</title><style type="text/css">H1 {font-family:Tahoma,Arial,sans-serif;color:white;background-color:#525D76;font-size:22px;} H2 {font-family:Tahoma,Arial,sans-serif;color:white;background-color:#525D76;font-size:16px;} H3 {font-family:Tahoma,Arial,sans-serif;color:white;background-color:#525D76;font-size:14px;} BODY {font-family:Tahoma,Arial,sans-serif;color:black;background-color:white;} B {font-family:Tahoma,Arial,sans-serif;color:white;background-color:#525D76;} P {font-family:Tahoma,Arial,sans-serif;background:white;color:black;font-size:12px;}A {color : black;}A.name {color : black;}.line {height: 1px; background-color: #525D76; border: none;}</style> </head><body><h1>HTTP Status 404 - /outlet-pos-api/api/staff/getAllStaffForTerminal</h1><div class="line"></div><p><b>type</b> Status report</p><p><b>message</b> <u>/outlet-pos-api/api/staff/getAllStaffForTerminal</u></p><p><b>description</b> <u>The requested resource is not available.</u></p><hr class="line"><h3>Apache Tomcat/8.5.0</h3></body></html>

	at org.springframework.test.web.reactive.server.ExchangeResult.assertWithDiagnostics(ExchangeResult.java:200)
	at org.springframework.test.web.reactive.server.StatusAssertions.assertStatusAndReturn(StatusAssertions.java:227)
	at org.springframework.test.web.reactive.server.StatusAssertions.isOk(StatusAssertions.java:67)
	at cool.fountain.online.web.test.staff.master.TestGetAllStaffForTerminalTestNg.getAllStaffForTerminal(TestGetAllStaffForTerminalTestNg.java:110)
	at cool.fountain.online.web.test.staff.master.TestGetAllStaffForTerminalTestNg.testGetAllStaffForTerminalLoad(TestGetAllStaffForTerminalTestNg.java:96)
	at sun.reflect.NativeMethodAccessorImpl.invoke0(Native Method)
	at sun.reflect.NativeMethodAccessorImpl.invoke(NativeMethodAccessorImpl.java:62)
	at sun.reflect.DelegatingMethodAccessorImpl.invoke(DelegatingMethodAccessorImpl.java:43)
	at java.lang.reflect.Method.invoke(Method.java:498)
	at org.testng.internal.MethodInvocationHelper.invokeMethod(MethodInvocationHelper.java:80)
	at org.testng.internal.MethodInvocationHelper$1.runTestMethod(MethodInvocationHelper.java:182)
	at org.springframework.test.context.testng.AbstractTestNGSpringContextTests.run(AbstractTestNGSpringContextTests.java:180)
	at sun.reflect.GeneratedMethodAccessor44.invoke(Unknown Source)
	at sun.reflect.DelegatingMethodAccessorImpl.invoke(DelegatingMethodAccessorImpl.java:43)
	at java.lang.reflect.Method.invoke(Method.java:498)
	at org.testng.internal.MethodInvocationHelper.invokeHookable(MethodInvocationHelper.java:194)
	at org.testng.internal.Invoker.invokeMethod(Invoker.java:707)
	at org.testng.internal.Invoker.invokeTestMethod(Invoker.java:901)
	at org.testng.internal.Invoker.invokeTestMethods(Invoker.java:1231)
	at org.testng.internal.TestMethodWorker.invokeTestMethods(TestMethodWorker.java:127)
	at org.testng.internal.TestMethodWorker.run(TestMethodWorker.java:111)
	at org.testng.internal.thread.ThreadUtil$2.call(ThreadUtil.java:64)
	at java.util.concurrent.FutureTask.run(FutureTask.java:266)
	at java.util.concurrent.ThreadPoolExecutor.runWorker(ThreadPoolExecutor.java:1149)
	at java.util.concurrent.ThreadPoolExecutor$Worker.run(ThreadPoolExecutor.java:624)
	at java.lang.Thread.run(Thread.java:748)
Caused by: java.lang.AssertionError: Status expected:<200 OK> but was:<404 NOT_FOUND>
	at org.springframework.test.util.AssertionErrors.fail(AssertionErrors.java:55)
	at org.springframework.test.util.AssertionErrors.assertEquals(AssertionErrors.java:82)
	at org.springframework.test.web.reactive.server.StatusAssertions.lambda$assertStatusAndReturn$4(StatusAssertions.java:227)
	at org.springframework.test.web.reactive.server.ExchangeResult.assertWithDiagnostics(ExchangeResult.java:197)
	... 25 more
]]>
    </error>
  </testcase> <!-- testGetAllStaffForTerminalLoad -->
  <testcase name="testGetAllStaffForTerminalLoad" time="2.093" classname="cool.fountain.online.web.test.staff.master.TestGetAllStaffForTerminalTestNg"/>
  <testcase name="testGetAllStaffForTerminalLoad" time="4.078" classname="cool.fountain.online.web.test.staff.master.TestGetAllStaffForTerminalTestNg"/>
  <testcase name="testGetAllStaffForTerminalLoad" time="2.378" classname="cool.fountain.online.web.test.staff.master.TestGetAllStaffForTerminalTestNg"/>
  <testcase name="testGetAllStaffForTerminalLoad" time="3.485" classname="cool.fountain.online.web.test.staff.master.TestGetAllStaffForTerminalTestNg"/>
  <testcase name="testGetAllStaffForTerminalLoad" time="2.280" classname="cool.fountain.online.web.test.staff.master.TestGetAllStaffForTerminalTestNg"/>
  <testcase name="testGetAllStaffForTerminalLoad" time="2.100" classname="cool.fountain.online.web.test.staff.master.TestGetAllStaffForTerminalTestNg"/>
  <testcase name="testGetAllStaffForTerminalLoad" time="0.041" classname="cool.fountain.online.web.test.staff.master.TestGetAllStaffForTerminalTestNg">
    <error type="java.lang.AssertionError" message="Status expected:&lt;200 OK&gt; but was:&lt;404 NOT_FOUND&gt;

&gt; POST https://qa3-api.chaipoint.com/outlet-pos-api/api/staff/getAllStaffForTerminal
&gt; WebTestClient-Request-Id: [1]
&gt; service.auth.key: [1234567]
&gt; Content-Type: [application/json]
&gt; Content-Length: [23]

{
  &quot;terminalId&quot;: &quot;1&quot;
}

&lt; 404 NOT_FOUND Not Found
&lt; Date: [Wed, 04 Dec 2019 12:37:26 GMT]
&lt; Content-Type: [text/html;charset=utf-8]
&lt; Content-Length: [1086]
&lt; Connection: [keep-alive]
&lt; Server: [Apache-Coyote/1.1]
&lt; Content-Language: [en]

&lt;!DOCTYPE html&gt;&lt;html&gt;&lt;head&gt;&lt;title&gt;Apache Tomcat/8.5.0 - Error report&lt;/title&gt;&lt;style type=&quot;text/css&quot;&gt;H1 {font-family:Tahoma,Arial,sans-serif;color:white;background-color:#525D76;font-size:22px;} H2 {font-family:Tahoma,Arial,sans-serif;color:white;background-color:#525D76;font-size:16px;} H3 {font-family:Tahoma,Arial,sans-serif;color:white;background-color:#525D76;font-size:14px;} BODY {font-family:Tahoma,Arial,sans-serif;color:black;background-color:white;} B {font-family:Tahoma,Arial,sans-serif;color:white;background-color:#525D76;} P {font-family:Tahoma,Arial,sans-serif;background:white;color:black;font-size:12px;}A {color : black;}A.name {color : black;}.line {height: 1px; background-color: #525D76; border: none;}&lt;/style&gt; &lt;/head&gt;&lt;body&gt;&lt;h1&gt;HTTP Status 404 - /outlet-pos-api/api/staff/getAllStaffForTerminal&lt;/h1&gt;&lt;div class=&quot;line&quot;&gt;&lt;/div&gt;&lt;p&gt;&lt;b&gt;type&lt;/b&gt; Status report&lt;/p&gt;&lt;p&gt;&lt;b&gt;message&lt;/b&gt; &lt;u&gt;/outlet-pos-api/api/staff/getAllStaffForTerminal&lt;/u&gt;&lt;/p&gt;&lt;p&gt;&lt;b&gt;description&lt;/b&gt; &lt;u&gt;The requested resource is not available.&lt;/u&gt;&lt;/p&gt;&lt;hr class=&quot;line&quot;&gt;&lt;h3&gt;Apache Tomcat/8.5.0&lt;/h3&gt;&lt;/body&gt;&lt;/html&gt;
">
      <![CDATA[java.lang.AssertionError: Status expected:<200 OK> but was:<404 NOT_FOUND>

> POST https://qa3-api.chaipoint.com/outlet-pos-api/api/staff/getAllStaffForTerminal
> WebTestClient-Request-Id: [1]
> service.auth.key: [1234567]
> Content-Type: [application/json]
> Content-Length: [23]

{
  "terminalId": "1"
}

< 404 NOT_FOUND Not Found
< Date: [Wed, 04 Dec 2019 12:37:26 GMT]
< Content-Type: [text/html;charset=utf-8]
< Content-Length: [1086]
< Connection: [keep-alive]
< Server: [Apache-Coyote/1.1]
< Content-Language: [en]

<!DOCTYPE html><html><head><title>Apache Tomcat/8.5.0 - Error report</title><style type="text/css">H1 {font-family:Tahoma,Arial,sans-serif;color:white;background-color:#525D76;font-size:22px;} H2 {font-family:Tahoma,Arial,sans-serif;color:white;background-color:#525D76;font-size:16px;} H3 {font-family:Tahoma,Arial,sans-serif;color:white;background-color:#525D76;font-size:14px;} BODY {font-family:Tahoma,Arial,sans-serif;color:black;background-color:white;} B {font-family:Tahoma,Arial,sans-serif;color:white;background-color:#525D76;} P {font-family:Tahoma,Arial,sans-serif;background:white;color:black;font-size:12px;}A {color : black;}A.name {color : black;}.line {height: 1px; background-color: #525D76; border: none;}</style> </head><body><h1>HTTP Status 404 - /outlet-pos-api/api/staff/getAllStaffForTerminal</h1><div class="line"></div><p><b>type</b> Status report</p><p><b>message</b> <u>/outlet-pos-api/api/staff/getAllStaffForTerminal</u></p><p><b>description</b> <u>The requested resource is not available.</u></p><hr class="line"><h3>Apache Tomcat/8.5.0</h3></body></html>

	at org.springframework.test.web.reactive.server.ExchangeResult.assertWithDiagnostics(ExchangeResult.java:200)
	at org.springframework.test.web.reactive.server.StatusAssertions.assertStatusAndReturn(StatusAssertions.java:227)
	at org.springframework.test.web.reactive.server.StatusAssertions.isOk(StatusAssertions.java:67)
	at cool.fountain.online.web.test.staff.master.TestGetAllStaffForTerminalTestNg.getAllStaffForTerminal(TestGetAllStaffForTerminalTestNg.java:110)
	at cool.fountain.online.web.test.staff.master.TestGetAllStaffForTerminalTestNg.testGetAllStaffForTerminalLoad(TestGetAllStaffForTerminalTestNg.java:96)
	at sun.reflect.NativeMethodAccessorImpl.invoke0(Native Method)
	at sun.reflect.NativeMethodAccessorImpl.invoke(NativeMethodAccessorImpl.java:62)
	at sun.reflect.DelegatingMethodAccessorImpl.invoke(DelegatingMethodAccessorImpl.java:43)
	at java.lang.reflect.Method.invoke(Method.java:498)
	at org.testng.internal.MethodInvocationHelper.invokeMethod(MethodInvocationHelper.java:80)
	at org.testng.internal.MethodInvocationHelper$1.runTestMethod(MethodInvocationHelper.java:182)
	at org.springframework.test.context.testng.AbstractTestNGSpringContextTests.run(AbstractTestNGSpringContextTests.java:180)
	at sun.reflect.GeneratedMethodAccessor44.invoke(Unknown Source)
	at sun.reflect.DelegatingMethodAccessorImpl.invoke(DelegatingMethodAccessorImpl.java:43)
	at java.lang.reflect.Method.invoke(Method.java:498)
	at org.testng.internal.MethodInvocationHelper.invokeHookable(MethodInvocationHelper.java:194)
	at org.testng.internal.Invoker.invokeMethod(Invoker.java:707)
	at org.testng.internal.Invoker.invokeTestMethod(Invoker.java:901)
	at org.testng.internal.Invoker.invokeTestMethods(Invoker.java:1231)
	at org.testng.internal.TestMethodWorker.invokeTestMethods(TestMethodWorker.java:127)
	at org.testng.internal.TestMethodWorker.run(TestMethodWorker.java:111)
	at org.testng.internal.thread.ThreadUtil$2.call(ThreadUtil.java:64)
	at java.util.concurrent.FutureTask.run(FutureTask.java:266)
	at java.util.concurrent.ThreadPoolExecutor.runWorker(ThreadPoolExecutor.java:1149)
	at java.util.concurrent.ThreadPoolExecutor$Worker.run(ThreadPoolExecutor.java:624)
	at java.lang.Thread.run(Thread.java:748)
Caused by: java.lang.AssertionError: Status expected:<200 OK> but was:<404 NOT_FOUND>
	at org.springframework.test.util.AssertionErrors.fail(AssertionErrors.java:55)
	at org.springframework.test.util.AssertionErrors.assertEquals(AssertionErrors.java:82)
	at org.springframework.test.web.reactive.server.StatusAssertions.lambda$assertStatusAndReturn$4(StatusAssertions.java:227)
	at org.springframework.test.web.reactive.server.ExchangeResult.assertWithDiagnostics(ExchangeResult.java:197)
	... 25 more
]]>
    </error>
  </testcase> <!-- testGetAllStaffForTerminalLoad -->
  <testcase name="testGetAllStaffForTerminalLoad" time="0.166" classname="cool.fountain.online.web.test.staff.master.TestGetAllStaffForTerminalTestNg">
    <error type="java.lang.AssertionError" message="Status expected:&lt;200 OK&gt; but was:&lt;404 NOT_FOUND&gt;

&gt; POST https://qa3-api.chaipoint.com/outlet-pos-api/api/staff/getAllStaffForTerminal
&gt; WebTestClient-Request-Id: [1]
&gt; service.auth.key: [1234567]
&gt; Content-Type: [application/json]
&gt; Content-Length: [23]

{
  &quot;terminalId&quot;: &quot;1&quot;
}

&lt; 404 NOT_FOUND Not Found
&lt; Date: [Wed, 04 Dec 2019 12:37:36 GMT]
&lt; Content-Type: [text/html;charset=utf-8]
&lt; Content-Length: [1086]
&lt; Connection: [keep-alive]
&lt; Server: [Apache-Coyote/1.1]
&lt; Content-Language: [en]

&lt;!DOCTYPE html&gt;&lt;html&gt;&lt;head&gt;&lt;title&gt;Apache Tomcat/8.5.0 - Error report&lt;/title&gt;&lt;style type=&quot;text/css&quot;&gt;H1 {font-family:Tahoma,Arial,sans-serif;color:white;background-color:#525D76;font-size:22px;} H2 {font-family:Tahoma,Arial,sans-serif;color:white;background-color:#525D76;font-size:16px;} H3 {font-family:Tahoma,Arial,sans-serif;color:white;background-color:#525D76;font-size:14px;} BODY {font-family:Tahoma,Arial,sans-serif;color:black;background-color:white;} B {font-family:Tahoma,Arial,sans-serif;color:white;background-color:#525D76;} P {font-family:Tahoma,Arial,sans-serif;background:white;color:black;font-size:12px;}A {color : black;}A.name {color : black;}.line {height: 1px; background-color: #525D76; border: none;}&lt;/style&gt; &lt;/head&gt;&lt;body&gt;&lt;h1&gt;HTTP Status 404 - /outlet-pos-api/api/staff/getAllStaffForTerminal&lt;/h1&gt;&lt;div class=&quot;line&quot;&gt;&lt;/div&gt;&lt;p&gt;&lt;b&gt;type&lt;/b&gt; Status report&lt;/p&gt;&lt;p&gt;&lt;b&gt;message&lt;/b&gt; &lt;u&gt;/outlet-pos-api/api/staff/getAllStaffForTerminal&lt;/u&gt;&lt;/p&gt;&lt;p&gt;&lt;b&gt;description&lt;/b&gt; &lt;u&gt;The requested resource is not available.&lt;/u&gt;&lt;/p&gt;&lt;hr class=&quot;line&quot;&gt;&lt;h3&gt;Apache Tomcat/8.5.0&lt;/h3&gt;&lt;/body&gt;&lt;/html&gt;
">
      <![CDATA[java.lang.AssertionError: Status expected:<200 OK> but was:<404 NOT_FOUND>

> POST https://qa3-api.chaipoint.com/outlet-pos-api/api/staff/getAllStaffForTerminal
> WebTestClient-Request-Id: [1]
> service.auth.key: [1234567]
> Content-Type: [application/json]
> Content-Length: [23]

{
  "terminalId": "1"
}

< 404 NOT_FOUND Not Found
< Date: [Wed, 04 Dec 2019 12:37:36 GMT]
< Content-Type: [text/html;charset=utf-8]
< Content-Length: [1086]
< Connection: [keep-alive]
< Server: [Apache-Coyote/1.1]
< Content-Language: [en]

<!DOCTYPE html><html><head><title>Apache Tomcat/8.5.0 - Error report</title><style type="text/css">H1 {font-family:Tahoma,Arial,sans-serif;color:white;background-color:#525D76;font-size:22px;} H2 {font-family:Tahoma,Arial,sans-serif;color:white;background-color:#525D76;font-size:16px;} H3 {font-family:Tahoma,Arial,sans-serif;color:white;background-color:#525D76;font-size:14px;} BODY {font-family:Tahoma,Arial,sans-serif;color:black;background-color:white;} B {font-family:Tahoma,Arial,sans-serif;color:white;background-color:#525D76;} P {font-family:Tahoma,Arial,sans-serif;background:white;color:black;font-size:12px;}A {color : black;}A.name {color : black;}.line {height: 1px; background-color: #525D76; border: none;}</style> </head><body><h1>HTTP Status 404 - /outlet-pos-api/api/staff/getAllStaffForTerminal</h1><div class="line"></div><p><b>type</b> Status report</p><p><b>message</b> <u>/outlet-pos-api/api/staff/getAllStaffForTerminal</u></p><p><b>description</b> <u>The requested resource is not available.</u></p><hr class="line"><h3>Apache Tomcat/8.5.0</h3></body></html>

	at org.springframework.test.web.reactive.server.ExchangeResult.assertWithDiagnostics(ExchangeResult.java:200)
	at org.springframework.test.web.reactive.server.StatusAssertions.assertStatusAndReturn(StatusAssertions.java:227)
	at org.springframework.test.web.reactive.server.StatusAssertions.isOk(StatusAssertions.java:67)
	at cool.fountain.online.web.test.staff.master.TestGetAllStaffForTerminalTestNg.getAllStaffForTerminal(TestGetAllStaffForTerminalTestNg.java:110)
	at cool.fountain.online.web.test.staff.master.TestGetAllStaffForTerminalTestNg.testGetAllStaffForTerminalLoad(TestGetAllStaffForTerminalTestNg.java:96)
	at sun.reflect.GeneratedMethodAccessor49.invoke(Unknown Source)
	at sun.reflect.DelegatingMethodAccessorImpl.invoke(DelegatingMethodAccessorImpl.java:43)
	at java.lang.reflect.Method.invoke(Method.java:498)
	at org.testng.internal.MethodInvocationHelper.invokeMethod(MethodInvocationHelper.java:80)
	at org.testng.internal.MethodInvocationHelper$1.runTestMethod(MethodInvocationHelper.java:182)
	at org.springframework.test.context.testng.AbstractTestNGSpringContextTests.run(AbstractTestNGSpringContextTests.java:180)
	at sun.reflect.GeneratedMethodAccessor44.invoke(Unknown Source)
	at sun.reflect.DelegatingMethodAccessorImpl.invoke(DelegatingMethodAccessorImpl.java:43)
	at java.lang.reflect.Method.invoke(Method.java:498)
	at org.testng.internal.MethodInvocationHelper.invokeHookable(MethodInvocationHelper.java:194)
	at org.testng.internal.Invoker.invokeMethod(Invoker.java:707)
	at org.testng.internal.Invoker.invokeTestMethod(Invoker.java:901)
	at org.testng.internal.Invoker.invokeTestMethods(Invoker.java:1231)
	at org.testng.internal.TestMethodWorker.invokeTestMethods(TestMethodWorker.java:127)
	at org.testng.internal.TestMethodWorker.run(TestMethodWorker.java:111)
	at org.testng.internal.thread.ThreadUtil$2.call(ThreadUtil.java:64)
	at java.util.concurrent.FutureTask.run(FutureTask.java:266)
	at java.util.concurrent.ThreadPoolExecutor.runWorker(ThreadPoolExecutor.java:1149)
	at java.util.concurrent.ThreadPoolExecutor$Worker.run(ThreadPoolExecutor.java:624)
	at java.lang.Thread.run(Thread.java:748)
Caused by: java.lang.AssertionError: Status expected:<200 OK> but was:<404 NOT_FOUND>
	at org.springframework.test.util.AssertionErrors.fail(AssertionErrors.java:55)
	at org.springframework.test.util.AssertionErrors.assertEquals(AssertionErrors.java:82)
	at org.springframework.test.web.reactive.server.StatusAssertions.lambda$assertStatusAndReturn$4(StatusAssertions.java:227)
	at org.springframework.test.web.reactive.server.ExchangeResult.assertWithDiagnostics(ExchangeResult.java:197)
	... 24 more
]]>
    </error>
  </testcase> <!-- testGetAllStaffForTerminalLoad -->
  <testcase name="testGetAllStaffForTerminalLoad" time="0.192" classname="cool.fountain.online.web.test.staff.master.TestGetAllStaffForTerminalTestNg">
    <error type="java.lang.AssertionError" message="Status expected:&lt;200 OK&gt; but was:&lt;404 NOT_FOUND&gt;

&gt; POST https://qa3-api.chaipoint.com/outlet-pos-api/api/staff/getAllStaffForTerminal
&gt; WebTestClient-Request-Id: [1]
&gt; service.auth.key: [1234567]
&gt; Content-Type: [application/json]
&gt; Content-Length: [23]

{
  &quot;terminalId&quot;: &quot;1&quot;
}

&lt; 404 NOT_FOUND Not Found
&lt; Date: [Wed, 04 Dec 2019 12:37:40 GMT]
&lt; Content-Type: [text/html;charset=utf-8]
&lt; Content-Length: [1086]
&lt; Connection: [keep-alive]
&lt; Server: [Apache-Coyote/1.1]
&lt; Content-Language: [en]

&lt;!DOCTYPE html&gt;&lt;html&gt;&lt;head&gt;&lt;title&gt;Apache Tomcat/8.5.0 - Error report&lt;/title&gt;&lt;style type=&quot;text/css&quot;&gt;H1 {font-family:Tahoma,Arial,sans-serif;color:white;background-color:#525D76;font-size:22px;} H2 {font-family:Tahoma,Arial,sans-serif;color:white;background-color:#525D76;font-size:16px;} H3 {font-family:Tahoma,Arial,sans-serif;color:white;background-color:#525D76;font-size:14px;} BODY {font-family:Tahoma,Arial,sans-serif;color:black;background-color:white;} B {font-family:Tahoma,Arial,sans-serif;color:white;background-color:#525D76;} P {font-family:Tahoma,Arial,sans-serif;background:white;color:black;font-size:12px;}A {color : black;}A.name {color : black;}.line {height: 1px; background-color: #525D76; border: none;}&lt;/style&gt; &lt;/head&gt;&lt;body&gt;&lt;h1&gt;HTTP Status 404 - /outlet-pos-api/api/staff/getAllStaffForTerminal&lt;/h1&gt;&lt;div class=&quot;line&quot;&gt;&lt;/div&gt;&lt;p&gt;&lt;b&gt;type&lt;/b&gt; Status report&lt;/p&gt;&lt;p&gt;&lt;b&gt;message&lt;/b&gt; &lt;u&gt;/outlet-pos-api/api/staff/getAllStaffForTerminal&lt;/u&gt;&lt;/p&gt;&lt;p&gt;&lt;b&gt;description&lt;/b&gt; &lt;u&gt;The requested resource is not available.&lt;/u&gt;&lt;/p&gt;&lt;hr class=&quot;line&quot;&gt;&lt;h3&gt;Apache Tomcat/8.5.0&lt;/h3&gt;&lt;/body&gt;&lt;/html&gt;
">
      <![CDATA[java.lang.AssertionError: Status expected:<200 OK> but was:<404 NOT_FOUND>

> POST https://qa3-api.chaipoint.com/outlet-pos-api/api/staff/getAllStaffForTerminal
> WebTestClient-Request-Id: [1]
> service.auth.key: [1234567]
> Content-Type: [application/json]
> Content-Length: [23]

{
  "terminalId": "1"
}

< 404 NOT_FOUND Not Found
< Date: [Wed, 04 Dec 2019 12:37:40 GMT]
< Content-Type: [text/html;charset=utf-8]
< Content-Length: [1086]
< Connection: [keep-alive]
< Server: [Apache-Coyote/1.1]
< Content-Language: [en]

<!DOCTYPE html><html><head><title>Apache Tomcat/8.5.0 - Error report</title><style type="text/css">H1 {font-family:Tahoma,Arial,sans-serif;color:white;background-color:#525D76;font-size:22px;} H2 {font-family:Tahoma,Arial,sans-serif;color:white;background-color:#525D76;font-size:16px;} H3 {font-family:Tahoma,Arial,sans-serif;color:white;background-color:#525D76;font-size:14px;} BODY {font-family:Tahoma,Arial,sans-serif;color:black;background-color:white;} B {font-family:Tahoma,Arial,sans-serif;color:white;background-color:#525D76;} P {font-family:Tahoma,Arial,sans-serif;background:white;color:black;font-size:12px;}A {color : black;}A.name {color : black;}.line {height: 1px; background-color: #525D76; border: none;}</style> </head><body><h1>HTTP Status 404 - /outlet-pos-api/api/staff/getAllStaffForTerminal</h1><div class="line"></div><p><b>type</b> Status report</p><p><b>message</b> <u>/outlet-pos-api/api/staff/getAllStaffForTerminal</u></p><p><b>description</b> <u>The requested resource is not available.</u></p><hr class="line"><h3>Apache Tomcat/8.5.0</h3></body></html>

	at org.springframework.test.web.reactive.server.ExchangeResult.assertWithDiagnostics(ExchangeResult.java:200)
	at org.springframework.test.web.reactive.server.StatusAssertions.assertStatusAndReturn(StatusAssertions.java:227)
	at org.springframework.test.web.reactive.server.StatusAssertions.isOk(StatusAssertions.java:67)
	at cool.fountain.online.web.test.staff.master.TestGetAllStaffForTerminalTestNg.getAllStaffForTerminal(TestGetAllStaffForTerminalTestNg.java:110)
	at cool.fountain.online.web.test.staff.master.TestGetAllStaffForTerminalTestNg.testGetAllStaffForTerminalLoad(TestGetAllStaffForTerminalTestNg.java:96)
	at sun.reflect.GeneratedMethodAccessor49.invoke(Unknown Source)
	at sun.reflect.DelegatingMethodAccessorImpl.invoke(DelegatingMethodAccessorImpl.java:43)
	at java.lang.reflect.Method.invoke(Method.java:498)
	at org.testng.internal.MethodInvocationHelper.invokeMethod(MethodInvocationHelper.java:80)
	at org.testng.internal.MethodInvocationHelper$1.runTestMethod(MethodInvocationHelper.java:182)
	at org.springframework.test.context.testng.AbstractTestNGSpringContextTests.run(AbstractTestNGSpringContextTests.java:180)
	at sun.reflect.GeneratedMethodAccessor44.invoke(Unknown Source)
	at sun.reflect.DelegatingMethodAccessorImpl.invoke(DelegatingMethodAccessorImpl.java:43)
	at java.lang.reflect.Method.invoke(Method.java:498)
	at org.testng.internal.MethodInvocationHelper.invokeHookable(MethodInvocationHelper.java:194)
	at org.testng.internal.Invoker.invokeMethod(Invoker.java:707)
	at org.testng.internal.Invoker.invokeTestMethod(Invoker.java:901)
	at org.testng.internal.Invoker.invokeTestMethods(Invoker.java:1231)
	at org.testng.internal.TestMethodWorker.invokeTestMethods(TestMethodWorker.java:127)
	at org.testng.internal.TestMethodWorker.run(TestMethodWorker.java:111)
	at org.testng.internal.thread.ThreadUtil$2.call(ThreadUtil.java:64)
	at java.util.concurrent.FutureTask.run(FutureTask.java:266)
	at java.util.concurrent.ThreadPoolExecutor.runWorker(ThreadPoolExecutor.java:1149)
	at java.util.concurrent.ThreadPoolExecutor$Worker.run(ThreadPoolExecutor.java:624)
	at java.lang.Thread.run(Thread.java:748)
Caused by: java.lang.AssertionError: Status expected:<200 OK> but was:<404 NOT_FOUND>
	at org.springframework.test.util.AssertionErrors.fail(AssertionErrors.java:55)
	at org.springframework.test.util.AssertionErrors.assertEquals(AssertionErrors.java:82)
	at org.springframework.test.web.reactive.server.StatusAssertions.lambda$assertStatusAndReturn$4(StatusAssertions.java:227)
	at org.springframework.test.web.reactive.server.ExchangeResult.assertWithDiagnostics(ExchangeResult.java:197)
	... 24 more
]]>
    </error>
  </testcase> <!-- testGetAllStaffForTerminalLoad -->
  <testcase name="testGetAllStaffForTerminalLoad" time="0.140" classname="cool.fountain.online.web.test.staff.master.TestGetAllStaffForTerminalTestNg">
    <error type="java.lang.AssertionError" message="Status expected:&lt;200 OK&gt; but was:&lt;404 NOT_FOUND&gt;

&gt; POST https://qa3-api.chaipoint.com/outlet-pos-api/api/staff/getAllStaffForTerminal
&gt; WebTestClient-Request-Id: [1]
&gt; service.auth.key: [1234567]
&gt; Content-Type: [application/json]
&gt; Content-Length: [23]

{
  &quot;terminalId&quot;: &quot;1&quot;
}

&lt; 404 NOT_FOUND Not Found
&lt; Date: [Wed, 04 Dec 2019 12:37:36 GMT]
&lt; Content-Type: [text/html;charset=utf-8]
&lt; Content-Length: [1086]
&lt; Connection: [keep-alive]
&lt; Server: [Apache-Coyote/1.1]
&lt; Content-Language: [en]

&lt;!DOCTYPE html&gt;&lt;html&gt;&lt;head&gt;&lt;title&gt;Apache Tomcat/8.5.0 - Error report&lt;/title&gt;&lt;style type=&quot;text/css&quot;&gt;H1 {font-family:Tahoma,Arial,sans-serif;color:white;background-color:#525D76;font-size:22px;} H2 {font-family:Tahoma,Arial,sans-serif;color:white;background-color:#525D76;font-size:16px;} H3 {font-family:Tahoma,Arial,sans-serif;color:white;background-color:#525D76;font-size:14px;} BODY {font-family:Tahoma,Arial,sans-serif;color:black;background-color:white;} B {font-family:Tahoma,Arial,sans-serif;color:white;background-color:#525D76;} P {font-family:Tahoma,Arial,sans-serif;background:white;color:black;font-size:12px;}A {color : black;}A.name {color : black;}.line {height: 1px; background-color: #525D76; border: none;}&lt;/style&gt; &lt;/head&gt;&lt;body&gt;&lt;h1&gt;HTTP Status 404 - /outlet-pos-api/api/staff/getAllStaffForTerminal&lt;/h1&gt;&lt;div class=&quot;line&quot;&gt;&lt;/div&gt;&lt;p&gt;&lt;b&gt;type&lt;/b&gt; Status report&lt;/p&gt;&lt;p&gt;&lt;b&gt;message&lt;/b&gt; &lt;u&gt;/outlet-pos-api/api/staff/getAllStaffForTerminal&lt;/u&gt;&lt;/p&gt;&lt;p&gt;&lt;b&gt;description&lt;/b&gt; &lt;u&gt;The requested resource is not available.&lt;/u&gt;&lt;/p&gt;&lt;hr class=&quot;line&quot;&gt;&lt;h3&gt;Apache Tomcat/8.5.0&lt;/h3&gt;&lt;/body&gt;&lt;/html&gt;
">
      <![CDATA[java.lang.AssertionError: Status expected:<200 OK> but was:<404 NOT_FOUND>

> POST https://qa3-api.chaipoint.com/outlet-pos-api/api/staff/getAllStaffForTerminal
> WebTestClient-Request-Id: [1]
> service.auth.key: [1234567]
> Content-Type: [application/json]
> Content-Length: [23]

{
  "terminalId": "1"
}

< 404 NOT_FOUND Not Found
< Date: [Wed, 04 Dec 2019 12:37:36 GMT]
< Content-Type: [text/html;charset=utf-8]
< Content-Length: [1086]
< Connection: [keep-alive]
< Server: [Apache-Coyote/1.1]
< Content-Language: [en]

<!DOCTYPE html><html><head><title>Apache Tomcat/8.5.0 - Error report</title><style type="text/css">H1 {font-family:Tahoma,Arial,sans-serif;color:white;background-color:#525D76;font-size:22px;} H2 {font-family:Tahoma,Arial,sans-serif;color:white;background-color:#525D76;font-size:16px;} H3 {font-family:Tahoma,Arial,sans-serif;color:white;background-color:#525D76;font-size:14px;} BODY {font-family:Tahoma,Arial,sans-serif;color:black;background-color:white;} B {font-family:Tahoma,Arial,sans-serif;color:white;background-color:#525D76;} P {font-family:Tahoma,Arial,sans-serif;background:white;color:black;font-size:12px;}A {color : black;}A.name {color : black;}.line {height: 1px; background-color: #525D76; border: none;}</style> </head><body><h1>HTTP Status 404 - /outlet-pos-api/api/staff/getAllStaffForTerminal</h1><div class="line"></div><p><b>type</b> Status report</p><p><b>message</b> <u>/outlet-pos-api/api/staff/getAllStaffForTerminal</u></p><p><b>description</b> <u>The requested resource is not available.</u></p><hr class="line"><h3>Apache Tomcat/8.5.0</h3></body></html>

	at org.springframework.test.web.reactive.server.ExchangeResult.assertWithDiagnostics(ExchangeResult.java:200)
	at org.springframework.test.web.reactive.server.StatusAssertions.assertStatusAndReturn(StatusAssertions.java:227)
	at org.springframework.test.web.reactive.server.StatusAssertions.isOk(StatusAssertions.java:67)
	at cool.fountain.online.web.test.staff.master.TestGetAllStaffForTerminalTestNg.getAllStaffForTerminal(TestGetAllStaffForTerminalTestNg.java:110)
	at cool.fountain.online.web.test.staff.master.TestGetAllStaffForTerminalTestNg.testGetAllStaffForTerminalLoad(TestGetAllStaffForTerminalTestNg.java:96)
	at sun.reflect.GeneratedMethodAccessor49.invoke(Unknown Source)
	at sun.reflect.DelegatingMethodAccessorImpl.invoke(DelegatingMethodAccessorImpl.java:43)
	at java.lang.reflect.Method.invoke(Method.java:498)
	at org.testng.internal.MethodInvocationHelper.invokeMethod(MethodInvocationHelper.java:80)
	at org.testng.internal.MethodInvocationHelper$1.runTestMethod(MethodInvocationHelper.java:182)
	at org.springframework.test.context.testng.AbstractTestNGSpringContextTests.run(AbstractTestNGSpringContextTests.java:180)
	at sun.reflect.GeneratedMethodAccessor44.invoke(Unknown Source)
	at sun.reflect.DelegatingMethodAccessorImpl.invoke(DelegatingMethodAccessorImpl.java:43)
	at java.lang.reflect.Method.invoke(Method.java:498)
	at org.testng.internal.MethodInvocationHelper.invokeHookable(MethodInvocationHelper.java:194)
	at org.testng.internal.Invoker.invokeMethod(Invoker.java:707)
	at org.testng.internal.Invoker.invokeTestMethod(Invoker.java:901)
	at org.testng.internal.Invoker.invokeTestMethods(Invoker.java:1231)
	at org.testng.internal.TestMethodWorker.invokeTestMethods(TestMethodWorker.java:127)
	at org.testng.internal.TestMethodWorker.run(TestMethodWorker.java:111)
	at org.testng.internal.thread.ThreadUtil$2.call(ThreadUtil.java:64)
	at java.util.concurrent.FutureTask.run(FutureTask.java:266)
	at java.util.concurrent.ThreadPoolExecutor.runWorker(ThreadPoolExecutor.java:1149)
	at java.util.concurrent.ThreadPoolExecutor$Worker.run(ThreadPoolExecutor.java:624)
	at java.lang.Thread.run(Thread.java:748)
Caused by: java.lang.AssertionError: Status expected:<200 OK> but was:<404 NOT_FOUND>
	at org.springframework.test.util.AssertionErrors.fail(AssertionErrors.java:55)
	at org.springframework.test.util.AssertionErrors.assertEquals(AssertionErrors.java:82)
	at org.springframework.test.web.reactive.server.StatusAssertions.lambda$assertStatusAndReturn$4(StatusAssertions.java:227)
	at org.springframework.test.web.reactive.server.ExchangeResult.assertWithDiagnostics(ExchangeResult.java:197)
	... 24 more
]]>
    </error>
  </testcase> <!-- testGetAllStaffForTerminalLoad -->
  <testcase name="testGetAllStaffForTerminalLoad" time="1.519" classname="cool.fountain.online.web.test.staff.master.TestGetAllStaffForTerminalTestNg"/>
  <testcase name="testGetAllStaffForTerminalLoad" time="1.896" classname="cool.fountain.online.web.test.staff.master.TestGetAllStaffForTerminalTestNg"/>
  <testcase name="testGetAllStaffForTerminalLoad" time="0.473" classname="cool.fountain.online.web.test.staff.master.TestGetAllStaffForTerminalTestNg">
    <error type="java.lang.AssertionError" message="Status expected:&lt;200 OK&gt; but was:&lt;404 NOT_FOUND&gt;

&gt; POST https://qa3-api.chaipoint.com/outlet-pos-api/api/staff/getAllStaffForTerminal
&gt; WebTestClient-Request-Id: [1]
&gt; service.auth.key: [1234567]
&gt; Content-Type: [application/json]
&gt; Content-Length: [23]

{
  &quot;terminalId&quot;: &quot;1&quot;
}

&lt; 404 NOT_FOUND Not Found
&lt; Date: [Wed, 04 Dec 2019 12:37:39 GMT]
&lt; Content-Type: [text/html;charset=utf-8]
&lt; Content-Length: [1086]
&lt; Connection: [keep-alive]
&lt; Server: [Apache-Coyote/1.1]
&lt; Content-Language: [en]

&lt;!DOCTYPE html&gt;&lt;html&gt;&lt;head&gt;&lt;title&gt;Apache Tomcat/8.5.0 - Error report&lt;/title&gt;&lt;style type=&quot;text/css&quot;&gt;H1 {font-family:Tahoma,Arial,sans-serif;color:white;background-color:#525D76;font-size:22px;} H2 {font-family:Tahoma,Arial,sans-serif;color:white;background-color:#525D76;font-size:16px;} H3 {font-family:Tahoma,Arial,sans-serif;color:white;background-color:#525D76;font-size:14px;} BODY {font-family:Tahoma,Arial,sans-serif;color:black;background-color:white;} B {font-family:Tahoma,Arial,sans-serif;color:white;background-color:#525D76;} P {font-family:Tahoma,Arial,sans-serif;background:white;color:black;font-size:12px;}A {color : black;}A.name {color : black;}.line {height: 1px; background-color: #525D76; border: none;}&lt;/style&gt; &lt;/head&gt;&lt;body&gt;&lt;h1&gt;HTTP Status 404 - /outlet-pos-api/api/staff/getAllStaffForTerminal&lt;/h1&gt;&lt;div class=&quot;line&quot;&gt;&lt;/div&gt;&lt;p&gt;&lt;b&gt;type&lt;/b&gt; Status report&lt;/p&gt;&lt;p&gt;&lt;b&gt;message&lt;/b&gt; &lt;u&gt;/outlet-pos-api/api/staff/getAllStaffForTerminal&lt;/u&gt;&lt;/p&gt;&lt;p&gt;&lt;b&gt;description&lt;/b&gt; &lt;u&gt;The requested resource is not available.&lt;/u&gt;&lt;/p&gt;&lt;hr class=&quot;line&quot;&gt;&lt;h3&gt;Apache Tomcat/8.5.0&lt;/h3&gt;&lt;/body&gt;&lt;/html&gt;
">
      <![CDATA[java.lang.AssertionError: Status expected:<200 OK> but was:<404 NOT_FOUND>

> POST https://qa3-api.chaipoint.com/outlet-pos-api/api/staff/getAllStaffForTerminal
> WebTestClient-Request-Id: [1]
> service.auth.key: [1234567]
> Content-Type: [application/json]
> Content-Length: [23]

{
  "terminalId": "1"
}

< 404 NOT_FOUND Not Found
< Date: [Wed, 04 Dec 2019 12:37:39 GMT]
< Content-Type: [text/html;charset=utf-8]
< Content-Length: [1086]
< Connection: [keep-alive]
< Server: [Apache-Coyote/1.1]
< Content-Language: [en]

<!DOCTYPE html><html><head><title>Apache Tomcat/8.5.0 - Error report</title><style type="text/css">H1 {font-family:Tahoma,Arial,sans-serif;color:white;background-color:#525D76;font-size:22px;} H2 {font-family:Tahoma,Arial,sans-serif;color:white;background-color:#525D76;font-size:16px;} H3 {font-family:Tahoma,Arial,sans-serif;color:white;background-color:#525D76;font-size:14px;} BODY {font-family:Tahoma,Arial,sans-serif;color:black;background-color:white;} B {font-family:Tahoma,Arial,sans-serif;color:white;background-color:#525D76;} P {font-family:Tahoma,Arial,sans-serif;background:white;color:black;font-size:12px;}A {color : black;}A.name {color : black;}.line {height: 1px; background-color: #525D76; border: none;}</style> </head><body><h1>HTTP Status 404 - /outlet-pos-api/api/staff/getAllStaffForTerminal</h1><div class="line"></div><p><b>type</b> Status report</p><p><b>message</b> <u>/outlet-pos-api/api/staff/getAllStaffForTerminal</u></p><p><b>description</b> <u>The requested resource is not available.</u></p><hr class="line"><h3>Apache Tomcat/8.5.0</h3></body></html>

	at org.springframework.test.web.reactive.server.ExchangeResult.assertWithDiagnostics(ExchangeResult.java:200)
	at org.springframework.test.web.reactive.server.StatusAssertions.assertStatusAndReturn(StatusAssertions.java:227)
	at org.springframework.test.web.reactive.server.StatusAssertions.isOk(StatusAssertions.java:67)
	at cool.fountain.online.web.test.staff.master.TestGetAllStaffForTerminalTestNg.getAllStaffForTerminal(TestGetAllStaffForTerminalTestNg.java:110)
	at cool.fountain.online.web.test.staff.master.TestGetAllStaffForTerminalTestNg.testGetAllStaffForTerminalLoad(TestGetAllStaffForTerminalTestNg.java:96)
	at sun.reflect.GeneratedMethodAccessor49.invoke(Unknown Source)
	at sun.reflect.DelegatingMethodAccessorImpl.invoke(DelegatingMethodAccessorImpl.java:43)
	at java.lang.reflect.Method.invoke(Method.java:498)
	at org.testng.internal.MethodInvocationHelper.invokeMethod(MethodInvocationHelper.java:80)
	at org.testng.internal.MethodInvocationHelper$1.runTestMethod(MethodInvocationHelper.java:182)
	at org.springframework.test.context.testng.AbstractTestNGSpringContextTests.run(AbstractTestNGSpringContextTests.java:180)
	at sun.reflect.GeneratedMethodAccessor44.invoke(Unknown Source)
	at sun.reflect.DelegatingMethodAccessorImpl.invoke(DelegatingMethodAccessorImpl.java:43)
	at java.lang.reflect.Method.invoke(Method.java:498)
	at org.testng.internal.MethodInvocationHelper.invokeHookable(MethodInvocationHelper.java:194)
	at org.testng.internal.Invoker.invokeMethod(Invoker.java:707)
	at org.testng.internal.Invoker.invokeTestMethod(Invoker.java:901)
	at org.testng.internal.Invoker.invokeTestMethods(Invoker.java:1231)
	at org.testng.internal.TestMethodWorker.invokeTestMethods(TestMethodWorker.java:127)
	at org.testng.internal.TestMethodWorker.run(TestMethodWorker.java:111)
	at org.testng.internal.thread.ThreadUtil$2.call(ThreadUtil.java:64)
	at java.util.concurrent.FutureTask.run(FutureTask.java:266)
	at java.util.concurrent.ThreadPoolExecutor.runWorker(ThreadPoolExecutor.java:1149)
	at java.util.concurrent.ThreadPoolExecutor$Worker.run(ThreadPoolExecutor.java:624)
	at java.lang.Thread.run(Thread.java:748)
Caused by: java.lang.AssertionError: Status expected:<200 OK> but was:<404 NOT_FOUND>
	at org.springframework.test.util.AssertionErrors.fail(AssertionErrors.java:55)
	at org.springframework.test.util.AssertionErrors.assertEquals(AssertionErrors.java:82)
	at org.springframework.test.web.reactive.server.StatusAssertions.lambda$assertStatusAndReturn$4(StatusAssertions.java:227)
	at org.springframework.test.web.reactive.server.ExchangeResult.assertWithDiagnostics(ExchangeResult.java:197)
	... 24 more
]]>
    </error>
  </testcase> <!-- testGetAllStaffForTerminalLoad -->
  <testcase name="testGetAllStaffForTerminalLoad" time="0.139" classname="cool.fountain.online.web.test.staff.master.TestGetAllStaffForTerminalTestNg">
    <error type="java.lang.AssertionError" message="Status expected:&lt;200 OK&gt; but was:&lt;404 NOT_FOUND&gt;

&gt; POST https://qa3-api.chaipoint.com/outlet-pos-api/api/staff/getAllStaffForTerminal
&gt; WebTestClient-Request-Id: [1]
&gt; service.auth.key: [1234567]
&gt; Content-Type: [application/json]
&gt; Content-Length: [23]

{
  &quot;terminalId&quot;: &quot;1&quot;
}

&lt; 404 NOT_FOUND Not Found
&lt; Date: [Wed, 04 Dec 2019 12:37:33 GMT]
&lt; Content-Type: [text/html;charset=utf-8]
&lt; Content-Length: [1086]
&lt; Connection: [keep-alive]
&lt; Server: [Apache-Coyote/1.1]
&lt; Content-Language: [en]

&lt;!DOCTYPE html&gt;&lt;html&gt;&lt;head&gt;&lt;title&gt;Apache Tomcat/8.5.0 - Error report&lt;/title&gt;&lt;style type=&quot;text/css&quot;&gt;H1 {font-family:Tahoma,Arial,sans-serif;color:white;background-color:#525D76;font-size:22px;} H2 {font-family:Tahoma,Arial,sans-serif;color:white;background-color:#525D76;font-size:16px;} H3 {font-family:Tahoma,Arial,sans-serif;color:white;background-color:#525D76;font-size:14px;} BODY {font-family:Tahoma,Arial,sans-serif;color:black;background-color:white;} B {font-family:Tahoma,Arial,sans-serif;color:white;background-color:#525D76;} P {font-family:Tahoma,Arial,sans-serif;background:white;color:black;font-size:12px;}A {color : black;}A.name {color : black;}.line {height: 1px; background-color: #525D76; border: none;}&lt;/style&gt; &lt;/head&gt;&lt;body&gt;&lt;h1&gt;HTTP Status 404 - /outlet-pos-api/api/staff/getAllStaffForTerminal&lt;/h1&gt;&lt;div class=&quot;line&quot;&gt;&lt;/div&gt;&lt;p&gt;&lt;b&gt;type&lt;/b&gt; Status report&lt;/p&gt;&lt;p&gt;&lt;b&gt;message&lt;/b&gt; &lt;u&gt;/outlet-pos-api/api/staff/getAllStaffForTerminal&lt;/u&gt;&lt;/p&gt;&lt;p&gt;&lt;b&gt;description&lt;/b&gt; &lt;u&gt;The requested resource is not available.&lt;/u&gt;&lt;/p&gt;&lt;hr class=&quot;line&quot;&gt;&lt;h3&gt;Apache Tomcat/8.5.0&lt;/h3&gt;&lt;/body&gt;&lt;/html&gt;
">
      <![CDATA[java.lang.AssertionError: Status expected:<200 OK> but was:<404 NOT_FOUND>

> POST https://qa3-api.chaipoint.com/outlet-pos-api/api/staff/getAllStaffForTerminal
> WebTestClient-Request-Id: [1]
> service.auth.key: [1234567]
> Content-Type: [application/json]
> Content-Length: [23]

{
  "terminalId": "1"
}

< 404 NOT_FOUND Not Found
< Date: [Wed, 04 Dec 2019 12:37:33 GMT]
< Content-Type: [text/html;charset=utf-8]
< Content-Length: [1086]
< Connection: [keep-alive]
< Server: [Apache-Coyote/1.1]
< Content-Language: [en]

<!DOCTYPE html><html><head><title>Apache Tomcat/8.5.0 - Error report</title><style type="text/css">H1 {font-family:Tahoma,Arial,sans-serif;color:white;background-color:#525D76;font-size:22px;} H2 {font-family:Tahoma,Arial,sans-serif;color:white;background-color:#525D76;font-size:16px;} H3 {font-family:Tahoma,Arial,sans-serif;color:white;background-color:#525D76;font-size:14px;} BODY {font-family:Tahoma,Arial,sans-serif;color:black;background-color:white;} B {font-family:Tahoma,Arial,sans-serif;color:white;background-color:#525D76;} P {font-family:Tahoma,Arial,sans-serif;background:white;color:black;font-size:12px;}A {color : black;}A.name {color : black;}.line {height: 1px; background-color: #525D76; border: none;}</style> </head><body><h1>HTTP Status 404 - /outlet-pos-api/api/staff/getAllStaffForTerminal</h1><div class="line"></div><p><b>type</b> Status report</p><p><b>message</b> <u>/outlet-pos-api/api/staff/getAllStaffForTerminal</u></p><p><b>description</b> <u>The requested resource is not available.</u></p><hr class="line"><h3>Apache Tomcat/8.5.0</h3></body></html>

	at org.springframework.test.web.reactive.server.ExchangeResult.assertWithDiagnostics(ExchangeResult.java:200)
	at org.springframework.test.web.reactive.server.StatusAssertions.assertStatusAndReturn(StatusAssertions.java:227)
	at org.springframework.test.web.reactive.server.StatusAssertions.isOk(StatusAssertions.java:67)
	at cool.fountain.online.web.test.staff.master.TestGetAllStaffForTerminalTestNg.getAllStaffForTerminal(TestGetAllStaffForTerminalTestNg.java:110)
	at cool.fountain.online.web.test.staff.master.TestGetAllStaffForTerminalTestNg.testGetAllStaffForTerminalLoad(TestGetAllStaffForTerminalTestNg.java:96)
	at sun.reflect.GeneratedMethodAccessor49.invoke(Unknown Source)
	at sun.reflect.DelegatingMethodAccessorImpl.invoke(DelegatingMethodAccessorImpl.java:43)
	at java.lang.reflect.Method.invoke(Method.java:498)
	at org.testng.internal.MethodInvocationHelper.invokeMethod(MethodInvocationHelper.java:80)
	at org.testng.internal.MethodInvocationHelper$1.runTestMethod(MethodInvocationHelper.java:182)
	at org.springframework.test.context.testng.AbstractTestNGSpringContextTests.run(AbstractTestNGSpringContextTests.java:180)
	at sun.reflect.GeneratedMethodAccessor44.invoke(Unknown Source)
	at sun.reflect.DelegatingMethodAccessorImpl.invoke(DelegatingMethodAccessorImpl.java:43)
	at java.lang.reflect.Method.invoke(Method.java:498)
	at org.testng.internal.MethodInvocationHelper.invokeHookable(MethodInvocationHelper.java:194)
	at org.testng.internal.Invoker.invokeMethod(Invoker.java:707)
	at org.testng.internal.Invoker.invokeTestMethod(Invoker.java:901)
	at org.testng.internal.Invoker.invokeTestMethods(Invoker.java:1231)
	at org.testng.internal.TestMethodWorker.invokeTestMethods(TestMethodWorker.java:127)
	at org.testng.internal.TestMethodWorker.run(TestMethodWorker.java:111)
	at org.testng.internal.thread.ThreadUtil$2.call(ThreadUtil.java:64)
	at java.util.concurrent.FutureTask.run(FutureTask.java:266)
	at java.util.concurrent.ThreadPoolExecutor.runWorker(ThreadPoolExecutor.java:1149)
	at java.util.concurrent.ThreadPoolExecutor$Worker.run(ThreadPoolExecutor.java:624)
	at java.lang.Thread.run(Thread.java:748)
Caused by: java.lang.AssertionError: Status expected:<200 OK> but was:<404 NOT_FOUND>
	at org.springframework.test.util.AssertionErrors.fail(AssertionErrors.java:55)
	at org.springframework.test.util.AssertionErrors.assertEquals(AssertionErrors.java:82)
	at org.springframework.test.web.reactive.server.StatusAssertions.lambda$assertStatusAndReturn$4(StatusAssertions.java:227)
	at org.springframework.test.web.reactive.server.ExchangeResult.assertWithDiagnostics(ExchangeResult.java:197)
	... 24 more
]]>
    </error>
  </testcase> <!-- testGetAllStaffForTerminalLoad -->
  <testcase name="testGetAllStaffForTerminalLoad" time="1.557" classname="cool.fountain.online.web.test.staff.master.TestGetAllStaffForTerminalTestNg"/>
  <testcase name="testGetAllStaffForTerminalLoad" time="0.586" classname="cool.fountain.online.web.test.staff.master.TestGetAllStaffForTerminalTestNg">
    <error type="java.lang.AssertionError" message="Status expected:&lt;200 OK&gt; but was:&lt;404 NOT_FOUND&gt;

&gt; POST https://qa3-api.chaipoint.com/outlet-pos-api/api/staff/getAllStaffForTerminal
&gt; WebTestClient-Request-Id: [1]
&gt; service.auth.key: [1234567]
&gt; Content-Type: [application/json]
&gt; Content-Length: [23]

{
  &quot;terminalId&quot;: &quot;1&quot;
}

&lt; 404 NOT_FOUND Not Found
&lt; Date: [Wed, 04 Dec 2019 12:37:27 GMT]
&lt; Content-Type: [text/html;charset=utf-8]
&lt; Content-Length: [1086]
&lt; Connection: [keep-alive]
&lt; Server: [Apache-Coyote/1.1]
&lt; Content-Language: [en]

&lt;!DOCTYPE html&gt;&lt;html&gt;&lt;head&gt;&lt;title&gt;Apache Tomcat/8.5.0 - Error report&lt;/title&gt;&lt;style type=&quot;text/css&quot;&gt;H1 {font-family:Tahoma,Arial,sans-serif;color:white;background-color:#525D76;font-size:22px;} H2 {font-family:Tahoma,Arial,sans-serif;color:white;background-color:#525D76;font-size:16px;} H3 {font-family:Tahoma,Arial,sans-serif;color:white;background-color:#525D76;font-size:14px;} BODY {font-family:Tahoma,Arial,sans-serif;color:black;background-color:white;} B {font-family:Tahoma,Arial,sans-serif;color:white;background-color:#525D76;} P {font-family:Tahoma,Arial,sans-serif;background:white;color:black;font-size:12px;}A {color : black;}A.name {color : black;}.line {height: 1px; background-color: #525D76; border: none;}&lt;/style&gt; &lt;/head&gt;&lt;body&gt;&lt;h1&gt;HTTP Status 404 - /outlet-pos-api/api/staff/getAllStaffForTerminal&lt;/h1&gt;&lt;div class=&quot;line&quot;&gt;&lt;/div&gt;&lt;p&gt;&lt;b&gt;type&lt;/b&gt; Status report&lt;/p&gt;&lt;p&gt;&lt;b&gt;message&lt;/b&gt; &lt;u&gt;/outlet-pos-api/api/staff/getAllStaffForTerminal&lt;/u&gt;&lt;/p&gt;&lt;p&gt;&lt;b&gt;description&lt;/b&gt; &lt;u&gt;The requested resource is not available.&lt;/u&gt;&lt;/p&gt;&lt;hr class=&quot;line&quot;&gt;&lt;h3&gt;Apache Tomcat/8.5.0&lt;/h3&gt;&lt;/body&gt;&lt;/html&gt;
">
      <![CDATA[java.lang.AssertionError: Status expected:<200 OK> but was:<404 NOT_FOUND>

> POST https://qa3-api.chaipoint.com/outlet-pos-api/api/staff/getAllStaffForTerminal
> WebTestClient-Request-Id: [1]
> service.auth.key: [1234567]
> Content-Type: [application/json]
> Content-Length: [23]

{
  "terminalId": "1"
}

< 404 NOT_FOUND Not Found
< Date: [Wed, 04 Dec 2019 12:37:27 GMT]
< Content-Type: [text/html;charset=utf-8]
< Content-Length: [1086]
< Connection: [keep-alive]
< Server: [Apache-Coyote/1.1]
< Content-Language: [en]

<!DOCTYPE html><html><head><title>Apache Tomcat/8.5.0 - Error report</title><style type="text/css">H1 {font-family:Tahoma,Arial,sans-serif;color:white;background-color:#525D76;font-size:22px;} H2 {font-family:Tahoma,Arial,sans-serif;color:white;background-color:#525D76;font-size:16px;} H3 {font-family:Tahoma,Arial,sans-serif;color:white;background-color:#525D76;font-size:14px;} BODY {font-family:Tahoma,Arial,sans-serif;color:black;background-color:white;} B {font-family:Tahoma,Arial,sans-serif;color:white;background-color:#525D76;} P {font-family:Tahoma,Arial,sans-serif;background:white;color:black;font-size:12px;}A {color : black;}A.name {color : black;}.line {height: 1px; background-color: #525D76; border: none;}</style> </head><body><h1>HTTP Status 404 - /outlet-pos-api/api/staff/getAllStaffForTerminal</h1><div class="line"></div><p><b>type</b> Status report</p><p><b>message</b> <u>/outlet-pos-api/api/staff/getAllStaffForTerminal</u></p><p><b>description</b> <u>The requested resource is not available.</u></p><hr class="line"><h3>Apache Tomcat/8.5.0</h3></body></html>

	at org.springframework.test.web.reactive.server.ExchangeResult.assertWithDiagnostics(ExchangeResult.java:200)
	at org.springframework.test.web.reactive.server.StatusAssertions.assertStatusAndReturn(StatusAssertions.java:227)
	at org.springframework.test.web.reactive.server.StatusAssertions.isOk(StatusAssertions.java:67)
	at cool.fountain.online.web.test.staff.master.TestGetAllStaffForTerminalTestNg.getAllStaffForTerminal(TestGetAllStaffForTerminalTestNg.java:110)
	at cool.fountain.online.web.test.staff.master.TestGetAllStaffForTerminalTestNg.testGetAllStaffForTerminalLoad(TestGetAllStaffForTerminalTestNg.java:96)
	at sun.reflect.NativeMethodAccessorImpl.invoke0(Native Method)
	at sun.reflect.NativeMethodAccessorImpl.invoke(NativeMethodAccessorImpl.java:62)
	at sun.reflect.DelegatingMethodAccessorImpl.invoke(DelegatingMethodAccessorImpl.java:43)
	at java.lang.reflect.Method.invoke(Method.java:498)
	at org.testng.internal.MethodInvocationHelper.invokeMethod(MethodInvocationHelper.java:80)
	at org.testng.internal.MethodInvocationHelper$1.runTestMethod(MethodInvocationHelper.java:182)
	at org.springframework.test.context.testng.AbstractTestNGSpringContextTests.run(AbstractTestNGSpringContextTests.java:180)
	at sun.reflect.GeneratedMethodAccessor44.invoke(Unknown Source)
	at sun.reflect.DelegatingMethodAccessorImpl.invoke(DelegatingMethodAccessorImpl.java:43)
	at java.lang.reflect.Method.invoke(Method.java:498)
	at org.testng.internal.MethodInvocationHelper.invokeHookable(MethodInvocationHelper.java:194)
	at org.testng.internal.Invoker.invokeMethod(Invoker.java:707)
	at org.testng.internal.Invoker.invokeTestMethod(Invoker.java:901)
	at org.testng.internal.Invoker.invokeTestMethods(Invoker.java:1231)
	at org.testng.internal.TestMethodWorker.invokeTestMethods(TestMethodWorker.java:127)
	at org.testng.internal.TestMethodWorker.run(TestMethodWorker.java:111)
	at org.testng.internal.thread.ThreadUtil$2.call(ThreadUtil.java:64)
	at java.util.concurrent.FutureTask.run(FutureTask.java:266)
	at java.util.concurrent.ThreadPoolExecutor.runWorker(ThreadPoolExecutor.java:1149)
	at java.util.concurrent.ThreadPoolExecutor$Worker.run(ThreadPoolExecutor.java:624)
	at java.lang.Thread.run(Thread.java:748)
Caused by: java.lang.AssertionError: Status expected:<200 OK> but was:<404 NOT_FOUND>
	at org.springframework.test.util.AssertionErrors.fail(AssertionErrors.java:55)
	at org.springframework.test.util.AssertionErrors.assertEquals(AssertionErrors.java:82)
	at org.springframework.test.web.reactive.server.StatusAssertions.lambda$assertStatusAndReturn$4(StatusAssertions.java:227)
	at org.springframework.test.web.reactive.server.ExchangeResult.assertWithDiagnostics(ExchangeResult.java:197)
	... 25 more
]]>
    </error>
  </testcase> <!-- testGetAllStaffForTerminalLoad -->
  <testcase name="testGetAllStaffForTerminalLoad" time="2.313" classname="cool.fountain.online.web.test.staff.master.TestGetAllStaffForTerminalTestNg"/>
  <testcase name="testGetAllStaffForTerminalLoad" time="0.164" classname="cool.fountain.online.web.test.staff.master.TestGetAllStaffForTerminalTestNg">
    <error type="java.lang.AssertionError" message="Status expected:&lt;200 OK&gt; but was:&lt;404 NOT_FOUND&gt;

&gt; POST https://qa3-api.chaipoint.com/outlet-pos-api/api/staff/getAllStaffForTerminal
&gt; WebTestClient-Request-Id: [1]
&gt; service.auth.key: [1234567]
&gt; Content-Type: [application/json]
&gt; Content-Length: [23]

{
  &quot;terminalId&quot;: &quot;1&quot;
}

&lt; 404 NOT_FOUND Not Found
&lt; Date: [Wed, 04 Dec 2019 12:37:32 GMT]
&lt; Content-Type: [text/html;charset=utf-8]
&lt; Content-Length: [1086]
&lt; Connection: [keep-alive]
&lt; Server: [Apache-Coyote/1.1]
&lt; Content-Language: [en]

&lt;!DOCTYPE html&gt;&lt;html&gt;&lt;head&gt;&lt;title&gt;Apache Tomcat/8.5.0 - Error report&lt;/title&gt;&lt;style type=&quot;text/css&quot;&gt;H1 {font-family:Tahoma,Arial,sans-serif;color:white;background-color:#525D76;font-size:22px;} H2 {font-family:Tahoma,Arial,sans-serif;color:white;background-color:#525D76;font-size:16px;} H3 {font-family:Tahoma,Arial,sans-serif;color:white;background-color:#525D76;font-size:14px;} BODY {font-family:Tahoma,Arial,sans-serif;color:black;background-color:white;} B {font-family:Tahoma,Arial,sans-serif;color:white;background-color:#525D76;} P {font-family:Tahoma,Arial,sans-serif;background:white;color:black;font-size:12px;}A {color : black;}A.name {color : black;}.line {height: 1px; background-color: #525D76; border: none;}&lt;/style&gt; &lt;/head&gt;&lt;body&gt;&lt;h1&gt;HTTP Status 404 - /outlet-pos-api/api/staff/getAllStaffForTerminal&lt;/h1&gt;&lt;div class=&quot;line&quot;&gt;&lt;/div&gt;&lt;p&gt;&lt;b&gt;type&lt;/b&gt; Status report&lt;/p&gt;&lt;p&gt;&lt;b&gt;message&lt;/b&gt; &lt;u&gt;/outlet-pos-api/api/staff/getAllStaffForTerminal&lt;/u&gt;&lt;/p&gt;&lt;p&gt;&lt;b&gt;description&lt;/b&gt; &lt;u&gt;The requested resource is not available.&lt;/u&gt;&lt;/p&gt;&lt;hr class=&quot;line&quot;&gt;&lt;h3&gt;Apache Tomcat/8.5.0&lt;/h3&gt;&lt;/body&gt;&lt;/html&gt;
">
      <![CDATA[java.lang.AssertionError: Status expected:<200 OK> but was:<404 NOT_FOUND>

> POST https://qa3-api.chaipoint.com/outlet-pos-api/api/staff/getAllStaffForTerminal
> WebTestClient-Request-Id: [1]
> service.auth.key: [1234567]
> Content-Type: [application/json]
> Content-Length: [23]

{
  "terminalId": "1"
}

< 404 NOT_FOUND Not Found
< Date: [Wed, 04 Dec 2019 12:37:32 GMT]
< Content-Type: [text/html;charset=utf-8]
< Content-Length: [1086]
< Connection: [keep-alive]
< Server: [Apache-Coyote/1.1]
< Content-Language: [en]

<!DOCTYPE html><html><head><title>Apache Tomcat/8.5.0 - Error report</title><style type="text/css">H1 {font-family:Tahoma,Arial,sans-serif;color:white;background-color:#525D76;font-size:22px;} H2 {font-family:Tahoma,Arial,sans-serif;color:white;background-color:#525D76;font-size:16px;} H3 {font-family:Tahoma,Arial,sans-serif;color:white;background-color:#525D76;font-size:14px;} BODY {font-family:Tahoma,Arial,sans-serif;color:black;background-color:white;} B {font-family:Tahoma,Arial,sans-serif;color:white;background-color:#525D76;} P {font-family:Tahoma,Arial,sans-serif;background:white;color:black;font-size:12px;}A {color : black;}A.name {color : black;}.line {height: 1px; background-color: #525D76; border: none;}</style> </head><body><h1>HTTP Status 404 - /outlet-pos-api/api/staff/getAllStaffForTerminal</h1><div class="line"></div><p><b>type</b> Status report</p><p><b>message</b> <u>/outlet-pos-api/api/staff/getAllStaffForTerminal</u></p><p><b>description</b> <u>The requested resource is not available.</u></p><hr class="line"><h3>Apache Tomcat/8.5.0</h3></body></html>

	at org.springframework.test.web.reactive.server.ExchangeResult.assertWithDiagnostics(ExchangeResult.java:200)
	at org.springframework.test.web.reactive.server.StatusAssertions.assertStatusAndReturn(StatusAssertions.java:227)
	at org.springframework.test.web.reactive.server.StatusAssertions.isOk(StatusAssertions.java:67)
	at cool.fountain.online.web.test.staff.master.TestGetAllStaffForTerminalTestNg.getAllStaffForTerminal(TestGetAllStaffForTerminalTestNg.java:110)
	at cool.fountain.online.web.test.staff.master.TestGetAllStaffForTerminalTestNg.testGetAllStaffForTerminalLoad(TestGetAllStaffForTerminalTestNg.java:96)
	at sun.reflect.GeneratedMethodAccessor49.invoke(Unknown Source)
	at sun.reflect.DelegatingMethodAccessorImpl.invoke(DelegatingMethodAccessorImpl.java:43)
	at java.lang.reflect.Method.invoke(Method.java:498)
	at org.testng.internal.MethodInvocationHelper.invokeMethod(MethodInvocationHelper.java:80)
	at org.testng.internal.MethodInvocationHelper$1.runTestMethod(MethodInvocationHelper.java:182)
	at org.springframework.test.context.testng.AbstractTestNGSpringContextTests.run(AbstractTestNGSpringContextTests.java:180)
	at sun.reflect.GeneratedMethodAccessor44.invoke(Unknown Source)
	at sun.reflect.DelegatingMethodAccessorImpl.invoke(DelegatingMethodAccessorImpl.java:43)
	at java.lang.reflect.Method.invoke(Method.java:498)
	at org.testng.internal.MethodInvocationHelper.invokeHookable(MethodInvocationHelper.java:194)
	at org.testng.internal.Invoker.invokeMethod(Invoker.java:707)
	at org.testng.internal.Invoker.invokeTestMethod(Invoker.java:901)
	at org.testng.internal.Invoker.invokeTestMethods(Invoker.java:1231)
	at org.testng.internal.TestMethodWorker.invokeTestMethods(TestMethodWorker.java:127)
	at org.testng.internal.TestMethodWorker.run(TestMethodWorker.java:111)
	at org.testng.internal.thread.ThreadUtil$2.call(ThreadUtil.java:64)
	at java.util.concurrent.FutureTask.run(FutureTask.java:266)
	at java.util.concurrent.ThreadPoolExecutor.runWorker(ThreadPoolExecutor.java:1149)
	at java.util.concurrent.ThreadPoolExecutor$Worker.run(ThreadPoolExecutor.java:624)
	at java.lang.Thread.run(Thread.java:748)
Caused by: java.lang.AssertionError: Status expected:<200 OK> but was:<404 NOT_FOUND>
	at org.springframework.test.util.AssertionErrors.fail(AssertionErrors.java:55)
	at org.springframework.test.util.AssertionErrors.assertEquals(AssertionErrors.java:82)
	at org.springframework.test.web.reactive.server.StatusAssertions.lambda$assertStatusAndReturn$4(StatusAssertions.java:227)
	at org.springframework.test.web.reactive.server.ExchangeResult.assertWithDiagnostics(ExchangeResult.java:197)
	... 24 more
]]>
    </error>
  </testcase> <!-- testGetAllStaffForTerminalLoad -->
  <testcase name="testGetAllStaffForTerminalLoad" time="0.173" classname="cool.fountain.online.web.test.staff.master.TestGetAllStaffForTerminalTestNg">
    <error type="java.lang.AssertionError" message="Status expected:&lt;200 OK&gt; but was:&lt;404 NOT_FOUND&gt;

&gt; POST https://qa3-api.chaipoint.com/outlet-pos-api/api/staff/getAllStaffForTerminal
&gt; WebTestClient-Request-Id: [1]
&gt; service.auth.key: [1234567]
&gt; Content-Type: [application/json]
&gt; Content-Length: [23]

{
  &quot;terminalId&quot;: &quot;1&quot;
}

&lt; 404 NOT_FOUND Not Found
&lt; Date: [Wed, 04 Dec 2019 12:37:32 GMT]
&lt; Content-Type: [text/html;charset=utf-8]
&lt; Content-Length: [1086]
&lt; Connection: [keep-alive]
&lt; Server: [Apache-Coyote/1.1]
&lt; Content-Language: [en]

&lt;!DOCTYPE html&gt;&lt;html&gt;&lt;head&gt;&lt;title&gt;Apache Tomcat/8.5.0 - Error report&lt;/title&gt;&lt;style type=&quot;text/css&quot;&gt;H1 {font-family:Tahoma,Arial,sans-serif;color:white;background-color:#525D76;font-size:22px;} H2 {font-family:Tahoma,Arial,sans-serif;color:white;background-color:#525D76;font-size:16px;} H3 {font-family:Tahoma,Arial,sans-serif;color:white;background-color:#525D76;font-size:14px;} BODY {font-family:Tahoma,Arial,sans-serif;color:black;background-color:white;} B {font-family:Tahoma,Arial,sans-serif;color:white;background-color:#525D76;} P {font-family:Tahoma,Arial,sans-serif;background:white;color:black;font-size:12px;}A {color : black;}A.name {color : black;}.line {height: 1px; background-color: #525D76; border: none;}&lt;/style&gt; &lt;/head&gt;&lt;body&gt;&lt;h1&gt;HTTP Status 404 - /outlet-pos-api/api/staff/getAllStaffForTerminal&lt;/h1&gt;&lt;div class=&quot;line&quot;&gt;&lt;/div&gt;&lt;p&gt;&lt;b&gt;type&lt;/b&gt; Status report&lt;/p&gt;&lt;p&gt;&lt;b&gt;message&lt;/b&gt; &lt;u&gt;/outlet-pos-api/api/staff/getAllStaffForTerminal&lt;/u&gt;&lt;/p&gt;&lt;p&gt;&lt;b&gt;description&lt;/b&gt; &lt;u&gt;The requested resource is not available.&lt;/u&gt;&lt;/p&gt;&lt;hr class=&quot;line&quot;&gt;&lt;h3&gt;Apache Tomcat/8.5.0&lt;/h3&gt;&lt;/body&gt;&lt;/html&gt;
">
      <![CDATA[java.lang.AssertionError: Status expected:<200 OK> but was:<404 NOT_FOUND>

> POST https://qa3-api.chaipoint.com/outlet-pos-api/api/staff/getAllStaffForTerminal
> WebTestClient-Request-Id: [1]
> service.auth.key: [1234567]
> Content-Type: [application/json]
> Content-Length: [23]

{
  "terminalId": "1"
}

< 404 NOT_FOUND Not Found
< Date: [Wed, 04 Dec 2019 12:37:32 GMT]
< Content-Type: [text/html;charset=utf-8]
< Content-Length: [1086]
< Connection: [keep-alive]
< Server: [Apache-Coyote/1.1]
< Content-Language: [en]

<!DOCTYPE html><html><head><title>Apache Tomcat/8.5.0 - Error report</title><style type="text/css">H1 {font-family:Tahoma,Arial,sans-serif;color:white;background-color:#525D76;font-size:22px;} H2 {font-family:Tahoma,Arial,sans-serif;color:white;background-color:#525D76;font-size:16px;} H3 {font-family:Tahoma,Arial,sans-serif;color:white;background-color:#525D76;font-size:14px;} BODY {font-family:Tahoma,Arial,sans-serif;color:black;background-color:white;} B {font-family:Tahoma,Arial,sans-serif;color:white;background-color:#525D76;} P {font-family:Tahoma,Arial,sans-serif;background:white;color:black;font-size:12px;}A {color : black;}A.name {color : black;}.line {height: 1px; background-color: #525D76; border: none;}</style> </head><body><h1>HTTP Status 404 - /outlet-pos-api/api/staff/getAllStaffForTerminal</h1><div class="line"></div><p><b>type</b> Status report</p><p><b>message</b> <u>/outlet-pos-api/api/staff/getAllStaffForTerminal</u></p><p><b>description</b> <u>The requested resource is not available.</u></p><hr class="line"><h3>Apache Tomcat/8.5.0</h3></body></html>

	at org.springframework.test.web.reactive.server.ExchangeResult.assertWithDiagnostics(ExchangeResult.java:200)
	at org.springframework.test.web.reactive.server.StatusAssertions.assertStatusAndReturn(StatusAssertions.java:227)
	at org.springframework.test.web.reactive.server.StatusAssertions.isOk(StatusAssertions.java:67)
	at cool.fountain.online.web.test.staff.master.TestGetAllStaffForTerminalTestNg.getAllStaffForTerminal(TestGetAllStaffForTerminalTestNg.java:110)
	at cool.fountain.online.web.test.staff.master.TestGetAllStaffForTerminalTestNg.testGetAllStaffForTerminalLoad(TestGetAllStaffForTerminalTestNg.java:96)
	at sun.reflect.GeneratedMethodAccessor49.invoke(Unknown Source)
	at sun.reflect.DelegatingMethodAccessorImpl.invoke(DelegatingMethodAccessorImpl.java:43)
	at java.lang.reflect.Method.invoke(Method.java:498)
	at org.testng.internal.MethodInvocationHelper.invokeMethod(MethodInvocationHelper.java:80)
	at org.testng.internal.MethodInvocationHelper$1.runTestMethod(MethodInvocationHelper.java:182)
	at org.springframework.test.context.testng.AbstractTestNGSpringContextTests.run(AbstractTestNGSpringContextTests.java:180)
	at sun.reflect.GeneratedMethodAccessor44.invoke(Unknown Source)
	at sun.reflect.DelegatingMethodAccessorImpl.invoke(DelegatingMethodAccessorImpl.java:43)
	at java.lang.reflect.Method.invoke(Method.java:498)
	at org.testng.internal.MethodInvocationHelper.invokeHookable(MethodInvocationHelper.java:194)
	at org.testng.internal.Invoker.invokeMethod(Invoker.java:707)
	at org.testng.internal.Invoker.invokeTestMethod(Invoker.java:901)
	at org.testng.internal.Invoker.invokeTestMethods(Invoker.java:1231)
	at org.testng.internal.TestMethodWorker.invokeTestMethods(TestMethodWorker.java:127)
	at org.testng.internal.TestMethodWorker.run(TestMethodWorker.java:111)
	at org.testng.internal.thread.ThreadUtil$2.call(ThreadUtil.java:64)
	at java.util.concurrent.FutureTask.run(FutureTask.java:266)
	at java.util.concurrent.ThreadPoolExecutor.runWorker(ThreadPoolExecutor.java:1149)
	at java.util.concurrent.ThreadPoolExecutor$Worker.run(ThreadPoolExecutor.java:624)
	at java.lang.Thread.run(Thread.java:748)
Caused by: java.lang.AssertionError: Status expected:<200 OK> but was:<404 NOT_FOUND>
	at org.springframework.test.util.AssertionErrors.fail(AssertionErrors.java:55)
	at org.springframework.test.util.AssertionErrors.assertEquals(AssertionErrors.java:82)
	at org.springframework.test.web.reactive.server.StatusAssertions.lambda$assertStatusAndReturn$4(StatusAssertions.java:227)
	at org.springframework.test.web.reactive.server.ExchangeResult.assertWithDiagnostics(ExchangeResult.java:197)
	... 24 more
]]>
    </error>
  </testcase> <!-- testGetAllStaffForTerminalLoad -->
  <testcase name="testGetAllStaffForTerminalLoad" time="1.300" classname="cool.fountain.online.web.test.staff.master.TestGetAllStaffForTerminalTestNg"/>
  <testcase name="testGetAllStaffForTerminalLoad" time="0.216" classname="cool.fountain.online.web.test.staff.master.TestGetAllStaffForTerminalTestNg">
    <error type="java.lang.AssertionError" message="Status expected:&lt;200 OK&gt; but was:&lt;404 NOT_FOUND&gt;

&gt; POST https://qa3-api.chaipoint.com/outlet-pos-api/api/staff/getAllStaffForTerminal
&gt; WebTestClient-Request-Id: [1]
&gt; service.auth.key: [1234567]
&gt; Content-Type: [application/json]
&gt; Content-Length: [23]

{
  &quot;terminalId&quot;: &quot;1&quot;
}

&lt; 404 NOT_FOUND Not Found
&lt; Date: [Wed, 04 Dec 2019 12:37:38 GMT]
&lt; Content-Type: [text/html;charset=utf-8]
&lt; Content-Length: [1086]
&lt; Connection: [keep-alive]
&lt; Server: [Apache-Coyote/1.1]
&lt; Content-Language: [en]

&lt;!DOCTYPE html&gt;&lt;html&gt;&lt;head&gt;&lt;title&gt;Apache Tomcat/8.5.0 - Error report&lt;/title&gt;&lt;style type=&quot;text/css&quot;&gt;H1 {font-family:Tahoma,Arial,sans-serif;color:white;background-color:#525D76;font-size:22px;} H2 {font-family:Tahoma,Arial,sans-serif;color:white;background-color:#525D76;font-size:16px;} H3 {font-family:Tahoma,Arial,sans-serif;color:white;background-color:#525D76;font-size:14px;} BODY {font-family:Tahoma,Arial,sans-serif;color:black;background-color:white;} B {font-family:Tahoma,Arial,sans-serif;color:white;background-color:#525D76;} P {font-family:Tahoma,Arial,sans-serif;background:white;color:black;font-size:12px;}A {color : black;}A.name {color : black;}.line {height: 1px; background-color: #525D76; border: none;}&lt;/style&gt; &lt;/head&gt;&lt;body&gt;&lt;h1&gt;HTTP Status 404 - /outlet-pos-api/api/staff/getAllStaffForTerminal&lt;/h1&gt;&lt;div class=&quot;line&quot;&gt;&lt;/div&gt;&lt;p&gt;&lt;b&gt;type&lt;/b&gt; Status report&lt;/p&gt;&lt;p&gt;&lt;b&gt;message&lt;/b&gt; &lt;u&gt;/outlet-pos-api/api/staff/getAllStaffForTerminal&lt;/u&gt;&lt;/p&gt;&lt;p&gt;&lt;b&gt;description&lt;/b&gt; &lt;u&gt;The requested resource is not available.&lt;/u&gt;&lt;/p&gt;&lt;hr class=&quot;line&quot;&gt;&lt;h3&gt;Apache Tomcat/8.5.0&lt;/h3&gt;&lt;/body&gt;&lt;/html&gt;
">
      <![CDATA[java.lang.AssertionError: Status expected:<200 OK> but was:<404 NOT_FOUND>

> POST https://qa3-api.chaipoint.com/outlet-pos-api/api/staff/getAllStaffForTerminal
> WebTestClient-Request-Id: [1]
> service.auth.key: [1234567]
> Content-Type: [application/json]
> Content-Length: [23]

{
  "terminalId": "1"
}

< 404 NOT_FOUND Not Found
< Date: [Wed, 04 Dec 2019 12:37:38 GMT]
< Content-Type: [text/html;charset=utf-8]
< Content-Length: [1086]
< Connection: [keep-alive]
< Server: [Apache-Coyote/1.1]
< Content-Language: [en]

<!DOCTYPE html><html><head><title>Apache Tomcat/8.5.0 - Error report</title><style type="text/css">H1 {font-family:Tahoma,Arial,sans-serif;color:white;background-color:#525D76;font-size:22px;} H2 {font-family:Tahoma,Arial,sans-serif;color:white;background-color:#525D76;font-size:16px;} H3 {font-family:Tahoma,Arial,sans-serif;color:white;background-color:#525D76;font-size:14px;} BODY {font-family:Tahoma,Arial,sans-serif;color:black;background-color:white;} B {font-family:Tahoma,Arial,sans-serif;color:white;background-color:#525D76;} P {font-family:Tahoma,Arial,sans-serif;background:white;color:black;font-size:12px;}A {color : black;}A.name {color : black;}.line {height: 1px; background-color: #525D76; border: none;}</style> </head><body><h1>HTTP Status 404 - /outlet-pos-api/api/staff/getAllStaffForTerminal</h1><div class="line"></div><p><b>type</b> Status report</p><p><b>message</b> <u>/outlet-pos-api/api/staff/getAllStaffForTerminal</u></p><p><b>description</b> <u>The requested resource is not available.</u></p><hr class="line"><h3>Apache Tomcat/8.5.0</h3></body></html>

	at org.springframework.test.web.reactive.server.ExchangeResult.assertWithDiagnostics(ExchangeResult.java:200)
	at org.springframework.test.web.reactive.server.StatusAssertions.assertStatusAndReturn(StatusAssertions.java:227)
	at org.springframework.test.web.reactive.server.StatusAssertions.isOk(StatusAssertions.java:67)
	at cool.fountain.online.web.test.staff.master.TestGetAllStaffForTerminalTestNg.getAllStaffForTerminal(TestGetAllStaffForTerminalTestNg.java:110)
	at cool.fountain.online.web.test.staff.master.TestGetAllStaffForTerminalTestNg.testGetAllStaffForTerminalLoad(TestGetAllStaffForTerminalTestNg.java:96)
	at sun.reflect.GeneratedMethodAccessor49.invoke(Unknown Source)
	at sun.reflect.DelegatingMethodAccessorImpl.invoke(DelegatingMethodAccessorImpl.java:43)
	at java.lang.reflect.Method.invoke(Method.java:498)
	at org.testng.internal.MethodInvocationHelper.invokeMethod(MethodInvocationHelper.java:80)
	at org.testng.internal.MethodInvocationHelper$1.runTestMethod(MethodInvocationHelper.java:182)
	at org.springframework.test.context.testng.AbstractTestNGSpringContextTests.run(AbstractTestNGSpringContextTests.java:180)
	at sun.reflect.GeneratedMethodAccessor44.invoke(Unknown Source)
	at sun.reflect.DelegatingMethodAccessorImpl.invoke(DelegatingMethodAccessorImpl.java:43)
	at java.lang.reflect.Method.invoke(Method.java:498)
	at org.testng.internal.MethodInvocationHelper.invokeHookable(MethodInvocationHelper.java:194)
	at org.testng.internal.Invoker.invokeMethod(Invoker.java:707)
	at org.testng.internal.Invoker.invokeTestMethod(Invoker.java:901)
	at org.testng.internal.Invoker.invokeTestMethods(Invoker.java:1231)
	at org.testng.internal.TestMethodWorker.invokeTestMethods(TestMethodWorker.java:127)
	at org.testng.internal.TestMethodWorker.run(TestMethodWorker.java:111)
	at org.testng.internal.thread.ThreadUtil$2.call(ThreadUtil.java:64)
	at java.util.concurrent.FutureTask.run(FutureTask.java:266)
	at java.util.concurrent.ThreadPoolExecutor.runWorker(ThreadPoolExecutor.java:1149)
	at java.util.concurrent.ThreadPoolExecutor$Worker.run(ThreadPoolExecutor.java:624)
	at java.lang.Thread.run(Thread.java:748)
Caused by: java.lang.AssertionError: Status expected:<200 OK> but was:<404 NOT_FOUND>
	at org.springframework.test.util.AssertionErrors.fail(AssertionErrors.java:55)
	at org.springframework.test.util.AssertionErrors.assertEquals(AssertionErrors.java:82)
	at org.springframework.test.web.reactive.server.StatusAssertions.lambda$assertStatusAndReturn$4(StatusAssertions.java:227)
	at org.springframework.test.web.reactive.server.ExchangeResult.assertWithDiagnostics(ExchangeResult.java:197)
	... 24 more
]]>
    </error>
  </testcase> <!-- testGetAllStaffForTerminalLoad -->
  <testcase name="testGetAllStaffForTerminalLoad" time="0.148" classname="cool.fountain.online.web.test.staff.master.TestGetAllStaffForTerminalTestNg">
    <error type="java.lang.AssertionError" message="Status expected:&lt;200 OK&gt; but was:&lt;404 NOT_FOUND&gt;

&gt; POST https://qa3-api.chaipoint.com/outlet-pos-api/api/staff/getAllStaffForTerminal
&gt; WebTestClient-Request-Id: [1]
&gt; service.auth.key: [1234567]
&gt; Content-Type: [application/json]
&gt; Content-Length: [23]

{
  &quot;terminalId&quot;: &quot;1&quot;
}

&lt; 404 NOT_FOUND Not Found
&lt; Date: [Wed, 04 Dec 2019 12:37:26 GMT]
&lt; Content-Type: [text/html;charset=utf-8]
&lt; Content-Length: [1086]
&lt; Connection: [keep-alive]
&lt; Server: [Apache-Coyote/1.1]
&lt; Content-Language: [en]

&lt;!DOCTYPE html&gt;&lt;html&gt;&lt;head&gt;&lt;title&gt;Apache Tomcat/8.5.0 - Error report&lt;/title&gt;&lt;style type=&quot;text/css&quot;&gt;H1 {font-family:Tahoma,Arial,sans-serif;color:white;background-color:#525D76;font-size:22px;} H2 {font-family:Tahoma,Arial,sans-serif;color:white;background-color:#525D76;font-size:16px;} H3 {font-family:Tahoma,Arial,sans-serif;color:white;background-color:#525D76;font-size:14px;} BODY {font-family:Tahoma,Arial,sans-serif;color:black;background-color:white;} B {font-family:Tahoma,Arial,sans-serif;color:white;background-color:#525D76;} P {font-family:Tahoma,Arial,sans-serif;background:white;color:black;font-size:12px;}A {color : black;}A.name {color : black;}.line {height: 1px; background-color: #525D76; border: none;}&lt;/style&gt; &lt;/head&gt;&lt;body&gt;&lt;h1&gt;HTTP Status 404 - /outlet-pos-api/api/staff/getAllStaffForTerminal&lt;/h1&gt;&lt;div class=&quot;line&quot;&gt;&lt;/div&gt;&lt;p&gt;&lt;b&gt;type&lt;/b&gt; Status report&lt;/p&gt;&lt;p&gt;&lt;b&gt;message&lt;/b&gt; &lt;u&gt;/outlet-pos-api/api/staff/getAllStaffForTerminal&lt;/u&gt;&lt;/p&gt;&lt;p&gt;&lt;b&gt;description&lt;/b&gt; &lt;u&gt;The requested resource is not available.&lt;/u&gt;&lt;/p&gt;&lt;hr class=&quot;line&quot;&gt;&lt;h3&gt;Apache Tomcat/8.5.0&lt;/h3&gt;&lt;/body&gt;&lt;/html&gt;
">
      <![CDATA[java.lang.AssertionError: Status expected:<200 OK> but was:<404 NOT_FOUND>

> POST https://qa3-api.chaipoint.com/outlet-pos-api/api/staff/getAllStaffForTerminal
> WebTestClient-Request-Id: [1]
> service.auth.key: [1234567]
> Content-Type: [application/json]
> Content-Length: [23]

{
  "terminalId": "1"
}

< 404 NOT_FOUND Not Found
< Date: [Wed, 04 Dec 2019 12:37:26 GMT]
< Content-Type: [text/html;charset=utf-8]
< Content-Length: [1086]
< Connection: [keep-alive]
< Server: [Apache-Coyote/1.1]
< Content-Language: [en]

<!DOCTYPE html><html><head><title>Apache Tomcat/8.5.0 - Error report</title><style type="text/css">H1 {font-family:Tahoma,Arial,sans-serif;color:white;background-color:#525D76;font-size:22px;} H2 {font-family:Tahoma,Arial,sans-serif;color:white;background-color:#525D76;font-size:16px;} H3 {font-family:Tahoma,Arial,sans-serif;color:white;background-color:#525D76;font-size:14px;} BODY {font-family:Tahoma,Arial,sans-serif;color:black;background-color:white;} B {font-family:Tahoma,Arial,sans-serif;color:white;background-color:#525D76;} P {font-family:Tahoma,Arial,sans-serif;background:white;color:black;font-size:12px;}A {color : black;}A.name {color : black;}.line {height: 1px; background-color: #525D76; border: none;}</style> </head><body><h1>HTTP Status 404 - /outlet-pos-api/api/staff/getAllStaffForTerminal</h1><div class="line"></div><p><b>type</b> Status report</p><p><b>message</b> <u>/outlet-pos-api/api/staff/getAllStaffForTerminal</u></p><p><b>description</b> <u>The requested resource is not available.</u></p><hr class="line"><h3>Apache Tomcat/8.5.0</h3></body></html>

	at org.springframework.test.web.reactive.server.ExchangeResult.assertWithDiagnostics(ExchangeResult.java:200)
	at org.springframework.test.web.reactive.server.StatusAssertions.assertStatusAndReturn(StatusAssertions.java:227)
	at org.springframework.test.web.reactive.server.StatusAssertions.isOk(StatusAssertions.java:67)
	at cool.fountain.online.web.test.staff.master.TestGetAllStaffForTerminalTestNg.getAllStaffForTerminal(TestGetAllStaffForTerminalTestNg.java:110)
	at cool.fountain.online.web.test.staff.master.TestGetAllStaffForTerminalTestNg.testGetAllStaffForTerminalLoad(TestGetAllStaffForTerminalTestNg.java:96)
	at sun.reflect.NativeMethodAccessorImpl.invoke0(Native Method)
	at sun.reflect.NativeMethodAccessorImpl.invoke(NativeMethodAccessorImpl.java:62)
	at sun.reflect.DelegatingMethodAccessorImpl.invoke(DelegatingMethodAccessorImpl.java:43)
	at java.lang.reflect.Method.invoke(Method.java:498)
	at org.testng.internal.MethodInvocationHelper.invokeMethod(MethodInvocationHelper.java:80)
	at org.testng.internal.MethodInvocationHelper$1.runTestMethod(MethodInvocationHelper.java:182)
	at org.springframework.test.context.testng.AbstractTestNGSpringContextTests.run(AbstractTestNGSpringContextTests.java:180)
	at sun.reflect.GeneratedMethodAccessor44.invoke(Unknown Source)
	at sun.reflect.DelegatingMethodAccessorImpl.invoke(DelegatingMethodAccessorImpl.java:43)
	at java.lang.reflect.Method.invoke(Method.java:498)
	at org.testng.internal.MethodInvocationHelper.invokeHookable(MethodInvocationHelper.java:194)
	at org.testng.internal.Invoker.invokeMethod(Invoker.java:707)
	at org.testng.internal.Invoker.invokeTestMethod(Invoker.java:901)
	at org.testng.internal.Invoker.invokeTestMethods(Invoker.java:1231)
	at org.testng.internal.TestMethodWorker.invokeTestMethods(TestMethodWorker.java:127)
	at org.testng.internal.TestMethodWorker.run(TestMethodWorker.java:111)
	at org.testng.internal.thread.ThreadUtil$2.call(ThreadUtil.java:64)
	at java.util.concurrent.FutureTask.run(FutureTask.java:266)
	at java.util.concurrent.ThreadPoolExecutor.runWorker(ThreadPoolExecutor.java:1149)
	at java.util.concurrent.ThreadPoolExecutor$Worker.run(ThreadPoolExecutor.java:624)
	at java.lang.Thread.run(Thread.java:748)
Caused by: java.lang.AssertionError: Status expected:<200 OK> but was:<404 NOT_FOUND>
	at org.springframework.test.util.AssertionErrors.fail(AssertionErrors.java:55)
	at org.springframework.test.util.AssertionErrors.assertEquals(AssertionErrors.java:82)
	at org.springframework.test.web.reactive.server.StatusAssertions.lambda$assertStatusAndReturn$4(StatusAssertions.java:227)
	at org.springframework.test.web.reactive.server.ExchangeResult.assertWithDiagnostics(ExchangeResult.java:197)
	... 25 more
]]>
    </error>
  </testcase> <!-- testGetAllStaffForTerminalLoad -->
  <testcase name="testGetAllStaffForTerminalLoad" time="4.281" classname="cool.fountain.online.web.test.staff.master.TestGetAllStaffForTerminalTestNg"/>
  <testcase name="testGetAllStaffForTerminalLoad" time="3.209" classname="cool.fountain.online.web.test.staff.master.TestGetAllStaffForTerminalTestNg"/>
  <testcase name="testGetAllStaffForTerminalLoad" time="2.221" classname="cool.fountain.online.web.test.staff.master.TestGetAllStaffForTerminalTestNg"/>
  <testcase name="testGetAllStaffForTerminalLoad" time="0.122" classname="cool.fountain.online.web.test.staff.master.TestGetAllStaffForTerminalTestNg">
    <error type="java.lang.AssertionError" message="Status expected:&lt;200 OK&gt; but was:&lt;404 NOT_FOUND&gt;

&gt; POST https://qa3-api.chaipoint.com/outlet-pos-api/api/staff/getAllStaffForTerminal
&gt; WebTestClient-Request-Id: [1]
&gt; service.auth.key: [1234567]
&gt; Content-Type: [application/json]
&gt; Content-Length: [23]

{
  &quot;terminalId&quot;: &quot;1&quot;
}

&lt; 404 NOT_FOUND Not Found
&lt; Date: [Wed, 04 Dec 2019 12:37:37 GMT]
&lt; Content-Type: [text/html;charset=utf-8]
&lt; Content-Length: [1086]
&lt; Connection: [keep-alive]
&lt; Server: [Apache-Coyote/1.1]
&lt; Content-Language: [en]

&lt;!DOCTYPE html&gt;&lt;html&gt;&lt;head&gt;&lt;title&gt;Apache Tomcat/8.5.0 - Error report&lt;/title&gt;&lt;style type=&quot;text/css&quot;&gt;H1 {font-family:Tahoma,Arial,sans-serif;color:white;background-color:#525D76;font-size:22px;} H2 {font-family:Tahoma,Arial,sans-serif;color:white;background-color:#525D76;font-size:16px;} H3 {font-family:Tahoma,Arial,sans-serif;color:white;background-color:#525D76;font-size:14px;} BODY {font-family:Tahoma,Arial,sans-serif;color:black;background-color:white;} B {font-family:Tahoma,Arial,sans-serif;color:white;background-color:#525D76;} P {font-family:Tahoma,Arial,sans-serif;background:white;color:black;font-size:12px;}A {color : black;}A.name {color : black;}.line {height: 1px; background-color: #525D76; border: none;}&lt;/style&gt; &lt;/head&gt;&lt;body&gt;&lt;h1&gt;HTTP Status 404 - /outlet-pos-api/api/staff/getAllStaffForTerminal&lt;/h1&gt;&lt;div class=&quot;line&quot;&gt;&lt;/div&gt;&lt;p&gt;&lt;b&gt;type&lt;/b&gt; Status report&lt;/p&gt;&lt;p&gt;&lt;b&gt;message&lt;/b&gt; &lt;u&gt;/outlet-pos-api/api/staff/getAllStaffForTerminal&lt;/u&gt;&lt;/p&gt;&lt;p&gt;&lt;b&gt;description&lt;/b&gt; &lt;u&gt;The requested resource is not available.&lt;/u&gt;&lt;/p&gt;&lt;hr class=&quot;line&quot;&gt;&lt;h3&gt;Apache Tomcat/8.5.0&lt;/h3&gt;&lt;/body&gt;&lt;/html&gt;
">
      <![CDATA[java.lang.AssertionError: Status expected:<200 OK> but was:<404 NOT_FOUND>

> POST https://qa3-api.chaipoint.com/outlet-pos-api/api/staff/getAllStaffForTerminal
> WebTestClient-Request-Id: [1]
> service.auth.key: [1234567]
> Content-Type: [application/json]
> Content-Length: [23]

{
  "terminalId": "1"
}

< 404 NOT_FOUND Not Found
< Date: [Wed, 04 Dec 2019 12:37:37 GMT]
< Content-Type: [text/html;charset=utf-8]
< Content-Length: [1086]
< Connection: [keep-alive]
< Server: [Apache-Coyote/1.1]
< Content-Language: [en]

<!DOCTYPE html><html><head><title>Apache Tomcat/8.5.0 - Error report</title><style type="text/css">H1 {font-family:Tahoma,Arial,sans-serif;color:white;background-color:#525D76;font-size:22px;} H2 {font-family:Tahoma,Arial,sans-serif;color:white;background-color:#525D76;font-size:16px;} H3 {font-family:Tahoma,Arial,sans-serif;color:white;background-color:#525D76;font-size:14px;} BODY {font-family:Tahoma,Arial,sans-serif;color:black;background-color:white;} B {font-family:Tahoma,Arial,sans-serif;color:white;background-color:#525D76;} P {font-family:Tahoma,Arial,sans-serif;background:white;color:black;font-size:12px;}A {color : black;}A.name {color : black;}.line {height: 1px; background-color: #525D76; border: none;}</style> </head><body><h1>HTTP Status 404 - /outlet-pos-api/api/staff/getAllStaffForTerminal</h1><div class="line"></div><p><b>type</b> Status report</p><p><b>message</b> <u>/outlet-pos-api/api/staff/getAllStaffForTerminal</u></p><p><b>description</b> <u>The requested resource is not available.</u></p><hr class="line"><h3>Apache Tomcat/8.5.0</h3></body></html>

	at org.springframework.test.web.reactive.server.ExchangeResult.assertWithDiagnostics(ExchangeResult.java:200)
	at org.springframework.test.web.reactive.server.StatusAssertions.assertStatusAndReturn(StatusAssertions.java:227)
	at org.springframework.test.web.reactive.server.StatusAssertions.isOk(StatusAssertions.java:67)
	at cool.fountain.online.web.test.staff.master.TestGetAllStaffForTerminalTestNg.getAllStaffForTerminal(TestGetAllStaffForTerminalTestNg.java:110)
	at cool.fountain.online.web.test.staff.master.TestGetAllStaffForTerminalTestNg.testGetAllStaffForTerminalLoad(TestGetAllStaffForTerminalTestNg.java:96)
	at sun.reflect.GeneratedMethodAccessor49.invoke(Unknown Source)
	at sun.reflect.DelegatingMethodAccessorImpl.invoke(DelegatingMethodAccessorImpl.java:43)
	at java.lang.reflect.Method.invoke(Method.java:498)
	at org.testng.internal.MethodInvocationHelper.invokeMethod(MethodInvocationHelper.java:80)
	at org.testng.internal.MethodInvocationHelper$1.runTestMethod(MethodInvocationHelper.java:182)
	at org.springframework.test.context.testng.AbstractTestNGSpringContextTests.run(AbstractTestNGSpringContextTests.java:180)
	at sun.reflect.GeneratedMethodAccessor44.invoke(Unknown Source)
	at sun.reflect.DelegatingMethodAccessorImpl.invoke(DelegatingMethodAccessorImpl.java:43)
	at java.lang.reflect.Method.invoke(Method.java:498)
	at org.testng.internal.MethodInvocationHelper.invokeHookable(MethodInvocationHelper.java:194)
	at org.testng.internal.Invoker.invokeMethod(Invoker.java:707)
	at org.testng.internal.Invoker.invokeTestMethod(Invoker.java:901)
	at org.testng.internal.Invoker.invokeTestMethods(Invoker.java:1231)
	at org.testng.internal.TestMethodWorker.invokeTestMethods(TestMethodWorker.java:127)
	at org.testng.internal.TestMethodWorker.run(TestMethodWorker.java:111)
	at org.testng.internal.thread.ThreadUtil$2.call(ThreadUtil.java:64)
	at java.util.concurrent.FutureTask.run(FutureTask.java:266)
	at java.util.concurrent.ThreadPoolExecutor.runWorker(ThreadPoolExecutor.java:1149)
	at java.util.concurrent.ThreadPoolExecutor$Worker.run(ThreadPoolExecutor.java:624)
	at java.lang.Thread.run(Thread.java:748)
Caused by: java.lang.AssertionError: Status expected:<200 OK> but was:<404 NOT_FOUND>
	at org.springframework.test.util.AssertionErrors.fail(AssertionErrors.java:55)
	at org.springframework.test.util.AssertionErrors.assertEquals(AssertionErrors.java:82)
	at org.springframework.test.web.reactive.server.StatusAssertions.lambda$assertStatusAndReturn$4(StatusAssertions.java:227)
	at org.springframework.test.web.reactive.server.ExchangeResult.assertWithDiagnostics(ExchangeResult.java:197)
	... 24 more
]]>
    </error>
  </testcase> <!-- testGetAllStaffForTerminalLoad -->
  <testcase name="testGetAllStaffForTerminalLoad" time="0.170" classname="cool.fountain.online.web.test.staff.master.TestGetAllStaffForTerminalTestNg">
    <error type="java.lang.AssertionError" message="Status expected:&lt;200 OK&gt; but was:&lt;404 NOT_FOUND&gt;

&gt; POST https://qa3-api.chaipoint.com/outlet-pos-api/api/staff/getAllStaffForTerminal
&gt; WebTestClient-Request-Id: [1]
&gt; service.auth.key: [1234567]
&gt; Content-Type: [application/json]
&gt; Content-Length: [23]

{
  &quot;terminalId&quot;: &quot;1&quot;
}

&lt; 404 NOT_FOUND Not Found
&lt; Date: [Wed, 04 Dec 2019 12:37:39 GMT]
&lt; Content-Type: [text/html;charset=utf-8]
&lt; Content-Length: [1086]
&lt; Connection: [keep-alive]
&lt; Server: [Apache-Coyote/1.1]
&lt; Content-Language: [en]

&lt;!DOCTYPE html&gt;&lt;html&gt;&lt;head&gt;&lt;title&gt;Apache Tomcat/8.5.0 - Error report&lt;/title&gt;&lt;style type=&quot;text/css&quot;&gt;H1 {font-family:Tahoma,Arial,sans-serif;color:white;background-color:#525D76;font-size:22px;} H2 {font-family:Tahoma,Arial,sans-serif;color:white;background-color:#525D76;font-size:16px;} H3 {font-family:Tahoma,Arial,sans-serif;color:white;background-color:#525D76;font-size:14px;} BODY {font-family:Tahoma,Arial,sans-serif;color:black;background-color:white;} B {font-family:Tahoma,Arial,sans-serif;color:white;background-color:#525D76;} P {font-family:Tahoma,Arial,sans-serif;background:white;color:black;font-size:12px;}A {color : black;}A.name {color : black;}.line {height: 1px; background-color: #525D76; border: none;}&lt;/style&gt; &lt;/head&gt;&lt;body&gt;&lt;h1&gt;HTTP Status 404 - /outlet-pos-api/api/staff/getAllStaffForTerminal&lt;/h1&gt;&lt;div class=&quot;line&quot;&gt;&lt;/div&gt;&lt;p&gt;&lt;b&gt;type&lt;/b&gt; Status report&lt;/p&gt;&lt;p&gt;&lt;b&gt;message&lt;/b&gt; &lt;u&gt;/outlet-pos-api/api/staff/getAllStaffForTerminal&lt;/u&gt;&lt;/p&gt;&lt;p&gt;&lt;b&gt;description&lt;/b&gt; &lt;u&gt;The requested resource is not available.&lt;/u&gt;&lt;/p&gt;&lt;hr class=&quot;line&quot;&gt;&lt;h3&gt;Apache Tomcat/8.5.0&lt;/h3&gt;&lt;/body&gt;&lt;/html&gt;
">
      <![CDATA[java.lang.AssertionError: Status expected:<200 OK> but was:<404 NOT_FOUND>

> POST https://qa3-api.chaipoint.com/outlet-pos-api/api/staff/getAllStaffForTerminal
> WebTestClient-Request-Id: [1]
> service.auth.key: [1234567]
> Content-Type: [application/json]
> Content-Length: [23]

{
  "terminalId": "1"
}

< 404 NOT_FOUND Not Found
< Date: [Wed, 04 Dec 2019 12:37:39 GMT]
< Content-Type: [text/html;charset=utf-8]
< Content-Length: [1086]
< Connection: [keep-alive]
< Server: [Apache-Coyote/1.1]
< Content-Language: [en]

<!DOCTYPE html><html><head><title>Apache Tomcat/8.5.0 - Error report</title><style type="text/css">H1 {font-family:Tahoma,Arial,sans-serif;color:white;background-color:#525D76;font-size:22px;} H2 {font-family:Tahoma,Arial,sans-serif;color:white;background-color:#525D76;font-size:16px;} H3 {font-family:Tahoma,Arial,sans-serif;color:white;background-color:#525D76;font-size:14px;} BODY {font-family:Tahoma,Arial,sans-serif;color:black;background-color:white;} B {font-family:Tahoma,Arial,sans-serif;color:white;background-color:#525D76;} P {font-family:Tahoma,Arial,sans-serif;background:white;color:black;font-size:12px;}A {color : black;}A.name {color : black;}.line {height: 1px; background-color: #525D76; border: none;}</style> </head><body><h1>HTTP Status 404 - /outlet-pos-api/api/staff/getAllStaffForTerminal</h1><div class="line"></div><p><b>type</b> Status report</p><p><b>message</b> <u>/outlet-pos-api/api/staff/getAllStaffForTerminal</u></p><p><b>description</b> <u>The requested resource is not available.</u></p><hr class="line"><h3>Apache Tomcat/8.5.0</h3></body></html>

	at org.springframework.test.web.reactive.server.ExchangeResult.assertWithDiagnostics(ExchangeResult.java:200)
	at org.springframework.test.web.reactive.server.StatusAssertions.assertStatusAndReturn(StatusAssertions.java:227)
	at org.springframework.test.web.reactive.server.StatusAssertions.isOk(StatusAssertions.java:67)
	at cool.fountain.online.web.test.staff.master.TestGetAllStaffForTerminalTestNg.getAllStaffForTerminal(TestGetAllStaffForTerminalTestNg.java:110)
	at cool.fountain.online.web.test.staff.master.TestGetAllStaffForTerminalTestNg.testGetAllStaffForTerminalLoad(TestGetAllStaffForTerminalTestNg.java:96)
	at sun.reflect.GeneratedMethodAccessor49.invoke(Unknown Source)
	at sun.reflect.DelegatingMethodAccessorImpl.invoke(DelegatingMethodAccessorImpl.java:43)
	at java.lang.reflect.Method.invoke(Method.java:498)
	at org.testng.internal.MethodInvocationHelper.invokeMethod(MethodInvocationHelper.java:80)
	at org.testng.internal.MethodInvocationHelper$1.runTestMethod(MethodInvocationHelper.java:182)
	at org.springframework.test.context.testng.AbstractTestNGSpringContextTests.run(AbstractTestNGSpringContextTests.java:180)
	at sun.reflect.GeneratedMethodAccessor44.invoke(Unknown Source)
	at sun.reflect.DelegatingMethodAccessorImpl.invoke(DelegatingMethodAccessorImpl.java:43)
	at java.lang.reflect.Method.invoke(Method.java:498)
	at org.testng.internal.MethodInvocationHelper.invokeHookable(MethodInvocationHelper.java:194)
	at org.testng.internal.Invoker.invokeMethod(Invoker.java:707)
	at org.testng.internal.Invoker.invokeTestMethod(Invoker.java:901)
	at org.testng.internal.Invoker.invokeTestMethods(Invoker.java:1231)
	at org.testng.internal.TestMethodWorker.invokeTestMethods(TestMethodWorker.java:127)
	at org.testng.internal.TestMethodWorker.run(TestMethodWorker.java:111)
	at org.testng.internal.thread.ThreadUtil$2.call(ThreadUtil.java:64)
	at java.util.concurrent.FutureTask.run(FutureTask.java:266)
	at java.util.concurrent.ThreadPoolExecutor.runWorker(ThreadPoolExecutor.java:1149)
	at java.util.concurrent.ThreadPoolExecutor$Worker.run(ThreadPoolExecutor.java:624)
	at java.lang.Thread.run(Thread.java:748)
Caused by: java.lang.AssertionError: Status expected:<200 OK> but was:<404 NOT_FOUND>
	at org.springframework.test.util.AssertionErrors.fail(AssertionErrors.java:55)
	at org.springframework.test.util.AssertionErrors.assertEquals(AssertionErrors.java:82)
	at org.springframework.test.web.reactive.server.StatusAssertions.lambda$assertStatusAndReturn$4(StatusAssertions.java:227)
	at org.springframework.test.web.reactive.server.ExchangeResult.assertWithDiagnostics(ExchangeResult.java:197)
	... 24 more
]]>
    </error>
  </testcase> <!-- testGetAllStaffForTerminalLoad -->
  <testcase name="testGetAllStaffForTerminalLoad" time="1.882" classname="cool.fountain.online.web.test.staff.master.TestGetAllStaffForTerminalTestNg"/>
  <testcase name="testGetAllStaffForTerminalLoad" time="0.171" classname="cool.fountain.online.web.test.staff.master.TestGetAllStaffForTerminalTestNg">
    <error type="java.lang.AssertionError" message="Status expected:&lt;200 OK&gt; but was:&lt;404 NOT_FOUND&gt;

&gt; POST https://qa3-api.chaipoint.com/outlet-pos-api/api/staff/getAllStaffForTerminal
&gt; WebTestClient-Request-Id: [1]
&gt; service.auth.key: [1234567]
&gt; Content-Type: [application/json]
&gt; Content-Length: [23]

{
  &quot;terminalId&quot;: &quot;1&quot;
}

&lt; 404 NOT_FOUND Not Found
&lt; Date: [Wed, 04 Dec 2019 12:37:29 GMT]
&lt; Content-Type: [text/html;charset=utf-8]
&lt; Content-Length: [1086]
&lt; Connection: [keep-alive]
&lt; Server: [Apache-Coyote/1.1]
&lt; Content-Language: [en]

&lt;!DOCTYPE html&gt;&lt;html&gt;&lt;head&gt;&lt;title&gt;Apache Tomcat/8.5.0 - Error report&lt;/title&gt;&lt;style type=&quot;text/css&quot;&gt;H1 {font-family:Tahoma,Arial,sans-serif;color:white;background-color:#525D76;font-size:22px;} H2 {font-family:Tahoma,Arial,sans-serif;color:white;background-color:#525D76;font-size:16px;} H3 {font-family:Tahoma,Arial,sans-serif;color:white;background-color:#525D76;font-size:14px;} BODY {font-family:Tahoma,Arial,sans-serif;color:black;background-color:white;} B {font-family:Tahoma,Arial,sans-serif;color:white;background-color:#525D76;} P {font-family:Tahoma,Arial,sans-serif;background:white;color:black;font-size:12px;}A {color : black;}A.name {color : black;}.line {height: 1px; background-color: #525D76; border: none;}&lt;/style&gt; &lt;/head&gt;&lt;body&gt;&lt;h1&gt;HTTP Status 404 - /outlet-pos-api/api/staff/getAllStaffForTerminal&lt;/h1&gt;&lt;div class=&quot;line&quot;&gt;&lt;/div&gt;&lt;p&gt;&lt;b&gt;type&lt;/b&gt; Status report&lt;/p&gt;&lt;p&gt;&lt;b&gt;message&lt;/b&gt; &lt;u&gt;/outlet-pos-api/api/staff/getAllStaffForTerminal&lt;/u&gt;&lt;/p&gt;&lt;p&gt;&lt;b&gt;description&lt;/b&gt; &lt;u&gt;The requested resource is not available.&lt;/u&gt;&lt;/p&gt;&lt;hr class=&quot;line&quot;&gt;&lt;h3&gt;Apache Tomcat/8.5.0&lt;/h3&gt;&lt;/body&gt;&lt;/html&gt;
">
      <![CDATA[java.lang.AssertionError: Status expected:<200 OK> but was:<404 NOT_FOUND>

> POST https://qa3-api.chaipoint.com/outlet-pos-api/api/staff/getAllStaffForTerminal
> WebTestClient-Request-Id: [1]
> service.auth.key: [1234567]
> Content-Type: [application/json]
> Content-Length: [23]

{
  "terminalId": "1"
}

< 404 NOT_FOUND Not Found
< Date: [Wed, 04 Dec 2019 12:37:29 GMT]
< Content-Type: [text/html;charset=utf-8]
< Content-Length: [1086]
< Connection: [keep-alive]
< Server: [Apache-Coyote/1.1]
< Content-Language: [en]

<!DOCTYPE html><html><head><title>Apache Tomcat/8.5.0 - Error report</title><style type="text/css">H1 {font-family:Tahoma,Arial,sans-serif;color:white;background-color:#525D76;font-size:22px;} H2 {font-family:Tahoma,Arial,sans-serif;color:white;background-color:#525D76;font-size:16px;} H3 {font-family:Tahoma,Arial,sans-serif;color:white;background-color:#525D76;font-size:14px;} BODY {font-family:Tahoma,Arial,sans-serif;color:black;background-color:white;} B {font-family:Tahoma,Arial,sans-serif;color:white;background-color:#525D76;} P {font-family:Tahoma,Arial,sans-serif;background:white;color:black;font-size:12px;}A {color : black;}A.name {color : black;}.line {height: 1px; background-color: #525D76; border: none;}</style> </head><body><h1>HTTP Status 404 - /outlet-pos-api/api/staff/getAllStaffForTerminal</h1><div class="line"></div><p><b>type</b> Status report</p><p><b>message</b> <u>/outlet-pos-api/api/staff/getAllStaffForTerminal</u></p><p><b>description</b> <u>The requested resource is not available.</u></p><hr class="line"><h3>Apache Tomcat/8.5.0</h3></body></html>

	at org.springframework.test.web.reactive.server.ExchangeResult.assertWithDiagnostics(ExchangeResult.java:200)
	at org.springframework.test.web.reactive.server.StatusAssertions.assertStatusAndReturn(StatusAssertions.java:227)
	at org.springframework.test.web.reactive.server.StatusAssertions.isOk(StatusAssertions.java:67)
	at cool.fountain.online.web.test.staff.master.TestGetAllStaffForTerminalTestNg.getAllStaffForTerminal(TestGetAllStaffForTerminalTestNg.java:110)
	at cool.fountain.online.web.test.staff.master.TestGetAllStaffForTerminalTestNg.testGetAllStaffForTerminalLoad(TestGetAllStaffForTerminalTestNg.java:96)
	at sun.reflect.GeneratedMethodAccessor49.invoke(Unknown Source)
	at sun.reflect.DelegatingMethodAccessorImpl.invoke(DelegatingMethodAccessorImpl.java:43)
	at java.lang.reflect.Method.invoke(Method.java:498)
	at org.testng.internal.MethodInvocationHelper.invokeMethod(MethodInvocationHelper.java:80)
	at org.testng.internal.MethodInvocationHelper$1.runTestMethod(MethodInvocationHelper.java:182)
	at org.springframework.test.context.testng.AbstractTestNGSpringContextTests.run(AbstractTestNGSpringContextTests.java:180)
	at sun.reflect.GeneratedMethodAccessor44.invoke(Unknown Source)
	at sun.reflect.DelegatingMethodAccessorImpl.invoke(DelegatingMethodAccessorImpl.java:43)
	at java.lang.reflect.Method.invoke(Method.java:498)
	at org.testng.internal.MethodInvocationHelper.invokeHookable(MethodInvocationHelper.java:194)
	at org.testng.internal.Invoker.invokeMethod(Invoker.java:707)
	at org.testng.internal.Invoker.invokeTestMethod(Invoker.java:901)
	at org.testng.internal.Invoker.invokeTestMethods(Invoker.java:1231)
	at org.testng.internal.TestMethodWorker.invokeTestMethods(TestMethodWorker.java:127)
	at org.testng.internal.TestMethodWorker.run(TestMethodWorker.java:111)
	at org.testng.internal.thread.ThreadUtil$2.call(ThreadUtil.java:64)
	at java.util.concurrent.FutureTask.run(FutureTask.java:266)
	at java.util.concurrent.ThreadPoolExecutor.runWorker(ThreadPoolExecutor.java:1149)
	at java.util.concurrent.ThreadPoolExecutor$Worker.run(ThreadPoolExecutor.java:624)
	at java.lang.Thread.run(Thread.java:748)
Caused by: java.lang.AssertionError: Status expected:<200 OK> but was:<404 NOT_FOUND>
	at org.springframework.test.util.AssertionErrors.fail(AssertionErrors.java:55)
	at org.springframework.test.util.AssertionErrors.assertEquals(AssertionErrors.java:82)
	at org.springframework.test.web.reactive.server.StatusAssertions.lambda$assertStatusAndReturn$4(StatusAssertions.java:227)
	at org.springframework.test.web.reactive.server.ExchangeResult.assertWithDiagnostics(ExchangeResult.java:197)
	... 24 more
]]>
    </error>
  </testcase> <!-- testGetAllStaffForTerminalLoad -->
  <testcase name="testGetAllStaffForTerminalLoad" time="2.566" classname="cool.fountain.online.web.test.staff.master.TestGetAllStaffForTerminalTestNg"/>
  <testcase name="testGetAllStaffForTerminal" time="2.012" classname="cool.fountain.online.web.test.staff.master.TestGetAllStaffForTerminalTestNg"/>
  <testcase name="testGetAllStaffForTerminalLoad" time="3.777" classname="cool.fountain.online.web.test.staff.master.TestGetAllStaffForTerminalTestNg"/>
  <testcase name="testGetAllStaffForTerminalLoad" time="1.323" classname="cool.fountain.online.web.test.staff.master.TestGetAllStaffForTerminalTestNg"/>
  <testcase name="testGetAllStaffForTerminalLoad" time="0.161" classname="cool.fountain.online.web.test.staff.master.TestGetAllStaffForTerminalTestNg">
    <error type="java.lang.AssertionError" message="Status expected:&lt;200 OK&gt; but was:&lt;404 NOT_FOUND&gt;

&gt; POST https://qa3-api.chaipoint.com/outlet-pos-api/api/staff/getAllStaffForTerminal
&gt; WebTestClient-Request-Id: [1]
&gt; service.auth.key: [1234567]
&gt; Content-Type: [application/json]
&gt; Content-Length: [23]

{
  &quot;terminalId&quot;: &quot;1&quot;
}

&lt; 404 NOT_FOUND Not Found
&lt; Date: [Wed, 04 Dec 2019 12:37:29 GMT]
&lt; Content-Type: [text/html;charset=utf-8]
&lt; Content-Length: [1086]
&lt; Connection: [keep-alive]
&lt; Server: [Apache-Coyote/1.1]
&lt; Content-Language: [en]

&lt;!DOCTYPE html&gt;&lt;html&gt;&lt;head&gt;&lt;title&gt;Apache Tomcat/8.5.0 - Error report&lt;/title&gt;&lt;style type=&quot;text/css&quot;&gt;H1 {font-family:Tahoma,Arial,sans-serif;color:white;background-color:#525D76;font-size:22px;} H2 {font-family:Tahoma,Arial,sans-serif;color:white;background-color:#525D76;font-size:16px;} H3 {font-family:Tahoma,Arial,sans-serif;color:white;background-color:#525D76;font-size:14px;} BODY {font-family:Tahoma,Arial,sans-serif;color:black;background-color:white;} B {font-family:Tahoma,Arial,sans-serif;color:white;background-color:#525D76;} P {font-family:Tahoma,Arial,sans-serif;background:white;color:black;font-size:12px;}A {color : black;}A.name {color : black;}.line {height: 1px; background-color: #525D76; border: none;}&lt;/style&gt; &lt;/head&gt;&lt;body&gt;&lt;h1&gt;HTTP Status 404 - /outlet-pos-api/api/staff/getAllStaffForTerminal&lt;/h1&gt;&lt;div class=&quot;line&quot;&gt;&lt;/div&gt;&lt;p&gt;&lt;b&gt;type&lt;/b&gt; Status report&lt;/p&gt;&lt;p&gt;&lt;b&gt;message&lt;/b&gt; &lt;u&gt;/outlet-pos-api/api/staff/getAllStaffForTerminal&lt;/u&gt;&lt;/p&gt;&lt;p&gt;&lt;b&gt;description&lt;/b&gt; &lt;u&gt;The requested resource is not available.&lt;/u&gt;&lt;/p&gt;&lt;hr class=&quot;line&quot;&gt;&lt;h3&gt;Apache Tomcat/8.5.0&lt;/h3&gt;&lt;/body&gt;&lt;/html&gt;
">
      <![CDATA[java.lang.AssertionError: Status expected:<200 OK> but was:<404 NOT_FOUND>

> POST https://qa3-api.chaipoint.com/outlet-pos-api/api/staff/getAllStaffForTerminal
> WebTestClient-Request-Id: [1]
> service.auth.key: [1234567]
> Content-Type: [application/json]
> Content-Length: [23]

{
  "terminalId": "1"
}

< 404 NOT_FOUND Not Found
< Date: [Wed, 04 Dec 2019 12:37:29 GMT]
< Content-Type: [text/html;charset=utf-8]
< Content-Length: [1086]
< Connection: [keep-alive]
< Server: [Apache-Coyote/1.1]
< Content-Language: [en]

<!DOCTYPE html><html><head><title>Apache Tomcat/8.5.0 - Error report</title><style type="text/css">H1 {font-family:Tahoma,Arial,sans-serif;color:white;background-color:#525D76;font-size:22px;} H2 {font-family:Tahoma,Arial,sans-serif;color:white;background-color:#525D76;font-size:16px;} H3 {font-family:Tahoma,Arial,sans-serif;color:white;background-color:#525D76;font-size:14px;} BODY {font-family:Tahoma,Arial,sans-serif;color:black;background-color:white;} B {font-family:Tahoma,Arial,sans-serif;color:white;background-color:#525D76;} P {font-family:Tahoma,Arial,sans-serif;background:white;color:black;font-size:12px;}A {color : black;}A.name {color : black;}.line {height: 1px; background-color: #525D76; border: none;}</style> </head><body><h1>HTTP Status 404 - /outlet-pos-api/api/staff/getAllStaffForTerminal</h1><div class="line"></div><p><b>type</b> Status report</p><p><b>message</b> <u>/outlet-pos-api/api/staff/getAllStaffForTerminal</u></p><p><b>description</b> <u>The requested resource is not available.</u></p><hr class="line"><h3>Apache Tomcat/8.5.0</h3></body></html>

	at org.springframework.test.web.reactive.server.ExchangeResult.assertWithDiagnostics(ExchangeResult.java:200)
	at org.springframework.test.web.reactive.server.StatusAssertions.assertStatusAndReturn(StatusAssertions.java:227)
	at org.springframework.test.web.reactive.server.StatusAssertions.isOk(StatusAssertions.java:67)
	at cool.fountain.online.web.test.staff.master.TestGetAllStaffForTerminalTestNg.getAllStaffForTerminal(TestGetAllStaffForTerminalTestNg.java:110)
	at cool.fountain.online.web.test.staff.master.TestGetAllStaffForTerminalTestNg.testGetAllStaffForTerminalLoad(TestGetAllStaffForTerminalTestNg.java:96)
	at sun.reflect.GeneratedMethodAccessor49.invoke(Unknown Source)
	at sun.reflect.DelegatingMethodAccessorImpl.invoke(DelegatingMethodAccessorImpl.java:43)
	at java.lang.reflect.Method.invoke(Method.java:498)
	at org.testng.internal.MethodInvocationHelper.invokeMethod(MethodInvocationHelper.java:80)
	at org.testng.internal.MethodInvocationHelper$1.runTestMethod(MethodInvocationHelper.java:182)
	at org.springframework.test.context.testng.AbstractTestNGSpringContextTests.run(AbstractTestNGSpringContextTests.java:180)
	at sun.reflect.GeneratedMethodAccessor44.invoke(Unknown Source)
	at sun.reflect.DelegatingMethodAccessorImpl.invoke(DelegatingMethodAccessorImpl.java:43)
	at java.lang.reflect.Method.invoke(Method.java:498)
	at org.testng.internal.MethodInvocationHelper.invokeHookable(MethodInvocationHelper.java:194)
	at org.testng.internal.Invoker.invokeMethod(Invoker.java:707)
	at org.testng.internal.Invoker.invokeTestMethod(Invoker.java:901)
	at org.testng.internal.Invoker.invokeTestMethods(Invoker.java:1231)
	at org.testng.internal.TestMethodWorker.invokeTestMethods(TestMethodWorker.java:127)
	at org.testng.internal.TestMethodWorker.run(TestMethodWorker.java:111)
	at org.testng.internal.thread.ThreadUtil$2.call(ThreadUtil.java:64)
	at java.util.concurrent.FutureTask.run(FutureTask.java:266)
	at java.util.concurrent.ThreadPoolExecutor.runWorker(ThreadPoolExecutor.java:1149)
	at java.util.concurrent.ThreadPoolExecutor$Worker.run(ThreadPoolExecutor.java:624)
	at java.lang.Thread.run(Thread.java:748)
Caused by: java.lang.AssertionError: Status expected:<200 OK> but was:<404 NOT_FOUND>
	at org.springframework.test.util.AssertionErrors.fail(AssertionErrors.java:55)
	at org.springframework.test.util.AssertionErrors.assertEquals(AssertionErrors.java:82)
	at org.springframework.test.web.reactive.server.StatusAssertions.lambda$assertStatusAndReturn$4(StatusAssertions.java:227)
	at org.springframework.test.web.reactive.server.ExchangeResult.assertWithDiagnostics(ExchangeResult.java:197)
	... 24 more
]]>
    </error>
  </testcase> <!-- testGetAllStaffForTerminalLoad -->
  <testcase name="testGetAllStaffForTerminalLoad" time="1.855" classname="cool.fountain.online.web.test.staff.master.TestGetAllStaffForTerminalTestNg"/>
  <testcase name="testGetAllStaffForTerminalLoad" time="3.939" classname="cool.fountain.online.web.test.staff.master.TestGetAllStaffForTerminalTestNg"/>
  <testcase name="testGetAllStaffForTerminalLoad" time="1.752" classname="cool.fountain.online.web.test.staff.master.TestGetAllStaffForTerminalTestNg"/>
  <testcase name="testGetAllStaffForTerminalLoad" time="0.171" classname="cool.fountain.online.web.test.staff.master.TestGetAllStaffForTerminalTestNg">
    <error type="java.lang.AssertionError" message="Status expected:&lt;200 OK&gt; but was:&lt;404 NOT_FOUND&gt;

&gt; POST https://qa3-api.chaipoint.com/outlet-pos-api/api/staff/getAllStaffForTerminal
&gt; WebTestClient-Request-Id: [1]
&gt; service.auth.key: [1234567]
&gt; Content-Type: [application/json]
&gt; Content-Length: [23]

{
  &quot;terminalId&quot;: &quot;1&quot;
}

&lt; 404 NOT_FOUND Not Found
&lt; Date: [Wed, 04 Dec 2019 12:37:39 GMT]
&lt; Content-Type: [text/html;charset=utf-8]
&lt; Content-Length: [1086]
&lt; Connection: [keep-alive]
&lt; Server: [Apache-Coyote/1.1]
&lt; Content-Language: [en]

&lt;!DOCTYPE html&gt;&lt;html&gt;&lt;head&gt;&lt;title&gt;Apache Tomcat/8.5.0 - Error report&lt;/title&gt;&lt;style type=&quot;text/css&quot;&gt;H1 {font-family:Tahoma,Arial,sans-serif;color:white;background-color:#525D76;font-size:22px;} H2 {font-family:Tahoma,Arial,sans-serif;color:white;background-color:#525D76;font-size:16px;} H3 {font-family:Tahoma,Arial,sans-serif;color:white;background-color:#525D76;font-size:14px;} BODY {font-family:Tahoma,Arial,sans-serif;color:black;background-color:white;} B {font-family:Tahoma,Arial,sans-serif;color:white;background-color:#525D76;} P {font-family:Tahoma,Arial,sans-serif;background:white;color:black;font-size:12px;}A {color : black;}A.name {color : black;}.line {height: 1px; background-color: #525D76; border: none;}&lt;/style&gt; &lt;/head&gt;&lt;body&gt;&lt;h1&gt;HTTP Status 404 - /outlet-pos-api/api/staff/getAllStaffForTerminal&lt;/h1&gt;&lt;div class=&quot;line&quot;&gt;&lt;/div&gt;&lt;p&gt;&lt;b&gt;type&lt;/b&gt; Status report&lt;/p&gt;&lt;p&gt;&lt;b&gt;message&lt;/b&gt; &lt;u&gt;/outlet-pos-api/api/staff/getAllStaffForTerminal&lt;/u&gt;&lt;/p&gt;&lt;p&gt;&lt;b&gt;description&lt;/b&gt; &lt;u&gt;The requested resource is not available.&lt;/u&gt;&lt;/p&gt;&lt;hr class=&quot;line&quot;&gt;&lt;h3&gt;Apache Tomcat/8.5.0&lt;/h3&gt;&lt;/body&gt;&lt;/html&gt;
">
      <![CDATA[java.lang.AssertionError: Status expected:<200 OK> but was:<404 NOT_FOUND>

> POST https://qa3-api.chaipoint.com/outlet-pos-api/api/staff/getAllStaffForTerminal
> WebTestClient-Request-Id: [1]
> service.auth.key: [1234567]
> Content-Type: [application/json]
> Content-Length: [23]

{
  "terminalId": "1"
}

< 404 NOT_FOUND Not Found
< Date: [Wed, 04 Dec 2019 12:37:39 GMT]
< Content-Type: [text/html;charset=utf-8]
< Content-Length: [1086]
< Connection: [keep-alive]
< Server: [Apache-Coyote/1.1]
< Content-Language: [en]

<!DOCTYPE html><html><head><title>Apache Tomcat/8.5.0 - Error report</title><style type="text/css">H1 {font-family:Tahoma,Arial,sans-serif;color:white;background-color:#525D76;font-size:22px;} H2 {font-family:Tahoma,Arial,sans-serif;color:white;background-color:#525D76;font-size:16px;} H3 {font-family:Tahoma,Arial,sans-serif;color:white;background-color:#525D76;font-size:14px;} BODY {font-family:Tahoma,Arial,sans-serif;color:black;background-color:white;} B {font-family:Tahoma,Arial,sans-serif;color:white;background-color:#525D76;} P {font-family:Tahoma,Arial,sans-serif;background:white;color:black;font-size:12px;}A {color : black;}A.name {color : black;}.line {height: 1px; background-color: #525D76; border: none;}</style> </head><body><h1>HTTP Status 404 - /outlet-pos-api/api/staff/getAllStaffForTerminal</h1><div class="line"></div><p><b>type</b> Status report</p><p><b>message</b> <u>/outlet-pos-api/api/staff/getAllStaffForTerminal</u></p><p><b>description</b> <u>The requested resource is not available.</u></p><hr class="line"><h3>Apache Tomcat/8.5.0</h3></body></html>

	at org.springframework.test.web.reactive.server.ExchangeResult.assertWithDiagnostics(ExchangeResult.java:200)
	at org.springframework.test.web.reactive.server.StatusAssertions.assertStatusAndReturn(StatusAssertions.java:227)
	at org.springframework.test.web.reactive.server.StatusAssertions.isOk(StatusAssertions.java:67)
	at cool.fountain.online.web.test.staff.master.TestGetAllStaffForTerminalTestNg.getAllStaffForTerminal(TestGetAllStaffForTerminalTestNg.java:110)
	at cool.fountain.online.web.test.staff.master.TestGetAllStaffForTerminalTestNg.testGetAllStaffForTerminalLoad(TestGetAllStaffForTerminalTestNg.java:96)
	at sun.reflect.GeneratedMethodAccessor49.invoke(Unknown Source)
	at sun.reflect.DelegatingMethodAccessorImpl.invoke(DelegatingMethodAccessorImpl.java:43)
	at java.lang.reflect.Method.invoke(Method.java:498)
	at org.testng.internal.MethodInvocationHelper.invokeMethod(MethodInvocationHelper.java:80)
	at org.testng.internal.MethodInvocationHelper$1.runTestMethod(MethodInvocationHelper.java:182)
	at org.springframework.test.context.testng.AbstractTestNGSpringContextTests.run(AbstractTestNGSpringContextTests.java:180)
	at sun.reflect.GeneratedMethodAccessor44.invoke(Unknown Source)
	at sun.reflect.DelegatingMethodAccessorImpl.invoke(DelegatingMethodAccessorImpl.java:43)
	at java.lang.reflect.Method.invoke(Method.java:498)
	at org.testng.internal.MethodInvocationHelper.invokeHookable(MethodInvocationHelper.java:194)
	at org.testng.internal.Invoker.invokeMethod(Invoker.java:707)
	at org.testng.internal.Invoker.invokeTestMethod(Invoker.java:901)
	at org.testng.internal.Invoker.invokeTestMethods(Invoker.java:1231)
	at org.testng.internal.TestMethodWorker.invokeTestMethods(TestMethodWorker.java:127)
	at org.testng.internal.TestMethodWorker.run(TestMethodWorker.java:111)
	at org.testng.internal.thread.ThreadUtil$2.call(ThreadUtil.java:64)
	at java.util.concurrent.FutureTask.run(FutureTask.java:266)
	at java.util.concurrent.ThreadPoolExecutor.runWorker(ThreadPoolExecutor.java:1149)
	at java.util.concurrent.ThreadPoolExecutor$Worker.run(ThreadPoolExecutor.java:624)
	at java.lang.Thread.run(Thread.java:748)
Caused by: java.lang.AssertionError: Status expected:<200 OK> but was:<404 NOT_FOUND>
	at org.springframework.test.util.AssertionErrors.fail(AssertionErrors.java:55)
	at org.springframework.test.util.AssertionErrors.assertEquals(AssertionErrors.java:82)
	at org.springframework.test.web.reactive.server.StatusAssertions.lambda$assertStatusAndReturn$4(StatusAssertions.java:227)
	at org.springframework.test.web.reactive.server.ExchangeResult.assertWithDiagnostics(ExchangeResult.java:197)
	... 24 more
]]>
    </error>
  </testcase> <!-- testGetAllStaffForTerminalLoad -->
  <testcase name="testGetAllStaffForTerminalLoad" time="0.163" classname="cool.fountain.online.web.test.staff.master.TestGetAllStaffForTerminalTestNg">
    <error type="java.lang.AssertionError" message="Status expected:&lt;200 OK&gt; but was:&lt;404 NOT_FOUND&gt;

&gt; POST https://qa3-api.chaipoint.com/outlet-pos-api/api/staff/getAllStaffForTerminal
&gt; WebTestClient-Request-Id: [1]
&gt; service.auth.key: [1234567]
&gt; Content-Type: [application/json]
&gt; Content-Length: [23]

{
  &quot;terminalId&quot;: &quot;1&quot;
}

&lt; 404 NOT_FOUND Not Found
&lt; Date: [Wed, 04 Dec 2019 12:37:33 GMT]
&lt; Content-Type: [text/html;charset=utf-8]
&lt; Content-Length: [1086]
&lt; Connection: [keep-alive]
&lt; Server: [Apache-Coyote/1.1]
&lt; Content-Language: [en]

&lt;!DOCTYPE html&gt;&lt;html&gt;&lt;head&gt;&lt;title&gt;Apache Tomcat/8.5.0 - Error report&lt;/title&gt;&lt;style type=&quot;text/css&quot;&gt;H1 {font-family:Tahoma,Arial,sans-serif;color:white;background-color:#525D76;font-size:22px;} H2 {font-family:Tahoma,Arial,sans-serif;color:white;background-color:#525D76;font-size:16px;} H3 {font-family:Tahoma,Arial,sans-serif;color:white;background-color:#525D76;font-size:14px;} BODY {font-family:Tahoma,Arial,sans-serif;color:black;background-color:white;} B {font-family:Tahoma,Arial,sans-serif;color:white;background-color:#525D76;} P {font-family:Tahoma,Arial,sans-serif;background:white;color:black;font-size:12px;}A {color : black;}A.name {color : black;}.line {height: 1px; background-color: #525D76; border: none;}&lt;/style&gt; &lt;/head&gt;&lt;body&gt;&lt;h1&gt;HTTP Status 404 - /outlet-pos-api/api/staff/getAllStaffForTerminal&lt;/h1&gt;&lt;div class=&quot;line&quot;&gt;&lt;/div&gt;&lt;p&gt;&lt;b&gt;type&lt;/b&gt; Status report&lt;/p&gt;&lt;p&gt;&lt;b&gt;message&lt;/b&gt; &lt;u&gt;/outlet-pos-api/api/staff/getAllStaffForTerminal&lt;/u&gt;&lt;/p&gt;&lt;p&gt;&lt;b&gt;description&lt;/b&gt; &lt;u&gt;The requested resource is not available.&lt;/u&gt;&lt;/p&gt;&lt;hr class=&quot;line&quot;&gt;&lt;h3&gt;Apache Tomcat/8.5.0&lt;/h3&gt;&lt;/body&gt;&lt;/html&gt;
">
      <![CDATA[java.lang.AssertionError: Status expected:<200 OK> but was:<404 NOT_FOUND>

> POST https://qa3-api.chaipoint.com/outlet-pos-api/api/staff/getAllStaffForTerminal
> WebTestClient-Request-Id: [1]
> service.auth.key: [1234567]
> Content-Type: [application/json]
> Content-Length: [23]

{
  "terminalId": "1"
}

< 404 NOT_FOUND Not Found
< Date: [Wed, 04 Dec 2019 12:37:33 GMT]
< Content-Type: [text/html;charset=utf-8]
< Content-Length: [1086]
< Connection: [keep-alive]
< Server: [Apache-Coyote/1.1]
< Content-Language: [en]

<!DOCTYPE html><html><head><title>Apache Tomcat/8.5.0 - Error report</title><style type="text/css">H1 {font-family:Tahoma,Arial,sans-serif;color:white;background-color:#525D76;font-size:22px;} H2 {font-family:Tahoma,Arial,sans-serif;color:white;background-color:#525D76;font-size:16px;} H3 {font-family:Tahoma,Arial,sans-serif;color:white;background-color:#525D76;font-size:14px;} BODY {font-family:Tahoma,Arial,sans-serif;color:black;background-color:white;} B {font-family:Tahoma,Arial,sans-serif;color:white;background-color:#525D76;} P {font-family:Tahoma,Arial,sans-serif;background:white;color:black;font-size:12px;}A {color : black;}A.name {color : black;}.line {height: 1px; background-color: #525D76; border: none;}</style> </head><body><h1>HTTP Status 404 - /outlet-pos-api/api/staff/getAllStaffForTerminal</h1><div class="line"></div><p><b>type</b> Status report</p><p><b>message</b> <u>/outlet-pos-api/api/staff/getAllStaffForTerminal</u></p><p><b>description</b> <u>The requested resource is not available.</u></p><hr class="line"><h3>Apache Tomcat/8.5.0</h3></body></html>

	at org.springframework.test.web.reactive.server.ExchangeResult.assertWithDiagnostics(ExchangeResult.java:200)
	at org.springframework.test.web.reactive.server.StatusAssertions.assertStatusAndReturn(StatusAssertions.java:227)
	at org.springframework.test.web.reactive.server.StatusAssertions.isOk(StatusAssertions.java:67)
	at cool.fountain.online.web.test.staff.master.TestGetAllStaffForTerminalTestNg.getAllStaffForTerminal(TestGetAllStaffForTerminalTestNg.java:110)
	at cool.fountain.online.web.test.staff.master.TestGetAllStaffForTerminalTestNg.testGetAllStaffForTerminalLoad(TestGetAllStaffForTerminalTestNg.java:96)
	at sun.reflect.GeneratedMethodAccessor49.invoke(Unknown Source)
	at sun.reflect.DelegatingMethodAccessorImpl.invoke(DelegatingMethodAccessorImpl.java:43)
	at java.lang.reflect.Method.invoke(Method.java:498)
	at org.testng.internal.MethodInvocationHelper.invokeMethod(MethodInvocationHelper.java:80)
	at org.testng.internal.MethodInvocationHelper$1.runTestMethod(MethodInvocationHelper.java:182)
	at org.springframework.test.context.testng.AbstractTestNGSpringContextTests.run(AbstractTestNGSpringContextTests.java:180)
	at sun.reflect.GeneratedMethodAccessor44.invoke(Unknown Source)
	at sun.reflect.DelegatingMethodAccessorImpl.invoke(DelegatingMethodAccessorImpl.java:43)
	at java.lang.reflect.Method.invoke(Method.java:498)
	at org.testng.internal.MethodInvocationHelper.invokeHookable(MethodInvocationHelper.java:194)
	at org.testng.internal.Invoker.invokeMethod(Invoker.java:707)
	at org.testng.internal.Invoker.invokeTestMethod(Invoker.java:901)
	at org.testng.internal.Invoker.invokeTestMethods(Invoker.java:1231)
	at org.testng.internal.TestMethodWorker.invokeTestMethods(TestMethodWorker.java:127)
	at org.testng.internal.TestMethodWorker.run(TestMethodWorker.java:111)
	at org.testng.internal.thread.ThreadUtil$2.call(ThreadUtil.java:64)
	at java.util.concurrent.FutureTask.run(FutureTask.java:266)
	at java.util.concurrent.ThreadPoolExecutor.runWorker(ThreadPoolExecutor.java:1149)
	at java.util.concurrent.ThreadPoolExecutor$Worker.run(ThreadPoolExecutor.java:624)
	at java.lang.Thread.run(Thread.java:748)
Caused by: java.lang.AssertionError: Status expected:<200 OK> but was:<404 NOT_FOUND>
	at org.springframework.test.util.AssertionErrors.fail(AssertionErrors.java:55)
	at org.springframework.test.util.AssertionErrors.assertEquals(AssertionErrors.java:82)
	at org.springframework.test.web.reactive.server.StatusAssertions.lambda$assertStatusAndReturn$4(StatusAssertions.java:227)
	at org.springframework.test.web.reactive.server.ExchangeResult.assertWithDiagnostics(ExchangeResult.java:197)
	... 24 more
]]>
    </error>
  </testcase> <!-- testGetAllStaffForTerminalLoad -->
  <testcase name="testGetAllStaffForTerminalLoad" time="2.580" classname="cool.fountain.online.web.test.staff.master.TestGetAllStaffForTerminalTestNg"/>
  <testcase name="testGetAllStaffForTerminalLoad" time="3.026" classname="cool.fountain.online.web.test.staff.master.TestGetAllStaffForTerminalTestNg"/>
  <testcase name="testGetAllStaffForTerminalLoad" time="0.145" classname="cool.fountain.online.web.test.staff.master.TestGetAllStaffForTerminalTestNg">
    <error type="java.lang.AssertionError" message="Status expected:&lt;200 OK&gt; but was:&lt;404 NOT_FOUND&gt;

&gt; POST https://qa3-api.chaipoint.com/outlet-pos-api/api/staff/getAllStaffForTerminal
&gt; WebTestClient-Request-Id: [1]
&gt; service.auth.key: [1234567]
&gt; Content-Type: [application/json]
&gt; Content-Length: [23]

{
  &quot;terminalId&quot;: &quot;1&quot;
}

&lt; 404 NOT_FOUND Not Found
&lt; Date: [Wed, 04 Dec 2019 12:37:34 GMT]
&lt; Content-Type: [text/html;charset=utf-8]
&lt; Content-Length: [1086]
&lt; Connection: [keep-alive]
&lt; Server: [Apache-Coyote/1.1]
&lt; Content-Language: [en]

&lt;!DOCTYPE html&gt;&lt;html&gt;&lt;head&gt;&lt;title&gt;Apache Tomcat/8.5.0 - Error report&lt;/title&gt;&lt;style type=&quot;text/css&quot;&gt;H1 {font-family:Tahoma,Arial,sans-serif;color:white;background-color:#525D76;font-size:22px;} H2 {font-family:Tahoma,Arial,sans-serif;color:white;background-color:#525D76;font-size:16px;} H3 {font-family:Tahoma,Arial,sans-serif;color:white;background-color:#525D76;font-size:14px;} BODY {font-family:Tahoma,Arial,sans-serif;color:black;background-color:white;} B {font-family:Tahoma,Arial,sans-serif;color:white;background-color:#525D76;} P {font-family:Tahoma,Arial,sans-serif;background:white;color:black;font-size:12px;}A {color : black;}A.name {color : black;}.line {height: 1px; background-color: #525D76; border: none;}&lt;/style&gt; &lt;/head&gt;&lt;body&gt;&lt;h1&gt;HTTP Status 404 - /outlet-pos-api/api/staff/getAllStaffForTerminal&lt;/h1&gt;&lt;div class=&quot;line&quot;&gt;&lt;/div&gt;&lt;p&gt;&lt;b&gt;type&lt;/b&gt; Status report&lt;/p&gt;&lt;p&gt;&lt;b&gt;message&lt;/b&gt; &lt;u&gt;/outlet-pos-api/api/staff/getAllStaffForTerminal&lt;/u&gt;&lt;/p&gt;&lt;p&gt;&lt;b&gt;description&lt;/b&gt; &lt;u&gt;The requested resource is not available.&lt;/u&gt;&lt;/p&gt;&lt;hr class=&quot;line&quot;&gt;&lt;h3&gt;Apache Tomcat/8.5.0&lt;/h3&gt;&lt;/body&gt;&lt;/html&gt;
">
      <![CDATA[java.lang.AssertionError: Status expected:<200 OK> but was:<404 NOT_FOUND>

> POST https://qa3-api.chaipoint.com/outlet-pos-api/api/staff/getAllStaffForTerminal
> WebTestClient-Request-Id: [1]
> service.auth.key: [1234567]
> Content-Type: [application/json]
> Content-Length: [23]

{
  "terminalId": "1"
}

< 404 NOT_FOUND Not Found
< Date: [Wed, 04 Dec 2019 12:37:34 GMT]
< Content-Type: [text/html;charset=utf-8]
< Content-Length: [1086]
< Connection: [keep-alive]
< Server: [Apache-Coyote/1.1]
< Content-Language: [en]

<!DOCTYPE html><html><head><title>Apache Tomcat/8.5.0 - Error report</title><style type="text/css">H1 {font-family:Tahoma,Arial,sans-serif;color:white;background-color:#525D76;font-size:22px;} H2 {font-family:Tahoma,Arial,sans-serif;color:white;background-color:#525D76;font-size:16px;} H3 {font-family:Tahoma,Arial,sans-serif;color:white;background-color:#525D76;font-size:14px;} BODY {font-family:Tahoma,Arial,sans-serif;color:black;background-color:white;} B {font-family:Tahoma,Arial,sans-serif;color:white;background-color:#525D76;} P {font-family:Tahoma,Arial,sans-serif;background:white;color:black;font-size:12px;}A {color : black;}A.name {color : black;}.line {height: 1px; background-color: #525D76; border: none;}</style> </head><body><h1>HTTP Status 404 - /outlet-pos-api/api/staff/getAllStaffForTerminal</h1><div class="line"></div><p><b>type</b> Status report</p><p><b>message</b> <u>/outlet-pos-api/api/staff/getAllStaffForTerminal</u></p><p><b>description</b> <u>The requested resource is not available.</u></p><hr class="line"><h3>Apache Tomcat/8.5.0</h3></body></html>

	at org.springframework.test.web.reactive.server.ExchangeResult.assertWithDiagnostics(ExchangeResult.java:200)
	at org.springframework.test.web.reactive.server.StatusAssertions.assertStatusAndReturn(StatusAssertions.java:227)
	at org.springframework.test.web.reactive.server.StatusAssertions.isOk(StatusAssertions.java:67)
	at cool.fountain.online.web.test.staff.master.TestGetAllStaffForTerminalTestNg.getAllStaffForTerminal(TestGetAllStaffForTerminalTestNg.java:110)
	at cool.fountain.online.web.test.staff.master.TestGetAllStaffForTerminalTestNg.testGetAllStaffForTerminalLoad(TestGetAllStaffForTerminalTestNg.java:96)
	at sun.reflect.GeneratedMethodAccessor49.invoke(Unknown Source)
	at sun.reflect.DelegatingMethodAccessorImpl.invoke(DelegatingMethodAccessorImpl.java:43)
	at java.lang.reflect.Method.invoke(Method.java:498)
	at org.testng.internal.MethodInvocationHelper.invokeMethod(MethodInvocationHelper.java:80)
	at org.testng.internal.MethodInvocationHelper$1.runTestMethod(MethodInvocationHelper.java:182)
	at org.springframework.test.context.testng.AbstractTestNGSpringContextTests.run(AbstractTestNGSpringContextTests.java:180)
	at sun.reflect.GeneratedMethodAccessor44.invoke(Unknown Source)
	at sun.reflect.DelegatingMethodAccessorImpl.invoke(DelegatingMethodAccessorImpl.java:43)
	at java.lang.reflect.Method.invoke(Method.java:498)
	at org.testng.internal.MethodInvocationHelper.invokeHookable(MethodInvocationHelper.java:194)
	at org.testng.internal.Invoker.invokeMethod(Invoker.java:707)
	at org.testng.internal.Invoker.invokeTestMethod(Invoker.java:901)
	at org.testng.internal.Invoker.invokeTestMethods(Invoker.java:1231)
	at org.testng.internal.TestMethodWorker.invokeTestMethods(TestMethodWorker.java:127)
	at org.testng.internal.TestMethodWorker.run(TestMethodWorker.java:111)
	at org.testng.internal.thread.ThreadUtil$2.call(ThreadUtil.java:64)
	at java.util.concurrent.FutureTask.run(FutureTask.java:266)
	at java.util.concurrent.ThreadPoolExecutor.runWorker(ThreadPoolExecutor.java:1149)
	at java.util.concurrent.ThreadPoolExecutor$Worker.run(ThreadPoolExecutor.java:624)
	at java.lang.Thread.run(Thread.java:748)
Caused by: java.lang.AssertionError: Status expected:<200 OK> but was:<404 NOT_FOUND>
	at org.springframework.test.util.AssertionErrors.fail(AssertionErrors.java:55)
	at org.springframework.test.util.AssertionErrors.assertEquals(AssertionErrors.java:82)
	at org.springframework.test.web.reactive.server.StatusAssertions.lambda$assertStatusAndReturn$4(StatusAssertions.java:227)
	at org.springframework.test.web.reactive.server.ExchangeResult.assertWithDiagnostics(ExchangeResult.java:197)
	... 24 more
]]>
    </error>
  </testcase> <!-- testGetAllStaffForTerminalLoad -->
  <testcase name="testGetAllStaffForTerminalLoad" time="0.195" classname="cool.fountain.online.web.test.staff.master.TestGetAllStaffForTerminalTestNg">
    <error type="java.lang.AssertionError" message="Status expected:&lt;200 OK&gt; but was:&lt;404 NOT_FOUND&gt;

&gt; POST https://qa3-api.chaipoint.com/outlet-pos-api/api/staff/getAllStaffForTerminal
&gt; WebTestClient-Request-Id: [1]
&gt; service.auth.key: [1234567]
&gt; Content-Type: [application/json]
&gt; Content-Length: [23]

{
  &quot;terminalId&quot;: &quot;1&quot;
}

&lt; 404 NOT_FOUND Not Found
&lt; Date: [Wed, 04 Dec 2019 12:37:38 GMT]
&lt; Content-Type: [text/html;charset=utf-8]
&lt; Content-Length: [1086]
&lt; Connection: [keep-alive]
&lt; Server: [Apache-Coyote/1.1]
&lt; Content-Language: [en]

&lt;!DOCTYPE html&gt;&lt;html&gt;&lt;head&gt;&lt;title&gt;Apache Tomcat/8.5.0 - Error report&lt;/title&gt;&lt;style type=&quot;text/css&quot;&gt;H1 {font-family:Tahoma,Arial,sans-serif;color:white;background-color:#525D76;font-size:22px;} H2 {font-family:Tahoma,Arial,sans-serif;color:white;background-color:#525D76;font-size:16px;} H3 {font-family:Tahoma,Arial,sans-serif;color:white;background-color:#525D76;font-size:14px;} BODY {font-family:Tahoma,Arial,sans-serif;color:black;background-color:white;} B {font-family:Tahoma,Arial,sans-serif;color:white;background-color:#525D76;} P {font-family:Tahoma,Arial,sans-serif;background:white;color:black;font-size:12px;}A {color : black;}A.name {color : black;}.line {height: 1px; background-color: #525D76; border: none;}&lt;/style&gt; &lt;/head&gt;&lt;body&gt;&lt;h1&gt;HTTP Status 404 - /outlet-pos-api/api/staff/getAllStaffForTerminal&lt;/h1&gt;&lt;div class=&quot;line&quot;&gt;&lt;/div&gt;&lt;p&gt;&lt;b&gt;type&lt;/b&gt; Status report&lt;/p&gt;&lt;p&gt;&lt;b&gt;message&lt;/b&gt; &lt;u&gt;/outlet-pos-api/api/staff/getAllStaffForTerminal&lt;/u&gt;&lt;/p&gt;&lt;p&gt;&lt;b&gt;description&lt;/b&gt; &lt;u&gt;The requested resource is not available.&lt;/u&gt;&lt;/p&gt;&lt;hr class=&quot;line&quot;&gt;&lt;h3&gt;Apache Tomcat/8.5.0&lt;/h3&gt;&lt;/body&gt;&lt;/html&gt;
">
      <![CDATA[java.lang.AssertionError: Status expected:<200 OK> but was:<404 NOT_FOUND>

> POST https://qa3-api.chaipoint.com/outlet-pos-api/api/staff/getAllStaffForTerminal
> WebTestClient-Request-Id: [1]
> service.auth.key: [1234567]
> Content-Type: [application/json]
> Content-Length: [23]

{
  "terminalId": "1"
}

< 404 NOT_FOUND Not Found
< Date: [Wed, 04 Dec 2019 12:37:38 GMT]
< Content-Type: [text/html;charset=utf-8]
< Content-Length: [1086]
< Connection: [keep-alive]
< Server: [Apache-Coyote/1.1]
< Content-Language: [en]

<!DOCTYPE html><html><head><title>Apache Tomcat/8.5.0 - Error report</title><style type="text/css">H1 {font-family:Tahoma,Arial,sans-serif;color:white;background-color:#525D76;font-size:22px;} H2 {font-family:Tahoma,Arial,sans-serif;color:white;background-color:#525D76;font-size:16px;} H3 {font-family:Tahoma,Arial,sans-serif;color:white;background-color:#525D76;font-size:14px;} BODY {font-family:Tahoma,Arial,sans-serif;color:black;background-color:white;} B {font-family:Tahoma,Arial,sans-serif;color:white;background-color:#525D76;} P {font-family:Tahoma,Arial,sans-serif;background:white;color:black;font-size:12px;}A {color : black;}A.name {color : black;}.line {height: 1px; background-color: #525D76; border: none;}</style> </head><body><h1>HTTP Status 404 - /outlet-pos-api/api/staff/getAllStaffForTerminal</h1><div class="line"></div><p><b>type</b> Status report</p><p><b>message</b> <u>/outlet-pos-api/api/staff/getAllStaffForTerminal</u></p><p><b>description</b> <u>The requested resource is not available.</u></p><hr class="line"><h3>Apache Tomcat/8.5.0</h3></body></html>

	at org.springframework.test.web.reactive.server.ExchangeResult.assertWithDiagnostics(ExchangeResult.java:200)
	at org.springframework.test.web.reactive.server.StatusAssertions.assertStatusAndReturn(StatusAssertions.java:227)
	at org.springframework.test.web.reactive.server.StatusAssertions.isOk(StatusAssertions.java:67)
	at cool.fountain.online.web.test.staff.master.TestGetAllStaffForTerminalTestNg.getAllStaffForTerminal(TestGetAllStaffForTerminalTestNg.java:110)
	at cool.fountain.online.web.test.staff.master.TestGetAllStaffForTerminalTestNg.testGetAllStaffForTerminalLoad(TestGetAllStaffForTerminalTestNg.java:96)
	at sun.reflect.GeneratedMethodAccessor49.invoke(Unknown Source)
	at sun.reflect.DelegatingMethodAccessorImpl.invoke(DelegatingMethodAccessorImpl.java:43)
	at java.lang.reflect.Method.invoke(Method.java:498)
	at org.testng.internal.MethodInvocationHelper.invokeMethod(MethodInvocationHelper.java:80)
	at org.testng.internal.MethodInvocationHelper$1.runTestMethod(MethodInvocationHelper.java:182)
	at org.springframework.test.context.testng.AbstractTestNGSpringContextTests.run(AbstractTestNGSpringContextTests.java:180)
	at sun.reflect.GeneratedMethodAccessor44.invoke(Unknown Source)
	at sun.reflect.DelegatingMethodAccessorImpl.invoke(DelegatingMethodAccessorImpl.java:43)
	at java.lang.reflect.Method.invoke(Method.java:498)
	at org.testng.internal.MethodInvocationHelper.invokeHookable(MethodInvocationHelper.java:194)
	at org.testng.internal.Invoker.invokeMethod(Invoker.java:707)
	at org.testng.internal.Invoker.invokeTestMethod(Invoker.java:901)
	at org.testng.internal.Invoker.invokeTestMethods(Invoker.java:1231)
	at org.testng.internal.TestMethodWorker.invokeTestMethods(TestMethodWorker.java:127)
	at org.testng.internal.TestMethodWorker.run(TestMethodWorker.java:111)
	at org.testng.internal.thread.ThreadUtil$2.call(ThreadUtil.java:64)
	at java.util.concurrent.FutureTask.run(FutureTask.java:266)
	at java.util.concurrent.ThreadPoolExecutor.runWorker(ThreadPoolExecutor.java:1149)
	at java.util.concurrent.ThreadPoolExecutor$Worker.run(ThreadPoolExecutor.java:624)
	at java.lang.Thread.run(Thread.java:748)
Caused by: java.lang.AssertionError: Status expected:<200 OK> but was:<404 NOT_FOUND>
	at org.springframework.test.util.AssertionErrors.fail(AssertionErrors.java:55)
	at org.springframework.test.util.AssertionErrors.assertEquals(AssertionErrors.java:82)
	at org.springframework.test.web.reactive.server.StatusAssertions.lambda$assertStatusAndReturn$4(StatusAssertions.java:227)
	at org.springframework.test.web.reactive.server.ExchangeResult.assertWithDiagnostics(ExchangeResult.java:197)
	... 24 more
]]>
    </error>
  </testcase> <!-- testGetAllStaffForTerminalLoad -->
  <testcase name="testGetAllStaffForTerminalLoad" time="0.145" classname="cool.fountain.online.web.test.staff.master.TestGetAllStaffForTerminalTestNg">
    <error type="java.lang.AssertionError" message="Status expected:&lt;200 OK&gt; but was:&lt;404 NOT_FOUND&gt;

&gt; POST https://qa3-api.chaipoint.com/outlet-pos-api/api/staff/getAllStaffForTerminal
&gt; WebTestClient-Request-Id: [1]
&gt; service.auth.key: [1234567]
&gt; Content-Type: [application/json]
&gt; Content-Length: [23]

{
  &quot;terminalId&quot;: &quot;1&quot;
}

&lt; 404 NOT_FOUND Not Found
&lt; Date: [Wed, 04 Dec 2019 12:37:34 GMT]
&lt; Content-Type: [text/html;charset=utf-8]
&lt; Content-Length: [1086]
&lt; Connection: [keep-alive]
&lt; Server: [Apache-Coyote/1.1]
&lt; Content-Language: [en]

&lt;!DOCTYPE html&gt;&lt;html&gt;&lt;head&gt;&lt;title&gt;Apache Tomcat/8.5.0 - Error report&lt;/title&gt;&lt;style type=&quot;text/css&quot;&gt;H1 {font-family:Tahoma,Arial,sans-serif;color:white;background-color:#525D76;font-size:22px;} H2 {font-family:Tahoma,Arial,sans-serif;color:white;background-color:#525D76;font-size:16px;} H3 {font-family:Tahoma,Arial,sans-serif;color:white;background-color:#525D76;font-size:14px;} BODY {font-family:Tahoma,Arial,sans-serif;color:black;background-color:white;} B {font-family:Tahoma,Arial,sans-serif;color:white;background-color:#525D76;} P {font-family:Tahoma,Arial,sans-serif;background:white;color:black;font-size:12px;}A {color : black;}A.name {color : black;}.line {height: 1px; background-color: #525D76; border: none;}&lt;/style&gt; &lt;/head&gt;&lt;body&gt;&lt;h1&gt;HTTP Status 404 - /outlet-pos-api/api/staff/getAllStaffForTerminal&lt;/h1&gt;&lt;div class=&quot;line&quot;&gt;&lt;/div&gt;&lt;p&gt;&lt;b&gt;type&lt;/b&gt; Status report&lt;/p&gt;&lt;p&gt;&lt;b&gt;message&lt;/b&gt; &lt;u&gt;/outlet-pos-api/api/staff/getAllStaffForTerminal&lt;/u&gt;&lt;/p&gt;&lt;p&gt;&lt;b&gt;description&lt;/b&gt; &lt;u&gt;The requested resource is not available.&lt;/u&gt;&lt;/p&gt;&lt;hr class=&quot;line&quot;&gt;&lt;h3&gt;Apache Tomcat/8.5.0&lt;/h3&gt;&lt;/body&gt;&lt;/html&gt;
">
      <![CDATA[java.lang.AssertionError: Status expected:<200 OK> but was:<404 NOT_FOUND>

> POST https://qa3-api.chaipoint.com/outlet-pos-api/api/staff/getAllStaffForTerminal
> WebTestClient-Request-Id: [1]
> service.auth.key: [1234567]
> Content-Type: [application/json]
> Content-Length: [23]

{
  "terminalId": "1"
}

< 404 NOT_FOUND Not Found
< Date: [Wed, 04 Dec 2019 12:37:34 GMT]
< Content-Type: [text/html;charset=utf-8]
< Content-Length: [1086]
< Connection: [keep-alive]
< Server: [Apache-Coyote/1.1]
< Content-Language: [en]

<!DOCTYPE html><html><head><title>Apache Tomcat/8.5.0 - Error report</title><style type="text/css">H1 {font-family:Tahoma,Arial,sans-serif;color:white;background-color:#525D76;font-size:22px;} H2 {font-family:Tahoma,Arial,sans-serif;color:white;background-color:#525D76;font-size:16px;} H3 {font-family:Tahoma,Arial,sans-serif;color:white;background-color:#525D76;font-size:14px;} BODY {font-family:Tahoma,Arial,sans-serif;color:black;background-color:white;} B {font-family:Tahoma,Arial,sans-serif;color:white;background-color:#525D76;} P {font-family:Tahoma,Arial,sans-serif;background:white;color:black;font-size:12px;}A {color : black;}A.name {color : black;}.line {height: 1px; background-color: #525D76; border: none;}</style> </head><body><h1>HTTP Status 404 - /outlet-pos-api/api/staff/getAllStaffForTerminal</h1><div class="line"></div><p><b>type</b> Status report</p><p><b>message</b> <u>/outlet-pos-api/api/staff/getAllStaffForTerminal</u></p><p><b>description</b> <u>The requested resource is not available.</u></p><hr class="line"><h3>Apache Tomcat/8.5.0</h3></body></html>

	at org.springframework.test.web.reactive.server.ExchangeResult.assertWithDiagnostics(ExchangeResult.java:200)
	at org.springframework.test.web.reactive.server.StatusAssertions.assertStatusAndReturn(StatusAssertions.java:227)
	at org.springframework.test.web.reactive.server.StatusAssertions.isOk(StatusAssertions.java:67)
	at cool.fountain.online.web.test.staff.master.TestGetAllStaffForTerminalTestNg.getAllStaffForTerminal(TestGetAllStaffForTerminalTestNg.java:110)
	at cool.fountain.online.web.test.staff.master.TestGetAllStaffForTerminalTestNg.testGetAllStaffForTerminalLoad(TestGetAllStaffForTerminalTestNg.java:96)
	at sun.reflect.GeneratedMethodAccessor49.invoke(Unknown Source)
	at sun.reflect.DelegatingMethodAccessorImpl.invoke(DelegatingMethodAccessorImpl.java:43)
	at java.lang.reflect.Method.invoke(Method.java:498)
	at org.testng.internal.MethodInvocationHelper.invokeMethod(MethodInvocationHelper.java:80)
	at org.testng.internal.MethodInvocationHelper$1.runTestMethod(MethodInvocationHelper.java:182)
	at org.springframework.test.context.testng.AbstractTestNGSpringContextTests.run(AbstractTestNGSpringContextTests.java:180)
	at sun.reflect.GeneratedMethodAccessor44.invoke(Unknown Source)
	at sun.reflect.DelegatingMethodAccessorImpl.invoke(DelegatingMethodAccessorImpl.java:43)
	at java.lang.reflect.Method.invoke(Method.java:498)
	at org.testng.internal.MethodInvocationHelper.invokeHookable(MethodInvocationHelper.java:194)
	at org.testng.internal.Invoker.invokeMethod(Invoker.java:707)
	at org.testng.internal.Invoker.invokeTestMethod(Invoker.java:901)
	at org.testng.internal.Invoker.invokeTestMethods(Invoker.java:1231)
	at org.testng.internal.TestMethodWorker.invokeTestMethods(TestMethodWorker.java:127)
	at org.testng.internal.TestMethodWorker.run(TestMethodWorker.java:111)
	at org.testng.internal.thread.ThreadUtil$2.call(ThreadUtil.java:64)
	at java.util.concurrent.FutureTask.run(FutureTask.java:266)
	at java.util.concurrent.ThreadPoolExecutor.runWorker(ThreadPoolExecutor.java:1149)
	at java.util.concurrent.ThreadPoolExecutor$Worker.run(ThreadPoolExecutor.java:624)
	at java.lang.Thread.run(Thread.java:748)
Caused by: java.lang.AssertionError: Status expected:<200 OK> but was:<404 NOT_FOUND>
	at org.springframework.test.util.AssertionErrors.fail(AssertionErrors.java:55)
	at org.springframework.test.util.AssertionErrors.assertEquals(AssertionErrors.java:82)
	at org.springframework.test.web.reactive.server.StatusAssertions.lambda$assertStatusAndReturn$4(StatusAssertions.java:227)
	at org.springframework.test.web.reactive.server.ExchangeResult.assertWithDiagnostics(ExchangeResult.java:197)
	... 24 more
]]>
    </error>
  </testcase> <!-- testGetAllStaffForTerminalLoad -->
  <testcase name="testGetAllStaffForTerminalLoad" time="1.422" classname="cool.fountain.online.web.test.staff.master.TestGetAllStaffForTerminalTestNg"/>
  <testcase name="testGetAllStaffForTerminalLoad" time="0.198" classname="cool.fountain.online.web.test.staff.master.TestGetAllStaffForTerminalTestNg">
    <error type="java.lang.AssertionError" message="Status expected:&lt;200 OK&gt; but was:&lt;404 NOT_FOUND&gt;

&gt; POST https://qa3-api.chaipoint.com/outlet-pos-api/api/staff/getAllStaffForTerminal
&gt; WebTestClient-Request-Id: [1]
&gt; service.auth.key: [1234567]
&gt; Content-Type: [application/json]
&gt; Content-Length: [23]

{
  &quot;terminalId&quot;: &quot;1&quot;
}

&lt; 404 NOT_FOUND Not Found
&lt; Date: [Wed, 04 Dec 2019 12:37:29 GMT]
&lt; Content-Type: [text/html;charset=utf-8]
&lt; Content-Length: [1086]
&lt; Connection: [keep-alive]
&lt; Server: [Apache-Coyote/1.1]
&lt; Content-Language: [en]

&lt;!DOCTYPE html&gt;&lt;html&gt;&lt;head&gt;&lt;title&gt;Apache Tomcat/8.5.0 - Error report&lt;/title&gt;&lt;style type=&quot;text/css&quot;&gt;H1 {font-family:Tahoma,Arial,sans-serif;color:white;background-color:#525D76;font-size:22px;} H2 {font-family:Tahoma,Arial,sans-serif;color:white;background-color:#525D76;font-size:16px;} H3 {font-family:Tahoma,Arial,sans-serif;color:white;background-color:#525D76;font-size:14px;} BODY {font-family:Tahoma,Arial,sans-serif;color:black;background-color:white;} B {font-family:Tahoma,Arial,sans-serif;color:white;background-color:#525D76;} P {font-family:Tahoma,Arial,sans-serif;background:white;color:black;font-size:12px;}A {color : black;}A.name {color : black;}.line {height: 1px; background-color: #525D76; border: none;}&lt;/style&gt; &lt;/head&gt;&lt;body&gt;&lt;h1&gt;HTTP Status 404 - /outlet-pos-api/api/staff/getAllStaffForTerminal&lt;/h1&gt;&lt;div class=&quot;line&quot;&gt;&lt;/div&gt;&lt;p&gt;&lt;b&gt;type&lt;/b&gt; Status report&lt;/p&gt;&lt;p&gt;&lt;b&gt;message&lt;/b&gt; &lt;u&gt;/outlet-pos-api/api/staff/getAllStaffForTerminal&lt;/u&gt;&lt;/p&gt;&lt;p&gt;&lt;b&gt;description&lt;/b&gt; &lt;u&gt;The requested resource is not available.&lt;/u&gt;&lt;/p&gt;&lt;hr class=&quot;line&quot;&gt;&lt;h3&gt;Apache Tomcat/8.5.0&lt;/h3&gt;&lt;/body&gt;&lt;/html&gt;
">
      <![CDATA[java.lang.AssertionError: Status expected:<200 OK> but was:<404 NOT_FOUND>

> POST https://qa3-api.chaipoint.com/outlet-pos-api/api/staff/getAllStaffForTerminal
> WebTestClient-Request-Id: [1]
> service.auth.key: [1234567]
> Content-Type: [application/json]
> Content-Length: [23]

{
  "terminalId": "1"
}

< 404 NOT_FOUND Not Found
< Date: [Wed, 04 Dec 2019 12:37:29 GMT]
< Content-Type: [text/html;charset=utf-8]
< Content-Length: [1086]
< Connection: [keep-alive]
< Server: [Apache-Coyote/1.1]
< Content-Language: [en]

<!DOCTYPE html><html><head><title>Apache Tomcat/8.5.0 - Error report</title><style type="text/css">H1 {font-family:Tahoma,Arial,sans-serif;color:white;background-color:#525D76;font-size:22px;} H2 {font-family:Tahoma,Arial,sans-serif;color:white;background-color:#525D76;font-size:16px;} H3 {font-family:Tahoma,Arial,sans-serif;color:white;background-color:#525D76;font-size:14px;} BODY {font-family:Tahoma,Arial,sans-serif;color:black;background-color:white;} B {font-family:Tahoma,Arial,sans-serif;color:white;background-color:#525D76;} P {font-family:Tahoma,Arial,sans-serif;background:white;color:black;font-size:12px;}A {color : black;}A.name {color : black;}.line {height: 1px; background-color: #525D76; border: none;}</style> </head><body><h1>HTTP Status 404 - /outlet-pos-api/api/staff/getAllStaffForTerminal</h1><div class="line"></div><p><b>type</b> Status report</p><p><b>message</b> <u>/outlet-pos-api/api/staff/getAllStaffForTerminal</u></p><p><b>description</b> <u>The requested resource is not available.</u></p><hr class="line"><h3>Apache Tomcat/8.5.0</h3></body></html>

	at org.springframework.test.web.reactive.server.ExchangeResult.assertWithDiagnostics(ExchangeResult.java:200)
	at org.springframework.test.web.reactive.server.StatusAssertions.assertStatusAndReturn(StatusAssertions.java:227)
	at org.springframework.test.web.reactive.server.StatusAssertions.isOk(StatusAssertions.java:67)
	at cool.fountain.online.web.test.staff.master.TestGetAllStaffForTerminalTestNg.getAllStaffForTerminal(TestGetAllStaffForTerminalTestNg.java:110)
	at cool.fountain.online.web.test.staff.master.TestGetAllStaffForTerminalTestNg.testGetAllStaffForTerminalLoad(TestGetAllStaffForTerminalTestNg.java:96)
	at sun.reflect.GeneratedMethodAccessor49.invoke(Unknown Source)
	at sun.reflect.DelegatingMethodAccessorImpl.invoke(DelegatingMethodAccessorImpl.java:43)
	at java.lang.reflect.Method.invoke(Method.java:498)
	at org.testng.internal.MethodInvocationHelper.invokeMethod(MethodInvocationHelper.java:80)
	at org.testng.internal.MethodInvocationHelper$1.runTestMethod(MethodInvocationHelper.java:182)
	at org.springframework.test.context.testng.AbstractTestNGSpringContextTests.run(AbstractTestNGSpringContextTests.java:180)
	at sun.reflect.GeneratedMethodAccessor44.invoke(Unknown Source)
	at sun.reflect.DelegatingMethodAccessorImpl.invoke(DelegatingMethodAccessorImpl.java:43)
	at java.lang.reflect.Method.invoke(Method.java:498)
	at org.testng.internal.MethodInvocationHelper.invokeHookable(MethodInvocationHelper.java:194)
	at org.testng.internal.Invoker.invokeMethod(Invoker.java:707)
	at org.testng.internal.Invoker.invokeTestMethod(Invoker.java:901)
	at org.testng.internal.Invoker.invokeTestMethods(Invoker.java:1231)
	at org.testng.internal.TestMethodWorker.invokeTestMethods(TestMethodWorker.java:127)
	at org.testng.internal.TestMethodWorker.run(TestMethodWorker.java:111)
	at org.testng.internal.thread.ThreadUtil$2.call(ThreadUtil.java:64)
	at java.util.concurrent.FutureTask.run(FutureTask.java:266)
	at java.util.concurrent.ThreadPoolExecutor.runWorker(ThreadPoolExecutor.java:1149)
	at java.util.concurrent.ThreadPoolExecutor$Worker.run(ThreadPoolExecutor.java:624)
	at java.lang.Thread.run(Thread.java:748)
Caused by: java.lang.AssertionError: Status expected:<200 OK> but was:<404 NOT_FOUND>
	at org.springframework.test.util.AssertionErrors.fail(AssertionErrors.java:55)
	at org.springframework.test.util.AssertionErrors.assertEquals(AssertionErrors.java:82)
	at org.springframework.test.web.reactive.server.StatusAssertions.lambda$assertStatusAndReturn$4(StatusAssertions.java:227)
	at org.springframework.test.web.reactive.server.ExchangeResult.assertWithDiagnostics(ExchangeResult.java:197)
	... 24 more
]]>
    </error>
  </testcase> <!-- testGetAllStaffForTerminalLoad -->
  <testcase name="testGetAllStaffForTerminalLoad" time="2.265" classname="cool.fountain.online.web.test.staff.master.TestGetAllStaffForTerminalTestNg"/>
  <testcase name="testGetAllStaffForTerminalLoad" time="0.112" classname="cool.fountain.online.web.test.staff.master.TestGetAllStaffForTerminalTestNg">
    <error type="java.lang.AssertionError" message="Status expected:&lt;200 OK&gt; but was:&lt;404 NOT_FOUND&gt;

&gt; POST https://qa3-api.chaipoint.com/outlet-pos-api/api/staff/getAllStaffForTerminal
&gt; WebTestClient-Request-Id: [1]
&gt; service.auth.key: [1234567]
&gt; Content-Type: [application/json]
&gt; Content-Length: [23]

{
  &quot;terminalId&quot;: &quot;1&quot;
}

&lt; 404 NOT_FOUND Not Found
&lt; Date: [Wed, 04 Dec 2019 12:37:39 GMT]
&lt; Content-Type: [text/html;charset=utf-8]
&lt; Content-Length: [1086]
&lt; Connection: [keep-alive]
&lt; Server: [Apache-Coyote/1.1]
&lt; Content-Language: [en]

&lt;!DOCTYPE html&gt;&lt;html&gt;&lt;head&gt;&lt;title&gt;Apache Tomcat/8.5.0 - Error report&lt;/title&gt;&lt;style type=&quot;text/css&quot;&gt;H1 {font-family:Tahoma,Arial,sans-serif;color:white;background-color:#525D76;font-size:22px;} H2 {font-family:Tahoma,Arial,sans-serif;color:white;background-color:#525D76;font-size:16px;} H3 {font-family:Tahoma,Arial,sans-serif;color:white;background-color:#525D76;font-size:14px;} BODY {font-family:Tahoma,Arial,sans-serif;color:black;background-color:white;} B {font-family:Tahoma,Arial,sans-serif;color:white;background-color:#525D76;} P {font-family:Tahoma,Arial,sans-serif;background:white;color:black;font-size:12px;}A {color : black;}A.name {color : black;}.line {height: 1px; background-color: #525D76; border: none;}&lt;/style&gt; &lt;/head&gt;&lt;body&gt;&lt;h1&gt;HTTP Status 404 - /outlet-pos-api/api/staff/getAllStaffForTerminal&lt;/h1&gt;&lt;div class=&quot;line&quot;&gt;&lt;/div&gt;&lt;p&gt;&lt;b&gt;type&lt;/b&gt; Status report&lt;/p&gt;&lt;p&gt;&lt;b&gt;message&lt;/b&gt; &lt;u&gt;/outlet-pos-api/api/staff/getAllStaffForTerminal&lt;/u&gt;&lt;/p&gt;&lt;p&gt;&lt;b&gt;description&lt;/b&gt; &lt;u&gt;The requested resource is not available.&lt;/u&gt;&lt;/p&gt;&lt;hr class=&quot;line&quot;&gt;&lt;h3&gt;Apache Tomcat/8.5.0&lt;/h3&gt;&lt;/body&gt;&lt;/html&gt;
">
      <![CDATA[java.lang.AssertionError: Status expected:<200 OK> but was:<404 NOT_FOUND>

> POST https://qa3-api.chaipoint.com/outlet-pos-api/api/staff/getAllStaffForTerminal
> WebTestClient-Request-Id: [1]
> service.auth.key: [1234567]
> Content-Type: [application/json]
> Content-Length: [23]

{
  "terminalId": "1"
}

< 404 NOT_FOUND Not Found
< Date: [Wed, 04 Dec 2019 12:37:39 GMT]
< Content-Type: [text/html;charset=utf-8]
< Content-Length: [1086]
< Connection: [keep-alive]
< Server: [Apache-Coyote/1.1]
< Content-Language: [en]

<!DOCTYPE html><html><head><title>Apache Tomcat/8.5.0 - Error report</title><style type="text/css">H1 {font-family:Tahoma,Arial,sans-serif;color:white;background-color:#525D76;font-size:22px;} H2 {font-family:Tahoma,Arial,sans-serif;color:white;background-color:#525D76;font-size:16px;} H3 {font-family:Tahoma,Arial,sans-serif;color:white;background-color:#525D76;font-size:14px;} BODY {font-family:Tahoma,Arial,sans-serif;color:black;background-color:white;} B {font-family:Tahoma,Arial,sans-serif;color:white;background-color:#525D76;} P {font-family:Tahoma,Arial,sans-serif;background:white;color:black;font-size:12px;}A {color : black;}A.name {color : black;}.line {height: 1px; background-color: #525D76; border: none;}</style> </head><body><h1>HTTP Status 404 - /outlet-pos-api/api/staff/getAllStaffForTerminal</h1><div class="line"></div><p><b>type</b> Status report</p><p><b>message</b> <u>/outlet-pos-api/api/staff/getAllStaffForTerminal</u></p><p><b>description</b> <u>The requested resource is not available.</u></p><hr class="line"><h3>Apache Tomcat/8.5.0</h3></body></html>

	at org.springframework.test.web.reactive.server.ExchangeResult.assertWithDiagnostics(ExchangeResult.java:200)
	at org.springframework.test.web.reactive.server.StatusAssertions.assertStatusAndReturn(StatusAssertions.java:227)
	at org.springframework.test.web.reactive.server.StatusAssertions.isOk(StatusAssertions.java:67)
	at cool.fountain.online.web.test.staff.master.TestGetAllStaffForTerminalTestNg.getAllStaffForTerminal(TestGetAllStaffForTerminalTestNg.java:110)
	at cool.fountain.online.web.test.staff.master.TestGetAllStaffForTerminalTestNg.testGetAllStaffForTerminalLoad(TestGetAllStaffForTerminalTestNg.java:96)
	at sun.reflect.GeneratedMethodAccessor49.invoke(Unknown Source)
	at sun.reflect.DelegatingMethodAccessorImpl.invoke(DelegatingMethodAccessorImpl.java:43)
	at java.lang.reflect.Method.invoke(Method.java:498)
	at org.testng.internal.MethodInvocationHelper.invokeMethod(MethodInvocationHelper.java:80)
	at org.testng.internal.MethodInvocationHelper$1.runTestMethod(MethodInvocationHelper.java:182)
	at org.springframework.test.context.testng.AbstractTestNGSpringContextTests.run(AbstractTestNGSpringContextTests.java:180)
	at sun.reflect.GeneratedMethodAccessor44.invoke(Unknown Source)
	at sun.reflect.DelegatingMethodAccessorImpl.invoke(DelegatingMethodAccessorImpl.java:43)
	at java.lang.reflect.Method.invoke(Method.java:498)
	at org.testng.internal.MethodInvocationHelper.invokeHookable(MethodInvocationHelper.java:194)
	at org.testng.internal.Invoker.invokeMethod(Invoker.java:707)
	at org.testng.internal.Invoker.invokeTestMethod(Invoker.java:901)
	at org.testng.internal.Invoker.invokeTestMethods(Invoker.java:1231)
	at org.testng.internal.TestMethodWorker.invokeTestMethods(TestMethodWorker.java:127)
	at org.testng.internal.TestMethodWorker.run(TestMethodWorker.java:111)
	at org.testng.internal.thread.ThreadUtil$2.call(ThreadUtil.java:64)
	at java.util.concurrent.FutureTask.run(FutureTask.java:266)
	at java.util.concurrent.ThreadPoolExecutor.runWorker(ThreadPoolExecutor.java:1149)
	at java.util.concurrent.ThreadPoolExecutor$Worker.run(ThreadPoolExecutor.java:624)
	at java.lang.Thread.run(Thread.java:748)
Caused by: java.lang.AssertionError: Status expected:<200 OK> but was:<404 NOT_FOUND>
	at org.springframework.test.util.AssertionErrors.fail(AssertionErrors.java:55)
	at org.springframework.test.util.AssertionErrors.assertEquals(AssertionErrors.java:82)
	at org.springframework.test.web.reactive.server.StatusAssertions.lambda$assertStatusAndReturn$4(StatusAssertions.java:227)
	at org.springframework.test.web.reactive.server.ExchangeResult.assertWithDiagnostics(ExchangeResult.java:197)
	... 24 more
]]>
    </error>
  </testcase> <!-- testGetAllStaffForTerminalLoad -->
  <testcase name="testGetAllStaffForTerminalLoad" time="2.947" classname="cool.fountain.online.web.test.staff.master.TestGetAllStaffForTerminalTestNg"/>
  <testcase name="testGetAllStaffForTerminalLoad" time="2.423" classname="cool.fountain.online.web.test.staff.master.TestGetAllStaffForTerminalTestNg"/>
  <testcase name="testGetAllStaffForTerminalLoad" time="2.034" classname="cool.fountain.online.web.test.staff.master.TestGetAllStaffForTerminalTestNg"/>
  <testcase name="testGetAllStaffForTerminalLoad" time="1.405" classname="cool.fountain.online.web.test.staff.master.TestGetAllStaffForTerminalTestNg"/>
  <testcase name="testGetAllStaffForTerminalLoad" time="1.316" classname="cool.fountain.online.web.test.staff.master.TestGetAllStaffForTerminalTestNg"/>
  <testcase name="testGetAllStaffForTerminalLoad" time="3.508" classname="cool.fountain.online.web.test.staff.master.TestGetAllStaffForTerminalTestNg"/>
  <testcase name="testGetAllStaffForTerminalLoad" time="0.061" classname="cool.fountain.online.web.test.staff.master.TestGetAllStaffForTerminalTestNg">
    <error type="java.lang.AssertionError" message="Status expected:&lt;200 OK&gt; but was:&lt;404 NOT_FOUND&gt;

&gt; POST https://qa3-api.chaipoint.com/outlet-pos-api/api/staff/getAllStaffForTerminal
&gt; WebTestClient-Request-Id: [1]
&gt; service.auth.key: [1234567]
&gt; Content-Type: [application/json]
&gt; Content-Length: [23]

{
  &quot;terminalId&quot;: &quot;1&quot;
}

&lt; 404 NOT_FOUND Not Found
&lt; Date: [Wed, 04 Dec 2019 12:37:26 GMT]
&lt; Content-Type: [text/html;charset=utf-8]
&lt; Content-Length: [1086]
&lt; Connection: [keep-alive]
&lt; Server: [Apache-Coyote/1.1]
&lt; Content-Language: [en]

&lt;!DOCTYPE html&gt;&lt;html&gt;&lt;head&gt;&lt;title&gt;Apache Tomcat/8.5.0 - Error report&lt;/title&gt;&lt;style type=&quot;text/css&quot;&gt;H1 {font-family:Tahoma,Arial,sans-serif;color:white;background-color:#525D76;font-size:22px;} H2 {font-family:Tahoma,Arial,sans-serif;color:white;background-color:#525D76;font-size:16px;} H3 {font-family:Tahoma,Arial,sans-serif;color:white;background-color:#525D76;font-size:14px;} BODY {font-family:Tahoma,Arial,sans-serif;color:black;background-color:white;} B {font-family:Tahoma,Arial,sans-serif;color:white;background-color:#525D76;} P {font-family:Tahoma,Arial,sans-serif;background:white;color:black;font-size:12px;}A {color : black;}A.name {color : black;}.line {height: 1px; background-color: #525D76; border: none;}&lt;/style&gt; &lt;/head&gt;&lt;body&gt;&lt;h1&gt;HTTP Status 404 - /outlet-pos-api/api/staff/getAllStaffForTerminal&lt;/h1&gt;&lt;div class=&quot;line&quot;&gt;&lt;/div&gt;&lt;p&gt;&lt;b&gt;type&lt;/b&gt; Status report&lt;/p&gt;&lt;p&gt;&lt;b&gt;message&lt;/b&gt; &lt;u&gt;/outlet-pos-api/api/staff/getAllStaffForTerminal&lt;/u&gt;&lt;/p&gt;&lt;p&gt;&lt;b&gt;description&lt;/b&gt; &lt;u&gt;The requested resource is not available.&lt;/u&gt;&lt;/p&gt;&lt;hr class=&quot;line&quot;&gt;&lt;h3&gt;Apache Tomcat/8.5.0&lt;/h3&gt;&lt;/body&gt;&lt;/html&gt;
">
      <![CDATA[java.lang.AssertionError: Status expected:<200 OK> but was:<404 NOT_FOUND>

> POST https://qa3-api.chaipoint.com/outlet-pos-api/api/staff/getAllStaffForTerminal
> WebTestClient-Request-Id: [1]
> service.auth.key: [1234567]
> Content-Type: [application/json]
> Content-Length: [23]

{
  "terminalId": "1"
}

< 404 NOT_FOUND Not Found
< Date: [Wed, 04 Dec 2019 12:37:26 GMT]
< Content-Type: [text/html;charset=utf-8]
< Content-Length: [1086]
< Connection: [keep-alive]
< Server: [Apache-Coyote/1.1]
< Content-Language: [en]

<!DOCTYPE html><html><head><title>Apache Tomcat/8.5.0 - Error report</title><style type="text/css">H1 {font-family:Tahoma,Arial,sans-serif;color:white;background-color:#525D76;font-size:22px;} H2 {font-family:Tahoma,Arial,sans-serif;color:white;background-color:#525D76;font-size:16px;} H3 {font-family:Tahoma,Arial,sans-serif;color:white;background-color:#525D76;font-size:14px;} BODY {font-family:Tahoma,Arial,sans-serif;color:black;background-color:white;} B {font-family:Tahoma,Arial,sans-serif;color:white;background-color:#525D76;} P {font-family:Tahoma,Arial,sans-serif;background:white;color:black;font-size:12px;}A {color : black;}A.name {color : black;}.line {height: 1px; background-color: #525D76; border: none;}</style> </head><body><h1>HTTP Status 404 - /outlet-pos-api/api/staff/getAllStaffForTerminal</h1><div class="line"></div><p><b>type</b> Status report</p><p><b>message</b> <u>/outlet-pos-api/api/staff/getAllStaffForTerminal</u></p><p><b>description</b> <u>The requested resource is not available.</u></p><hr class="line"><h3>Apache Tomcat/8.5.0</h3></body></html>

	at org.springframework.test.web.reactive.server.ExchangeResult.assertWithDiagnostics(ExchangeResult.java:200)
	at org.springframework.test.web.reactive.server.StatusAssertions.assertStatusAndReturn(StatusAssertions.java:227)
	at org.springframework.test.web.reactive.server.StatusAssertions.isOk(StatusAssertions.java:67)
	at cool.fountain.online.web.test.staff.master.TestGetAllStaffForTerminalTestNg.getAllStaffForTerminal(TestGetAllStaffForTerminalTestNg.java:110)
	at cool.fountain.online.web.test.staff.master.TestGetAllStaffForTerminalTestNg.testGetAllStaffForTerminalLoad(TestGetAllStaffForTerminalTestNg.java:96)
	at sun.reflect.NativeMethodAccessorImpl.invoke0(Native Method)
	at sun.reflect.NativeMethodAccessorImpl.invoke(NativeMethodAccessorImpl.java:62)
	at sun.reflect.DelegatingMethodAccessorImpl.invoke(DelegatingMethodAccessorImpl.java:43)
	at java.lang.reflect.Method.invoke(Method.java:498)
	at org.testng.internal.MethodInvocationHelper.invokeMethod(MethodInvocationHelper.java:80)
	at org.testng.internal.MethodInvocationHelper$1.runTestMethod(MethodInvocationHelper.java:182)
	at org.springframework.test.context.testng.AbstractTestNGSpringContextTests.run(AbstractTestNGSpringContextTests.java:180)
	at sun.reflect.GeneratedMethodAccessor44.invoke(Unknown Source)
	at sun.reflect.DelegatingMethodAccessorImpl.invoke(DelegatingMethodAccessorImpl.java:43)
	at java.lang.reflect.Method.invoke(Method.java:498)
	at org.testng.internal.MethodInvocationHelper.invokeHookable(MethodInvocationHelper.java:194)
	at org.testng.internal.Invoker.invokeMethod(Invoker.java:707)
	at org.testng.internal.Invoker.invokeTestMethod(Invoker.java:901)
	at org.testng.internal.Invoker.invokeTestMethods(Invoker.java:1231)
	at org.testng.internal.TestMethodWorker.invokeTestMethods(TestMethodWorker.java:127)
	at org.testng.internal.TestMethodWorker.run(TestMethodWorker.java:111)
	at org.testng.internal.thread.ThreadUtil$2.call(ThreadUtil.java:64)
	at java.util.concurrent.FutureTask.run(FutureTask.java:266)
	at java.util.concurrent.ThreadPoolExecutor.runWorker(ThreadPoolExecutor.java:1149)
	at java.util.concurrent.ThreadPoolExecutor$Worker.run(ThreadPoolExecutor.java:624)
	at java.lang.Thread.run(Thread.java:748)
Caused by: java.lang.AssertionError: Status expected:<200 OK> but was:<404 NOT_FOUND>
	at org.springframework.test.util.AssertionErrors.fail(AssertionErrors.java:55)
	at org.springframework.test.util.AssertionErrors.assertEquals(AssertionErrors.java:82)
	at org.springframework.test.web.reactive.server.StatusAssertions.lambda$assertStatusAndReturn$4(StatusAssertions.java:227)
	at org.springframework.test.web.reactive.server.ExchangeResult.assertWithDiagnostics(ExchangeResult.java:197)
	... 25 more
]]>
    </error>
  </testcase> <!-- testGetAllStaffForTerminalLoad -->
  <testcase name="testGetAllStaffForTerminalLoad" time="0.201" classname="cool.fountain.online.web.test.staff.master.TestGetAllStaffForTerminalTestNg">
    <error type="java.lang.AssertionError" message="Status expected:&lt;200 OK&gt; but was:&lt;404 NOT_FOUND&gt;

&gt; POST https://qa3-api.chaipoint.com/outlet-pos-api/api/staff/getAllStaffForTerminal
&gt; WebTestClient-Request-Id: [1]
&gt; service.auth.key: [1234567]
&gt; Content-Type: [application/json]
&gt; Content-Length: [23]

{
  &quot;terminalId&quot;: &quot;1&quot;
}

&lt; 404 NOT_FOUND Not Found
&lt; Date: [Wed, 04 Dec 2019 12:37:37 GMT]
&lt; Content-Type: [text/html;charset=utf-8]
&lt; Content-Length: [1086]
&lt; Connection: [keep-alive]
&lt; Server: [Apache-Coyote/1.1]
&lt; Content-Language: [en]

&lt;!DOCTYPE html&gt;&lt;html&gt;&lt;head&gt;&lt;title&gt;Apache Tomcat/8.5.0 - Error report&lt;/title&gt;&lt;style type=&quot;text/css&quot;&gt;H1 {font-family:Tahoma,Arial,sans-serif;color:white;background-color:#525D76;font-size:22px;} H2 {font-family:Tahoma,Arial,sans-serif;color:white;background-color:#525D76;font-size:16px;} H3 {font-family:Tahoma,Arial,sans-serif;color:white;background-color:#525D76;font-size:14px;} BODY {font-family:Tahoma,Arial,sans-serif;color:black;background-color:white;} B {font-family:Tahoma,Arial,sans-serif;color:white;background-color:#525D76;} P {font-family:Tahoma,Arial,sans-serif;background:white;color:black;font-size:12px;}A {color : black;}A.name {color : black;}.line {height: 1px; background-color: #525D76; border: none;}&lt;/style&gt; &lt;/head&gt;&lt;body&gt;&lt;h1&gt;HTTP Status 404 - /outlet-pos-api/api/staff/getAllStaffForTerminal&lt;/h1&gt;&lt;div class=&quot;line&quot;&gt;&lt;/div&gt;&lt;p&gt;&lt;b&gt;type&lt;/b&gt; Status report&lt;/p&gt;&lt;p&gt;&lt;b&gt;message&lt;/b&gt; &lt;u&gt;/outlet-pos-api/api/staff/getAllStaffForTerminal&lt;/u&gt;&lt;/p&gt;&lt;p&gt;&lt;b&gt;description&lt;/b&gt; &lt;u&gt;The requested resource is not available.&lt;/u&gt;&lt;/p&gt;&lt;hr class=&quot;line&quot;&gt;&lt;h3&gt;Apache Tomcat/8.5.0&lt;/h3&gt;&lt;/body&gt;&lt;/html&gt;
">
      <![CDATA[java.lang.AssertionError: Status expected:<200 OK> but was:<404 NOT_FOUND>

> POST https://qa3-api.chaipoint.com/outlet-pos-api/api/staff/getAllStaffForTerminal
> WebTestClient-Request-Id: [1]
> service.auth.key: [1234567]
> Content-Type: [application/json]
> Content-Length: [23]

{
  "terminalId": "1"
}

< 404 NOT_FOUND Not Found
< Date: [Wed, 04 Dec 2019 12:37:37 GMT]
< Content-Type: [text/html;charset=utf-8]
< Content-Length: [1086]
< Connection: [keep-alive]
< Server: [Apache-Coyote/1.1]
< Content-Language: [en]

<!DOCTYPE html><html><head><title>Apache Tomcat/8.5.0 - Error report</title><style type="text/css">H1 {font-family:Tahoma,Arial,sans-serif;color:white;background-color:#525D76;font-size:22px;} H2 {font-family:Tahoma,Arial,sans-serif;color:white;background-color:#525D76;font-size:16px;} H3 {font-family:Tahoma,Arial,sans-serif;color:white;background-color:#525D76;font-size:14px;} BODY {font-family:Tahoma,Arial,sans-serif;color:black;background-color:white;} B {font-family:Tahoma,Arial,sans-serif;color:white;background-color:#525D76;} P {font-family:Tahoma,Arial,sans-serif;background:white;color:black;font-size:12px;}A {color : black;}A.name {color : black;}.line {height: 1px; background-color: #525D76; border: none;}</style> </head><body><h1>HTTP Status 404 - /outlet-pos-api/api/staff/getAllStaffForTerminal</h1><div class="line"></div><p><b>type</b> Status report</p><p><b>message</b> <u>/outlet-pos-api/api/staff/getAllStaffForTerminal</u></p><p><b>description</b> <u>The requested resource is not available.</u></p><hr class="line"><h3>Apache Tomcat/8.5.0</h3></body></html>

	at org.springframework.test.web.reactive.server.ExchangeResult.assertWithDiagnostics(ExchangeResult.java:200)
	at org.springframework.test.web.reactive.server.StatusAssertions.assertStatusAndReturn(StatusAssertions.java:227)
	at org.springframework.test.web.reactive.server.StatusAssertions.isOk(StatusAssertions.java:67)
	at cool.fountain.online.web.test.staff.master.TestGetAllStaffForTerminalTestNg.getAllStaffForTerminal(TestGetAllStaffForTerminalTestNg.java:110)
	at cool.fountain.online.web.test.staff.master.TestGetAllStaffForTerminalTestNg.testGetAllStaffForTerminalLoad(TestGetAllStaffForTerminalTestNg.java:96)
	at sun.reflect.GeneratedMethodAccessor49.invoke(Unknown Source)
	at sun.reflect.DelegatingMethodAccessorImpl.invoke(DelegatingMethodAccessorImpl.java:43)
	at java.lang.reflect.Method.invoke(Method.java:498)
	at org.testng.internal.MethodInvocationHelper.invokeMethod(MethodInvocationHelper.java:80)
	at org.testng.internal.MethodInvocationHelper$1.runTestMethod(MethodInvocationHelper.java:182)
	at org.springframework.test.context.testng.AbstractTestNGSpringContextTests.run(AbstractTestNGSpringContextTests.java:180)
	at sun.reflect.GeneratedMethodAccessor44.invoke(Unknown Source)
	at sun.reflect.DelegatingMethodAccessorImpl.invoke(DelegatingMethodAccessorImpl.java:43)
	at java.lang.reflect.Method.invoke(Method.java:498)
	at org.testng.internal.MethodInvocationHelper.invokeHookable(MethodInvocationHelper.java:194)
	at org.testng.internal.Invoker.invokeMethod(Invoker.java:707)
	at org.testng.internal.Invoker.invokeTestMethod(Invoker.java:901)
	at org.testng.internal.Invoker.invokeTestMethods(Invoker.java:1231)
	at org.testng.internal.TestMethodWorker.invokeTestMethods(TestMethodWorker.java:127)
	at org.testng.internal.TestMethodWorker.run(TestMethodWorker.java:111)
	at org.testng.internal.thread.ThreadUtil$2.call(ThreadUtil.java:64)
	at java.util.concurrent.FutureTask.run(FutureTask.java:266)
	at java.util.concurrent.ThreadPoolExecutor.runWorker(ThreadPoolExecutor.java:1149)
	at java.util.concurrent.ThreadPoolExecutor$Worker.run(ThreadPoolExecutor.java:624)
	at java.lang.Thread.run(Thread.java:748)
Caused by: java.lang.AssertionError: Status expected:<200 OK> but was:<404 NOT_FOUND>
	at org.springframework.test.util.AssertionErrors.fail(AssertionErrors.java:55)
	at org.springframework.test.util.AssertionErrors.assertEquals(AssertionErrors.java:82)
	at org.springframework.test.web.reactive.server.StatusAssertions.lambda$assertStatusAndReturn$4(StatusAssertions.java:227)
	at org.springframework.test.web.reactive.server.ExchangeResult.assertWithDiagnostics(ExchangeResult.java:197)
	... 24 more
]]>
    </error>
  </testcase> <!-- testGetAllStaffForTerminalLoad -->
  <testcase name="testGetAllStaffForTerminalLoad" time="2.006" classname="cool.fountain.online.web.test.staff.master.TestGetAllStaffForTerminalTestNg"/>
  <testcase name="testGetAllStaffForTerminalLoad" time="2.817" classname="cool.fountain.online.web.test.staff.master.TestGetAllStaffForTerminalTestNg"/>
  <testcase name="testGetAllStaffForTerminalLoad" time="0.178" classname="cool.fountain.online.web.test.staff.master.TestGetAllStaffForTerminalTestNg">
    <error type="java.lang.AssertionError" message="Status expected:&lt;200 OK&gt; but was:&lt;404 NOT_FOUND&gt;

&gt; POST https://qa3-api.chaipoint.com/outlet-pos-api/api/staff/getAllStaffForTerminal
&gt; WebTestClient-Request-Id: [1]
&gt; service.auth.key: [1234567]
&gt; Content-Type: [application/json]
&gt; Content-Length: [23]

{
  &quot;terminalId&quot;: &quot;1&quot;
}

&lt; 404 NOT_FOUND Not Found
&lt; Date: [Wed, 04 Dec 2019 12:37:31 GMT]
&lt; Content-Type: [text/html;charset=utf-8]
&lt; Content-Length: [1086]
&lt; Connection: [keep-alive]
&lt; Server: [Apache-Coyote/1.1]
&lt; Content-Language: [en]

&lt;!DOCTYPE html&gt;&lt;html&gt;&lt;head&gt;&lt;title&gt;Apache Tomcat/8.5.0 - Error report&lt;/title&gt;&lt;style type=&quot;text/css&quot;&gt;H1 {font-family:Tahoma,Arial,sans-serif;color:white;background-color:#525D76;font-size:22px;} H2 {font-family:Tahoma,Arial,sans-serif;color:white;background-color:#525D76;font-size:16px;} H3 {font-family:Tahoma,Arial,sans-serif;color:white;background-color:#525D76;font-size:14px;} BODY {font-family:Tahoma,Arial,sans-serif;color:black;background-color:white;} B {font-family:Tahoma,Arial,sans-serif;color:white;background-color:#525D76;} P {font-family:Tahoma,Arial,sans-serif;background:white;color:black;font-size:12px;}A {color : black;}A.name {color : black;}.line {height: 1px; background-color: #525D76; border: none;}&lt;/style&gt; &lt;/head&gt;&lt;body&gt;&lt;h1&gt;HTTP Status 404 - /outlet-pos-api/api/staff/getAllStaffForTerminal&lt;/h1&gt;&lt;div class=&quot;line&quot;&gt;&lt;/div&gt;&lt;p&gt;&lt;b&gt;type&lt;/b&gt; Status report&lt;/p&gt;&lt;p&gt;&lt;b&gt;message&lt;/b&gt; &lt;u&gt;/outlet-pos-api/api/staff/getAllStaffForTerminal&lt;/u&gt;&lt;/p&gt;&lt;p&gt;&lt;b&gt;description&lt;/b&gt; &lt;u&gt;The requested resource is not available.&lt;/u&gt;&lt;/p&gt;&lt;hr class=&quot;line&quot;&gt;&lt;h3&gt;Apache Tomcat/8.5.0&lt;/h3&gt;&lt;/body&gt;&lt;/html&gt;
">
      <![CDATA[java.lang.AssertionError: Status expected:<200 OK> but was:<404 NOT_FOUND>

> POST https://qa3-api.chaipoint.com/outlet-pos-api/api/staff/getAllStaffForTerminal
> WebTestClient-Request-Id: [1]
> service.auth.key: [1234567]
> Content-Type: [application/json]
> Content-Length: [23]

{
  "terminalId": "1"
}

< 404 NOT_FOUND Not Found
< Date: [Wed, 04 Dec 2019 12:37:31 GMT]
< Content-Type: [text/html;charset=utf-8]
< Content-Length: [1086]
< Connection: [keep-alive]
< Server: [Apache-Coyote/1.1]
< Content-Language: [en]

<!DOCTYPE html><html><head><title>Apache Tomcat/8.5.0 - Error report</title><style type="text/css">H1 {font-family:Tahoma,Arial,sans-serif;color:white;background-color:#525D76;font-size:22px;} H2 {font-family:Tahoma,Arial,sans-serif;color:white;background-color:#525D76;font-size:16px;} H3 {font-family:Tahoma,Arial,sans-serif;color:white;background-color:#525D76;font-size:14px;} BODY {font-family:Tahoma,Arial,sans-serif;color:black;background-color:white;} B {font-family:Tahoma,Arial,sans-serif;color:white;background-color:#525D76;} P {font-family:Tahoma,Arial,sans-serif;background:white;color:black;font-size:12px;}A {color : black;}A.name {color : black;}.line {height: 1px; background-color: #525D76; border: none;}</style> </head><body><h1>HTTP Status 404 - /outlet-pos-api/api/staff/getAllStaffForTerminal</h1><div class="line"></div><p><b>type</b> Status report</p><p><b>message</b> <u>/outlet-pos-api/api/staff/getAllStaffForTerminal</u></p><p><b>description</b> <u>The requested resource is not available.</u></p><hr class="line"><h3>Apache Tomcat/8.5.0</h3></body></html>

	at org.springframework.test.web.reactive.server.ExchangeResult.assertWithDiagnostics(ExchangeResult.java:200)
	at org.springframework.test.web.reactive.server.StatusAssertions.assertStatusAndReturn(StatusAssertions.java:227)
	at org.springframework.test.web.reactive.server.StatusAssertions.isOk(StatusAssertions.java:67)
	at cool.fountain.online.web.test.staff.master.TestGetAllStaffForTerminalTestNg.getAllStaffForTerminal(TestGetAllStaffForTerminalTestNg.java:110)
	at cool.fountain.online.web.test.staff.master.TestGetAllStaffForTerminalTestNg.testGetAllStaffForTerminalLoad(TestGetAllStaffForTerminalTestNg.java:96)
	at sun.reflect.GeneratedMethodAccessor49.invoke(Unknown Source)
	at sun.reflect.DelegatingMethodAccessorImpl.invoke(DelegatingMethodAccessorImpl.java:43)
	at java.lang.reflect.Method.invoke(Method.java:498)
	at org.testng.internal.MethodInvocationHelper.invokeMethod(MethodInvocationHelper.java:80)
	at org.testng.internal.MethodInvocationHelper$1.runTestMethod(MethodInvocationHelper.java:182)
	at org.springframework.test.context.testng.AbstractTestNGSpringContextTests.run(AbstractTestNGSpringContextTests.java:180)
	at sun.reflect.GeneratedMethodAccessor44.invoke(Unknown Source)
	at sun.reflect.DelegatingMethodAccessorImpl.invoke(DelegatingMethodAccessorImpl.java:43)
	at java.lang.reflect.Method.invoke(Method.java:498)
	at org.testng.internal.MethodInvocationHelper.invokeHookable(MethodInvocationHelper.java:194)
	at org.testng.internal.Invoker.invokeMethod(Invoker.java:707)
	at org.testng.internal.Invoker.invokeTestMethod(Invoker.java:901)
	at org.testng.internal.Invoker.invokeTestMethods(Invoker.java:1231)
	at org.testng.internal.TestMethodWorker.invokeTestMethods(TestMethodWorker.java:127)
	at org.testng.internal.TestMethodWorker.run(TestMethodWorker.java:111)
	at org.testng.internal.thread.ThreadUtil$2.call(ThreadUtil.java:64)
	at java.util.concurrent.FutureTask.run(FutureTask.java:266)
	at java.util.concurrent.ThreadPoolExecutor.runWorker(ThreadPoolExecutor.java:1149)
	at java.util.concurrent.ThreadPoolExecutor$Worker.run(ThreadPoolExecutor.java:624)
	at java.lang.Thread.run(Thread.java:748)
Caused by: java.lang.AssertionError: Status expected:<200 OK> but was:<404 NOT_FOUND>
	at org.springframework.test.util.AssertionErrors.fail(AssertionErrors.java:55)
	at org.springframework.test.util.AssertionErrors.assertEquals(AssertionErrors.java:82)
	at org.springframework.test.web.reactive.server.StatusAssertions.lambda$assertStatusAndReturn$4(StatusAssertions.java:227)
	at org.springframework.test.web.reactive.server.ExchangeResult.assertWithDiagnostics(ExchangeResult.java:197)
	... 24 more
]]>
    </error>
  </testcase> <!-- testGetAllStaffForTerminalLoad -->
  <testcase name="testGetAllStaffForTerminalLoad" time="2.107" classname="cool.fountain.online.web.test.staff.master.TestGetAllStaffForTerminalTestNg"/>
  <testcase name="testGetAllStaffForTerminalLoad" time="2.775" classname="cool.fountain.online.web.test.staff.master.TestGetAllStaffForTerminalTestNg"/>
  <testcase name="testGetAllStaffForTerminalLoad" time="0.188" classname="cool.fountain.online.web.test.staff.master.TestGetAllStaffForTerminalTestNg">
    <error type="java.lang.AssertionError" message="Status expected:&lt;200 OK&gt; but was:&lt;404 NOT_FOUND&gt;

&gt; POST https://qa3-api.chaipoint.com/outlet-pos-api/api/staff/getAllStaffForTerminal
&gt; WebTestClient-Request-Id: [1]
&gt; service.auth.key: [1234567]
&gt; Content-Type: [application/json]
&gt; Content-Length: [23]

{
  &quot;terminalId&quot;: &quot;1&quot;
}

&lt; 404 NOT_FOUND Not Found
&lt; Date: [Wed, 04 Dec 2019 12:37:30 GMT]
&lt; Content-Type: [text/html;charset=utf-8]
&lt; Content-Length: [1086]
&lt; Connection: [keep-alive]
&lt; Server: [Apache-Coyote/1.1]
&lt; Content-Language: [en]

&lt;!DOCTYPE html&gt;&lt;html&gt;&lt;head&gt;&lt;title&gt;Apache Tomcat/8.5.0 - Error report&lt;/title&gt;&lt;style type=&quot;text/css&quot;&gt;H1 {font-family:Tahoma,Arial,sans-serif;color:white;background-color:#525D76;font-size:22px;} H2 {font-family:Tahoma,Arial,sans-serif;color:white;background-color:#525D76;font-size:16px;} H3 {font-family:Tahoma,Arial,sans-serif;color:white;background-color:#525D76;font-size:14px;} BODY {font-family:Tahoma,Arial,sans-serif;color:black;background-color:white;} B {font-family:Tahoma,Arial,sans-serif;color:white;background-color:#525D76;} P {font-family:Tahoma,Arial,sans-serif;background:white;color:black;font-size:12px;}A {color : black;}A.name {color : black;}.line {height: 1px; background-color: #525D76; border: none;}&lt;/style&gt; &lt;/head&gt;&lt;body&gt;&lt;h1&gt;HTTP Status 404 - /outlet-pos-api/api/staff/getAllStaffForTerminal&lt;/h1&gt;&lt;div class=&quot;line&quot;&gt;&lt;/div&gt;&lt;p&gt;&lt;b&gt;type&lt;/b&gt; Status report&lt;/p&gt;&lt;p&gt;&lt;b&gt;message&lt;/b&gt; &lt;u&gt;/outlet-pos-api/api/staff/getAllStaffForTerminal&lt;/u&gt;&lt;/p&gt;&lt;p&gt;&lt;b&gt;description&lt;/b&gt; &lt;u&gt;The requested resource is not available.&lt;/u&gt;&lt;/p&gt;&lt;hr class=&quot;line&quot;&gt;&lt;h3&gt;Apache Tomcat/8.5.0&lt;/h3&gt;&lt;/body&gt;&lt;/html&gt;
">
      <![CDATA[java.lang.AssertionError: Status expected:<200 OK> but was:<404 NOT_FOUND>

> POST https://qa3-api.chaipoint.com/outlet-pos-api/api/staff/getAllStaffForTerminal
> WebTestClient-Request-Id: [1]
> service.auth.key: [1234567]
> Content-Type: [application/json]
> Content-Length: [23]

{
  "terminalId": "1"
}

< 404 NOT_FOUND Not Found
< Date: [Wed, 04 Dec 2019 12:37:30 GMT]
< Content-Type: [text/html;charset=utf-8]
< Content-Length: [1086]
< Connection: [keep-alive]
< Server: [Apache-Coyote/1.1]
< Content-Language: [en]

<!DOCTYPE html><html><head><title>Apache Tomcat/8.5.0 - Error report</title><style type="text/css">H1 {font-family:Tahoma,Arial,sans-serif;color:white;background-color:#525D76;font-size:22px;} H2 {font-family:Tahoma,Arial,sans-serif;color:white;background-color:#525D76;font-size:16px;} H3 {font-family:Tahoma,Arial,sans-serif;color:white;background-color:#525D76;font-size:14px;} BODY {font-family:Tahoma,Arial,sans-serif;color:black;background-color:white;} B {font-family:Tahoma,Arial,sans-serif;color:white;background-color:#525D76;} P {font-family:Tahoma,Arial,sans-serif;background:white;color:black;font-size:12px;}A {color : black;}A.name {color : black;}.line {height: 1px; background-color: #525D76; border: none;}</style> </head><body><h1>HTTP Status 404 - /outlet-pos-api/api/staff/getAllStaffForTerminal</h1><div class="line"></div><p><b>type</b> Status report</p><p><b>message</b> <u>/outlet-pos-api/api/staff/getAllStaffForTerminal</u></p><p><b>description</b> <u>The requested resource is not available.</u></p><hr class="line"><h3>Apache Tomcat/8.5.0</h3></body></html>

	at org.springframework.test.web.reactive.server.ExchangeResult.assertWithDiagnostics(ExchangeResult.java:200)
	at org.springframework.test.web.reactive.server.StatusAssertions.assertStatusAndReturn(StatusAssertions.java:227)
	at org.springframework.test.web.reactive.server.StatusAssertions.isOk(StatusAssertions.java:67)
	at cool.fountain.online.web.test.staff.master.TestGetAllStaffForTerminalTestNg.getAllStaffForTerminal(TestGetAllStaffForTerminalTestNg.java:110)
	at cool.fountain.online.web.test.staff.master.TestGetAllStaffForTerminalTestNg.testGetAllStaffForTerminalLoad(TestGetAllStaffForTerminalTestNg.java:96)
	at sun.reflect.GeneratedMethodAccessor49.invoke(Unknown Source)
	at sun.reflect.DelegatingMethodAccessorImpl.invoke(DelegatingMethodAccessorImpl.java:43)
	at java.lang.reflect.Method.invoke(Method.java:498)
	at org.testng.internal.MethodInvocationHelper.invokeMethod(MethodInvocationHelper.java:80)
	at org.testng.internal.MethodInvocationHelper$1.runTestMethod(MethodInvocationHelper.java:182)
	at org.springframework.test.context.testng.AbstractTestNGSpringContextTests.run(AbstractTestNGSpringContextTests.java:180)
	at sun.reflect.GeneratedMethodAccessor44.invoke(Unknown Source)
	at sun.reflect.DelegatingMethodAccessorImpl.invoke(DelegatingMethodAccessorImpl.java:43)
	at java.lang.reflect.Method.invoke(Method.java:498)
	at org.testng.internal.MethodInvocationHelper.invokeHookable(MethodInvocationHelper.java:194)
	at org.testng.internal.Invoker.invokeMethod(Invoker.java:707)
	at org.testng.internal.Invoker.invokeTestMethod(Invoker.java:901)
	at org.testng.internal.Invoker.invokeTestMethods(Invoker.java:1231)
	at org.testng.internal.TestMethodWorker.invokeTestMethods(TestMethodWorker.java:127)
	at org.testng.internal.TestMethodWorker.run(TestMethodWorker.java:111)
	at org.testng.internal.thread.ThreadUtil$2.call(ThreadUtil.java:64)
	at java.util.concurrent.FutureTask.run(FutureTask.java:266)
	at java.util.concurrent.ThreadPoolExecutor.runWorker(ThreadPoolExecutor.java:1149)
	at java.util.concurrent.ThreadPoolExecutor$Worker.run(ThreadPoolExecutor.java:624)
	at java.lang.Thread.run(Thread.java:748)
Caused by: java.lang.AssertionError: Status expected:<200 OK> but was:<404 NOT_FOUND>
	at org.springframework.test.util.AssertionErrors.fail(AssertionErrors.java:55)
	at org.springframework.test.util.AssertionErrors.assertEquals(AssertionErrors.java:82)
	at org.springframework.test.web.reactive.server.StatusAssertions.lambda$assertStatusAndReturn$4(StatusAssertions.java:227)
	at org.springframework.test.web.reactive.server.ExchangeResult.assertWithDiagnostics(ExchangeResult.java:197)
	... 24 more
]]>
    </error>
  </testcase> <!-- testGetAllStaffForTerminalLoad -->
  <testcase name="testGetAllStaffForTerminalLoad" time="0.141" classname="cool.fountain.online.web.test.staff.master.TestGetAllStaffForTerminalTestNg">
    <error type="java.lang.AssertionError" message="Status expected:&lt;200 OK&gt; but was:&lt;404 NOT_FOUND&gt;

&gt; POST https://qa3-api.chaipoint.com/outlet-pos-api/api/staff/getAllStaffForTerminal
&gt; WebTestClient-Request-Id: [1]
&gt; service.auth.key: [1234567]
&gt; Content-Type: [application/json]
&gt; Content-Length: [23]

{
  &quot;terminalId&quot;: &quot;1&quot;
}

&lt; 404 NOT_FOUND Not Found
&lt; Date: [Wed, 04 Dec 2019 12:37:30 GMT]
&lt; Content-Type: [text/html;charset=utf-8]
&lt; Content-Length: [1086]
&lt; Connection: [keep-alive]
&lt; Server: [Apache-Coyote/1.1]
&lt; Content-Language: [en]

&lt;!DOCTYPE html&gt;&lt;html&gt;&lt;head&gt;&lt;title&gt;Apache Tomcat/8.5.0 - Error report&lt;/title&gt;&lt;style type=&quot;text/css&quot;&gt;H1 {font-family:Tahoma,Arial,sans-serif;color:white;background-color:#525D76;font-size:22px;} H2 {font-family:Tahoma,Arial,sans-serif;color:white;background-color:#525D76;font-size:16px;} H3 {font-family:Tahoma,Arial,sans-serif;color:white;background-color:#525D76;font-size:14px;} BODY {font-family:Tahoma,Arial,sans-serif;color:black;background-color:white;} B {font-family:Tahoma,Arial,sans-serif;color:white;background-color:#525D76;} P {font-family:Tahoma,Arial,sans-serif;background:white;color:black;font-size:12px;}A {color : black;}A.name {color : black;}.line {height: 1px; background-color: #525D76; border: none;}&lt;/style&gt; &lt;/head&gt;&lt;body&gt;&lt;h1&gt;HTTP Status 404 - /outlet-pos-api/api/staff/getAllStaffForTerminal&lt;/h1&gt;&lt;div class=&quot;line&quot;&gt;&lt;/div&gt;&lt;p&gt;&lt;b&gt;type&lt;/b&gt; Status report&lt;/p&gt;&lt;p&gt;&lt;b&gt;message&lt;/b&gt; &lt;u&gt;/outlet-pos-api/api/staff/getAllStaffForTerminal&lt;/u&gt;&lt;/p&gt;&lt;p&gt;&lt;b&gt;description&lt;/b&gt; &lt;u&gt;The requested resource is not available.&lt;/u&gt;&lt;/p&gt;&lt;hr class=&quot;line&quot;&gt;&lt;h3&gt;Apache Tomcat/8.5.0&lt;/h3&gt;&lt;/body&gt;&lt;/html&gt;
">
      <![CDATA[java.lang.AssertionError: Status expected:<200 OK> but was:<404 NOT_FOUND>

> POST https://qa3-api.chaipoint.com/outlet-pos-api/api/staff/getAllStaffForTerminal
> WebTestClient-Request-Id: [1]
> service.auth.key: [1234567]
> Content-Type: [application/json]
> Content-Length: [23]

{
  "terminalId": "1"
}

< 404 NOT_FOUND Not Found
< Date: [Wed, 04 Dec 2019 12:37:30 GMT]
< Content-Type: [text/html;charset=utf-8]
< Content-Length: [1086]
< Connection: [keep-alive]
< Server: [Apache-Coyote/1.1]
< Content-Language: [en]

<!DOCTYPE html><html><head><title>Apache Tomcat/8.5.0 - Error report</title><style type="text/css">H1 {font-family:Tahoma,Arial,sans-serif;color:white;background-color:#525D76;font-size:22px;} H2 {font-family:Tahoma,Arial,sans-serif;color:white;background-color:#525D76;font-size:16px;} H3 {font-family:Tahoma,Arial,sans-serif;color:white;background-color:#525D76;font-size:14px;} BODY {font-family:Tahoma,Arial,sans-serif;color:black;background-color:white;} B {font-family:Tahoma,Arial,sans-serif;color:white;background-color:#525D76;} P {font-family:Tahoma,Arial,sans-serif;background:white;color:black;font-size:12px;}A {color : black;}A.name {color : black;}.line {height: 1px; background-color: #525D76; border: none;}</style> </head><body><h1>HTTP Status 404 - /outlet-pos-api/api/staff/getAllStaffForTerminal</h1><div class="line"></div><p><b>type</b> Status report</p><p><b>message</b> <u>/outlet-pos-api/api/staff/getAllStaffForTerminal</u></p><p><b>description</b> <u>The requested resource is not available.</u></p><hr class="line"><h3>Apache Tomcat/8.5.0</h3></body></html>

	at org.springframework.test.web.reactive.server.ExchangeResult.assertWithDiagnostics(ExchangeResult.java:200)
	at org.springframework.test.web.reactive.server.StatusAssertions.assertStatusAndReturn(StatusAssertions.java:227)
	at org.springframework.test.web.reactive.server.StatusAssertions.isOk(StatusAssertions.java:67)
	at cool.fountain.online.web.test.staff.master.TestGetAllStaffForTerminalTestNg.getAllStaffForTerminal(TestGetAllStaffForTerminalTestNg.java:110)
	at cool.fountain.online.web.test.staff.master.TestGetAllStaffForTerminalTestNg.testGetAllStaffForTerminalLoad(TestGetAllStaffForTerminalTestNg.java:96)
	at sun.reflect.GeneratedMethodAccessor49.invoke(Unknown Source)
	at sun.reflect.DelegatingMethodAccessorImpl.invoke(DelegatingMethodAccessorImpl.java:43)
	at java.lang.reflect.Method.invoke(Method.java:498)
	at org.testng.internal.MethodInvocationHelper.invokeMethod(MethodInvocationHelper.java:80)
	at org.testng.internal.MethodInvocationHelper$1.runTestMethod(MethodInvocationHelper.java:182)
	at org.springframework.test.context.testng.AbstractTestNGSpringContextTests.run(AbstractTestNGSpringContextTests.java:180)
	at sun.reflect.GeneratedMethodAccessor44.invoke(Unknown Source)
	at sun.reflect.DelegatingMethodAccessorImpl.invoke(DelegatingMethodAccessorImpl.java:43)
	at java.lang.reflect.Method.invoke(Method.java:498)
	at org.testng.internal.MethodInvocationHelper.invokeHookable(MethodInvocationHelper.java:194)
	at org.testng.internal.Invoker.invokeMethod(Invoker.java:707)
	at org.testng.internal.Invoker.invokeTestMethod(Invoker.java:901)
	at org.testng.internal.Invoker.invokeTestMethods(Invoker.java:1231)
	at org.testng.internal.TestMethodWorker.invokeTestMethods(TestMethodWorker.java:127)
	at org.testng.internal.TestMethodWorker.run(TestMethodWorker.java:111)
	at org.testng.internal.thread.ThreadUtil$2.call(ThreadUtil.java:64)
	at java.util.concurrent.FutureTask.run(FutureTask.java:266)
	at java.util.concurrent.ThreadPoolExecutor.runWorker(ThreadPoolExecutor.java:1149)
	at java.util.concurrent.ThreadPoolExecutor$Worker.run(ThreadPoolExecutor.java:624)
	at java.lang.Thread.run(Thread.java:748)
Caused by: java.lang.AssertionError: Status expected:<200 OK> but was:<404 NOT_FOUND>
	at org.springframework.test.util.AssertionErrors.fail(AssertionErrors.java:55)
	at org.springframework.test.util.AssertionErrors.assertEquals(AssertionErrors.java:82)
	at org.springframework.test.web.reactive.server.StatusAssertions.lambda$assertStatusAndReturn$4(StatusAssertions.java:227)
	at org.springframework.test.web.reactive.server.ExchangeResult.assertWithDiagnostics(ExchangeResult.java:197)
	... 24 more
]]>
    </error>
  </testcase> <!-- testGetAllStaffForTerminalLoad -->
  <testcase name="testGetAllStaffForTerminalLoad" time="1.882" classname="cool.fountain.online.web.test.staff.master.TestGetAllStaffForTerminalTestNg"/>
  <testcase name="testGetAllStaffForTerminalLoad" time="2.022" classname="cool.fountain.online.web.test.staff.master.TestGetAllStaffForTerminalTestNg"/>
  <testcase name="testGetAllStaffForTerminalLoad" time="2.136" classname="cool.fountain.online.web.test.staff.master.TestGetAllStaffForTerminalTestNg"/>
  <testcase name="testGetAllStaffForTerminalLoad" time="1.563" classname="cool.fountain.online.web.test.staff.master.TestGetAllStaffForTerminalTestNg"/>
  <testcase name="testGetAllStaffForTerminalLoad" time="0.168" classname="cool.fountain.online.web.test.staff.master.TestGetAllStaffForTerminalTestNg">
    <error type="java.lang.AssertionError" message="Status expected:&lt;200 OK&gt; but was:&lt;404 NOT_FOUND&gt;

&gt; POST https://qa3-api.chaipoint.com/outlet-pos-api/api/staff/getAllStaffForTerminal
&gt; WebTestClient-Request-Id: [1]
&gt; service.auth.key: [1234567]
&gt; Content-Type: [application/json]
&gt; Content-Length: [23]

{
  &quot;terminalId&quot;: &quot;1&quot;
}

&lt; 404 NOT_FOUND Not Found
&lt; Date: [Wed, 04 Dec 2019 12:37:35 GMT]
&lt; Content-Type: [text/html;charset=utf-8]
&lt; Content-Length: [1086]
&lt; Connection: [keep-alive]
&lt; Server: [Apache-Coyote/1.1]
&lt; Content-Language: [en]

&lt;!DOCTYPE html&gt;&lt;html&gt;&lt;head&gt;&lt;title&gt;Apache Tomcat/8.5.0 - Error report&lt;/title&gt;&lt;style type=&quot;text/css&quot;&gt;H1 {font-family:Tahoma,Arial,sans-serif;color:white;background-color:#525D76;font-size:22px;} H2 {font-family:Tahoma,Arial,sans-serif;color:white;background-color:#525D76;font-size:16px;} H3 {font-family:Tahoma,Arial,sans-serif;color:white;background-color:#525D76;font-size:14px;} BODY {font-family:Tahoma,Arial,sans-serif;color:black;background-color:white;} B {font-family:Tahoma,Arial,sans-serif;color:white;background-color:#525D76;} P {font-family:Tahoma,Arial,sans-serif;background:white;color:black;font-size:12px;}A {color : black;}A.name {color : black;}.line {height: 1px; background-color: #525D76; border: none;}&lt;/style&gt; &lt;/head&gt;&lt;body&gt;&lt;h1&gt;HTTP Status 404 - /outlet-pos-api/api/staff/getAllStaffForTerminal&lt;/h1&gt;&lt;div class=&quot;line&quot;&gt;&lt;/div&gt;&lt;p&gt;&lt;b&gt;type&lt;/b&gt; Status report&lt;/p&gt;&lt;p&gt;&lt;b&gt;message&lt;/b&gt; &lt;u&gt;/outlet-pos-api/api/staff/getAllStaffForTerminal&lt;/u&gt;&lt;/p&gt;&lt;p&gt;&lt;b&gt;description&lt;/b&gt; &lt;u&gt;The requested resource is not available.&lt;/u&gt;&lt;/p&gt;&lt;hr class=&quot;line&quot;&gt;&lt;h3&gt;Apache Tomcat/8.5.0&lt;/h3&gt;&lt;/body&gt;&lt;/html&gt;
">
      <![CDATA[java.lang.AssertionError: Status expected:<200 OK> but was:<404 NOT_FOUND>

> POST https://qa3-api.chaipoint.com/outlet-pos-api/api/staff/getAllStaffForTerminal
> WebTestClient-Request-Id: [1]
> service.auth.key: [1234567]
> Content-Type: [application/json]
> Content-Length: [23]

{
  "terminalId": "1"
}

< 404 NOT_FOUND Not Found
< Date: [Wed, 04 Dec 2019 12:37:35 GMT]
< Content-Type: [text/html;charset=utf-8]
< Content-Length: [1086]
< Connection: [keep-alive]
< Server: [Apache-Coyote/1.1]
< Content-Language: [en]

<!DOCTYPE html><html><head><title>Apache Tomcat/8.5.0 - Error report</title><style type="text/css">H1 {font-family:Tahoma,Arial,sans-serif;color:white;background-color:#525D76;font-size:22px;} H2 {font-family:Tahoma,Arial,sans-serif;color:white;background-color:#525D76;font-size:16px;} H3 {font-family:Tahoma,Arial,sans-serif;color:white;background-color:#525D76;font-size:14px;} BODY {font-family:Tahoma,Arial,sans-serif;color:black;background-color:white;} B {font-family:Tahoma,Arial,sans-serif;color:white;background-color:#525D76;} P {font-family:Tahoma,Arial,sans-serif;background:white;color:black;font-size:12px;}A {color : black;}A.name {color : black;}.line {height: 1px; background-color: #525D76; border: none;}</style> </head><body><h1>HTTP Status 404 - /outlet-pos-api/api/staff/getAllStaffForTerminal</h1><div class="line"></div><p><b>type</b> Status report</p><p><b>message</b> <u>/outlet-pos-api/api/staff/getAllStaffForTerminal</u></p><p><b>description</b> <u>The requested resource is not available.</u></p><hr class="line"><h3>Apache Tomcat/8.5.0</h3></body></html>

	at org.springframework.test.web.reactive.server.ExchangeResult.assertWithDiagnostics(ExchangeResult.java:200)
	at org.springframework.test.web.reactive.server.StatusAssertions.assertStatusAndReturn(StatusAssertions.java:227)
	at org.springframework.test.web.reactive.server.StatusAssertions.isOk(StatusAssertions.java:67)
	at cool.fountain.online.web.test.staff.master.TestGetAllStaffForTerminalTestNg.getAllStaffForTerminal(TestGetAllStaffForTerminalTestNg.java:110)
	at cool.fountain.online.web.test.staff.master.TestGetAllStaffForTerminalTestNg.testGetAllStaffForTerminalLoad(TestGetAllStaffForTerminalTestNg.java:96)
	at sun.reflect.GeneratedMethodAccessor49.invoke(Unknown Source)
	at sun.reflect.DelegatingMethodAccessorImpl.invoke(DelegatingMethodAccessorImpl.java:43)
	at java.lang.reflect.Method.invoke(Method.java:498)
	at org.testng.internal.MethodInvocationHelper.invokeMethod(MethodInvocationHelper.java:80)
	at org.testng.internal.MethodInvocationHelper$1.runTestMethod(MethodInvocationHelper.java:182)
	at org.springframework.test.context.testng.AbstractTestNGSpringContextTests.run(AbstractTestNGSpringContextTests.java:180)
	at sun.reflect.GeneratedMethodAccessor44.invoke(Unknown Source)
	at sun.reflect.DelegatingMethodAccessorImpl.invoke(DelegatingMethodAccessorImpl.java:43)
	at java.lang.reflect.Method.invoke(Method.java:498)
	at org.testng.internal.MethodInvocationHelper.invokeHookable(MethodInvocationHelper.java:194)
	at org.testng.internal.Invoker.invokeMethod(Invoker.java:707)
	at org.testng.internal.Invoker.invokeTestMethod(Invoker.java:901)
	at org.testng.internal.Invoker.invokeTestMethods(Invoker.java:1231)
	at org.testng.internal.TestMethodWorker.invokeTestMethods(TestMethodWorker.java:127)
	at org.testng.internal.TestMethodWorker.run(TestMethodWorker.java:111)
	at org.testng.internal.thread.ThreadUtil$2.call(ThreadUtil.java:64)
	at java.util.concurrent.FutureTask.run(FutureTask.java:266)
	at java.util.concurrent.ThreadPoolExecutor.runWorker(ThreadPoolExecutor.java:1149)
	at java.util.concurrent.ThreadPoolExecutor$Worker.run(ThreadPoolExecutor.java:624)
	at java.lang.Thread.run(Thread.java:748)
Caused by: java.lang.AssertionError: Status expected:<200 OK> but was:<404 NOT_FOUND>
	at org.springframework.test.util.AssertionErrors.fail(AssertionErrors.java:55)
	at org.springframework.test.util.AssertionErrors.assertEquals(AssertionErrors.java:82)
	at org.springframework.test.web.reactive.server.StatusAssertions.lambda$assertStatusAndReturn$4(StatusAssertions.java:227)
	at org.springframework.test.web.reactive.server.ExchangeResult.assertWithDiagnostics(ExchangeResult.java:197)
	... 24 more
]]>
    </error>
  </testcase> <!-- testGetAllStaffForTerminalLoad -->
  <testcase name="testGetAllStaffForTerminalLoad" time="2.848" classname="cool.fountain.online.web.test.staff.master.TestGetAllStaffForTerminalTestNg"/>
  <testcase name="testGetAllStaffForTerminalLoad" time="2.862" classname="cool.fountain.online.web.test.staff.master.TestGetAllStaffForTerminalTestNg"/>
  <testcase name="testGetAllStaffForTerminalLoad" time="0.123" classname="cool.fountain.online.web.test.staff.master.TestGetAllStaffForTerminalTestNg">
    <error type="java.lang.AssertionError" message="Status expected:&lt;200 OK&gt; but was:&lt;404 NOT_FOUND&gt;

&gt; POST https://qa3-api.chaipoint.com/outlet-pos-api/api/staff/getAllStaffForTerminal
&gt; WebTestClient-Request-Id: [1]
&gt; service.auth.key: [1234567]
&gt; Content-Type: [application/json]
&gt; Content-Length: [23]

{
  &quot;terminalId&quot;: &quot;1&quot;
}

&lt; 404 NOT_FOUND Not Found
&lt; Date: [Wed, 04 Dec 2019 12:37:34 GMT]
&lt; Content-Type: [text/html;charset=utf-8]
&lt; Content-Length: [1086]
&lt; Connection: [keep-alive]
&lt; Server: [Apache-Coyote/1.1]
&lt; Content-Language: [en]

&lt;!DOCTYPE html&gt;&lt;html&gt;&lt;head&gt;&lt;title&gt;Apache Tomcat/8.5.0 - Error report&lt;/title&gt;&lt;style type=&quot;text/css&quot;&gt;H1 {font-family:Tahoma,Arial,sans-serif;color:white;background-color:#525D76;font-size:22px;} H2 {font-family:Tahoma,Arial,sans-serif;color:white;background-color:#525D76;font-size:16px;} H3 {font-family:Tahoma,Arial,sans-serif;color:white;background-color:#525D76;font-size:14px;} BODY {font-family:Tahoma,Arial,sans-serif;color:black;background-color:white;} B {font-family:Tahoma,Arial,sans-serif;color:white;background-color:#525D76;} P {font-family:Tahoma,Arial,sans-serif;background:white;color:black;font-size:12px;}A {color : black;}A.name {color : black;}.line {height: 1px; background-color: #525D76; border: none;}&lt;/style&gt; &lt;/head&gt;&lt;body&gt;&lt;h1&gt;HTTP Status 404 - /outlet-pos-api/api/staff/getAllStaffForTerminal&lt;/h1&gt;&lt;div class=&quot;line&quot;&gt;&lt;/div&gt;&lt;p&gt;&lt;b&gt;type&lt;/b&gt; Status report&lt;/p&gt;&lt;p&gt;&lt;b&gt;message&lt;/b&gt; &lt;u&gt;/outlet-pos-api/api/staff/getAllStaffForTerminal&lt;/u&gt;&lt;/p&gt;&lt;p&gt;&lt;b&gt;description&lt;/b&gt; &lt;u&gt;The requested resource is not available.&lt;/u&gt;&lt;/p&gt;&lt;hr class=&quot;line&quot;&gt;&lt;h3&gt;Apache Tomcat/8.5.0&lt;/h3&gt;&lt;/body&gt;&lt;/html&gt;
">
      <![CDATA[java.lang.AssertionError: Status expected:<200 OK> but was:<404 NOT_FOUND>

> POST https://qa3-api.chaipoint.com/outlet-pos-api/api/staff/getAllStaffForTerminal
> WebTestClient-Request-Id: [1]
> service.auth.key: [1234567]
> Content-Type: [application/json]
> Content-Length: [23]

{
  "terminalId": "1"
}

< 404 NOT_FOUND Not Found
< Date: [Wed, 04 Dec 2019 12:37:34 GMT]
< Content-Type: [text/html;charset=utf-8]
< Content-Length: [1086]
< Connection: [keep-alive]
< Server: [Apache-Coyote/1.1]
< Content-Language: [en]

<!DOCTYPE html><html><head><title>Apache Tomcat/8.5.0 - Error report</title><style type="text/css">H1 {font-family:Tahoma,Arial,sans-serif;color:white;background-color:#525D76;font-size:22px;} H2 {font-family:Tahoma,Arial,sans-serif;color:white;background-color:#525D76;font-size:16px;} H3 {font-family:Tahoma,Arial,sans-serif;color:white;background-color:#525D76;font-size:14px;} BODY {font-family:Tahoma,Arial,sans-serif;color:black;background-color:white;} B {font-family:Tahoma,Arial,sans-serif;color:white;background-color:#525D76;} P {font-family:Tahoma,Arial,sans-serif;background:white;color:black;font-size:12px;}A {color : black;}A.name {color : black;}.line {height: 1px; background-color: #525D76; border: none;}</style> </head><body><h1>HTTP Status 404 - /outlet-pos-api/api/staff/getAllStaffForTerminal</h1><div class="line"></div><p><b>type</b> Status report</p><p><b>message</b> <u>/outlet-pos-api/api/staff/getAllStaffForTerminal</u></p><p><b>description</b> <u>The requested resource is not available.</u></p><hr class="line"><h3>Apache Tomcat/8.5.0</h3></body></html>

	at org.springframework.test.web.reactive.server.ExchangeResult.assertWithDiagnostics(ExchangeResult.java:200)
	at org.springframework.test.web.reactive.server.StatusAssertions.assertStatusAndReturn(StatusAssertions.java:227)
	at org.springframework.test.web.reactive.server.StatusAssertions.isOk(StatusAssertions.java:67)
	at cool.fountain.online.web.test.staff.master.TestGetAllStaffForTerminalTestNg.getAllStaffForTerminal(TestGetAllStaffForTerminalTestNg.java:110)
	at cool.fountain.online.web.test.staff.master.TestGetAllStaffForTerminalTestNg.testGetAllStaffForTerminalLoad(TestGetAllStaffForTerminalTestNg.java:96)
	at sun.reflect.GeneratedMethodAccessor49.invoke(Unknown Source)
	at sun.reflect.DelegatingMethodAccessorImpl.invoke(DelegatingMethodAccessorImpl.java:43)
	at java.lang.reflect.Method.invoke(Method.java:498)
	at org.testng.internal.MethodInvocationHelper.invokeMethod(MethodInvocationHelper.java:80)
	at org.testng.internal.MethodInvocationHelper$1.runTestMethod(MethodInvocationHelper.java:182)
	at org.springframework.test.context.testng.AbstractTestNGSpringContextTests.run(AbstractTestNGSpringContextTests.java:180)
	at sun.reflect.GeneratedMethodAccessor44.invoke(Unknown Source)
	at sun.reflect.DelegatingMethodAccessorImpl.invoke(DelegatingMethodAccessorImpl.java:43)
	at java.lang.reflect.Method.invoke(Method.java:498)
	at org.testng.internal.MethodInvocationHelper.invokeHookable(MethodInvocationHelper.java:194)
	at org.testng.internal.Invoker.invokeMethod(Invoker.java:707)
	at org.testng.internal.Invoker.invokeTestMethod(Invoker.java:901)
	at org.testng.internal.Invoker.invokeTestMethods(Invoker.java:1231)
	at org.testng.internal.TestMethodWorker.invokeTestMethods(TestMethodWorker.java:127)
	at org.testng.internal.TestMethodWorker.run(TestMethodWorker.java:111)
	at org.testng.internal.thread.ThreadUtil$2.call(ThreadUtil.java:64)
	at java.util.concurrent.FutureTask.run(FutureTask.java:266)
	at java.util.concurrent.ThreadPoolExecutor.runWorker(ThreadPoolExecutor.java:1149)
	at java.util.concurrent.ThreadPoolExecutor$Worker.run(ThreadPoolExecutor.java:624)
	at java.lang.Thread.run(Thread.java:748)
Caused by: java.lang.AssertionError: Status expected:<200 OK> but was:<404 NOT_FOUND>
	at org.springframework.test.util.AssertionErrors.fail(AssertionErrors.java:55)
	at org.springframework.test.util.AssertionErrors.assertEquals(AssertionErrors.java:82)
	at org.springframework.test.web.reactive.server.StatusAssertions.lambda$assertStatusAndReturn$4(StatusAssertions.java:227)
	at org.springframework.test.web.reactive.server.ExchangeResult.assertWithDiagnostics(ExchangeResult.java:197)
	... 24 more
]]>
    </error>
  </testcase> <!-- testGetAllStaffForTerminalLoad -->
  <testcase name="testGetAllStaffForTerminalLoad" time="2.381" classname="cool.fountain.online.web.test.staff.master.TestGetAllStaffForTerminalTestNg"/>
  <testcase name="testGetAllStaffForTerminalLoad" time="2.364" classname="cool.fountain.online.web.test.staff.master.TestGetAllStaffForTerminalTestNg"/>
  <testcase name="testGetAllStaffForTerminalLoad" time="2.795" classname="cool.fountain.online.web.test.staff.master.TestGetAllStaffForTerminalTestNg"/>
  <testcase name="testGetAllStaffForTerminalLoad" time="2.928" classname="cool.fountain.online.web.test.staff.master.TestGetAllStaffForTerminalTestNg"/>
  <testcase name="testGetAllStaffForTerminalLoad" time="0.164" classname="cool.fountain.online.web.test.staff.master.TestGetAllStaffForTerminalTestNg">
    <error type="java.lang.AssertionError" message="Status expected:&lt;200 OK&gt; but was:&lt;404 NOT_FOUND&gt;

&gt; POST https://qa3-api.chaipoint.com/outlet-pos-api/api/staff/getAllStaffForTerminal
&gt; WebTestClient-Request-Id: [1]
&gt; service.auth.key: [1234567]
&gt; Content-Type: [application/json]
&gt; Content-Length: [23]

{
  &quot;terminalId&quot;: &quot;1&quot;
}

&lt; 404 NOT_FOUND Not Found
&lt; Date: [Wed, 04 Dec 2019 12:37:33 GMT]
&lt; Content-Type: [text/html;charset=utf-8]
&lt; Content-Length: [1086]
&lt; Connection: [keep-alive]
&lt; Server: [Apache-Coyote/1.1]
&lt; Content-Language: [en]

&lt;!DOCTYPE html&gt;&lt;html&gt;&lt;head&gt;&lt;title&gt;Apache Tomcat/8.5.0 - Error report&lt;/title&gt;&lt;style type=&quot;text/css&quot;&gt;H1 {font-family:Tahoma,Arial,sans-serif;color:white;background-color:#525D76;font-size:22px;} H2 {font-family:Tahoma,Arial,sans-serif;color:white;background-color:#525D76;font-size:16px;} H3 {font-family:Tahoma,Arial,sans-serif;color:white;background-color:#525D76;font-size:14px;} BODY {font-family:Tahoma,Arial,sans-serif;color:black;background-color:white;} B {font-family:Tahoma,Arial,sans-serif;color:white;background-color:#525D76;} P {font-family:Tahoma,Arial,sans-serif;background:white;color:black;font-size:12px;}A {color : black;}A.name {color : black;}.line {height: 1px; background-color: #525D76; border: none;}&lt;/style&gt; &lt;/head&gt;&lt;body&gt;&lt;h1&gt;HTTP Status 404 - /outlet-pos-api/api/staff/getAllStaffForTerminal&lt;/h1&gt;&lt;div class=&quot;line&quot;&gt;&lt;/div&gt;&lt;p&gt;&lt;b&gt;type&lt;/b&gt; Status report&lt;/p&gt;&lt;p&gt;&lt;b&gt;message&lt;/b&gt; &lt;u&gt;/outlet-pos-api/api/staff/getAllStaffForTerminal&lt;/u&gt;&lt;/p&gt;&lt;p&gt;&lt;b&gt;description&lt;/b&gt; &lt;u&gt;The requested resource is not available.&lt;/u&gt;&lt;/p&gt;&lt;hr class=&quot;line&quot;&gt;&lt;h3&gt;Apache Tomcat/8.5.0&lt;/h3&gt;&lt;/body&gt;&lt;/html&gt;
">
      <![CDATA[java.lang.AssertionError: Status expected:<200 OK> but was:<404 NOT_FOUND>

> POST https://qa3-api.chaipoint.com/outlet-pos-api/api/staff/getAllStaffForTerminal
> WebTestClient-Request-Id: [1]
> service.auth.key: [1234567]
> Content-Type: [application/json]
> Content-Length: [23]

{
  "terminalId": "1"
}

< 404 NOT_FOUND Not Found
< Date: [Wed, 04 Dec 2019 12:37:33 GMT]
< Content-Type: [text/html;charset=utf-8]
< Content-Length: [1086]
< Connection: [keep-alive]
< Server: [Apache-Coyote/1.1]
< Content-Language: [en]

<!DOCTYPE html><html><head><title>Apache Tomcat/8.5.0 - Error report</title><style type="text/css">H1 {font-family:Tahoma,Arial,sans-serif;color:white;background-color:#525D76;font-size:22px;} H2 {font-family:Tahoma,Arial,sans-serif;color:white;background-color:#525D76;font-size:16px;} H3 {font-family:Tahoma,Arial,sans-serif;color:white;background-color:#525D76;font-size:14px;} BODY {font-family:Tahoma,Arial,sans-serif;color:black;background-color:white;} B {font-family:Tahoma,Arial,sans-serif;color:white;background-color:#525D76;} P {font-family:Tahoma,Arial,sans-serif;background:white;color:black;font-size:12px;}A {color : black;}A.name {color : black;}.line {height: 1px; background-color: #525D76; border: none;}</style> </head><body><h1>HTTP Status 404 - /outlet-pos-api/api/staff/getAllStaffForTerminal</h1><div class="line"></div><p><b>type</b> Status report</p><p><b>message</b> <u>/outlet-pos-api/api/staff/getAllStaffForTerminal</u></p><p><b>description</b> <u>The requested resource is not available.</u></p><hr class="line"><h3>Apache Tomcat/8.5.0</h3></body></html>

	at org.springframework.test.web.reactive.server.ExchangeResult.assertWithDiagnostics(ExchangeResult.java:200)
	at org.springframework.test.web.reactive.server.StatusAssertions.assertStatusAndReturn(StatusAssertions.java:227)
	at org.springframework.test.web.reactive.server.StatusAssertions.isOk(StatusAssertions.java:67)
	at cool.fountain.online.web.test.staff.master.TestGetAllStaffForTerminalTestNg.getAllStaffForTerminal(TestGetAllStaffForTerminalTestNg.java:110)
	at cool.fountain.online.web.test.staff.master.TestGetAllStaffForTerminalTestNg.testGetAllStaffForTerminalLoad(TestGetAllStaffForTerminalTestNg.java:96)
	at sun.reflect.GeneratedMethodAccessor49.invoke(Unknown Source)
	at sun.reflect.DelegatingMethodAccessorImpl.invoke(DelegatingMethodAccessorImpl.java:43)
	at java.lang.reflect.Method.invoke(Method.java:498)
	at org.testng.internal.MethodInvocationHelper.invokeMethod(MethodInvocationHelper.java:80)
	at org.testng.internal.MethodInvocationHelper$1.runTestMethod(MethodInvocationHelper.java:182)
	at org.springframework.test.context.testng.AbstractTestNGSpringContextTests.run(AbstractTestNGSpringContextTests.java:180)
	at sun.reflect.GeneratedMethodAccessor44.invoke(Unknown Source)
	at sun.reflect.DelegatingMethodAccessorImpl.invoke(DelegatingMethodAccessorImpl.java:43)
	at java.lang.reflect.Method.invoke(Method.java:498)
	at org.testng.internal.MethodInvocationHelper.invokeHookable(MethodInvocationHelper.java:194)
	at org.testng.internal.Invoker.invokeMethod(Invoker.java:707)
	at org.testng.internal.Invoker.invokeTestMethod(Invoker.java:901)
	at org.testng.internal.Invoker.invokeTestMethods(Invoker.java:1231)
	at org.testng.internal.TestMethodWorker.invokeTestMethods(TestMethodWorker.java:127)
	at org.testng.internal.TestMethodWorker.run(TestMethodWorker.java:111)
	at org.testng.internal.thread.ThreadUtil$2.call(ThreadUtil.java:64)
	at java.util.concurrent.FutureTask.run(FutureTask.java:266)
	at java.util.concurrent.ThreadPoolExecutor.runWorker(ThreadPoolExecutor.java:1149)
	at java.util.concurrent.ThreadPoolExecutor$Worker.run(ThreadPoolExecutor.java:624)
	at java.lang.Thread.run(Thread.java:748)
Caused by: java.lang.AssertionError: Status expected:<200 OK> but was:<404 NOT_FOUND>
	at org.springframework.test.util.AssertionErrors.fail(AssertionErrors.java:55)
	at org.springframework.test.util.AssertionErrors.assertEquals(AssertionErrors.java:82)
	at org.springframework.test.web.reactive.server.StatusAssertions.lambda$assertStatusAndReturn$4(StatusAssertions.java:227)
	at org.springframework.test.web.reactive.server.ExchangeResult.assertWithDiagnostics(ExchangeResult.java:197)
	... 24 more
]]>
    </error>
  </testcase> <!-- testGetAllStaffForTerminalLoad -->
  <testcase name="testGetAllStaffForTerminalLoad" time="0.202" classname="cool.fountain.online.web.test.staff.master.TestGetAllStaffForTerminalTestNg">
    <error type="java.lang.AssertionError" message="Status expected:&lt;200 OK&gt; but was:&lt;404 NOT_FOUND&gt;

&gt; POST https://qa3-api.chaipoint.com/outlet-pos-api/api/staff/getAllStaffForTerminal
&gt; WebTestClient-Request-Id: [1]
&gt; service.auth.key: [1234567]
&gt; Content-Type: [application/json]
&gt; Content-Length: [23]

{
  &quot;terminalId&quot;: &quot;1&quot;
}

&lt; 404 NOT_FOUND Not Found
&lt; Date: [Wed, 04 Dec 2019 12:37:38 GMT]
&lt; Content-Type: [text/html;charset=utf-8]
&lt; Content-Length: [1086]
&lt; Connection: [keep-alive]
&lt; Server: [Apache-Coyote/1.1]
&lt; Content-Language: [en]

&lt;!DOCTYPE html&gt;&lt;html&gt;&lt;head&gt;&lt;title&gt;Apache Tomcat/8.5.0 - Error report&lt;/title&gt;&lt;style type=&quot;text/css&quot;&gt;H1 {font-family:Tahoma,Arial,sans-serif;color:white;background-color:#525D76;font-size:22px;} H2 {font-family:Tahoma,Arial,sans-serif;color:white;background-color:#525D76;font-size:16px;} H3 {font-family:Tahoma,Arial,sans-serif;color:white;background-color:#525D76;font-size:14px;} BODY {font-family:Tahoma,Arial,sans-serif;color:black;background-color:white;} B {font-family:Tahoma,Arial,sans-serif;color:white;background-color:#525D76;} P {font-family:Tahoma,Arial,sans-serif;background:white;color:black;font-size:12px;}A {color : black;}A.name {color : black;}.line {height: 1px; background-color: #525D76; border: none;}&lt;/style&gt; &lt;/head&gt;&lt;body&gt;&lt;h1&gt;HTTP Status 404 - /outlet-pos-api/api/staff/getAllStaffForTerminal&lt;/h1&gt;&lt;div class=&quot;line&quot;&gt;&lt;/div&gt;&lt;p&gt;&lt;b&gt;type&lt;/b&gt; Status report&lt;/p&gt;&lt;p&gt;&lt;b&gt;message&lt;/b&gt; &lt;u&gt;/outlet-pos-api/api/staff/getAllStaffForTerminal&lt;/u&gt;&lt;/p&gt;&lt;p&gt;&lt;b&gt;description&lt;/b&gt; &lt;u&gt;The requested resource is not available.&lt;/u&gt;&lt;/p&gt;&lt;hr class=&quot;line&quot;&gt;&lt;h3&gt;Apache Tomcat/8.5.0&lt;/h3&gt;&lt;/body&gt;&lt;/html&gt;
">
      <![CDATA[java.lang.AssertionError: Status expected:<200 OK> but was:<404 NOT_FOUND>

> POST https://qa3-api.chaipoint.com/outlet-pos-api/api/staff/getAllStaffForTerminal
> WebTestClient-Request-Id: [1]
> service.auth.key: [1234567]
> Content-Type: [application/json]
> Content-Length: [23]

{
  "terminalId": "1"
}

< 404 NOT_FOUND Not Found
< Date: [Wed, 04 Dec 2019 12:37:38 GMT]
< Content-Type: [text/html;charset=utf-8]
< Content-Length: [1086]
< Connection: [keep-alive]
< Server: [Apache-Coyote/1.1]
< Content-Language: [en]

<!DOCTYPE html><html><head><title>Apache Tomcat/8.5.0 - Error report</title><style type="text/css">H1 {font-family:Tahoma,Arial,sans-serif;color:white;background-color:#525D76;font-size:22px;} H2 {font-family:Tahoma,Arial,sans-serif;color:white;background-color:#525D76;font-size:16px;} H3 {font-family:Tahoma,Arial,sans-serif;color:white;background-color:#525D76;font-size:14px;} BODY {font-family:Tahoma,Arial,sans-serif;color:black;background-color:white;} B {font-family:Tahoma,Arial,sans-serif;color:white;background-color:#525D76;} P {font-family:Tahoma,Arial,sans-serif;background:white;color:black;font-size:12px;}A {color : black;}A.name {color : black;}.line {height: 1px; background-color: #525D76; border: none;}</style> </head><body><h1>HTTP Status 404 - /outlet-pos-api/api/staff/getAllStaffForTerminal</h1><div class="line"></div><p><b>type</b> Status report</p><p><b>message</b> <u>/outlet-pos-api/api/staff/getAllStaffForTerminal</u></p><p><b>description</b> <u>The requested resource is not available.</u></p><hr class="line"><h3>Apache Tomcat/8.5.0</h3></body></html>

	at org.springframework.test.web.reactive.server.ExchangeResult.assertWithDiagnostics(ExchangeResult.java:200)
	at org.springframework.test.web.reactive.server.StatusAssertions.assertStatusAndReturn(StatusAssertions.java:227)
	at org.springframework.test.web.reactive.server.StatusAssertions.isOk(StatusAssertions.java:67)
	at cool.fountain.online.web.test.staff.master.TestGetAllStaffForTerminalTestNg.getAllStaffForTerminal(TestGetAllStaffForTerminalTestNg.java:110)
	at cool.fountain.online.web.test.staff.master.TestGetAllStaffForTerminalTestNg.testGetAllStaffForTerminalLoad(TestGetAllStaffForTerminalTestNg.java:96)
	at sun.reflect.GeneratedMethodAccessor49.invoke(Unknown Source)
	at sun.reflect.DelegatingMethodAccessorImpl.invoke(DelegatingMethodAccessorImpl.java:43)
	at java.lang.reflect.Method.invoke(Method.java:498)
	at org.testng.internal.MethodInvocationHelper.invokeMethod(MethodInvocationHelper.java:80)
	at org.testng.internal.MethodInvocationHelper$1.runTestMethod(MethodInvocationHelper.java:182)
	at org.springframework.test.context.testng.AbstractTestNGSpringContextTests.run(AbstractTestNGSpringContextTests.java:180)
	at sun.reflect.GeneratedMethodAccessor44.invoke(Unknown Source)
	at sun.reflect.DelegatingMethodAccessorImpl.invoke(DelegatingMethodAccessorImpl.java:43)
	at java.lang.reflect.Method.invoke(Method.java:498)
	at org.testng.internal.MethodInvocationHelper.invokeHookable(MethodInvocationHelper.java:194)
	at org.testng.internal.Invoker.invokeMethod(Invoker.java:707)
	at org.testng.internal.Invoker.invokeTestMethod(Invoker.java:901)
	at org.testng.internal.Invoker.invokeTestMethods(Invoker.java:1231)
	at org.testng.internal.TestMethodWorker.invokeTestMethods(TestMethodWorker.java:127)
	at org.testng.internal.TestMethodWorker.run(TestMethodWorker.java:111)
	at org.testng.internal.thread.ThreadUtil$2.call(ThreadUtil.java:64)
	at java.util.concurrent.FutureTask.run(FutureTask.java:266)
	at java.util.concurrent.ThreadPoolExecutor.runWorker(ThreadPoolExecutor.java:1149)
	at java.util.concurrent.ThreadPoolExecutor$Worker.run(ThreadPoolExecutor.java:624)
	at java.lang.Thread.run(Thread.java:748)
Caused by: java.lang.AssertionError: Status expected:<200 OK> but was:<404 NOT_FOUND>
	at org.springframework.test.util.AssertionErrors.fail(AssertionErrors.java:55)
	at org.springframework.test.util.AssertionErrors.assertEquals(AssertionErrors.java:82)
	at org.springframework.test.web.reactive.server.StatusAssertions.lambda$assertStatusAndReturn$4(StatusAssertions.java:227)
	at org.springframework.test.web.reactive.server.ExchangeResult.assertWithDiagnostics(ExchangeResult.java:197)
	... 24 more
]]>
    </error>
  </testcase> <!-- testGetAllStaffForTerminalLoad -->
  <testcase name="testGetAllStaffForTerminalLoad" time="0.213" classname="cool.fountain.online.web.test.staff.master.TestGetAllStaffForTerminalTestNg">
    <error type="java.lang.AssertionError" message="Status expected:&lt;200 OK&gt; but was:&lt;404 NOT_FOUND&gt;

&gt; POST https://qa3-api.chaipoint.com/outlet-pos-api/api/staff/getAllStaffForTerminal
&gt; WebTestClient-Request-Id: [1]
&gt; service.auth.key: [1234567]
&gt; Content-Type: [application/json]
&gt; Content-Length: [23]

{
  &quot;terminalId&quot;: &quot;1&quot;
}

&lt; 404 NOT_FOUND Not Found
&lt; Date: [Wed, 04 Dec 2019 12:37:39 GMT]
&lt; Content-Type: [text/html;charset=utf-8]
&lt; Content-Length: [1086]
&lt; Connection: [keep-alive]
&lt; Server: [Apache-Coyote/1.1]
&lt; Content-Language: [en]

&lt;!DOCTYPE html&gt;&lt;html&gt;&lt;head&gt;&lt;title&gt;Apache Tomcat/8.5.0 - Error report&lt;/title&gt;&lt;style type=&quot;text/css&quot;&gt;H1 {font-family:Tahoma,Arial,sans-serif;color:white;background-color:#525D76;font-size:22px;} H2 {font-family:Tahoma,Arial,sans-serif;color:white;background-color:#525D76;font-size:16px;} H3 {font-family:Tahoma,Arial,sans-serif;color:white;background-color:#525D76;font-size:14px;} BODY {font-family:Tahoma,Arial,sans-serif;color:black;background-color:white;} B {font-family:Tahoma,Arial,sans-serif;color:white;background-color:#525D76;} P {font-family:Tahoma,Arial,sans-serif;background:white;color:black;font-size:12px;}A {color : black;}A.name {color : black;}.line {height: 1px; background-color: #525D76; border: none;}&lt;/style&gt; &lt;/head&gt;&lt;body&gt;&lt;h1&gt;HTTP Status 404 - /outlet-pos-api/api/staff/getAllStaffForTerminal&lt;/h1&gt;&lt;div class=&quot;line&quot;&gt;&lt;/div&gt;&lt;p&gt;&lt;b&gt;type&lt;/b&gt; Status report&lt;/p&gt;&lt;p&gt;&lt;b&gt;message&lt;/b&gt; &lt;u&gt;/outlet-pos-api/api/staff/getAllStaffForTerminal&lt;/u&gt;&lt;/p&gt;&lt;p&gt;&lt;b&gt;description&lt;/b&gt; &lt;u&gt;The requested resource is not available.&lt;/u&gt;&lt;/p&gt;&lt;hr class=&quot;line&quot;&gt;&lt;h3&gt;Apache Tomcat/8.5.0&lt;/h3&gt;&lt;/body&gt;&lt;/html&gt;
">
      <![CDATA[java.lang.AssertionError: Status expected:<200 OK> but was:<404 NOT_FOUND>

> POST https://qa3-api.chaipoint.com/outlet-pos-api/api/staff/getAllStaffForTerminal
> WebTestClient-Request-Id: [1]
> service.auth.key: [1234567]
> Content-Type: [application/json]
> Content-Length: [23]

{
  "terminalId": "1"
}

< 404 NOT_FOUND Not Found
< Date: [Wed, 04 Dec 2019 12:37:39 GMT]
< Content-Type: [text/html;charset=utf-8]
< Content-Length: [1086]
< Connection: [keep-alive]
< Server: [Apache-Coyote/1.1]
< Content-Language: [en]

<!DOCTYPE html><html><head><title>Apache Tomcat/8.5.0 - Error report</title><style type="text/css">H1 {font-family:Tahoma,Arial,sans-serif;color:white;background-color:#525D76;font-size:22px;} H2 {font-family:Tahoma,Arial,sans-serif;color:white;background-color:#525D76;font-size:16px;} H3 {font-family:Tahoma,Arial,sans-serif;color:white;background-color:#525D76;font-size:14px;} BODY {font-family:Tahoma,Arial,sans-serif;color:black;background-color:white;} B {font-family:Tahoma,Arial,sans-serif;color:white;background-color:#525D76;} P {font-family:Tahoma,Arial,sans-serif;background:white;color:black;font-size:12px;}A {color : black;}A.name {color : black;}.line {height: 1px; background-color: #525D76; border: none;}</style> </head><body><h1>HTTP Status 404 - /outlet-pos-api/api/staff/getAllStaffForTerminal</h1><div class="line"></div><p><b>type</b> Status report</p><p><b>message</b> <u>/outlet-pos-api/api/staff/getAllStaffForTerminal</u></p><p><b>description</b> <u>The requested resource is not available.</u></p><hr class="line"><h3>Apache Tomcat/8.5.0</h3></body></html>

	at org.springframework.test.web.reactive.server.ExchangeResult.assertWithDiagnostics(ExchangeResult.java:200)
	at org.springframework.test.web.reactive.server.StatusAssertions.assertStatusAndReturn(StatusAssertions.java:227)
	at org.springframework.test.web.reactive.server.StatusAssertions.isOk(StatusAssertions.java:67)
	at cool.fountain.online.web.test.staff.master.TestGetAllStaffForTerminalTestNg.getAllStaffForTerminal(TestGetAllStaffForTerminalTestNg.java:110)
	at cool.fountain.online.web.test.staff.master.TestGetAllStaffForTerminalTestNg.testGetAllStaffForTerminalLoad(TestGetAllStaffForTerminalTestNg.java:96)
	at sun.reflect.GeneratedMethodAccessor49.invoke(Unknown Source)
	at sun.reflect.DelegatingMethodAccessorImpl.invoke(DelegatingMethodAccessorImpl.java:43)
	at java.lang.reflect.Method.invoke(Method.java:498)
	at org.testng.internal.MethodInvocationHelper.invokeMethod(MethodInvocationHelper.java:80)
	at org.testng.internal.MethodInvocationHelper$1.runTestMethod(MethodInvocationHelper.java:182)
	at org.springframework.test.context.testng.AbstractTestNGSpringContextTests.run(AbstractTestNGSpringContextTests.java:180)
	at sun.reflect.GeneratedMethodAccessor44.invoke(Unknown Source)
	at sun.reflect.DelegatingMethodAccessorImpl.invoke(DelegatingMethodAccessorImpl.java:43)
	at java.lang.reflect.Method.invoke(Method.java:498)
	at org.testng.internal.MethodInvocationHelper.invokeHookable(MethodInvocationHelper.java:194)
	at org.testng.internal.Invoker.invokeMethod(Invoker.java:707)
	at org.testng.internal.Invoker.invokeTestMethod(Invoker.java:901)
	at org.testng.internal.Invoker.invokeTestMethods(Invoker.java:1231)
	at org.testng.internal.TestMethodWorker.invokeTestMethods(TestMethodWorker.java:127)
	at org.testng.internal.TestMethodWorker.run(TestMethodWorker.java:111)
	at org.testng.internal.thread.ThreadUtil$2.call(ThreadUtil.java:64)
	at java.util.concurrent.FutureTask.run(FutureTask.java:266)
	at java.util.concurrent.ThreadPoolExecutor.runWorker(ThreadPoolExecutor.java:1149)
	at java.util.concurrent.ThreadPoolExecutor$Worker.run(ThreadPoolExecutor.java:624)
	at java.lang.Thread.run(Thread.java:748)
Caused by: java.lang.AssertionError: Status expected:<200 OK> but was:<404 NOT_FOUND>
	at org.springframework.test.util.AssertionErrors.fail(AssertionErrors.java:55)
	at org.springframework.test.util.AssertionErrors.assertEquals(AssertionErrors.java:82)
	at org.springframework.test.web.reactive.server.StatusAssertions.lambda$assertStatusAndReturn$4(StatusAssertions.java:227)
	at org.springframework.test.web.reactive.server.ExchangeResult.assertWithDiagnostics(ExchangeResult.java:197)
	... 24 more
]]>
    </error>
  </testcase> <!-- testGetAllStaffForTerminalLoad -->
  <testcase name="testGetAllStaffForTerminalLoad" time="3.643" classname="cool.fountain.online.web.test.staff.master.TestGetAllStaffForTerminalTestNg"/>
  <testcase name="testGetAllStaffForTerminalLoad" time="0.486" classname="cool.fountain.online.web.test.staff.master.TestGetAllStaffForTerminalTestNg">
    <error type="java.lang.AssertionError" message="Status expected:&lt;200 OK&gt; but was:&lt;404 NOT_FOUND&gt;

&gt; POST https://qa3-api.chaipoint.com/outlet-pos-api/api/staff/getAllStaffForTerminal
&gt; WebTestClient-Request-Id: [1]
&gt; service.auth.key: [1234567]
&gt; Content-Type: [application/json]
&gt; Content-Length: [23]

{
  &quot;terminalId&quot;: &quot;1&quot;
}

&lt; 404 NOT_FOUND Not Found
&lt; Date: [Wed, 04 Dec 2019 12:37:34 GMT]
&lt; Content-Type: [text/html;charset=utf-8]
&lt; Content-Length: [1086]
&lt; Connection: [keep-alive]
&lt; Server: [Apache-Coyote/1.1]
&lt; Content-Language: [en]

&lt;!DOCTYPE html&gt;&lt;html&gt;&lt;head&gt;&lt;title&gt;Apache Tomcat/8.5.0 - Error report&lt;/title&gt;&lt;style type=&quot;text/css&quot;&gt;H1 {font-family:Tahoma,Arial,sans-serif;color:white;background-color:#525D76;font-size:22px;} H2 {font-family:Tahoma,Arial,sans-serif;color:white;background-color:#525D76;font-size:16px;} H3 {font-family:Tahoma,Arial,sans-serif;color:white;background-color:#525D76;font-size:14px;} BODY {font-family:Tahoma,Arial,sans-serif;color:black;background-color:white;} B {font-family:Tahoma,Arial,sans-serif;color:white;background-color:#525D76;} P {font-family:Tahoma,Arial,sans-serif;background:white;color:black;font-size:12px;}A {color : black;}A.name {color : black;}.line {height: 1px; background-color: #525D76; border: none;}&lt;/style&gt; &lt;/head&gt;&lt;body&gt;&lt;h1&gt;HTTP Status 404 - /outlet-pos-api/api/staff/getAllStaffForTerminal&lt;/h1&gt;&lt;div class=&quot;line&quot;&gt;&lt;/div&gt;&lt;p&gt;&lt;b&gt;type&lt;/b&gt; Status report&lt;/p&gt;&lt;p&gt;&lt;b&gt;message&lt;/b&gt; &lt;u&gt;/outlet-pos-api/api/staff/getAllStaffForTerminal&lt;/u&gt;&lt;/p&gt;&lt;p&gt;&lt;b&gt;description&lt;/b&gt; &lt;u&gt;The requested resource is not available.&lt;/u&gt;&lt;/p&gt;&lt;hr class=&quot;line&quot;&gt;&lt;h3&gt;Apache Tomcat/8.5.0&lt;/h3&gt;&lt;/body&gt;&lt;/html&gt;
">
      <![CDATA[java.lang.AssertionError: Status expected:<200 OK> but was:<404 NOT_FOUND>

> POST https://qa3-api.chaipoint.com/outlet-pos-api/api/staff/getAllStaffForTerminal
> WebTestClient-Request-Id: [1]
> service.auth.key: [1234567]
> Content-Type: [application/json]
> Content-Length: [23]

{
  "terminalId": "1"
}

< 404 NOT_FOUND Not Found
< Date: [Wed, 04 Dec 2019 12:37:34 GMT]
< Content-Type: [text/html;charset=utf-8]
< Content-Length: [1086]
< Connection: [keep-alive]
< Server: [Apache-Coyote/1.1]
< Content-Language: [en]

<!DOCTYPE html><html><head><title>Apache Tomcat/8.5.0 - Error report</title><style type="text/css">H1 {font-family:Tahoma,Arial,sans-serif;color:white;background-color:#525D76;font-size:22px;} H2 {font-family:Tahoma,Arial,sans-serif;color:white;background-color:#525D76;font-size:16px;} H3 {font-family:Tahoma,Arial,sans-serif;color:white;background-color:#525D76;font-size:14px;} BODY {font-family:Tahoma,Arial,sans-serif;color:black;background-color:white;} B {font-family:Tahoma,Arial,sans-serif;color:white;background-color:#525D76;} P {font-family:Tahoma,Arial,sans-serif;background:white;color:black;font-size:12px;}A {color : black;}A.name {color : black;}.line {height: 1px; background-color: #525D76; border: none;}</style> </head><body><h1>HTTP Status 404 - /outlet-pos-api/api/staff/getAllStaffForTerminal</h1><div class="line"></div><p><b>type</b> Status report</p><p><b>message</b> <u>/outlet-pos-api/api/staff/getAllStaffForTerminal</u></p><p><b>description</b> <u>The requested resource is not available.</u></p><hr class="line"><h3>Apache Tomcat/8.5.0</h3></body></html>

	at org.springframework.test.web.reactive.server.ExchangeResult.assertWithDiagnostics(ExchangeResult.java:200)
	at org.springframework.test.web.reactive.server.StatusAssertions.assertStatusAndReturn(StatusAssertions.java:227)
	at org.springframework.test.web.reactive.server.StatusAssertions.isOk(StatusAssertions.java:67)
	at cool.fountain.online.web.test.staff.master.TestGetAllStaffForTerminalTestNg.getAllStaffForTerminal(TestGetAllStaffForTerminalTestNg.java:110)
	at cool.fountain.online.web.test.staff.master.TestGetAllStaffForTerminalTestNg.testGetAllStaffForTerminalLoad(TestGetAllStaffForTerminalTestNg.java:96)
	at sun.reflect.GeneratedMethodAccessor49.invoke(Unknown Source)
	at sun.reflect.DelegatingMethodAccessorImpl.invoke(DelegatingMethodAccessorImpl.java:43)
	at java.lang.reflect.Method.invoke(Method.java:498)
	at org.testng.internal.MethodInvocationHelper.invokeMethod(MethodInvocationHelper.java:80)
	at org.testng.internal.MethodInvocationHelper$1.runTestMethod(MethodInvocationHelper.java:182)
	at org.springframework.test.context.testng.AbstractTestNGSpringContextTests.run(AbstractTestNGSpringContextTests.java:180)
	at sun.reflect.GeneratedMethodAccessor44.invoke(Unknown Source)
	at sun.reflect.DelegatingMethodAccessorImpl.invoke(DelegatingMethodAccessorImpl.java:43)
	at java.lang.reflect.Method.invoke(Method.java:498)
	at org.testng.internal.MethodInvocationHelper.invokeHookable(MethodInvocationHelper.java:194)
	at org.testng.internal.Invoker.invokeMethod(Invoker.java:707)
	at org.testng.internal.Invoker.invokeTestMethod(Invoker.java:901)
	at org.testng.internal.Invoker.invokeTestMethods(Invoker.java:1231)
	at org.testng.internal.TestMethodWorker.invokeTestMethods(TestMethodWorker.java:127)
	at org.testng.internal.TestMethodWorker.run(TestMethodWorker.java:111)
	at org.testng.internal.thread.ThreadUtil$2.call(ThreadUtil.java:64)
	at java.util.concurrent.FutureTask.run(FutureTask.java:266)
	at java.util.concurrent.ThreadPoolExecutor.runWorker(ThreadPoolExecutor.java:1149)
	at java.util.concurrent.ThreadPoolExecutor$Worker.run(ThreadPoolExecutor.java:624)
	at java.lang.Thread.run(Thread.java:748)
Caused by: java.lang.AssertionError: Status expected:<200 OK> but was:<404 NOT_FOUND>
	at org.springframework.test.util.AssertionErrors.fail(AssertionErrors.java:55)
	at org.springframework.test.util.AssertionErrors.assertEquals(AssertionErrors.java:82)
	at org.springframework.test.web.reactive.server.StatusAssertions.lambda$assertStatusAndReturn$4(StatusAssertions.java:227)
	at org.springframework.test.web.reactive.server.ExchangeResult.assertWithDiagnostics(ExchangeResult.java:197)
	... 24 more
]]>
    </error>
  </testcase> <!-- testGetAllStaffForTerminalLoad -->
  <testcase name="testGetAllStaffForTerminalLoad" time="0.142" classname="cool.fountain.online.web.test.staff.master.TestGetAllStaffForTerminalTestNg">
    <error type="java.lang.AssertionError" message="Status expected:&lt;200 OK&gt; but was:&lt;404 NOT_FOUND&gt;

&gt; POST https://qa3-api.chaipoint.com/outlet-pos-api/api/staff/getAllStaffForTerminal
&gt; WebTestClient-Request-Id: [1]
&gt; service.auth.key: [1234567]
&gt; Content-Type: [application/json]
&gt; Content-Length: [23]

{
  &quot;terminalId&quot;: &quot;1&quot;
}

&lt; 404 NOT_FOUND Not Found
&lt; Date: [Wed, 04 Dec 2019 12:37:35 GMT]
&lt; Content-Type: [text/html;charset=utf-8]
&lt; Content-Length: [1086]
&lt; Connection: [keep-alive]
&lt; Server: [Apache-Coyote/1.1]
&lt; Content-Language: [en]

&lt;!DOCTYPE html&gt;&lt;html&gt;&lt;head&gt;&lt;title&gt;Apache Tomcat/8.5.0 - Error report&lt;/title&gt;&lt;style type=&quot;text/css&quot;&gt;H1 {font-family:Tahoma,Arial,sans-serif;color:white;background-color:#525D76;font-size:22px;} H2 {font-family:Tahoma,Arial,sans-serif;color:white;background-color:#525D76;font-size:16px;} H3 {font-family:Tahoma,Arial,sans-serif;color:white;background-color:#525D76;font-size:14px;} BODY {font-family:Tahoma,Arial,sans-serif;color:black;background-color:white;} B {font-family:Tahoma,Arial,sans-serif;color:white;background-color:#525D76;} P {font-family:Tahoma,Arial,sans-serif;background:white;color:black;font-size:12px;}A {color : black;}A.name {color : black;}.line {height: 1px; background-color: #525D76; border: none;}&lt;/style&gt; &lt;/head&gt;&lt;body&gt;&lt;h1&gt;HTTP Status 404 - /outlet-pos-api/api/staff/getAllStaffForTerminal&lt;/h1&gt;&lt;div class=&quot;line&quot;&gt;&lt;/div&gt;&lt;p&gt;&lt;b&gt;type&lt;/b&gt; Status report&lt;/p&gt;&lt;p&gt;&lt;b&gt;message&lt;/b&gt; &lt;u&gt;/outlet-pos-api/api/staff/getAllStaffForTerminal&lt;/u&gt;&lt;/p&gt;&lt;p&gt;&lt;b&gt;description&lt;/b&gt; &lt;u&gt;The requested resource is not available.&lt;/u&gt;&lt;/p&gt;&lt;hr class=&quot;line&quot;&gt;&lt;h3&gt;Apache Tomcat/8.5.0&lt;/h3&gt;&lt;/body&gt;&lt;/html&gt;
">
      <![CDATA[java.lang.AssertionError: Status expected:<200 OK> but was:<404 NOT_FOUND>

> POST https://qa3-api.chaipoint.com/outlet-pos-api/api/staff/getAllStaffForTerminal
> WebTestClient-Request-Id: [1]
> service.auth.key: [1234567]
> Content-Type: [application/json]
> Content-Length: [23]

{
  "terminalId": "1"
}

< 404 NOT_FOUND Not Found
< Date: [Wed, 04 Dec 2019 12:37:35 GMT]
< Content-Type: [text/html;charset=utf-8]
< Content-Length: [1086]
< Connection: [keep-alive]
< Server: [Apache-Coyote/1.1]
< Content-Language: [en]

<!DOCTYPE html><html><head><title>Apache Tomcat/8.5.0 - Error report</title><style type="text/css">H1 {font-family:Tahoma,Arial,sans-serif;color:white;background-color:#525D76;font-size:22px;} H2 {font-family:Tahoma,Arial,sans-serif;color:white;background-color:#525D76;font-size:16px;} H3 {font-family:Tahoma,Arial,sans-serif;color:white;background-color:#525D76;font-size:14px;} BODY {font-family:Tahoma,Arial,sans-serif;color:black;background-color:white;} B {font-family:Tahoma,Arial,sans-serif;color:white;background-color:#525D76;} P {font-family:Tahoma,Arial,sans-serif;background:white;color:black;font-size:12px;}A {color : black;}A.name {color : black;}.line {height: 1px; background-color: #525D76; border: none;}</style> </head><body><h1>HTTP Status 404 - /outlet-pos-api/api/staff/getAllStaffForTerminal</h1><div class="line"></div><p><b>type</b> Status report</p><p><b>message</b> <u>/outlet-pos-api/api/staff/getAllStaffForTerminal</u></p><p><b>description</b> <u>The requested resource is not available.</u></p><hr class="line"><h3>Apache Tomcat/8.5.0</h3></body></html>

	at org.springframework.test.web.reactive.server.ExchangeResult.assertWithDiagnostics(ExchangeResult.java:200)
	at org.springframework.test.web.reactive.server.StatusAssertions.assertStatusAndReturn(StatusAssertions.java:227)
	at org.springframework.test.web.reactive.server.StatusAssertions.isOk(StatusAssertions.java:67)
	at cool.fountain.online.web.test.staff.master.TestGetAllStaffForTerminalTestNg.getAllStaffForTerminal(TestGetAllStaffForTerminalTestNg.java:110)
	at cool.fountain.online.web.test.staff.master.TestGetAllStaffForTerminalTestNg.testGetAllStaffForTerminalLoad(TestGetAllStaffForTerminalTestNg.java:96)
	at sun.reflect.GeneratedMethodAccessor49.invoke(Unknown Source)
	at sun.reflect.DelegatingMethodAccessorImpl.invoke(DelegatingMethodAccessorImpl.java:43)
	at java.lang.reflect.Method.invoke(Method.java:498)
	at org.testng.internal.MethodInvocationHelper.invokeMethod(MethodInvocationHelper.java:80)
	at org.testng.internal.MethodInvocationHelper$1.runTestMethod(MethodInvocationHelper.java:182)
	at org.springframework.test.context.testng.AbstractTestNGSpringContextTests.run(AbstractTestNGSpringContextTests.java:180)
	at sun.reflect.GeneratedMethodAccessor44.invoke(Unknown Source)
	at sun.reflect.DelegatingMethodAccessorImpl.invoke(DelegatingMethodAccessorImpl.java:43)
	at java.lang.reflect.Method.invoke(Method.java:498)
	at org.testng.internal.MethodInvocationHelper.invokeHookable(MethodInvocationHelper.java:194)
	at org.testng.internal.Invoker.invokeMethod(Invoker.java:707)
	at org.testng.internal.Invoker.invokeTestMethod(Invoker.java:901)
	at org.testng.internal.Invoker.invokeTestMethods(Invoker.java:1231)
	at org.testng.internal.TestMethodWorker.invokeTestMethods(TestMethodWorker.java:127)
	at org.testng.internal.TestMethodWorker.run(TestMethodWorker.java:111)
	at org.testng.internal.thread.ThreadUtil$2.call(ThreadUtil.java:64)
	at java.util.concurrent.FutureTask.run(FutureTask.java:266)
	at java.util.concurrent.ThreadPoolExecutor.runWorker(ThreadPoolExecutor.java:1149)
	at java.util.concurrent.ThreadPoolExecutor$Worker.run(ThreadPoolExecutor.java:624)
	at java.lang.Thread.run(Thread.java:748)
Caused by: java.lang.AssertionError: Status expected:<200 OK> but was:<404 NOT_FOUND>
	at org.springframework.test.util.AssertionErrors.fail(AssertionErrors.java:55)
	at org.springframework.test.util.AssertionErrors.assertEquals(AssertionErrors.java:82)
	at org.springframework.test.web.reactive.server.StatusAssertions.lambda$assertStatusAndReturn$4(StatusAssertions.java:227)
	at org.springframework.test.web.reactive.server.ExchangeResult.assertWithDiagnostics(ExchangeResult.java:197)
	... 24 more
]]>
    </error>
  </testcase> <!-- testGetAllStaffForTerminalLoad -->
  <testcase name="testGetAllStaffForTerminalLoad" time="0.144" classname="cool.fountain.online.web.test.staff.master.TestGetAllStaffForTerminalTestNg">
    <error type="java.lang.AssertionError" message="Status expected:&lt;200 OK&gt; but was:&lt;404 NOT_FOUND&gt;

&gt; POST https://qa3-api.chaipoint.com/outlet-pos-api/api/staff/getAllStaffForTerminal
&gt; WebTestClient-Request-Id: [1]
&gt; service.auth.key: [1234567]
&gt; Content-Type: [application/json]
&gt; Content-Length: [23]

{
  &quot;terminalId&quot;: &quot;1&quot;
}

&lt; 404 NOT_FOUND Not Found
&lt; Date: [Wed, 04 Dec 2019 12:37:39 GMT]
&lt; Content-Type: [text/html;charset=utf-8]
&lt; Content-Length: [1086]
&lt; Connection: [keep-alive]
&lt; Server: [Apache-Coyote/1.1]
&lt; Content-Language: [en]

&lt;!DOCTYPE html&gt;&lt;html&gt;&lt;head&gt;&lt;title&gt;Apache Tomcat/8.5.0 - Error report&lt;/title&gt;&lt;style type=&quot;text/css&quot;&gt;H1 {font-family:Tahoma,Arial,sans-serif;color:white;background-color:#525D76;font-size:22px;} H2 {font-family:Tahoma,Arial,sans-serif;color:white;background-color:#525D76;font-size:16px;} H3 {font-family:Tahoma,Arial,sans-serif;color:white;background-color:#525D76;font-size:14px;} BODY {font-family:Tahoma,Arial,sans-serif;color:black;background-color:white;} B {font-family:Tahoma,Arial,sans-serif;color:white;background-color:#525D76;} P {font-family:Tahoma,Arial,sans-serif;background:white;color:black;font-size:12px;}A {color : black;}A.name {color : black;}.line {height: 1px; background-color: #525D76; border: none;}&lt;/style&gt; &lt;/head&gt;&lt;body&gt;&lt;h1&gt;HTTP Status 404 - /outlet-pos-api/api/staff/getAllStaffForTerminal&lt;/h1&gt;&lt;div class=&quot;line&quot;&gt;&lt;/div&gt;&lt;p&gt;&lt;b&gt;type&lt;/b&gt; Status report&lt;/p&gt;&lt;p&gt;&lt;b&gt;message&lt;/b&gt; &lt;u&gt;/outlet-pos-api/api/staff/getAllStaffForTerminal&lt;/u&gt;&lt;/p&gt;&lt;p&gt;&lt;b&gt;description&lt;/b&gt; &lt;u&gt;The requested resource is not available.&lt;/u&gt;&lt;/p&gt;&lt;hr class=&quot;line&quot;&gt;&lt;h3&gt;Apache Tomcat/8.5.0&lt;/h3&gt;&lt;/body&gt;&lt;/html&gt;
">
      <![CDATA[java.lang.AssertionError: Status expected:<200 OK> but was:<404 NOT_FOUND>

> POST https://qa3-api.chaipoint.com/outlet-pos-api/api/staff/getAllStaffForTerminal
> WebTestClient-Request-Id: [1]
> service.auth.key: [1234567]
> Content-Type: [application/json]
> Content-Length: [23]

{
  "terminalId": "1"
}

< 404 NOT_FOUND Not Found
< Date: [Wed, 04 Dec 2019 12:37:39 GMT]
< Content-Type: [text/html;charset=utf-8]
< Content-Length: [1086]
< Connection: [keep-alive]
< Server: [Apache-Coyote/1.1]
< Content-Language: [en]

<!DOCTYPE html><html><head><title>Apache Tomcat/8.5.0 - Error report</title><style type="text/css">H1 {font-family:Tahoma,Arial,sans-serif;color:white;background-color:#525D76;font-size:22px;} H2 {font-family:Tahoma,Arial,sans-serif;color:white;background-color:#525D76;font-size:16px;} H3 {font-family:Tahoma,Arial,sans-serif;color:white;background-color:#525D76;font-size:14px;} BODY {font-family:Tahoma,Arial,sans-serif;color:black;background-color:white;} B {font-family:Tahoma,Arial,sans-serif;color:white;background-color:#525D76;} P {font-family:Tahoma,Arial,sans-serif;background:white;color:black;font-size:12px;}A {color : black;}A.name {color : black;}.line {height: 1px; background-color: #525D76; border: none;}</style> </head><body><h1>HTTP Status 404 - /outlet-pos-api/api/staff/getAllStaffForTerminal</h1><div class="line"></div><p><b>type</b> Status report</p><p><b>message</b> <u>/outlet-pos-api/api/staff/getAllStaffForTerminal</u></p><p><b>description</b> <u>The requested resource is not available.</u></p><hr class="line"><h3>Apache Tomcat/8.5.0</h3></body></html>

	at org.springframework.test.web.reactive.server.ExchangeResult.assertWithDiagnostics(ExchangeResult.java:200)
	at org.springframework.test.web.reactive.server.StatusAssertions.assertStatusAndReturn(StatusAssertions.java:227)
	at org.springframework.test.web.reactive.server.StatusAssertions.isOk(StatusAssertions.java:67)
	at cool.fountain.online.web.test.staff.master.TestGetAllStaffForTerminalTestNg.getAllStaffForTerminal(TestGetAllStaffForTerminalTestNg.java:110)
	at cool.fountain.online.web.test.staff.master.TestGetAllStaffForTerminalTestNg.testGetAllStaffForTerminalLoad(TestGetAllStaffForTerminalTestNg.java:96)
	at sun.reflect.GeneratedMethodAccessor49.invoke(Unknown Source)
	at sun.reflect.DelegatingMethodAccessorImpl.invoke(DelegatingMethodAccessorImpl.java:43)
	at java.lang.reflect.Method.invoke(Method.java:498)
	at org.testng.internal.MethodInvocationHelper.invokeMethod(MethodInvocationHelper.java:80)
	at org.testng.internal.MethodInvocationHelper$1.runTestMethod(MethodInvocationHelper.java:182)
	at org.springframework.test.context.testng.AbstractTestNGSpringContextTests.run(AbstractTestNGSpringContextTests.java:180)
	at sun.reflect.GeneratedMethodAccessor44.invoke(Unknown Source)
	at sun.reflect.DelegatingMethodAccessorImpl.invoke(DelegatingMethodAccessorImpl.java:43)
	at java.lang.reflect.Method.invoke(Method.java:498)
	at org.testng.internal.MethodInvocationHelper.invokeHookable(MethodInvocationHelper.java:194)
	at org.testng.internal.Invoker.invokeMethod(Invoker.java:707)
	at org.testng.internal.Invoker.invokeTestMethod(Invoker.java:901)
	at org.testng.internal.Invoker.invokeTestMethods(Invoker.java:1231)
	at org.testng.internal.TestMethodWorker.invokeTestMethods(TestMethodWorker.java:127)
	at org.testng.internal.TestMethodWorker.run(TestMethodWorker.java:111)
	at org.testng.internal.thread.ThreadUtil$2.call(ThreadUtil.java:64)
	at java.util.concurrent.FutureTask.run(FutureTask.java:266)
	at java.util.concurrent.ThreadPoolExecutor.runWorker(ThreadPoolExecutor.java:1149)
	at java.util.concurrent.ThreadPoolExecutor$Worker.run(ThreadPoolExecutor.java:624)
	at java.lang.Thread.run(Thread.java:748)
Caused by: java.lang.AssertionError: Status expected:<200 OK> but was:<404 NOT_FOUND>
	at org.springframework.test.util.AssertionErrors.fail(AssertionErrors.java:55)
	at org.springframework.test.util.AssertionErrors.assertEquals(AssertionErrors.java:82)
	at org.springframework.test.web.reactive.server.StatusAssertions.lambda$assertStatusAndReturn$4(StatusAssertions.java:227)
	at org.springframework.test.web.reactive.server.ExchangeResult.assertWithDiagnostics(ExchangeResult.java:197)
	... 24 more
]]>
    </error>
  </testcase> <!-- testGetAllStaffForTerminalLoad -->
  <testcase name="testGetAllStaffForTerminalLoad" time="0.168" classname="cool.fountain.online.web.test.staff.master.TestGetAllStaffForTerminalTestNg">
    <error type="java.lang.AssertionError" message="Status expected:&lt;200 OK&gt; but was:&lt;404 NOT_FOUND&gt;

&gt; POST https://qa3-api.chaipoint.com/outlet-pos-api/api/staff/getAllStaffForTerminal
&gt; WebTestClient-Request-Id: [1]
&gt; service.auth.key: [1234567]
&gt; Content-Type: [application/json]
&gt; Content-Length: [23]

{
  &quot;terminalId&quot;: &quot;1&quot;
}

&lt; 404 NOT_FOUND Not Found
&lt; Date: [Wed, 04 Dec 2019 12:37:30 GMT]
&lt; Content-Type: [text/html;charset=utf-8]
&lt; Content-Length: [1086]
&lt; Connection: [keep-alive]
&lt; Server: [Apache-Coyote/1.1]
&lt; Content-Language: [en]

&lt;!DOCTYPE html&gt;&lt;html&gt;&lt;head&gt;&lt;title&gt;Apache Tomcat/8.5.0 - Error report&lt;/title&gt;&lt;style type=&quot;text/css&quot;&gt;H1 {font-family:Tahoma,Arial,sans-serif;color:white;background-color:#525D76;font-size:22px;} H2 {font-family:Tahoma,Arial,sans-serif;color:white;background-color:#525D76;font-size:16px;} H3 {font-family:Tahoma,Arial,sans-serif;color:white;background-color:#525D76;font-size:14px;} BODY {font-family:Tahoma,Arial,sans-serif;color:black;background-color:white;} B {font-family:Tahoma,Arial,sans-serif;color:white;background-color:#525D76;} P {font-family:Tahoma,Arial,sans-serif;background:white;color:black;font-size:12px;}A {color : black;}A.name {color : black;}.line {height: 1px; background-color: #525D76; border: none;}&lt;/style&gt; &lt;/head&gt;&lt;body&gt;&lt;h1&gt;HTTP Status 404 - /outlet-pos-api/api/staff/getAllStaffForTerminal&lt;/h1&gt;&lt;div class=&quot;line&quot;&gt;&lt;/div&gt;&lt;p&gt;&lt;b&gt;type&lt;/b&gt; Status report&lt;/p&gt;&lt;p&gt;&lt;b&gt;message&lt;/b&gt; &lt;u&gt;/outlet-pos-api/api/staff/getAllStaffForTerminal&lt;/u&gt;&lt;/p&gt;&lt;p&gt;&lt;b&gt;description&lt;/b&gt; &lt;u&gt;The requested resource is not available.&lt;/u&gt;&lt;/p&gt;&lt;hr class=&quot;line&quot;&gt;&lt;h3&gt;Apache Tomcat/8.5.0&lt;/h3&gt;&lt;/body&gt;&lt;/html&gt;
">
      <![CDATA[java.lang.AssertionError: Status expected:<200 OK> but was:<404 NOT_FOUND>

> POST https://qa3-api.chaipoint.com/outlet-pos-api/api/staff/getAllStaffForTerminal
> WebTestClient-Request-Id: [1]
> service.auth.key: [1234567]
> Content-Type: [application/json]
> Content-Length: [23]

{
  "terminalId": "1"
}

< 404 NOT_FOUND Not Found
< Date: [Wed, 04 Dec 2019 12:37:30 GMT]
< Content-Type: [text/html;charset=utf-8]
< Content-Length: [1086]
< Connection: [keep-alive]
< Server: [Apache-Coyote/1.1]
< Content-Language: [en]

<!DOCTYPE html><html><head><title>Apache Tomcat/8.5.0 - Error report</title><style type="text/css">H1 {font-family:Tahoma,Arial,sans-serif;color:white;background-color:#525D76;font-size:22px;} H2 {font-family:Tahoma,Arial,sans-serif;color:white;background-color:#525D76;font-size:16px;} H3 {font-family:Tahoma,Arial,sans-serif;color:white;background-color:#525D76;font-size:14px;} BODY {font-family:Tahoma,Arial,sans-serif;color:black;background-color:white;} B {font-family:Tahoma,Arial,sans-serif;color:white;background-color:#525D76;} P {font-family:Tahoma,Arial,sans-serif;background:white;color:black;font-size:12px;}A {color : black;}A.name {color : black;}.line {height: 1px; background-color: #525D76; border: none;}</style> </head><body><h1>HTTP Status 404 - /outlet-pos-api/api/staff/getAllStaffForTerminal</h1><div class="line"></div><p><b>type</b> Status report</p><p><b>message</b> <u>/outlet-pos-api/api/staff/getAllStaffForTerminal</u></p><p><b>description</b> <u>The requested resource is not available.</u></p><hr class="line"><h3>Apache Tomcat/8.5.0</h3></body></html>

	at org.springframework.test.web.reactive.server.ExchangeResult.assertWithDiagnostics(ExchangeResult.java:200)
	at org.springframework.test.web.reactive.server.StatusAssertions.assertStatusAndReturn(StatusAssertions.java:227)
	at org.springframework.test.web.reactive.server.StatusAssertions.isOk(StatusAssertions.java:67)
	at cool.fountain.online.web.test.staff.master.TestGetAllStaffForTerminalTestNg.getAllStaffForTerminal(TestGetAllStaffForTerminalTestNg.java:110)
	at cool.fountain.online.web.test.staff.master.TestGetAllStaffForTerminalTestNg.testGetAllStaffForTerminalLoad(TestGetAllStaffForTerminalTestNg.java:96)
	at sun.reflect.GeneratedMethodAccessor49.invoke(Unknown Source)
	at sun.reflect.DelegatingMethodAccessorImpl.invoke(DelegatingMethodAccessorImpl.java:43)
	at java.lang.reflect.Method.invoke(Method.java:498)
	at org.testng.internal.MethodInvocationHelper.invokeMethod(MethodInvocationHelper.java:80)
	at org.testng.internal.MethodInvocationHelper$1.runTestMethod(MethodInvocationHelper.java:182)
	at org.springframework.test.context.testng.AbstractTestNGSpringContextTests.run(AbstractTestNGSpringContextTests.java:180)
	at sun.reflect.GeneratedMethodAccessor44.invoke(Unknown Source)
	at sun.reflect.DelegatingMethodAccessorImpl.invoke(DelegatingMethodAccessorImpl.java:43)
	at java.lang.reflect.Method.invoke(Method.java:498)
	at org.testng.internal.MethodInvocationHelper.invokeHookable(MethodInvocationHelper.java:194)
	at org.testng.internal.Invoker.invokeMethod(Invoker.java:707)
	at org.testng.internal.Invoker.invokeTestMethod(Invoker.java:901)
	at org.testng.internal.Invoker.invokeTestMethods(Invoker.java:1231)
	at org.testng.internal.TestMethodWorker.invokeTestMethods(TestMethodWorker.java:127)
	at org.testng.internal.TestMethodWorker.run(TestMethodWorker.java:111)
	at org.testng.internal.thread.ThreadUtil$2.call(ThreadUtil.java:64)
	at java.util.concurrent.FutureTask.run(FutureTask.java:266)
	at java.util.concurrent.ThreadPoolExecutor.runWorker(ThreadPoolExecutor.java:1149)
	at java.util.concurrent.ThreadPoolExecutor$Worker.run(ThreadPoolExecutor.java:624)
	at java.lang.Thread.run(Thread.java:748)
Caused by: java.lang.AssertionError: Status expected:<200 OK> but was:<404 NOT_FOUND>
	at org.springframework.test.util.AssertionErrors.fail(AssertionErrors.java:55)
	at org.springframework.test.util.AssertionErrors.assertEquals(AssertionErrors.java:82)
	at org.springframework.test.web.reactive.server.StatusAssertions.lambda$assertStatusAndReturn$4(StatusAssertions.java:227)
	at org.springframework.test.web.reactive.server.ExchangeResult.assertWithDiagnostics(ExchangeResult.java:197)
	... 24 more
]]>
    </error>
  </testcase> <!-- testGetAllStaffForTerminalLoad -->
  <testcase name="testGetAllStaffForTerminalLoad" time="2.270" classname="cool.fountain.online.web.test.staff.master.TestGetAllStaffForTerminalTestNg"/>
  <testcase name="testGetAllStaffForTerminalLoad" time="2.884" classname="cool.fountain.online.web.test.staff.master.TestGetAllStaffForTerminalTestNg"/>
  <testcase name="testGetAllStaffForTerminalLoad" time="0.127" classname="cool.fountain.online.web.test.staff.master.TestGetAllStaffForTerminalTestNg">
    <error type="java.lang.AssertionError" message="Status expected:&lt;200 OK&gt; but was:&lt;404 NOT_FOUND&gt;

&gt; POST https://qa3-api.chaipoint.com/outlet-pos-api/api/staff/getAllStaffForTerminal
&gt; WebTestClient-Request-Id: [1]
&gt; service.auth.key: [1234567]
&gt; Content-Type: [application/json]
&gt; Content-Length: [23]

{
  &quot;terminalId&quot;: &quot;1&quot;
}

&lt; 404 NOT_FOUND Not Found
&lt; Date: [Wed, 04 Dec 2019 12:37:36 GMT]
&lt; Content-Type: [text/html;charset=utf-8]
&lt; Content-Length: [1086]
&lt; Connection: [keep-alive]
&lt; Server: [Apache-Coyote/1.1]
&lt; Content-Language: [en]

&lt;!DOCTYPE html&gt;&lt;html&gt;&lt;head&gt;&lt;title&gt;Apache Tomcat/8.5.0 - Error report&lt;/title&gt;&lt;style type=&quot;text/css&quot;&gt;H1 {font-family:Tahoma,Arial,sans-serif;color:white;background-color:#525D76;font-size:22px;} H2 {font-family:Tahoma,Arial,sans-serif;color:white;background-color:#525D76;font-size:16px;} H3 {font-family:Tahoma,Arial,sans-serif;color:white;background-color:#525D76;font-size:14px;} BODY {font-family:Tahoma,Arial,sans-serif;color:black;background-color:white;} B {font-family:Tahoma,Arial,sans-serif;color:white;background-color:#525D76;} P {font-family:Tahoma,Arial,sans-serif;background:white;color:black;font-size:12px;}A {color : black;}A.name {color : black;}.line {height: 1px; background-color: #525D76; border: none;}&lt;/style&gt; &lt;/head&gt;&lt;body&gt;&lt;h1&gt;HTTP Status 404 - /outlet-pos-api/api/staff/getAllStaffForTerminal&lt;/h1&gt;&lt;div class=&quot;line&quot;&gt;&lt;/div&gt;&lt;p&gt;&lt;b&gt;type&lt;/b&gt; Status report&lt;/p&gt;&lt;p&gt;&lt;b&gt;message&lt;/b&gt; &lt;u&gt;/outlet-pos-api/api/staff/getAllStaffForTerminal&lt;/u&gt;&lt;/p&gt;&lt;p&gt;&lt;b&gt;description&lt;/b&gt; &lt;u&gt;The requested resource is not available.&lt;/u&gt;&lt;/p&gt;&lt;hr class=&quot;line&quot;&gt;&lt;h3&gt;Apache Tomcat/8.5.0&lt;/h3&gt;&lt;/body&gt;&lt;/html&gt;
">
      <![CDATA[java.lang.AssertionError: Status expected:<200 OK> but was:<404 NOT_FOUND>

> POST https://qa3-api.chaipoint.com/outlet-pos-api/api/staff/getAllStaffForTerminal
> WebTestClient-Request-Id: [1]
> service.auth.key: [1234567]
> Content-Type: [application/json]
> Content-Length: [23]

{
  "terminalId": "1"
}

< 404 NOT_FOUND Not Found
< Date: [Wed, 04 Dec 2019 12:37:36 GMT]
< Content-Type: [text/html;charset=utf-8]
< Content-Length: [1086]
< Connection: [keep-alive]
< Server: [Apache-Coyote/1.1]
< Content-Language: [en]

<!DOCTYPE html><html><head><title>Apache Tomcat/8.5.0 - Error report</title><style type="text/css">H1 {font-family:Tahoma,Arial,sans-serif;color:white;background-color:#525D76;font-size:22px;} H2 {font-family:Tahoma,Arial,sans-serif;color:white;background-color:#525D76;font-size:16px;} H3 {font-family:Tahoma,Arial,sans-serif;color:white;background-color:#525D76;font-size:14px;} BODY {font-family:Tahoma,Arial,sans-serif;color:black;background-color:white;} B {font-family:Tahoma,Arial,sans-serif;color:white;background-color:#525D76;} P {font-family:Tahoma,Arial,sans-serif;background:white;color:black;font-size:12px;}A {color : black;}A.name {color : black;}.line {height: 1px; background-color: #525D76; border: none;}</style> </head><body><h1>HTTP Status 404 - /outlet-pos-api/api/staff/getAllStaffForTerminal</h1><div class="line"></div><p><b>type</b> Status report</p><p><b>message</b> <u>/outlet-pos-api/api/staff/getAllStaffForTerminal</u></p><p><b>description</b> <u>The requested resource is not available.</u></p><hr class="line"><h3>Apache Tomcat/8.5.0</h3></body></html>

	at org.springframework.test.web.reactive.server.ExchangeResult.assertWithDiagnostics(ExchangeResult.java:200)
	at org.springframework.test.web.reactive.server.StatusAssertions.assertStatusAndReturn(StatusAssertions.java:227)
	at org.springframework.test.web.reactive.server.StatusAssertions.isOk(StatusAssertions.java:67)
	at cool.fountain.online.web.test.staff.master.TestGetAllStaffForTerminalTestNg.getAllStaffForTerminal(TestGetAllStaffForTerminalTestNg.java:110)
	at cool.fountain.online.web.test.staff.master.TestGetAllStaffForTerminalTestNg.testGetAllStaffForTerminalLoad(TestGetAllStaffForTerminalTestNg.java:96)
	at sun.reflect.GeneratedMethodAccessor49.invoke(Unknown Source)
	at sun.reflect.DelegatingMethodAccessorImpl.invoke(DelegatingMethodAccessorImpl.java:43)
	at java.lang.reflect.Method.invoke(Method.java:498)
	at org.testng.internal.MethodInvocationHelper.invokeMethod(MethodInvocationHelper.java:80)
	at org.testng.internal.MethodInvocationHelper$1.runTestMethod(MethodInvocationHelper.java:182)
	at org.springframework.test.context.testng.AbstractTestNGSpringContextTests.run(AbstractTestNGSpringContextTests.java:180)
	at sun.reflect.GeneratedMethodAccessor44.invoke(Unknown Source)
	at sun.reflect.DelegatingMethodAccessorImpl.invoke(DelegatingMethodAccessorImpl.java:43)
	at java.lang.reflect.Method.invoke(Method.java:498)
	at org.testng.internal.MethodInvocationHelper.invokeHookable(MethodInvocationHelper.java:194)
	at org.testng.internal.Invoker.invokeMethod(Invoker.java:707)
	at org.testng.internal.Invoker.invokeTestMethod(Invoker.java:901)
	at org.testng.internal.Invoker.invokeTestMethods(Invoker.java:1231)
	at org.testng.internal.TestMethodWorker.invokeTestMethods(TestMethodWorker.java:127)
	at org.testng.internal.TestMethodWorker.run(TestMethodWorker.java:111)
	at org.testng.internal.thread.ThreadUtil$2.call(ThreadUtil.java:64)
	at java.util.concurrent.FutureTask.run(FutureTask.java:266)
	at java.util.concurrent.ThreadPoolExecutor.runWorker(ThreadPoolExecutor.java:1149)
	at java.util.concurrent.ThreadPoolExecutor$Worker.run(ThreadPoolExecutor.java:624)
	at java.lang.Thread.run(Thread.java:748)
Caused by: java.lang.AssertionError: Status expected:<200 OK> but was:<404 NOT_FOUND>
	at org.springframework.test.util.AssertionErrors.fail(AssertionErrors.java:55)
	at org.springframework.test.util.AssertionErrors.assertEquals(AssertionErrors.java:82)
	at org.springframework.test.web.reactive.server.StatusAssertions.lambda$assertStatusAndReturn$4(StatusAssertions.java:227)
	at org.springframework.test.web.reactive.server.ExchangeResult.assertWithDiagnostics(ExchangeResult.java:197)
	... 24 more
]]>
    </error>
  </testcase> <!-- testGetAllStaffForTerminalLoad -->
  <testcase name="testGetAllStaffForTerminalLoad" time="0.043" classname="cool.fountain.online.web.test.staff.master.TestGetAllStaffForTerminalTestNg">
    <error type="java.lang.AssertionError" message="Status expected:&lt;200 OK&gt; but was:&lt;404 NOT_FOUND&gt;

&gt; POST https://qa3-api.chaipoint.com/outlet-pos-api/api/staff/getAllStaffForTerminal
&gt; WebTestClient-Request-Id: [1]
&gt; service.auth.key: [1234567]
&gt; Content-Type: [application/json]
&gt; Content-Length: [23]

{
  &quot;terminalId&quot;: &quot;1&quot;
}

&lt; 404 NOT_FOUND Not Found
&lt; Date: [Wed, 04 Dec 2019 12:37:26 GMT]
&lt; Content-Type: [text/html;charset=utf-8]
&lt; Content-Length: [1086]
&lt; Connection: [keep-alive]
&lt; Server: [Apache-Coyote/1.1]
&lt; Content-Language: [en]

&lt;!DOCTYPE html&gt;&lt;html&gt;&lt;head&gt;&lt;title&gt;Apache Tomcat/8.5.0 - Error report&lt;/title&gt;&lt;style type=&quot;text/css&quot;&gt;H1 {font-family:Tahoma,Arial,sans-serif;color:white;background-color:#525D76;font-size:22px;} H2 {font-family:Tahoma,Arial,sans-serif;color:white;background-color:#525D76;font-size:16px;} H3 {font-family:Tahoma,Arial,sans-serif;color:white;background-color:#525D76;font-size:14px;} BODY {font-family:Tahoma,Arial,sans-serif;color:black;background-color:white;} B {font-family:Tahoma,Arial,sans-serif;color:white;background-color:#525D76;} P {font-family:Tahoma,Arial,sans-serif;background:white;color:black;font-size:12px;}A {color : black;}A.name {color : black;}.line {height: 1px; background-color: #525D76; border: none;}&lt;/style&gt; &lt;/head&gt;&lt;body&gt;&lt;h1&gt;HTTP Status 404 - /outlet-pos-api/api/staff/getAllStaffForTerminal&lt;/h1&gt;&lt;div class=&quot;line&quot;&gt;&lt;/div&gt;&lt;p&gt;&lt;b&gt;type&lt;/b&gt; Status report&lt;/p&gt;&lt;p&gt;&lt;b&gt;message&lt;/b&gt; &lt;u&gt;/outlet-pos-api/api/staff/getAllStaffForTerminal&lt;/u&gt;&lt;/p&gt;&lt;p&gt;&lt;b&gt;description&lt;/b&gt; &lt;u&gt;The requested resource is not available.&lt;/u&gt;&lt;/p&gt;&lt;hr class=&quot;line&quot;&gt;&lt;h3&gt;Apache Tomcat/8.5.0&lt;/h3&gt;&lt;/body&gt;&lt;/html&gt;
">
      <![CDATA[java.lang.AssertionError: Status expected:<200 OK> but was:<404 NOT_FOUND>

> POST https://qa3-api.chaipoint.com/outlet-pos-api/api/staff/getAllStaffForTerminal
> WebTestClient-Request-Id: [1]
> service.auth.key: [1234567]
> Content-Type: [application/json]
> Content-Length: [23]

{
  "terminalId": "1"
}

< 404 NOT_FOUND Not Found
< Date: [Wed, 04 Dec 2019 12:37:26 GMT]
< Content-Type: [text/html;charset=utf-8]
< Content-Length: [1086]
< Connection: [keep-alive]
< Server: [Apache-Coyote/1.1]
< Content-Language: [en]

<!DOCTYPE html><html><head><title>Apache Tomcat/8.5.0 - Error report</title><style type="text/css">H1 {font-family:Tahoma,Arial,sans-serif;color:white;background-color:#525D76;font-size:22px;} H2 {font-family:Tahoma,Arial,sans-serif;color:white;background-color:#525D76;font-size:16px;} H3 {font-family:Tahoma,Arial,sans-serif;color:white;background-color:#525D76;font-size:14px;} BODY {font-family:Tahoma,Arial,sans-serif;color:black;background-color:white;} B {font-family:Tahoma,Arial,sans-serif;color:white;background-color:#525D76;} P {font-family:Tahoma,Arial,sans-serif;background:white;color:black;font-size:12px;}A {color : black;}A.name {color : black;}.line {height: 1px; background-color: #525D76; border: none;}</style> </head><body><h1>HTTP Status 404 - /outlet-pos-api/api/staff/getAllStaffForTerminal</h1><div class="line"></div><p><b>type</b> Status report</p><p><b>message</b> <u>/outlet-pos-api/api/staff/getAllStaffForTerminal</u></p><p><b>description</b> <u>The requested resource is not available.</u></p><hr class="line"><h3>Apache Tomcat/8.5.0</h3></body></html>

	at org.springframework.test.web.reactive.server.ExchangeResult.assertWithDiagnostics(ExchangeResult.java:200)
	at org.springframework.test.web.reactive.server.StatusAssertions.assertStatusAndReturn(StatusAssertions.java:227)
	at org.springframework.test.web.reactive.server.StatusAssertions.isOk(StatusAssertions.java:67)
	at cool.fountain.online.web.test.staff.master.TestGetAllStaffForTerminalTestNg.getAllStaffForTerminal(TestGetAllStaffForTerminalTestNg.java:110)
	at cool.fountain.online.web.test.staff.master.TestGetAllStaffForTerminalTestNg.testGetAllStaffForTerminalLoad(TestGetAllStaffForTerminalTestNg.java:96)
	at sun.reflect.NativeMethodAccessorImpl.invoke0(Native Method)
	at sun.reflect.NativeMethodAccessorImpl.invoke(NativeMethodAccessorImpl.java:62)
	at sun.reflect.DelegatingMethodAccessorImpl.invoke(DelegatingMethodAccessorImpl.java:43)
	at java.lang.reflect.Method.invoke(Method.java:498)
	at org.testng.internal.MethodInvocationHelper.invokeMethod(MethodInvocationHelper.java:80)
	at org.testng.internal.MethodInvocationHelper$1.runTestMethod(MethodInvocationHelper.java:182)
	at org.springframework.test.context.testng.AbstractTestNGSpringContextTests.run(AbstractTestNGSpringContextTests.java:180)
	at sun.reflect.GeneratedMethodAccessor44.invoke(Unknown Source)
	at sun.reflect.DelegatingMethodAccessorImpl.invoke(DelegatingMethodAccessorImpl.java:43)
	at java.lang.reflect.Method.invoke(Method.java:498)
	at org.testng.internal.MethodInvocationHelper.invokeHookable(MethodInvocationHelper.java:194)
	at org.testng.internal.Invoker.invokeMethod(Invoker.java:707)
	at org.testng.internal.Invoker.invokeTestMethod(Invoker.java:901)
	at org.testng.internal.Invoker.invokeTestMethods(Invoker.java:1231)
	at org.testng.internal.TestMethodWorker.invokeTestMethods(TestMethodWorker.java:127)
	at org.testng.internal.TestMethodWorker.run(TestMethodWorker.java:111)
	at org.testng.internal.thread.ThreadUtil$2.call(ThreadUtil.java:64)
	at java.util.concurrent.FutureTask.run(FutureTask.java:266)
	at java.util.concurrent.ThreadPoolExecutor.runWorker(ThreadPoolExecutor.java:1149)
	at java.util.concurrent.ThreadPoolExecutor$Worker.run(ThreadPoolExecutor.java:624)
	at java.lang.Thread.run(Thread.java:748)
Caused by: java.lang.AssertionError: Status expected:<200 OK> but was:<404 NOT_FOUND>
	at org.springframework.test.util.AssertionErrors.fail(AssertionErrors.java:55)
	at org.springframework.test.util.AssertionErrors.assertEquals(AssertionErrors.java:82)
	at org.springframework.test.web.reactive.server.StatusAssertions.lambda$assertStatusAndReturn$4(StatusAssertions.java:227)
	at org.springframework.test.web.reactive.server.ExchangeResult.assertWithDiagnostics(ExchangeResult.java:197)
	... 25 more
]]>
    </error>
  </testcase> <!-- testGetAllStaffForTerminalLoad -->
  <testcase name="testGetAllStaffForTerminalLoad" time="1.886" classname="cool.fountain.online.web.test.staff.master.TestGetAllStaffForTerminalTestNg"/>
  <testcase name="testGetAllStaffForTerminalLoad" time="0.173" classname="cool.fountain.online.web.test.staff.master.TestGetAllStaffForTerminalTestNg">
    <error type="java.lang.AssertionError" message="Status expected:&lt;200 OK&gt; but was:&lt;404 NOT_FOUND&gt;

&gt; POST https://qa3-api.chaipoint.com/outlet-pos-api/api/staff/getAllStaffForTerminal
&gt; WebTestClient-Request-Id: [1]
&gt; service.auth.key: [1234567]
&gt; Content-Type: [application/json]
&gt; Content-Length: [23]

{
  &quot;terminalId&quot;: &quot;1&quot;
}

&lt; 404 NOT_FOUND Not Found
&lt; Date: [Wed, 04 Dec 2019 12:37:29 GMT]
&lt; Content-Type: [text/html;charset=utf-8]
&lt; Content-Length: [1086]
&lt; Connection: [keep-alive]
&lt; Server: [Apache-Coyote/1.1]
&lt; Content-Language: [en]

&lt;!DOCTYPE html&gt;&lt;html&gt;&lt;head&gt;&lt;title&gt;Apache Tomcat/8.5.0 - Error report&lt;/title&gt;&lt;style type=&quot;text/css&quot;&gt;H1 {font-family:Tahoma,Arial,sans-serif;color:white;background-color:#525D76;font-size:22px;} H2 {font-family:Tahoma,Arial,sans-serif;color:white;background-color:#525D76;font-size:16px;} H3 {font-family:Tahoma,Arial,sans-serif;color:white;background-color:#525D76;font-size:14px;} BODY {font-family:Tahoma,Arial,sans-serif;color:black;background-color:white;} B {font-family:Tahoma,Arial,sans-serif;color:white;background-color:#525D76;} P {font-family:Tahoma,Arial,sans-serif;background:white;color:black;font-size:12px;}A {color : black;}A.name {color : black;}.line {height: 1px; background-color: #525D76; border: none;}&lt;/style&gt; &lt;/head&gt;&lt;body&gt;&lt;h1&gt;HTTP Status 404 - /outlet-pos-api/api/staff/getAllStaffForTerminal&lt;/h1&gt;&lt;div class=&quot;line&quot;&gt;&lt;/div&gt;&lt;p&gt;&lt;b&gt;type&lt;/b&gt; Status report&lt;/p&gt;&lt;p&gt;&lt;b&gt;message&lt;/b&gt; &lt;u&gt;/outlet-pos-api/api/staff/getAllStaffForTerminal&lt;/u&gt;&lt;/p&gt;&lt;p&gt;&lt;b&gt;description&lt;/b&gt; &lt;u&gt;The requested resource is not available.&lt;/u&gt;&lt;/p&gt;&lt;hr class=&quot;line&quot;&gt;&lt;h3&gt;Apache Tomcat/8.5.0&lt;/h3&gt;&lt;/body&gt;&lt;/html&gt;
">
      <![CDATA[java.lang.AssertionError: Status expected:<200 OK> but was:<404 NOT_FOUND>

> POST https://qa3-api.chaipoint.com/outlet-pos-api/api/staff/getAllStaffForTerminal
> WebTestClient-Request-Id: [1]
> service.auth.key: [1234567]
> Content-Type: [application/json]
> Content-Length: [23]

{
  "terminalId": "1"
}

< 404 NOT_FOUND Not Found
< Date: [Wed, 04 Dec 2019 12:37:29 GMT]
< Content-Type: [text/html;charset=utf-8]
< Content-Length: [1086]
< Connection: [keep-alive]
< Server: [Apache-Coyote/1.1]
< Content-Language: [en]

<!DOCTYPE html><html><head><title>Apache Tomcat/8.5.0 - Error report</title><style type="text/css">H1 {font-family:Tahoma,Arial,sans-serif;color:white;background-color:#525D76;font-size:22px;} H2 {font-family:Tahoma,Arial,sans-serif;color:white;background-color:#525D76;font-size:16px;} H3 {font-family:Tahoma,Arial,sans-serif;color:white;background-color:#525D76;font-size:14px;} BODY {font-family:Tahoma,Arial,sans-serif;color:black;background-color:white;} B {font-family:Tahoma,Arial,sans-serif;color:white;background-color:#525D76;} P {font-family:Tahoma,Arial,sans-serif;background:white;color:black;font-size:12px;}A {color : black;}A.name {color : black;}.line {height: 1px; background-color: #525D76; border: none;}</style> </head><body><h1>HTTP Status 404 - /outlet-pos-api/api/staff/getAllStaffForTerminal</h1><div class="line"></div><p><b>type</b> Status report</p><p><b>message</b> <u>/outlet-pos-api/api/staff/getAllStaffForTerminal</u></p><p><b>description</b> <u>The requested resource is not available.</u></p><hr class="line"><h3>Apache Tomcat/8.5.0</h3></body></html>

	at org.springframework.test.web.reactive.server.ExchangeResult.assertWithDiagnostics(ExchangeResult.java:200)
	at org.springframework.test.web.reactive.server.StatusAssertions.assertStatusAndReturn(StatusAssertions.java:227)
	at org.springframework.test.web.reactive.server.StatusAssertions.isOk(StatusAssertions.java:67)
	at cool.fountain.online.web.test.staff.master.TestGetAllStaffForTerminalTestNg.getAllStaffForTerminal(TestGetAllStaffForTerminalTestNg.java:110)
	at cool.fountain.online.web.test.staff.master.TestGetAllStaffForTerminalTestNg.testGetAllStaffForTerminalLoad(TestGetAllStaffForTerminalTestNg.java:96)
	at sun.reflect.GeneratedMethodAccessor49.invoke(Unknown Source)
	at sun.reflect.DelegatingMethodAccessorImpl.invoke(DelegatingMethodAccessorImpl.java:43)
	at java.lang.reflect.Method.invoke(Method.java:498)
	at org.testng.internal.MethodInvocationHelper.invokeMethod(MethodInvocationHelper.java:80)
	at org.testng.internal.MethodInvocationHelper$1.runTestMethod(MethodInvocationHelper.java:182)
	at org.springframework.test.context.testng.AbstractTestNGSpringContextTests.run(AbstractTestNGSpringContextTests.java:180)
	at sun.reflect.GeneratedMethodAccessor44.invoke(Unknown Source)
	at sun.reflect.DelegatingMethodAccessorImpl.invoke(DelegatingMethodAccessorImpl.java:43)
	at java.lang.reflect.Method.invoke(Method.java:498)
	at org.testng.internal.MethodInvocationHelper.invokeHookable(MethodInvocationHelper.java:194)
	at org.testng.internal.Invoker.invokeMethod(Invoker.java:707)
	at org.testng.internal.Invoker.invokeTestMethod(Invoker.java:901)
	at org.testng.internal.Invoker.invokeTestMethods(Invoker.java:1231)
	at org.testng.internal.TestMethodWorker.invokeTestMethods(TestMethodWorker.java:127)
	at org.testng.internal.TestMethodWorker.run(TestMethodWorker.java:111)
	at org.testng.internal.thread.ThreadUtil$2.call(ThreadUtil.java:64)
	at java.util.concurrent.FutureTask.run(FutureTask.java:266)
	at java.util.concurrent.ThreadPoolExecutor.runWorker(ThreadPoolExecutor.java:1149)
	at java.util.concurrent.ThreadPoolExecutor$Worker.run(ThreadPoolExecutor.java:624)
	at java.lang.Thread.run(Thread.java:748)
Caused by: java.lang.AssertionError: Status expected:<200 OK> but was:<404 NOT_FOUND>
	at org.springframework.test.util.AssertionErrors.fail(AssertionErrors.java:55)
	at org.springframework.test.util.AssertionErrors.assertEquals(AssertionErrors.java:82)
	at org.springframework.test.web.reactive.server.StatusAssertions.lambda$assertStatusAndReturn$4(StatusAssertions.java:227)
	at org.springframework.test.web.reactive.server.ExchangeResult.assertWithDiagnostics(ExchangeResult.java:197)
	... 24 more
]]>
    </error>
  </testcase> <!-- testGetAllStaffForTerminalLoad -->
  <testcase name="testGetAllStaffForTerminalLoad" time="0.281" classname="cool.fountain.online.web.test.staff.master.TestGetAllStaffForTerminalTestNg">
    <failure type="reactor.core.Exceptions$ReactiveException" message="reactor.netty.http.client.PrematureCloseException: Connection prematurely closed BEFORE response">
      <![CDATA[reactor.core.Exceptions$ReactiveException: reactor.netty.http.client.PrematureCloseException: Connection prematurely closed BEFORE response
	at reactor.core.Exceptions.propagate(Exceptions.java:326)
	at reactor.core.publisher.BlockingSingleSubscriber.blockingGet(BlockingSingleSubscriber.java:131)
	at reactor.core.publisher.Mono.block(Mono.java:1518)
	at org.springframework.test.web.reactive.server.DefaultWebTestClient$DefaultRequestBodyUriSpec.exchange(DefaultWebTestClient.java:283)
	at cool.fountain.online.web.test.staff.master.TestGetAllStaffForTerminalTestNg.getAllStaffForTerminal(TestGetAllStaffForTerminalTestNg.java:109)
	at cool.fountain.online.web.test.staff.master.TestGetAllStaffForTerminalTestNg.testGetAllStaffForTerminalLoad(TestGetAllStaffForTerminalTestNg.java:96)
	at sun.reflect.GeneratedMethodAccessor49.invoke(Unknown Source)
	at sun.reflect.DelegatingMethodAccessorImpl.invoke(DelegatingMethodAccessorImpl.java:43)
	at java.lang.reflect.Method.invoke(Method.java:498)
	at org.testng.internal.MethodInvocationHelper.invokeMethod(MethodInvocationHelper.java:80)
	at org.testng.internal.MethodInvocationHelper$1.runTestMethod(MethodInvocationHelper.java:182)
	at org.springframework.test.context.testng.AbstractTestNGSpringContextTests.run(AbstractTestNGSpringContextTests.java:180)
	at sun.reflect.GeneratedMethodAccessor44.invoke(Unknown Source)
	at sun.reflect.DelegatingMethodAccessorImpl.invoke(DelegatingMethodAccessorImpl.java:43)
	at java.lang.reflect.Method.invoke(Method.java:498)
	at org.testng.internal.MethodInvocationHelper.invokeHookable(MethodInvocationHelper.java:194)
	at org.testng.internal.Invoker.invokeMethod(Invoker.java:707)
	at org.testng.internal.Invoker.invokeTestMethod(Invoker.java:901)
	at org.testng.internal.Invoker.invokeTestMethods(Invoker.java:1231)
	at org.testng.internal.TestMethodWorker.invokeTestMethods(TestMethodWorker.java:127)
	at org.testng.internal.TestMethodWorker.run(TestMethodWorker.java:111)
	at org.testng.internal.thread.ThreadUtil$2.call(ThreadUtil.java:64)
	at java.util.concurrent.FutureTask.run(FutureTask.java:266)
	at java.util.concurrent.ThreadPoolExecutor.runWorker(ThreadPoolExecutor.java:1149)
	at java.util.concurrent.ThreadPoolExecutor$Worker.run(ThreadPoolExecutor.java:624)
	at java.lang.Thread.run(Thread.java:748)
	Suppressed: java.lang.Exception: #block terminated with an error
		at reactor.core.publisher.BlockingSingleSubscriber.blockingGet(BlockingSingleSubscriber.java:133)
		... 24 more
Caused by: reactor.netty.http.client.PrematureCloseException: Connection prematurely closed BEFORE response
]]>
    </failure>
  </testcase> <!-- testGetAllStaffForTerminalLoad -->
  <testcase name="testGetAllStaffForTerminalLoad" time="4.876" classname="cool.fountain.online.web.test.staff.master.TestGetAllStaffForTerminalTestNg"/>
  <testcase name="testGetAllStaffForTerminalLoad" time="2.493" classname="cool.fountain.online.web.test.staff.master.TestGetAllStaffForTerminalTestNg"/>
  <testcase name="testGetAllStaffForTerminalLoad" time="4.239" classname="cool.fountain.online.web.test.staff.master.TestGetAllStaffForTerminalTestNg"/>
  <testcase name="testGetAllStaffForTerminalLoad" time="0.157" classname="cool.fountain.online.web.test.staff.master.TestGetAllStaffForTerminalTestNg">
    <error type="java.lang.AssertionError" message="Status expected:&lt;200 OK&gt; but was:&lt;404 NOT_FOUND&gt;

&gt; POST https://qa3-api.chaipoint.com/outlet-pos-api/api/staff/getAllStaffForTerminal
&gt; WebTestClient-Request-Id: [1]
&gt; service.auth.key: [1234567]
&gt; Content-Type: [application/json]
&gt; Content-Length: [23]

{
  &quot;terminalId&quot;: &quot;1&quot;
}

&lt; 404 NOT_FOUND Not Found
&lt; Date: [Wed, 04 Dec 2019 12:37:39 GMT]
&lt; Content-Type: [text/html;charset=utf-8]
&lt; Content-Length: [1086]
&lt; Connection: [keep-alive]
&lt; Server: [Apache-Coyote/1.1]
&lt; Content-Language: [en]

&lt;!DOCTYPE html&gt;&lt;html&gt;&lt;head&gt;&lt;title&gt;Apache Tomcat/8.5.0 - Error report&lt;/title&gt;&lt;style type=&quot;text/css&quot;&gt;H1 {font-family:Tahoma,Arial,sans-serif;color:white;background-color:#525D76;font-size:22px;} H2 {font-family:Tahoma,Arial,sans-serif;color:white;background-color:#525D76;font-size:16px;} H3 {font-family:Tahoma,Arial,sans-serif;color:white;background-color:#525D76;font-size:14px;} BODY {font-family:Tahoma,Arial,sans-serif;color:black;background-color:white;} B {font-family:Tahoma,Arial,sans-serif;color:white;background-color:#525D76;} P {font-family:Tahoma,Arial,sans-serif;background:white;color:black;font-size:12px;}A {color : black;}A.name {color : black;}.line {height: 1px; background-color: #525D76; border: none;}&lt;/style&gt; &lt;/head&gt;&lt;body&gt;&lt;h1&gt;HTTP Status 404 - /outlet-pos-api/api/staff/getAllStaffForTerminal&lt;/h1&gt;&lt;div class=&quot;line&quot;&gt;&lt;/div&gt;&lt;p&gt;&lt;b&gt;type&lt;/b&gt; Status report&lt;/p&gt;&lt;p&gt;&lt;b&gt;message&lt;/b&gt; &lt;u&gt;/outlet-pos-api/api/staff/getAllStaffForTerminal&lt;/u&gt;&lt;/p&gt;&lt;p&gt;&lt;b&gt;description&lt;/b&gt; &lt;u&gt;The requested resource is not available.&lt;/u&gt;&lt;/p&gt;&lt;hr class=&quot;line&quot;&gt;&lt;h3&gt;Apache Tomcat/8.5.0&lt;/h3&gt;&lt;/body&gt;&lt;/html&gt;
">
      <![CDATA[java.lang.AssertionError: Status expected:<200 OK> but was:<404 NOT_FOUND>

> POST https://qa3-api.chaipoint.com/outlet-pos-api/api/staff/getAllStaffForTerminal
> WebTestClient-Request-Id: [1]
> service.auth.key: [1234567]
> Content-Type: [application/json]
> Content-Length: [23]

{
  "terminalId": "1"
}

< 404 NOT_FOUND Not Found
< Date: [Wed, 04 Dec 2019 12:37:39 GMT]
< Content-Type: [text/html;charset=utf-8]
< Content-Length: [1086]
< Connection: [keep-alive]
< Server: [Apache-Coyote/1.1]
< Content-Language: [en]

<!DOCTYPE html><html><head><title>Apache Tomcat/8.5.0 - Error report</title><style type="text/css">H1 {font-family:Tahoma,Arial,sans-serif;color:white;background-color:#525D76;font-size:22px;} H2 {font-family:Tahoma,Arial,sans-serif;color:white;background-color:#525D76;font-size:16px;} H3 {font-family:Tahoma,Arial,sans-serif;color:white;background-color:#525D76;font-size:14px;} BODY {font-family:Tahoma,Arial,sans-serif;color:black;background-color:white;} B {font-family:Tahoma,Arial,sans-serif;color:white;background-color:#525D76;} P {font-family:Tahoma,Arial,sans-serif;background:white;color:black;font-size:12px;}A {color : black;}A.name {color : black;}.line {height: 1px; background-color: #525D76; border: none;}</style> </head><body><h1>HTTP Status 404 - /outlet-pos-api/api/staff/getAllStaffForTerminal</h1><div class="line"></div><p><b>type</b> Status report</p><p><b>message</b> <u>/outlet-pos-api/api/staff/getAllStaffForTerminal</u></p><p><b>description</b> <u>The requested resource is not available.</u></p><hr class="line"><h3>Apache Tomcat/8.5.0</h3></body></html>

	at org.springframework.test.web.reactive.server.ExchangeResult.assertWithDiagnostics(ExchangeResult.java:200)
	at org.springframework.test.web.reactive.server.StatusAssertions.assertStatusAndReturn(StatusAssertions.java:227)
	at org.springframework.test.web.reactive.server.StatusAssertions.isOk(StatusAssertions.java:67)
	at cool.fountain.online.web.test.staff.master.TestGetAllStaffForTerminalTestNg.getAllStaffForTerminal(TestGetAllStaffForTerminalTestNg.java:110)
	at cool.fountain.online.web.test.staff.master.TestGetAllStaffForTerminalTestNg.testGetAllStaffForTerminalLoad(TestGetAllStaffForTerminalTestNg.java:96)
	at sun.reflect.GeneratedMethodAccessor49.invoke(Unknown Source)
	at sun.reflect.DelegatingMethodAccessorImpl.invoke(DelegatingMethodAccessorImpl.java:43)
	at java.lang.reflect.Method.invoke(Method.java:498)
	at org.testng.internal.MethodInvocationHelper.invokeMethod(MethodInvocationHelper.java:80)
	at org.testng.internal.MethodInvocationHelper$1.runTestMethod(MethodInvocationHelper.java:182)
	at org.springframework.test.context.testng.AbstractTestNGSpringContextTests.run(AbstractTestNGSpringContextTests.java:180)
	at sun.reflect.GeneratedMethodAccessor44.invoke(Unknown Source)
	at sun.reflect.DelegatingMethodAccessorImpl.invoke(DelegatingMethodAccessorImpl.java:43)
	at java.lang.reflect.Method.invoke(Method.java:498)
	at org.testng.internal.MethodInvocationHelper.invokeHookable(MethodInvocationHelper.java:194)
	at org.testng.internal.Invoker.invokeMethod(Invoker.java:707)
	at org.testng.internal.Invoker.invokeTestMethod(Invoker.java:901)
	at org.testng.internal.Invoker.invokeTestMethods(Invoker.java:1231)
	at org.testng.internal.TestMethodWorker.invokeTestMethods(TestMethodWorker.java:127)
	at org.testng.internal.TestMethodWorker.run(TestMethodWorker.java:111)
	at org.testng.internal.thread.ThreadUtil$2.call(ThreadUtil.java:64)
	at java.util.concurrent.FutureTask.run(FutureTask.java:266)
	at java.util.concurrent.ThreadPoolExecutor.runWorker(ThreadPoolExecutor.java:1149)
	at java.util.concurrent.ThreadPoolExecutor$Worker.run(ThreadPoolExecutor.java:624)
	at java.lang.Thread.run(Thread.java:748)
Caused by: java.lang.AssertionError: Status expected:<200 OK> but was:<404 NOT_FOUND>
	at org.springframework.test.util.AssertionErrors.fail(AssertionErrors.java:55)
	at org.springframework.test.util.AssertionErrors.assertEquals(AssertionErrors.java:82)
	at org.springframework.test.web.reactive.server.StatusAssertions.lambda$assertStatusAndReturn$4(StatusAssertions.java:227)
	at org.springframework.test.web.reactive.server.ExchangeResult.assertWithDiagnostics(ExchangeResult.java:197)
	... 24 more
]]>
    </error>
  </testcase> <!-- testGetAllStaffForTerminalLoad -->
  <testcase name="testGetAllStaffForTerminalLoad" time="0.075" classname="cool.fountain.online.web.test.staff.master.TestGetAllStaffForTerminalTestNg">
    <error type="java.lang.AssertionError" message="Status expected:&lt;200 OK&gt; but was:&lt;404 NOT_FOUND&gt;

&gt; POST https://qa3-api.chaipoint.com/outlet-pos-api/api/staff/getAllStaffForTerminal
&gt; WebTestClient-Request-Id: [1]
&gt; service.auth.key: [1234567]
&gt; Content-Type: [application/json]
&gt; Content-Length: [23]

{
  &quot;terminalId&quot;: &quot;1&quot;
}

&lt; 404 NOT_FOUND Not Found
&lt; Date: [Wed, 04 Dec 2019 12:37:26 GMT]
&lt; Content-Type: [text/html;charset=utf-8]
&lt; Content-Length: [1086]
&lt; Connection: [keep-alive]
&lt; Server: [Apache-Coyote/1.1]
&lt; Content-Language: [en]

&lt;!DOCTYPE html&gt;&lt;html&gt;&lt;head&gt;&lt;title&gt;Apache Tomcat/8.5.0 - Error report&lt;/title&gt;&lt;style type=&quot;text/css&quot;&gt;H1 {font-family:Tahoma,Arial,sans-serif;color:white;background-color:#525D76;font-size:22px;} H2 {font-family:Tahoma,Arial,sans-serif;color:white;background-color:#525D76;font-size:16px;} H3 {font-family:Tahoma,Arial,sans-serif;color:white;background-color:#525D76;font-size:14px;} BODY {font-family:Tahoma,Arial,sans-serif;color:black;background-color:white;} B {font-family:Tahoma,Arial,sans-serif;color:white;background-color:#525D76;} P {font-family:Tahoma,Arial,sans-serif;background:white;color:black;font-size:12px;}A {color : black;}A.name {color : black;}.line {height: 1px; background-color: #525D76; border: none;}&lt;/style&gt; &lt;/head&gt;&lt;body&gt;&lt;h1&gt;HTTP Status 404 - /outlet-pos-api/api/staff/getAllStaffForTerminal&lt;/h1&gt;&lt;div class=&quot;line&quot;&gt;&lt;/div&gt;&lt;p&gt;&lt;b&gt;type&lt;/b&gt; Status report&lt;/p&gt;&lt;p&gt;&lt;b&gt;message&lt;/b&gt; &lt;u&gt;/outlet-pos-api/api/staff/getAllStaffForTerminal&lt;/u&gt;&lt;/p&gt;&lt;p&gt;&lt;b&gt;description&lt;/b&gt; &lt;u&gt;The requested resource is not available.&lt;/u&gt;&lt;/p&gt;&lt;hr class=&quot;line&quot;&gt;&lt;h3&gt;Apache Tomcat/8.5.0&lt;/h3&gt;&lt;/body&gt;&lt;/html&gt;
">
      <![CDATA[java.lang.AssertionError: Status expected:<200 OK> but was:<404 NOT_FOUND>

> POST https://qa3-api.chaipoint.com/outlet-pos-api/api/staff/getAllStaffForTerminal
> WebTestClient-Request-Id: [1]
> service.auth.key: [1234567]
> Content-Type: [application/json]
> Content-Length: [23]

{
  "terminalId": "1"
}

< 404 NOT_FOUND Not Found
< Date: [Wed, 04 Dec 2019 12:37:26 GMT]
< Content-Type: [text/html;charset=utf-8]
< Content-Length: [1086]
< Connection: [keep-alive]
< Server: [Apache-Coyote/1.1]
< Content-Language: [en]

<!DOCTYPE html><html><head><title>Apache Tomcat/8.5.0 - Error report</title><style type="text/css">H1 {font-family:Tahoma,Arial,sans-serif;color:white;background-color:#525D76;font-size:22px;} H2 {font-family:Tahoma,Arial,sans-serif;color:white;background-color:#525D76;font-size:16px;} H3 {font-family:Tahoma,Arial,sans-serif;color:white;background-color:#525D76;font-size:14px;} BODY {font-family:Tahoma,Arial,sans-serif;color:black;background-color:white;} B {font-family:Tahoma,Arial,sans-serif;color:white;background-color:#525D76;} P {font-family:Tahoma,Arial,sans-serif;background:white;color:black;font-size:12px;}A {color : black;}A.name {color : black;}.line {height: 1px; background-color: #525D76; border: none;}</style> </head><body><h1>HTTP Status 404 - /outlet-pos-api/api/staff/getAllStaffForTerminal</h1><div class="line"></div><p><b>type</b> Status report</p><p><b>message</b> <u>/outlet-pos-api/api/staff/getAllStaffForTerminal</u></p><p><b>description</b> <u>The requested resource is not available.</u></p><hr class="line"><h3>Apache Tomcat/8.5.0</h3></body></html>

	at org.springframework.test.web.reactive.server.ExchangeResult.assertWithDiagnostics(ExchangeResult.java:200)
	at org.springframework.test.web.reactive.server.StatusAssertions.assertStatusAndReturn(StatusAssertions.java:227)
	at org.springframework.test.web.reactive.server.StatusAssertions.isOk(StatusAssertions.java:67)
	at cool.fountain.online.web.test.staff.master.TestGetAllStaffForTerminalTestNg.getAllStaffForTerminal(TestGetAllStaffForTerminalTestNg.java:110)
	at cool.fountain.online.web.test.staff.master.TestGetAllStaffForTerminalTestNg.testGetAllStaffForTerminalLoad(TestGetAllStaffForTerminalTestNg.java:96)
	at sun.reflect.NativeMethodAccessorImpl.invoke0(Native Method)
	at sun.reflect.NativeMethodAccessorImpl.invoke(NativeMethodAccessorImpl.java:62)
	at sun.reflect.DelegatingMethodAccessorImpl.invoke(DelegatingMethodAccessorImpl.java:43)
	at java.lang.reflect.Method.invoke(Method.java:498)
	at org.testng.internal.MethodInvocationHelper.invokeMethod(MethodInvocationHelper.java:80)
	at org.testng.internal.MethodInvocationHelper$1.runTestMethod(MethodInvocationHelper.java:182)
	at org.springframework.test.context.testng.AbstractTestNGSpringContextTests.run(AbstractTestNGSpringContextTests.java:180)
	at sun.reflect.GeneratedMethodAccessor44.invoke(Unknown Source)
	at sun.reflect.DelegatingMethodAccessorImpl.invoke(DelegatingMethodAccessorImpl.java:43)
	at java.lang.reflect.Method.invoke(Method.java:498)
	at org.testng.internal.MethodInvocationHelper.invokeHookable(MethodInvocationHelper.java:194)
	at org.testng.internal.Invoker.invokeMethod(Invoker.java:707)
	at org.testng.internal.Invoker.invokeTestMethod(Invoker.java:901)
	at org.testng.internal.Invoker.invokeTestMethods(Invoker.java:1231)
	at org.testng.internal.TestMethodWorker.invokeTestMethods(TestMethodWorker.java:127)
	at org.testng.internal.TestMethodWorker.run(TestMethodWorker.java:111)
	at org.testng.internal.thread.ThreadUtil$2.call(ThreadUtil.java:64)
	at java.util.concurrent.FutureTask.run(FutureTask.java:266)
	at java.util.concurrent.ThreadPoolExecutor.runWorker(ThreadPoolExecutor.java:1149)
	at java.util.concurrent.ThreadPoolExecutor$Worker.run(ThreadPoolExecutor.java:624)
	at java.lang.Thread.run(Thread.java:748)
Caused by: java.lang.AssertionError: Status expected:<200 OK> but was:<404 NOT_FOUND>
	at org.springframework.test.util.AssertionErrors.fail(AssertionErrors.java:55)
	at org.springframework.test.util.AssertionErrors.assertEquals(AssertionErrors.java:82)
	at org.springframework.test.web.reactive.server.StatusAssertions.lambda$assertStatusAndReturn$4(StatusAssertions.java:227)
	at org.springframework.test.web.reactive.server.ExchangeResult.assertWithDiagnostics(ExchangeResult.java:197)
	... 25 more
]]>
    </error>
  </testcase> <!-- testGetAllStaffForTerminalLoad -->
  <testcase name="testGetAllStaffForTerminalLoad" time="0.146" classname="cool.fountain.online.web.test.staff.master.TestGetAllStaffForTerminalTestNg">
    <error type="java.lang.AssertionError" message="Status expected:&lt;200 OK&gt; but was:&lt;404 NOT_FOUND&gt;

&gt; POST https://qa3-api.chaipoint.com/outlet-pos-api/api/staff/getAllStaffForTerminal
&gt; WebTestClient-Request-Id: [1]
&gt; service.auth.key: [1234567]
&gt; Content-Type: [application/json]
&gt; Content-Length: [23]

{
  &quot;terminalId&quot;: &quot;1&quot;
}

&lt; 404 NOT_FOUND Not Found
&lt; Date: [Wed, 04 Dec 2019 12:37:33 GMT]
&lt; Content-Type: [text/html;charset=utf-8]
&lt; Content-Length: [1086]
&lt; Connection: [keep-alive]
&lt; Server: [Apache-Coyote/1.1]
&lt; Content-Language: [en]

&lt;!DOCTYPE html&gt;&lt;html&gt;&lt;head&gt;&lt;title&gt;Apache Tomcat/8.5.0 - Error report&lt;/title&gt;&lt;style type=&quot;text/css&quot;&gt;H1 {font-family:Tahoma,Arial,sans-serif;color:white;background-color:#525D76;font-size:22px;} H2 {font-family:Tahoma,Arial,sans-serif;color:white;background-color:#525D76;font-size:16px;} H3 {font-family:Tahoma,Arial,sans-serif;color:white;background-color:#525D76;font-size:14px;} BODY {font-family:Tahoma,Arial,sans-serif;color:black;background-color:white;} B {font-family:Tahoma,Arial,sans-serif;color:white;background-color:#525D76;} P {font-family:Tahoma,Arial,sans-serif;background:white;color:black;font-size:12px;}A {color : black;}A.name {color : black;}.line {height: 1px; background-color: #525D76; border: none;}&lt;/style&gt; &lt;/head&gt;&lt;body&gt;&lt;h1&gt;HTTP Status 404 - /outlet-pos-api/api/staff/getAllStaffForTerminal&lt;/h1&gt;&lt;div class=&quot;line&quot;&gt;&lt;/div&gt;&lt;p&gt;&lt;b&gt;type&lt;/b&gt; Status report&lt;/p&gt;&lt;p&gt;&lt;b&gt;message&lt;/b&gt; &lt;u&gt;/outlet-pos-api/api/staff/getAllStaffForTerminal&lt;/u&gt;&lt;/p&gt;&lt;p&gt;&lt;b&gt;description&lt;/b&gt; &lt;u&gt;The requested resource is not available.&lt;/u&gt;&lt;/p&gt;&lt;hr class=&quot;line&quot;&gt;&lt;h3&gt;Apache Tomcat/8.5.0&lt;/h3&gt;&lt;/body&gt;&lt;/html&gt;
">
      <![CDATA[java.lang.AssertionError: Status expected:<200 OK> but was:<404 NOT_FOUND>

> POST https://qa3-api.chaipoint.com/outlet-pos-api/api/staff/getAllStaffForTerminal
> WebTestClient-Request-Id: [1]
> service.auth.key: [1234567]
> Content-Type: [application/json]
> Content-Length: [23]

{
  "terminalId": "1"
}

< 404 NOT_FOUND Not Found
< Date: [Wed, 04 Dec 2019 12:37:33 GMT]
< Content-Type: [text/html;charset=utf-8]
< Content-Length: [1086]
< Connection: [keep-alive]
< Server: [Apache-Coyote/1.1]
< Content-Language: [en]

<!DOCTYPE html><html><head><title>Apache Tomcat/8.5.0 - Error report</title><style type="text/css">H1 {font-family:Tahoma,Arial,sans-serif;color:white;background-color:#525D76;font-size:22px;} H2 {font-family:Tahoma,Arial,sans-serif;color:white;background-color:#525D76;font-size:16px;} H3 {font-family:Tahoma,Arial,sans-serif;color:white;background-color:#525D76;font-size:14px;} BODY {font-family:Tahoma,Arial,sans-serif;color:black;background-color:white;} B {font-family:Tahoma,Arial,sans-serif;color:white;background-color:#525D76;} P {font-family:Tahoma,Arial,sans-serif;background:white;color:black;font-size:12px;}A {color : black;}A.name {color : black;}.line {height: 1px; background-color: #525D76; border: none;}</style> </head><body><h1>HTTP Status 404 - /outlet-pos-api/api/staff/getAllStaffForTerminal</h1><div class="line"></div><p><b>type</b> Status report</p><p><b>message</b> <u>/outlet-pos-api/api/staff/getAllStaffForTerminal</u></p><p><b>description</b> <u>The requested resource is not available.</u></p><hr class="line"><h3>Apache Tomcat/8.5.0</h3></body></html>

	at org.springframework.test.web.reactive.server.ExchangeResult.assertWithDiagnostics(ExchangeResult.java:200)
	at org.springframework.test.web.reactive.server.StatusAssertions.assertStatusAndReturn(StatusAssertions.java:227)
	at org.springframework.test.web.reactive.server.StatusAssertions.isOk(StatusAssertions.java:67)
	at cool.fountain.online.web.test.staff.master.TestGetAllStaffForTerminalTestNg.getAllStaffForTerminal(TestGetAllStaffForTerminalTestNg.java:110)
	at cool.fountain.online.web.test.staff.master.TestGetAllStaffForTerminalTestNg.testGetAllStaffForTerminalLoad(TestGetAllStaffForTerminalTestNg.java:96)
	at sun.reflect.GeneratedMethodAccessor49.invoke(Unknown Source)
	at sun.reflect.DelegatingMethodAccessorImpl.invoke(DelegatingMethodAccessorImpl.java:43)
	at java.lang.reflect.Method.invoke(Method.java:498)
	at org.testng.internal.MethodInvocationHelper.invokeMethod(MethodInvocationHelper.java:80)
	at org.testng.internal.MethodInvocationHelper$1.runTestMethod(MethodInvocationHelper.java:182)
	at org.springframework.test.context.testng.AbstractTestNGSpringContextTests.run(AbstractTestNGSpringContextTests.java:180)
	at sun.reflect.GeneratedMethodAccessor44.invoke(Unknown Source)
	at sun.reflect.DelegatingMethodAccessorImpl.invoke(DelegatingMethodAccessorImpl.java:43)
	at java.lang.reflect.Method.invoke(Method.java:498)
	at org.testng.internal.MethodInvocationHelper.invokeHookable(MethodInvocationHelper.java:194)
	at org.testng.internal.Invoker.invokeMethod(Invoker.java:707)
	at org.testng.internal.Invoker.invokeTestMethod(Invoker.java:901)
	at org.testng.internal.Invoker.invokeTestMethods(Invoker.java:1231)
	at org.testng.internal.TestMethodWorker.invokeTestMethods(TestMethodWorker.java:127)
	at org.testng.internal.TestMethodWorker.run(TestMethodWorker.java:111)
	at org.testng.internal.thread.ThreadUtil$2.call(ThreadUtil.java:64)
	at java.util.concurrent.FutureTask.run(FutureTask.java:266)
	at java.util.concurrent.ThreadPoolExecutor.runWorker(ThreadPoolExecutor.java:1149)
	at java.util.concurrent.ThreadPoolExecutor$Worker.run(ThreadPoolExecutor.java:624)
	at java.lang.Thread.run(Thread.java:748)
Caused by: java.lang.AssertionError: Status expected:<200 OK> but was:<404 NOT_FOUND>
	at org.springframework.test.util.AssertionErrors.fail(AssertionErrors.java:55)
	at org.springframework.test.util.AssertionErrors.assertEquals(AssertionErrors.java:82)
	at org.springframework.test.web.reactive.server.StatusAssertions.lambda$assertStatusAndReturn$4(StatusAssertions.java:227)
	at org.springframework.test.web.reactive.server.ExchangeResult.assertWithDiagnostics(ExchangeResult.java:197)
	... 24 more
]]>
    </error>
  </testcase> <!-- testGetAllStaffForTerminalLoad -->
  <testcase name="testGetAllStaffForTerminalLoad" time="0.077" classname="cool.fountain.online.web.test.staff.master.TestGetAllStaffForTerminalTestNg">
    <error type="java.lang.AssertionError" message="Status expected:&lt;200 OK&gt; but was:&lt;404 NOT_FOUND&gt;

&gt; POST https://qa3-api.chaipoint.com/outlet-pos-api/api/staff/getAllStaffForTerminal
&gt; WebTestClient-Request-Id: [1]
&gt; service.auth.key: [1234567]
&gt; Content-Type: [application/json]
&gt; Content-Length: [23]

{
  &quot;terminalId&quot;: &quot;1&quot;
}

&lt; 404 NOT_FOUND Not Found
&lt; Date: [Wed, 04 Dec 2019 12:37:26 GMT]
&lt; Content-Type: [text/html;charset=utf-8]
&lt; Content-Length: [1086]
&lt; Connection: [keep-alive]
&lt; Server: [Apache-Coyote/1.1]
&lt; Content-Language: [en]

&lt;!DOCTYPE html&gt;&lt;html&gt;&lt;head&gt;&lt;title&gt;Apache Tomcat/8.5.0 - Error report&lt;/title&gt;&lt;style type=&quot;text/css&quot;&gt;H1 {font-family:Tahoma,Arial,sans-serif;color:white;background-color:#525D76;font-size:22px;} H2 {font-family:Tahoma,Arial,sans-serif;color:white;background-color:#525D76;font-size:16px;} H3 {font-family:Tahoma,Arial,sans-serif;color:white;background-color:#525D76;font-size:14px;} BODY {font-family:Tahoma,Arial,sans-serif;color:black;background-color:white;} B {font-family:Tahoma,Arial,sans-serif;color:white;background-color:#525D76;} P {font-family:Tahoma,Arial,sans-serif;background:white;color:black;font-size:12px;}A {color : black;}A.name {color : black;}.line {height: 1px; background-color: #525D76; border: none;}&lt;/style&gt; &lt;/head&gt;&lt;body&gt;&lt;h1&gt;HTTP Status 404 - /outlet-pos-api/api/staff/getAllStaffForTerminal&lt;/h1&gt;&lt;div class=&quot;line&quot;&gt;&lt;/div&gt;&lt;p&gt;&lt;b&gt;type&lt;/b&gt; Status report&lt;/p&gt;&lt;p&gt;&lt;b&gt;message&lt;/b&gt; &lt;u&gt;/outlet-pos-api/api/staff/getAllStaffForTerminal&lt;/u&gt;&lt;/p&gt;&lt;p&gt;&lt;b&gt;description&lt;/b&gt; &lt;u&gt;The requested resource is not available.&lt;/u&gt;&lt;/p&gt;&lt;hr class=&quot;line&quot;&gt;&lt;h3&gt;Apache Tomcat/8.5.0&lt;/h3&gt;&lt;/body&gt;&lt;/html&gt;
">
      <![CDATA[java.lang.AssertionError: Status expected:<200 OK> but was:<404 NOT_FOUND>

> POST https://qa3-api.chaipoint.com/outlet-pos-api/api/staff/getAllStaffForTerminal
> WebTestClient-Request-Id: [1]
> service.auth.key: [1234567]
> Content-Type: [application/json]
> Content-Length: [23]

{
  "terminalId": "1"
}

< 404 NOT_FOUND Not Found
< Date: [Wed, 04 Dec 2019 12:37:26 GMT]
< Content-Type: [text/html;charset=utf-8]
< Content-Length: [1086]
< Connection: [keep-alive]
< Server: [Apache-Coyote/1.1]
< Content-Language: [en]

<!DOCTYPE html><html><head><title>Apache Tomcat/8.5.0 - Error report</title><style type="text/css">H1 {font-family:Tahoma,Arial,sans-serif;color:white;background-color:#525D76;font-size:22px;} H2 {font-family:Tahoma,Arial,sans-serif;color:white;background-color:#525D76;font-size:16px;} H3 {font-family:Tahoma,Arial,sans-serif;color:white;background-color:#525D76;font-size:14px;} BODY {font-family:Tahoma,Arial,sans-serif;color:black;background-color:white;} B {font-family:Tahoma,Arial,sans-serif;color:white;background-color:#525D76;} P {font-family:Tahoma,Arial,sans-serif;background:white;color:black;font-size:12px;}A {color : black;}A.name {color : black;}.line {height: 1px; background-color: #525D76; border: none;}</style> </head><body><h1>HTTP Status 404 - /outlet-pos-api/api/staff/getAllStaffForTerminal</h1><div class="line"></div><p><b>type</b> Status report</p><p><b>message</b> <u>/outlet-pos-api/api/staff/getAllStaffForTerminal</u></p><p><b>description</b> <u>The requested resource is not available.</u></p><hr class="line"><h3>Apache Tomcat/8.5.0</h3></body></html>

	at org.springframework.test.web.reactive.server.ExchangeResult.assertWithDiagnostics(ExchangeResult.java:200)
	at org.springframework.test.web.reactive.server.StatusAssertions.assertStatusAndReturn(StatusAssertions.java:227)
	at org.springframework.test.web.reactive.server.StatusAssertions.isOk(StatusAssertions.java:67)
	at cool.fountain.online.web.test.staff.master.TestGetAllStaffForTerminalTestNg.getAllStaffForTerminal(TestGetAllStaffForTerminalTestNg.java:110)
	at cool.fountain.online.web.test.staff.master.TestGetAllStaffForTerminalTestNg.testGetAllStaffForTerminalLoad(TestGetAllStaffForTerminalTestNg.java:96)
	at sun.reflect.NativeMethodAccessorImpl.invoke0(Native Method)
	at sun.reflect.NativeMethodAccessorImpl.invoke(NativeMethodAccessorImpl.java:62)
	at sun.reflect.DelegatingMethodAccessorImpl.invoke(DelegatingMethodAccessorImpl.java:43)
	at java.lang.reflect.Method.invoke(Method.java:498)
	at org.testng.internal.MethodInvocationHelper.invokeMethod(MethodInvocationHelper.java:80)
	at org.testng.internal.MethodInvocationHelper$1.runTestMethod(MethodInvocationHelper.java:182)
	at org.springframework.test.context.testng.AbstractTestNGSpringContextTests.run(AbstractTestNGSpringContextTests.java:180)
	at sun.reflect.GeneratedMethodAccessor44.invoke(Unknown Source)
	at sun.reflect.DelegatingMethodAccessorImpl.invoke(DelegatingMethodAccessorImpl.java:43)
	at java.lang.reflect.Method.invoke(Method.java:498)
	at org.testng.internal.MethodInvocationHelper.invokeHookable(MethodInvocationHelper.java:194)
	at org.testng.internal.Invoker.invokeMethod(Invoker.java:707)
	at org.testng.internal.Invoker.invokeTestMethod(Invoker.java:901)
	at org.testng.internal.Invoker.invokeTestMethods(Invoker.java:1231)
	at org.testng.internal.TestMethodWorker.invokeTestMethods(TestMethodWorker.java:127)
	at org.testng.internal.TestMethodWorker.run(TestMethodWorker.java:111)
	at org.testng.internal.thread.ThreadUtil$2.call(ThreadUtil.java:64)
	at java.util.concurrent.FutureTask.run(FutureTask.java:266)
	at java.util.concurrent.ThreadPoolExecutor.runWorker(ThreadPoolExecutor.java:1149)
	at java.util.concurrent.ThreadPoolExecutor$Worker.run(ThreadPoolExecutor.java:624)
	at java.lang.Thread.run(Thread.java:748)
Caused by: java.lang.AssertionError: Status expected:<200 OK> but was:<404 NOT_FOUND>
	at org.springframework.test.util.AssertionErrors.fail(AssertionErrors.java:55)
	at org.springframework.test.util.AssertionErrors.assertEquals(AssertionErrors.java:82)
	at org.springframework.test.web.reactive.server.StatusAssertions.lambda$assertStatusAndReturn$4(StatusAssertions.java:227)
	at org.springframework.test.web.reactive.server.ExchangeResult.assertWithDiagnostics(ExchangeResult.java:197)
	... 25 more
]]>
    </error>
  </testcase> <!-- testGetAllStaffForTerminalLoad -->
  <testcase name="testGetAllStaffForTerminalLoad" time="0.161" classname="cool.fountain.online.web.test.staff.master.TestGetAllStaffForTerminalTestNg">
    <error type="java.lang.AssertionError" message="Status expected:&lt;200 OK&gt; but was:&lt;404 NOT_FOUND&gt;

&gt; POST https://qa3-api.chaipoint.com/outlet-pos-api/api/staff/getAllStaffForTerminal
&gt; WebTestClient-Request-Id: [1]
&gt; service.auth.key: [1234567]
&gt; Content-Type: [application/json]
&gt; Content-Length: [23]

{
  &quot;terminalId&quot;: &quot;1&quot;
}

&lt; 404 NOT_FOUND Not Found
&lt; Date: [Wed, 04 Dec 2019 12:37:30 GMT]
&lt; Content-Type: [text/html;charset=utf-8]
&lt; Content-Length: [1086]
&lt; Connection: [keep-alive]
&lt; Server: [Apache-Coyote/1.1]
&lt; Content-Language: [en]

&lt;!DOCTYPE html&gt;&lt;html&gt;&lt;head&gt;&lt;title&gt;Apache Tomcat/8.5.0 - Error report&lt;/title&gt;&lt;style type=&quot;text/css&quot;&gt;H1 {font-family:Tahoma,Arial,sans-serif;color:white;background-color:#525D76;font-size:22px;} H2 {font-family:Tahoma,Arial,sans-serif;color:white;background-color:#525D76;font-size:16px;} H3 {font-family:Tahoma,Arial,sans-serif;color:white;background-color:#525D76;font-size:14px;} BODY {font-family:Tahoma,Arial,sans-serif;color:black;background-color:white;} B {font-family:Tahoma,Arial,sans-serif;color:white;background-color:#525D76;} P {font-family:Tahoma,Arial,sans-serif;background:white;color:black;font-size:12px;}A {color : black;}A.name {color : black;}.line {height: 1px; background-color: #525D76; border: none;}&lt;/style&gt; &lt;/head&gt;&lt;body&gt;&lt;h1&gt;HTTP Status 404 - /outlet-pos-api/api/staff/getAllStaffForTerminal&lt;/h1&gt;&lt;div class=&quot;line&quot;&gt;&lt;/div&gt;&lt;p&gt;&lt;b&gt;type&lt;/b&gt; Status report&lt;/p&gt;&lt;p&gt;&lt;b&gt;message&lt;/b&gt; &lt;u&gt;/outlet-pos-api/api/staff/getAllStaffForTerminal&lt;/u&gt;&lt;/p&gt;&lt;p&gt;&lt;b&gt;description&lt;/b&gt; &lt;u&gt;The requested resource is not available.&lt;/u&gt;&lt;/p&gt;&lt;hr class=&quot;line&quot;&gt;&lt;h3&gt;Apache Tomcat/8.5.0&lt;/h3&gt;&lt;/body&gt;&lt;/html&gt;
">
      <![CDATA[java.lang.AssertionError: Status expected:<200 OK> but was:<404 NOT_FOUND>

> POST https://qa3-api.chaipoint.com/outlet-pos-api/api/staff/getAllStaffForTerminal
> WebTestClient-Request-Id: [1]
> service.auth.key: [1234567]
> Content-Type: [application/json]
> Content-Length: [23]

{
  "terminalId": "1"
}

< 404 NOT_FOUND Not Found
< Date: [Wed, 04 Dec 2019 12:37:30 GMT]
< Content-Type: [text/html;charset=utf-8]
< Content-Length: [1086]
< Connection: [keep-alive]
< Server: [Apache-Coyote/1.1]
< Content-Language: [en]

<!DOCTYPE html><html><head><title>Apache Tomcat/8.5.0 - Error report</title><style type="text/css">H1 {font-family:Tahoma,Arial,sans-serif;color:white;background-color:#525D76;font-size:22px;} H2 {font-family:Tahoma,Arial,sans-serif;color:white;background-color:#525D76;font-size:16px;} H3 {font-family:Tahoma,Arial,sans-serif;color:white;background-color:#525D76;font-size:14px;} BODY {font-family:Tahoma,Arial,sans-serif;color:black;background-color:white;} B {font-family:Tahoma,Arial,sans-serif;color:white;background-color:#525D76;} P {font-family:Tahoma,Arial,sans-serif;background:white;color:black;font-size:12px;}A {color : black;}A.name {color : black;}.line {height: 1px; background-color: #525D76; border: none;}</style> </head><body><h1>HTTP Status 404 - /outlet-pos-api/api/staff/getAllStaffForTerminal</h1><div class="line"></div><p><b>type</b> Status report</p><p><b>message</b> <u>/outlet-pos-api/api/staff/getAllStaffForTerminal</u></p><p><b>description</b> <u>The requested resource is not available.</u></p><hr class="line"><h3>Apache Tomcat/8.5.0</h3></body></html>

	at org.springframework.test.web.reactive.server.ExchangeResult.assertWithDiagnostics(ExchangeResult.java:200)
	at org.springframework.test.web.reactive.server.StatusAssertions.assertStatusAndReturn(StatusAssertions.java:227)
	at org.springframework.test.web.reactive.server.StatusAssertions.isOk(StatusAssertions.java:67)
	at cool.fountain.online.web.test.staff.master.TestGetAllStaffForTerminalTestNg.getAllStaffForTerminal(TestGetAllStaffForTerminalTestNg.java:110)
	at cool.fountain.online.web.test.staff.master.TestGetAllStaffForTerminalTestNg.testGetAllStaffForTerminalLoad(TestGetAllStaffForTerminalTestNg.java:96)
	at sun.reflect.GeneratedMethodAccessor49.invoke(Unknown Source)
	at sun.reflect.DelegatingMethodAccessorImpl.invoke(DelegatingMethodAccessorImpl.java:43)
	at java.lang.reflect.Method.invoke(Method.java:498)
	at org.testng.internal.MethodInvocationHelper.invokeMethod(MethodInvocationHelper.java:80)
	at org.testng.internal.MethodInvocationHelper$1.runTestMethod(MethodInvocationHelper.java:182)
	at org.springframework.test.context.testng.AbstractTestNGSpringContextTests.run(AbstractTestNGSpringContextTests.java:180)
	at sun.reflect.GeneratedMethodAccessor44.invoke(Unknown Source)
	at sun.reflect.DelegatingMethodAccessorImpl.invoke(DelegatingMethodAccessorImpl.java:43)
	at java.lang.reflect.Method.invoke(Method.java:498)
	at org.testng.internal.MethodInvocationHelper.invokeHookable(MethodInvocationHelper.java:194)
	at org.testng.internal.Invoker.invokeMethod(Invoker.java:707)
	at org.testng.internal.Invoker.invokeTestMethod(Invoker.java:901)
	at org.testng.internal.Invoker.invokeTestMethods(Invoker.java:1231)
	at org.testng.internal.TestMethodWorker.invokeTestMethods(TestMethodWorker.java:127)
	at org.testng.internal.TestMethodWorker.run(TestMethodWorker.java:111)
	at org.testng.internal.thread.ThreadUtil$2.call(ThreadUtil.java:64)
	at java.util.concurrent.FutureTask.run(FutureTask.java:266)
	at java.util.concurrent.ThreadPoolExecutor.runWorker(ThreadPoolExecutor.java:1149)
	at java.util.concurrent.ThreadPoolExecutor$Worker.run(ThreadPoolExecutor.java:624)
	at java.lang.Thread.run(Thread.java:748)
Caused by: java.lang.AssertionError: Status expected:<200 OK> but was:<404 NOT_FOUND>
	at org.springframework.test.util.AssertionErrors.fail(AssertionErrors.java:55)
	at org.springframework.test.util.AssertionErrors.assertEquals(AssertionErrors.java:82)
	at org.springframework.test.web.reactive.server.StatusAssertions.lambda$assertStatusAndReturn$4(StatusAssertions.java:227)
	at org.springframework.test.web.reactive.server.ExchangeResult.assertWithDiagnostics(ExchangeResult.java:197)
	... 24 more
]]>
    </error>
  </testcase> <!-- testGetAllStaffForTerminalLoad -->
  <testcase name="testGetAllStaffForTerminalLoad" time="2.912" classname="cool.fountain.online.web.test.staff.master.TestGetAllStaffForTerminalTestNg"/>
</testsuite> <!-- cool.fountain.online.web.test.staff.master.TestGetAllStaffForTerminalTestNg -->
