<?xml version="1.0" encoding="UTF-8"?>
<!-- Generated by org.testng.reporters.JUnitReportReporter -->
<testsuite hostname="Chaipoints-MacBook-Air.local" name="cool.fountain.online.web.test.payment.controller.TestGetSellerPaymentMethodsTestNg" tests="1" failures="0" timestamp="9 Dec 2019 12:08:40 GMT" time="2.335" errors="0">
  <testcase name="testGetSellerPaymentMethods" time="2.335" classname="cool.fountain.online.web.test.payment.controller.TestGetSellerPaymentMethodsTestNg"/>
</testsuite> <!-- cool.fountain.online.web.test.payment.controller.TestGetSellerPaymentMethodsTestNg -->
