<?xml version="1.0" encoding="UTF-8"?>
<!-- Generated by org.testng.reporters.JUnitReportReporter -->
<testsuite hostname="chaipoint-Inspiron-5370" name="cool.fountain.cloud.online.web.test.payment.TestGetSellerPaymentMethodTestNg" tests="1" failures="0" timestamp="13 Jan 2020 10:13:39 GMT" time="2.203" errors="0">
  <testcase name="testGetPaymentMethod" time="2.203" classname="cool.fountain.cloud.online.web.test.payment.TestGetSellerPaymentMethodTestNg"/>
</testsuite> <!-- cool.fountain.cloud.online.web.test.payment.TestGetSellerPaymentMethodTestNg -->
