<?xml version="1.0" encoding="UTF-8"?>
<!-- Generated by org.testng.reporters.JUnitReportReporter -->
<testsuite hostname="Chaipoints-MacBook-Air.local" name="cool.fountain.online.web.test.order.TestSaveTestNg" tests="1" failures="0" timestamp="5 Dec 2019 07:36:48 GMT" time="1.154" errors="0">
  <testcase name="testSave" time="1.154" classname="cool.fountain.online.web.test.order.TestSaveTestNg"/>
</testsuite> <!-- cool.fountain.online.web.test.order.TestSaveTestNg -->
