<?xml version="1.0" encoding="UTF-8"?>
<!-- Generated by org.testng.reporters.JUnitReportReporter -->
<testsuite hostname="Chaipoints-MacBook-Air.local" name="cool.fountain.online.web.test.event.master.TestPostEventstestNg" tests="101" failures="0" timestamp="8 Jan 2020 09:57:14 GMT" time="28.207" errors="0">
  <testcase name="testpostEventsLoad" time="0.179" classname="cool.fountain.online.web.test.event.master.TestPostEventstestNg"/>
  <testcase name="testpostEventsLoad" time="0.122" classname="cool.fountain.online.web.test.event.master.TestPostEventstestNg"/>
  <testcase name="testpostEventsLoad" time="0.210" classname="cool.fountain.online.web.test.event.master.TestPostEventstestNg"/>
  <testcase name="testpostEventsLoad" time="0.091" classname="cool.fountain.online.web.test.event.master.TestPostEventstestNg"/>
  <testcase name="testpostEventsLoad" time="0.099" classname="cool.fountain.online.web.test.event.master.TestPostEventstestNg"/>
  <testcase name="testpostEventsLoad" time="0.085" classname="cool.fountain.online.web.test.event.master.TestPostEventstestNg"/>
  <testcase name="testpostEventsLoad" time="0.105" classname="cool.fountain.online.web.test.event.master.TestPostEventstestNg"/>
  <testcase name="testpostEventsLoad" time="0.173" classname="cool.fountain.online.web.test.event.master.TestPostEventstestNg"/>
  <testcase name="testpostEventsLoad" time="0.090" classname="cool.fountain.online.web.test.event.master.TestPostEventstestNg"/>
  <testcase name="testpostEventsLoad" time="0.091" classname="cool.fountain.online.web.test.event.master.TestPostEventstestNg"/>
  <testcase name="testpostEventsLoad" time="0.153" classname="cool.fountain.online.web.test.event.master.TestPostEventstestNg"/>
  <testcase name="testpostEventsLoad" time="0.262" classname="cool.fountain.online.web.test.event.master.TestPostEventstestNg"/>
  <testcase name="testpostEventsLoad" time="0.162" classname="cool.fountain.online.web.test.event.master.TestPostEventstestNg"/>
  <testcase name="testpostEventsLoad" time="0.080" classname="cool.fountain.online.web.test.event.master.TestPostEventstestNg"/>
  <testcase name="testpostEventsLoad" time="0.289" classname="cool.fountain.online.web.test.event.master.TestPostEventstestNg"/>
  <testcase name="testpostEventsLoad" time="1.530" classname="cool.fountain.online.web.test.event.master.TestPostEventstestNg"/>
  <testcase name="testpostEventsLoad" time="0.158" classname="cool.fountain.online.web.test.event.master.TestPostEventstestNg"/>
  <testcase name="testpostEventsLoad" time="0.098" classname="cool.fountain.online.web.test.event.master.TestPostEventstestNg"/>
  <testcase name="testpostEventsLoad" time="0.075" classname="cool.fountain.online.web.test.event.master.TestPostEventstestNg"/>
  <testcase name="testpostEventsLoad" time="0.184" classname="cool.fountain.online.web.test.event.master.TestPostEventstestNg"/>
  <testcase name="testpostEventsLoad" time="0.164" classname="cool.fountain.online.web.test.event.master.TestPostEventstestNg"/>
  <testcase name="testpostEventsLoad" time="0.075" classname="cool.fountain.online.web.test.event.master.TestPostEventstestNg"/>
  <testcase name="testpostEventsLoad" time="0.196" classname="cool.fountain.online.web.test.event.master.TestPostEventstestNg"/>
  <testcase name="testpostEventsLoad" time="0.169" classname="cool.fountain.online.web.test.event.master.TestPostEventstestNg"/>
  <testcase name="testpostEventsLoad" time="1.509" classname="cool.fountain.online.web.test.event.master.TestPostEventstestNg"/>
  <testcase name="testpostEventsLoad" time="1.593" classname="cool.fountain.online.web.test.event.master.TestPostEventstestNg"/>
  <testcase name="testpostEventsLoad" time="0.205" classname="cool.fountain.online.web.test.event.master.TestPostEventstestNg"/>
  <testcase name="testPostEvent" time="0.129" classname="cool.fountain.online.web.test.event.master.TestPostEventstestNg"/>
  <testcase name="testpostEventsLoad" time="0.282" classname="cool.fountain.online.web.test.event.master.TestPostEventstestNg"/>
  <testcase name="testpostEventsLoad" time="0.109" classname="cool.fountain.online.web.test.event.master.TestPostEventstestNg"/>
  <testcase name="testpostEventsLoad" time="1.567" classname="cool.fountain.online.web.test.event.master.TestPostEventstestNg"/>
  <testcase name="testpostEventsLoad" time="0.090" classname="cool.fountain.online.web.test.event.master.TestPostEventstestNg"/>
  <testcase name="testpostEventsLoad" time="0.090" classname="cool.fountain.online.web.test.event.master.TestPostEventstestNg"/>
  <testcase name="testpostEventsLoad" time="1.522" classname="cool.fountain.online.web.test.event.master.TestPostEventstestNg"/>
  <testcase name="testpostEventsLoad" time="0.119" classname="cool.fountain.online.web.test.event.master.TestPostEventstestNg"/>
  <testcase name="testpostEventsLoad" time="0.148" classname="cool.fountain.online.web.test.event.master.TestPostEventstestNg"/>
  <testcase name="testpostEventsLoad" time="0.120" classname="cool.fountain.online.web.test.event.master.TestPostEventstestNg"/>
  <testcase name="testpostEventsLoad" time="0.287" classname="cool.fountain.online.web.test.event.master.TestPostEventstestNg"/>
  <testcase name="testpostEventsLoad" time="0.099" classname="cool.fountain.online.web.test.event.master.TestPostEventstestNg"/>
  <testcase name="testpostEventsLoad" time="0.162" classname="cool.fountain.online.web.test.event.master.TestPostEventstestNg"/>
  <testcase name="testpostEventsLoad" time="0.257" classname="cool.fountain.online.web.test.event.master.TestPostEventstestNg"/>
  <testcase name="testpostEventsLoad" time="0.095" classname="cool.fountain.online.web.test.event.master.TestPostEventstestNg"/>
  <testcase name="testpostEventsLoad" time="0.103" classname="cool.fountain.online.web.test.event.master.TestPostEventstestNg"/>
  <testcase name="testpostEventsLoad" time="0.273" classname="cool.fountain.online.web.test.event.master.TestPostEventstestNg"/>
  <testcase name="testpostEventsLoad" time="0.167" classname="cool.fountain.online.web.test.event.master.TestPostEventstestNg"/>
  <testcase name="testpostEventsLoad" time="0.106" classname="cool.fountain.online.web.test.event.master.TestPostEventstestNg"/>
  <testcase name="testpostEventsLoad" time="0.165" classname="cool.fountain.online.web.test.event.master.TestPostEventstestNg"/>
  <testcase name="testpostEventsLoad" time="0.136" classname="cool.fountain.online.web.test.event.master.TestPostEventstestNg"/>
  <testcase name="testpostEventsLoad" time="0.078" classname="cool.fountain.online.web.test.event.master.TestPostEventstestNg"/>
  <testcase name="testpostEventsLoad" time="1.528" classname="cool.fountain.online.web.test.event.master.TestPostEventstestNg"/>
  <testcase name="testpostEventsLoad" time="0.114" classname="cool.fountain.online.web.test.event.master.TestPostEventstestNg"/>
  <testcase name="testpostEventsLoad" time="0.161" classname="cool.fountain.online.web.test.event.master.TestPostEventstestNg"/>
  <testcase name="testpostEventsLoad" time="0.116" classname="cool.fountain.online.web.test.event.master.TestPostEventstestNg"/>
  <testcase name="testpostEventsLoad" time="0.093" classname="cool.fountain.online.web.test.event.master.TestPostEventstestNg"/>
  <testcase name="testpostEventsLoad" time="0.091" classname="cool.fountain.online.web.test.event.master.TestPostEventstestNg"/>
  <testcase name="testpostEventsLoad" time="0.081" classname="cool.fountain.online.web.test.event.master.TestPostEventstestNg"/>
  <testcase name="testpostEventsLoad" time="0.157" classname="cool.fountain.online.web.test.event.master.TestPostEventstestNg"/>
  <testcase name="testpostEventsLoad" time="0.099" classname="cool.fountain.online.web.test.event.master.TestPostEventstestNg"/>
  <testcase name="testpostEventsLoad" time="0.105" classname="cool.fountain.online.web.test.event.master.TestPostEventstestNg"/>
  <testcase name="testpostEventsLoad" time="0.148" classname="cool.fountain.online.web.test.event.master.TestPostEventstestNg"/>
  <testcase name="testpostEventsLoad" time="0.190" classname="cool.fountain.online.web.test.event.master.TestPostEventstestNg"/>
  <testcase name="testpostEventsLoad" time="0.235" classname="cool.fountain.online.web.test.event.master.TestPostEventstestNg"/>
  <testcase name="testpostEventsLoad" time="0.172" classname="cool.fountain.online.web.test.event.master.TestPostEventstestNg"/>
  <testcase name="testpostEventsLoad" time="0.246" classname="cool.fountain.online.web.test.event.master.TestPostEventstestNg"/>
  <testcase name="testpostEventsLoad" time="1.509" classname="cool.fountain.online.web.test.event.master.TestPostEventstestNg"/>
  <testcase name="testpostEventsLoad" time="0.136" classname="cool.fountain.online.web.test.event.master.TestPostEventstestNg"/>
  <testcase name="testpostEventsLoad" time="0.090" classname="cool.fountain.online.web.test.event.master.TestPostEventstestNg"/>
  <testcase name="testpostEventsLoad" time="0.076" classname="cool.fountain.online.web.test.event.master.TestPostEventstestNg"/>
  <testcase name="testpostEventsLoad" time="1.509" classname="cool.fountain.online.web.test.event.master.TestPostEventstestNg"/>
  <testcase name="testpostEventsLoad" time="0.155" classname="cool.fountain.online.web.test.event.master.TestPostEventstestNg"/>
  <testcase name="testpostEventsLoad" time="0.180" classname="cool.fountain.online.web.test.event.master.TestPostEventstestNg"/>
  <testcase name="testpostEventsLoad" time="0.159" classname="cool.fountain.online.web.test.event.master.TestPostEventstestNg"/>
  <testcase name="testpostEventsLoad" time="0.107" classname="cool.fountain.online.web.test.event.master.TestPostEventstestNg"/>
  <testcase name="testpostEventsLoad" time="0.098" classname="cool.fountain.online.web.test.event.master.TestPostEventstestNg"/>
  <testcase name="testpostEventsLoad" time="0.158" classname="cool.fountain.online.web.test.event.master.TestPostEventstestNg"/>
  <testcase name="testpostEventsLoad" time="0.146" classname="cool.fountain.online.web.test.event.master.TestPostEventstestNg"/>
  <testcase name="testpostEventsLoad" time="0.157" classname="cool.fountain.online.web.test.event.master.TestPostEventstestNg"/>
  <testcase name="testpostEventsLoad" time="0.121" classname="cool.fountain.online.web.test.event.master.TestPostEventstestNg"/>
  <testcase name="testpostEventsLoad" time="0.071" classname="cool.fountain.online.web.test.event.master.TestPostEventstestNg"/>
  <testcase name="testpostEventsLoad" time="0.143" classname="cool.fountain.online.web.test.event.master.TestPostEventstestNg"/>
  <testcase name="testpostEventsLoad" time="1.496" classname="cool.fountain.online.web.test.event.master.TestPostEventstestNg"/>
  <testcase name="testpostEventsLoad" time="0.165" classname="cool.fountain.online.web.test.event.master.TestPostEventstestNg"/>
  <testcase name="testpostEventsLoad" time="0.193" classname="cool.fountain.online.web.test.event.master.TestPostEventstestNg"/>
  <testcase name="testpostEventsLoad" time="0.212" classname="cool.fountain.online.web.test.event.master.TestPostEventstestNg"/>
  <testcase name="testpostEventsLoad" time="0.165" classname="cool.fountain.online.web.test.event.master.TestPostEventstestNg"/>
  <testcase name="testpostEventsLoad" time="0.117" classname="cool.fountain.online.web.test.event.master.TestPostEventstestNg"/>
  <testcase name="testpostEventsLoad" time="0.082" classname="cool.fountain.online.web.test.event.master.TestPostEventstestNg"/>
  <testcase name="testpostEventsLoad" time="0.098" classname="cool.fountain.online.web.test.event.master.TestPostEventstestNg"/>
  <testcase name="testpostEventsLoad" time="0.114" classname="cool.fountain.online.web.test.event.master.TestPostEventstestNg"/>
  <testcase name="testpostEventsLoad" time="0.072" classname="cool.fountain.online.web.test.event.master.TestPostEventstestNg"/>
  <testcase name="testpostEventsLoad" time="0.115" classname="cool.fountain.online.web.test.event.master.TestPostEventstestNg"/>
  <testcase name="testpostEventsLoad" time="1.592" classname="cool.fountain.online.web.test.event.master.TestPostEventstestNg"/>
  <testcase name="testpostEventsLoad" time="0.137" classname="cool.fountain.online.web.test.event.master.TestPostEventstestNg"/>
  <testcase name="testpostEventsLoad" time="0.098" classname="cool.fountain.online.web.test.event.master.TestPostEventstestNg"/>
  <testcase name="testpostEventsLoad" time="0.158" classname="cool.fountain.online.web.test.event.master.TestPostEventstestNg"/>
  <testcase name="testpostEventsLoad" time="0.101" classname="cool.fountain.online.web.test.event.master.TestPostEventstestNg"/>
  <testcase name="testpostEventsLoad" time="0.099" classname="cool.fountain.online.web.test.event.master.TestPostEventstestNg"/>
  <testcase name="testpostEventsLoad" time="0.090" classname="cool.fountain.online.web.test.event.master.TestPostEventstestNg"/>
  <testcase name="testpostEventsLoad" time="0.101" classname="cool.fountain.online.web.test.event.master.TestPostEventstestNg"/>
  <testcase name="testpostEventsLoad" time="0.094" classname="cool.fountain.online.web.test.event.master.TestPostEventstestNg"/>
  <testcase name="testpostEventsLoad" time="0.306" classname="cool.fountain.online.web.test.event.master.TestPostEventstestNg"/>
</testsuite> <!-- cool.fountain.online.web.test.event.master.TestPostEventstestNg -->
