<?xml version="1.0" encoding="UTF-8"?>
<!-- Generated by org.testng.reporters.JUnitReportReporter -->
<testsuite hostname="Chaipoints-MacBook-Air.local" name="cool.fountain.online.web.test.terminal.master.TestGetTerminalConfigTestNg" tests="101" failures="0" timestamp="8 Jan 2020 09:57:19 GMT" time="62.839" errors="0">
  <testcase name="testGetTerminalConfigLoad" time="0.590" classname="cool.fountain.online.web.test.terminal.master.TestGetTerminalConfigTestNg"/>
  <testcase name="testGetTerminalConfigLoad" time="0.518" classname="cool.fountain.online.web.test.terminal.master.TestGetTerminalConfigTestNg"/>
  <testcase name="testGetTerminalConfigLoad" time="0.524" classname="cool.fountain.online.web.test.terminal.master.TestGetTerminalConfigTestNg"/>
  <testcase name="testGetTerminalConfigLoad" time="0.479" classname="cool.fountain.online.web.test.terminal.master.TestGetTerminalConfigTestNg"/>
  <testcase name="testGetTerminalConfigLoad" time="0.470" classname="cool.fountain.online.web.test.terminal.master.TestGetTerminalConfigTestNg"/>
  <testcase name="testGetTerminalConfigLoad" time="0.495" classname="cool.fountain.online.web.test.terminal.master.TestGetTerminalConfigTestNg"/>
  <testcase name="testGetTerminalConfigLoad" time="0.679" classname="cool.fountain.online.web.test.terminal.master.TestGetTerminalConfigTestNg"/>
  <testcase name="testGetTerminalConfigLoad" time="0.471" classname="cool.fountain.online.web.test.terminal.master.TestGetTerminalConfigTestNg"/>
  <testcase name="testGetTerminalConfigLoad" time="0.683" classname="cool.fountain.online.web.test.terminal.master.TestGetTerminalConfigTestNg"/>
  <testcase name="testGetTerminalConfigLoad" time="0.477" classname="cool.fountain.online.web.test.terminal.master.TestGetTerminalConfigTestNg"/>
  <testcase name="testGetTerminalConfigLoad" time="0.447" classname="cool.fountain.online.web.test.terminal.master.TestGetTerminalConfigTestNg"/>
  <testcase name="testGetTerminalConfigLoad" time="0.499" classname="cool.fountain.online.web.test.terminal.master.TestGetTerminalConfigTestNg"/>
  <testcase name="testGetTerminalConfigLoad" time="0.469" classname="cool.fountain.online.web.test.terminal.master.TestGetTerminalConfigTestNg"/>
  <testcase name="testGetTerminalConfigLoad" time="0.534" classname="cool.fountain.online.web.test.terminal.master.TestGetTerminalConfigTestNg"/>
  <testcase name="testGetTerminalConfigLoad" time="0.502" classname="cool.fountain.online.web.test.terminal.master.TestGetTerminalConfigTestNg"/>
  <testcase name="testGetTerminalConfigLoad" time="0.604" classname="cool.fountain.online.web.test.terminal.master.TestGetTerminalConfigTestNg"/>
  <testcase name="testGetTerminalConfigLoad" time="0.549" classname="cool.fountain.online.web.test.terminal.master.TestGetTerminalConfigTestNg"/>
  <testcase name="testGetTerminalConfigLoad" time="0.439" classname="cool.fountain.online.web.test.terminal.master.TestGetTerminalConfigTestNg"/>
  <testcase name="testGetTerminalConfigLoad" time="0.415" classname="cool.fountain.online.web.test.terminal.master.TestGetTerminalConfigTestNg"/>
  <testcase name="testGetTerminalConfigLoad" time="0.483" classname="cool.fountain.online.web.test.terminal.master.TestGetTerminalConfigTestNg"/>
  <testcase name="testGetTerminalConfigLoad" time="0.494" classname="cool.fountain.online.web.test.terminal.master.TestGetTerminalConfigTestNg"/>
  <testcase name="testGetTerminalConfigLoad" time="0.492" classname="cool.fountain.online.web.test.terminal.master.TestGetTerminalConfigTestNg"/>
  <testcase name="testGetTerminalConfigLoad" time="0.755" classname="cool.fountain.online.web.test.terminal.master.TestGetTerminalConfigTestNg"/>
  <testcase name="testGetTerminalConfigLoad" time="0.449" classname="cool.fountain.online.web.test.terminal.master.TestGetTerminalConfigTestNg"/>
  <testcase name="testGetTerminalConfigLoad" time="0.456" classname="cool.fountain.online.web.test.terminal.master.TestGetTerminalConfigTestNg"/>
  <testcase name="testGetTerminalConfigLoad" time="0.533" classname="cool.fountain.online.web.test.terminal.master.TestGetTerminalConfigTestNg"/>
  <testcase name="testGetTerminalConfigLoad" time="0.471" classname="cool.fountain.online.web.test.terminal.master.TestGetTerminalConfigTestNg"/>
  <testcase name="testGetTerminalConfigLoad" time="0.518" classname="cool.fountain.online.web.test.terminal.master.TestGetTerminalConfigTestNg"/>
  <testcase name="testGetTerminalConfigLoad" time="0.626" classname="cool.fountain.online.web.test.terminal.master.TestGetTerminalConfigTestNg"/>
  <testcase name="testGetTerminalConfigLoad" time="0.428" classname="cool.fountain.online.web.test.terminal.master.TestGetTerminalConfigTestNg"/>
  <testcase name="testGetTerminalConfigLoad" time="0.486" classname="cool.fountain.online.web.test.terminal.master.TestGetTerminalConfigTestNg"/>
  <testcase name="testGetTerminalConfigLoad" time="0.494" classname="cool.fountain.online.web.test.terminal.master.TestGetTerminalConfigTestNg"/>
  <testcase name="testGetTerminalConfigLoad" time="0.476" classname="cool.fountain.online.web.test.terminal.master.TestGetTerminalConfigTestNg"/>
  <testcase name="testGetTerminalConfigLoad" time="0.492" classname="cool.fountain.online.web.test.terminal.master.TestGetTerminalConfigTestNg"/>
  <testcase name="testGetTerminalConfigLoad" time="0.738" classname="cool.fountain.online.web.test.terminal.master.TestGetTerminalConfigTestNg"/>
  <testcase name="testGetTerminalConfigLoad" time="0.552" classname="cool.fountain.online.web.test.terminal.master.TestGetTerminalConfigTestNg"/>
  <testcase name="testGetTerminalConfigLoad" time="0.709" classname="cool.fountain.online.web.test.terminal.master.TestGetTerminalConfigTestNg"/>
  <testcase name="testGetTerminalConfigLoad" time="0.665" classname="cool.fountain.online.web.test.terminal.master.TestGetTerminalConfigTestNg"/>
  <testcase name="testGetTerminalConfigLoad" time="0.548" classname="cool.fountain.online.web.test.terminal.master.TestGetTerminalConfigTestNg"/>
  <testcase name="testGetTerminalConfigLoad" time="0.508" classname="cool.fountain.online.web.test.terminal.master.TestGetTerminalConfigTestNg"/>
  <testcase name="testGetTerminalConfigLoad" time="0.698" classname="cool.fountain.online.web.test.terminal.master.TestGetTerminalConfigTestNg"/>
  <testcase name="testGetTerminalConfigLoad" time="0.447" classname="cool.fountain.online.web.test.terminal.master.TestGetTerminalConfigTestNg"/>
  <testcase name="testGetTerminalConfigLoad" time="0.722" classname="cool.fountain.online.web.test.terminal.master.TestGetTerminalConfigTestNg"/>
  <testcase name="testGetTerminalConfigLoad" time="0.439" classname="cool.fountain.online.web.test.terminal.master.TestGetTerminalConfigTestNg"/>
  <testcase name="testGetTerminalConfigLoad" time="0.601" classname="cool.fountain.online.web.test.terminal.master.TestGetTerminalConfigTestNg"/>
  <testcase name="testGetTerminalConfigLoad" time="0.467" classname="cool.fountain.online.web.test.terminal.master.TestGetTerminalConfigTestNg"/>
  <testcase name="testGetTerminalConfigLoad" time="0.475" classname="cool.fountain.online.web.test.terminal.master.TestGetTerminalConfigTestNg"/>
  <testcase name="testGetTerminalConfigLoad" time="0.802" classname="cool.fountain.online.web.test.terminal.master.TestGetTerminalConfigTestNg"/>
  <testcase name="testGetTerminalConfigLoad" time="0.604" classname="cool.fountain.online.web.test.terminal.master.TestGetTerminalConfigTestNg"/>
  <testcase name="testGetTerminalConfigLoad" time="0.534" classname="cool.fountain.online.web.test.terminal.master.TestGetTerminalConfigTestNg"/>
  <testcase name="testGetTerminalConfigLoad" time="0.704" classname="cool.fountain.online.web.test.terminal.master.TestGetTerminalConfigTestNg"/>
  <testcase name="testGetTerminalConfigLoad" time="0.527" classname="cool.fountain.online.web.test.terminal.master.TestGetTerminalConfigTestNg"/>
  <testcase name="testGetTerminalConfigLoad" time="0.342" classname="cool.fountain.online.web.test.terminal.master.TestGetTerminalConfigTestNg"/>
  <testcase name="testGetTerminalConfigLoad" time="0.590" classname="cool.fountain.online.web.test.terminal.master.TestGetTerminalConfigTestNg"/>
  <testcase name="testGetTerminalConfigLoad" time="0.594" classname="cool.fountain.online.web.test.terminal.master.TestGetTerminalConfigTestNg"/>
  <testcase name="testGetTerminalConfigLoad" time="0.466" classname="cool.fountain.online.web.test.terminal.master.TestGetTerminalConfigTestNg"/>
  <testcase name="testGetTerminalConfigLoad" time="0.483" classname="cool.fountain.online.web.test.terminal.master.TestGetTerminalConfigTestNg"/>
  <testcase name="testGetTerminalConfigLoad" time="0.576" classname="cool.fountain.online.web.test.terminal.master.TestGetTerminalConfigTestNg"/>
  <testcase name="testGetTerminalConfigLoad" time="0.495" classname="cool.fountain.online.web.test.terminal.master.TestGetTerminalConfigTestNg"/>
  <testcase name="testGetTerminalConfigLoad" time="0.518" classname="cool.fountain.online.web.test.terminal.master.TestGetTerminalConfigTestNg"/>
  <testcase name="testGetTerminalConfigLoad" time="0.475" classname="cool.fountain.online.web.test.terminal.master.TestGetTerminalConfigTestNg"/>
  <testcase name="testGetTerminalConfigLoad" time="0.637" classname="cool.fountain.online.web.test.terminal.master.TestGetTerminalConfigTestNg"/>
  <testcase name="testGetTerminalConfigLoad" time="0.683" classname="cool.fountain.online.web.test.terminal.master.TestGetTerminalConfigTestNg"/>
  <testcase name="testGetTerminalConfigLoad" time="0.697" classname="cool.fountain.online.web.test.terminal.master.TestGetTerminalConfigTestNg"/>
  <testcase name="testGetTerminalConfigLoad" time="0.672" classname="cool.fountain.online.web.test.terminal.master.TestGetTerminalConfigTestNg"/>
  <testcase name="testGetTerminalConfigLoad" time="0.562" classname="cool.fountain.online.web.test.terminal.master.TestGetTerminalConfigTestNg"/>
  <testcase name="testGetTerminalConfig" time="8.297" classname="cool.fountain.online.web.test.terminal.master.TestGetTerminalConfigTestNg"/>
  <testcase name="testGetTerminalConfigLoad" time="0.540" classname="cool.fountain.online.web.test.terminal.master.TestGetTerminalConfigTestNg"/>
  <testcase name="testGetTerminalConfigLoad" time="0.532" classname="cool.fountain.online.web.test.terminal.master.TestGetTerminalConfigTestNg"/>
  <testcase name="testGetTerminalConfigLoad" time="0.581" classname="cool.fountain.online.web.test.terminal.master.TestGetTerminalConfigTestNg"/>
  <testcase name="testGetTerminalConfigLoad" time="0.566" classname="cool.fountain.online.web.test.terminal.master.TestGetTerminalConfigTestNg"/>
  <testcase name="testGetTerminalConfigLoad" time="0.494" classname="cool.fountain.online.web.test.terminal.master.TestGetTerminalConfigTestNg"/>
  <testcase name="testGetTerminalConfigLoad" time="0.354" classname="cool.fountain.online.web.test.terminal.master.TestGetTerminalConfigTestNg"/>
  <testcase name="testGetTerminalConfigLoad" time="0.507" classname="cool.fountain.online.web.test.terminal.master.TestGetTerminalConfigTestNg"/>
  <testcase name="testGetTerminalConfigLoad" time="0.499" classname="cool.fountain.online.web.test.terminal.master.TestGetTerminalConfigTestNg"/>
  <testcase name="testGetTerminalConfigLoad" time="0.635" classname="cool.fountain.online.web.test.terminal.master.TestGetTerminalConfigTestNg"/>
  <testcase name="testGetTerminalConfigLoad" time="0.505" classname="cool.fountain.online.web.test.terminal.master.TestGetTerminalConfigTestNg"/>
  <testcase name="testGetTerminalConfigLoad" time="0.628" classname="cool.fountain.online.web.test.terminal.master.TestGetTerminalConfigTestNg"/>
  <testcase name="testGetTerminalConfigLoad" time="0.517" classname="cool.fountain.online.web.test.terminal.master.TestGetTerminalConfigTestNg"/>
  <testcase name="testGetTerminalConfigLoad" time="0.724" classname="cool.fountain.online.web.test.terminal.master.TestGetTerminalConfigTestNg"/>
  <testcase name="testGetTerminalConfigLoad" time="0.549" classname="cool.fountain.online.web.test.terminal.master.TestGetTerminalConfigTestNg"/>
  <testcase name="testGetTerminalConfigLoad" time="0.470" classname="cool.fountain.online.web.test.terminal.master.TestGetTerminalConfigTestNg"/>
  <testcase name="testGetTerminalConfigLoad" time="0.449" classname="cool.fountain.online.web.test.terminal.master.TestGetTerminalConfigTestNg"/>
  <testcase name="testGetTerminalConfigLoad" time="0.611" classname="cool.fountain.online.web.test.terminal.master.TestGetTerminalConfigTestNg"/>
  <testcase name="testGetTerminalConfigLoad" time="0.484" classname="cool.fountain.online.web.test.terminal.master.TestGetTerminalConfigTestNg"/>
  <testcase name="testGetTerminalConfigLoad" time="0.432" classname="cool.fountain.online.web.test.terminal.master.TestGetTerminalConfigTestNg"/>
  <testcase name="testGetTerminalConfigLoad" time="0.718" classname="cool.fountain.online.web.test.terminal.master.TestGetTerminalConfigTestNg"/>
  <testcase name="testGetTerminalConfigLoad" time="0.576" classname="cool.fountain.online.web.test.terminal.master.TestGetTerminalConfigTestNg"/>
  <testcase name="testGetTerminalConfigLoad" time="0.616" classname="cool.fountain.online.web.test.terminal.master.TestGetTerminalConfigTestNg"/>
  <testcase name="testGetTerminalConfigLoad" time="0.549" classname="cool.fountain.online.web.test.terminal.master.TestGetTerminalConfigTestNg"/>
  <testcase name="testGetTerminalConfigLoad" time="0.519" classname="cool.fountain.online.web.test.terminal.master.TestGetTerminalConfigTestNg"/>
  <testcase name="testGetTerminalConfigLoad" time="0.508" classname="cool.fountain.online.web.test.terminal.master.TestGetTerminalConfigTestNg"/>
  <testcase name="testGetTerminalConfigLoad" time="0.501" classname="cool.fountain.online.web.test.terminal.master.TestGetTerminalConfigTestNg"/>
  <testcase name="testGetTerminalConfigLoad" time="0.718" classname="cool.fountain.online.web.test.terminal.master.TestGetTerminalConfigTestNg"/>
  <testcase name="testGetTerminalConfigLoad" time="0.568" classname="cool.fountain.online.web.test.terminal.master.TestGetTerminalConfigTestNg"/>
  <testcase name="testGetTerminalConfigLoad" time="0.474" classname="cool.fountain.online.web.test.terminal.master.TestGetTerminalConfigTestNg"/>
  <testcase name="testGetTerminalConfigLoad" time="0.593" classname="cool.fountain.online.web.test.terminal.master.TestGetTerminalConfigTestNg"/>
  <testcase name="testGetTerminalConfigLoad" time="0.474" classname="cool.fountain.online.web.test.terminal.master.TestGetTerminalConfigTestNg"/>
  <testcase name="testGetTerminalConfigLoad" time="0.534" classname="cool.fountain.online.web.test.terminal.master.TestGetTerminalConfigTestNg"/>
  <testcase name="testGetTerminalConfigLoad" time="0.600" classname="cool.fountain.online.web.test.terminal.master.TestGetTerminalConfigTestNg"/>
  <testcase name="testGetTerminalConfigLoad" time="0.490" classname="cool.fountain.online.web.test.terminal.master.TestGetTerminalConfigTestNg"/>
</testsuite> <!-- cool.fountain.online.web.test.terminal.master.TestGetTerminalConfigTestNg -->
