<?xml version="1.0" encoding="UTF-8"?>
<!-- Generated by org.testng.reporters.JUnitReportReporter -->
<testsuite hostname="Chaipoints-MacBook-Air.local" name="cool.fountain.online.web.test.errors.TestErrorsForPostReq" tests="12" failures="0" timestamp="9 Jan 2020 06:36:10 GMT" time="1.342" errors="0">
  <testcase name="testErrorCode" time="0.095" classname="cool.fountain.online.web.test.errors.TestErrorsForPostReq"/>
  <testcase name="testErrorCode" time="0.071" classname="cool.fountain.online.web.test.errors.TestErrorsForPostReq"/>
  <testcase name="testErrorCode" time="0.205" classname="cool.fountain.online.web.test.errors.TestErrorsForPostReq"/>
  <testcase name="testErrorCode" time="0.219" classname="cool.fountain.online.web.test.errors.TestErrorsForPostReq"/>
  <testcase name="testErrorCode" time="0.117" classname="cool.fountain.online.web.test.errors.TestErrorsForPostReq"/>
  <testcase name="testErrorCode" time="0.087" classname="cool.fountain.online.web.test.errors.TestErrorsForPostReq"/>
  <testcase name="testServiceAuthKey" time="0.070" classname="cool.fountain.online.web.test.errors.TestErrorsForPostReq"/>
  <testcase name="testErrorCode" time="0.110" classname="cool.fountain.online.web.test.errors.TestErrorsForPostReq"/>
  <testcase name="testServiceAuthKey" time="0.127" classname="cool.fountain.online.web.test.errors.TestErrorsForPostReq"/>
  <testcase name="testErrorCode" time="0.090" classname="cool.fountain.online.web.test.errors.TestErrorsForPostReq"/>
  <testcase name="testServiceAuthKey" time="0.085" classname="cool.fountain.online.web.test.errors.TestErrorsForPostReq"/>
  <testcase name="testServiceAuthKey" time="0.066" classname="cool.fountain.online.web.test.errors.TestErrorsForPostReq"/>
</testsuite> <!-- cool.fountain.online.web.test.errors.TestErrorsForPostReq -->
