<?xml version="1.0" encoding="UTF-8"?>
<!-- Generated by org.testng.reporters.JUnitReportReporter -->
<testsuite hostname="Chaipoints-MacBook-Air.local" name="cool.fountain.online.web.test.catalogue.master.TestGetProductCatalogueApiTestNg" tests="101" failures="0" timestamp="8 Jan 2020 09:57:24 GMT" time="66.075" errors="1">
  <testcase name="testGetProductCatalogueLoad" time="0.513" classname="cool.fountain.online.web.test.catalogue.master.TestGetProductCatalogueApiTestNg"/>
  <testcase name="testGetProductCatalogueLoad" time="0.439" classname="cool.fountain.online.web.test.catalogue.master.TestGetProductCatalogueApiTestNg"/>
  <testcase name="testGetProductCatalogueLoad" time="0.508" classname="cool.fountain.online.web.test.catalogue.master.TestGetProductCatalogueApiTestNg"/>
  <testcase name="testGetProductCatalogueLoad" time="0.642" classname="cool.fountain.online.web.test.catalogue.master.TestGetProductCatalogueApiTestNg"/>
  <testcase name="testGetProductCatalogueLoad" time="0.820" classname="cool.fountain.online.web.test.catalogue.master.TestGetProductCatalogueApiTestNg"/>
  <testcase name="testGetProductCatalogueLoad" time="0.637" classname="cool.fountain.online.web.test.catalogue.master.TestGetProductCatalogueApiTestNg"/>
  <testcase name="testGetProductCatalogueLoad" time="1.058" classname="cool.fountain.online.web.test.catalogue.master.TestGetProductCatalogueApiTestNg"/>
  <testcase name="testGetProductCatalogueLoad" time="0.654" classname="cool.fountain.online.web.test.catalogue.master.TestGetProductCatalogueApiTestNg"/>
  <testcase name="testGetProductCatalogueLoad" time="0.654" classname="cool.fountain.online.web.test.catalogue.master.TestGetProductCatalogueApiTestNg"/>
  <testcase name="testGetProductCatalogueLoad" time="0.642" classname="cool.fountain.online.web.test.catalogue.master.TestGetProductCatalogueApiTestNg"/>
  <testcase name="testGetProductCatalogueLoad" time="0.518" classname="cool.fountain.online.web.test.catalogue.master.TestGetProductCatalogueApiTestNg"/>
  <testcase name="testGetProductCatalogueLoad" time="0.660" classname="cool.fountain.online.web.test.catalogue.master.TestGetProductCatalogueApiTestNg"/>
  <testcase name="testGetProductCatalogueLoad" time="0.557" classname="cool.fountain.online.web.test.catalogue.master.TestGetProductCatalogueApiTestNg"/>
  <testcase name="testGetProductCatalogueLoad" time="0.646" classname="cool.fountain.online.web.test.catalogue.master.TestGetProductCatalogueApiTestNg"/>
  <testcase name="testGetProductCatalogueLoad" time="0.678" classname="cool.fountain.online.web.test.catalogue.master.TestGetProductCatalogueApiTestNg"/>
  <testcase name="testGetProductCatalogueLoad" time="1.004" classname="cool.fountain.online.web.test.catalogue.master.TestGetProductCatalogueApiTestNg"/>
  <testcase name="testGetProductCatalogueLoad" time="0.407" classname="cool.fountain.online.web.test.catalogue.master.TestGetProductCatalogueApiTestNg"/>
  <testcase name="testGetProductCatalogueLoad" time="0.759" classname="cool.fountain.online.web.test.catalogue.master.TestGetProductCatalogueApiTestNg"/>
  <testcase name="testGetProductCatalogueLoad" time="0.493" classname="cool.fountain.online.web.test.catalogue.master.TestGetProductCatalogueApiTestNg"/>
  <testcase name="testGetProductCatalogueLoad" time="0.808" classname="cool.fountain.online.web.test.catalogue.master.TestGetProductCatalogueApiTestNg"/>
  <testcase name="testGetProductCatalogueLoad" time="0.880" classname="cool.fountain.online.web.test.catalogue.master.TestGetProductCatalogueApiTestNg"/>
  <testcase name="testGetProductCatalogueLoad" time="0.549" classname="cool.fountain.online.web.test.catalogue.master.TestGetProductCatalogueApiTestNg"/>
  <testcase name="testGetProductCatalogueLoad" time="0.699" classname="cool.fountain.online.web.test.catalogue.master.TestGetProductCatalogueApiTestNg"/>
  <testcase name="testGetProductCatalogueLoad" time="0.802" classname="cool.fountain.online.web.test.catalogue.master.TestGetProductCatalogueApiTestNg"/>
  <testcase name="testGetProductCatalogueLoad" time="0.670" classname="cool.fountain.online.web.test.catalogue.master.TestGetProductCatalogueApiTestNg"/>
  <testcase name="testGetProductCatalogueLoad" time="0.439" classname="cool.fountain.online.web.test.catalogue.master.TestGetProductCatalogueApiTestNg"/>
  <testcase name="testGetProductCatalogueLoad" time="0.918" classname="cool.fountain.online.web.test.catalogue.master.TestGetProductCatalogueApiTestNg"/>
  <testcase name="testGetProductCatalogueLoad" time="0.946" classname="cool.fountain.online.web.test.catalogue.master.TestGetProductCatalogueApiTestNg"/>
  <testcase name="testGetProductCatalogueLoad" time="0.547" classname="cool.fountain.online.web.test.catalogue.master.TestGetProductCatalogueApiTestNg"/>
  <testcase name="testGetProductCatalogueLoad" time="0.488" classname="cool.fountain.online.web.test.catalogue.master.TestGetProductCatalogueApiTestNg"/>
  <testcase name="testGetProductCatalogueLoad" time="0.756" classname="cool.fountain.online.web.test.catalogue.master.TestGetProductCatalogueApiTestNg"/>
  <testcase name="testGetProductCatalogueLoad" time="0.598" classname="cool.fountain.online.web.test.catalogue.master.TestGetProductCatalogueApiTestNg"/>
  <testcase name="testGetProductCatalogueLoad" time="0.649" classname="cool.fountain.online.web.test.catalogue.master.TestGetProductCatalogueApiTestNg"/>
  <testcase name="testGetProductCatalogueLoad" time="0.573" classname="cool.fountain.online.web.test.catalogue.master.TestGetProductCatalogueApiTestNg"/>
  <testcase name="testGetProductCatalogueLoad" time="0.691" classname="cool.fountain.online.web.test.catalogue.master.TestGetProductCatalogueApiTestNg"/>
  <testcase name="testGetProductCatalogueLoad" time="0.762" classname="cool.fountain.online.web.test.catalogue.master.TestGetProductCatalogueApiTestNg"/>
  <testcase name="testGetProductCatalogueLoad" time="0.645" classname="cool.fountain.online.web.test.catalogue.master.TestGetProductCatalogueApiTestNg"/>
  <testcase name="testGetProductCatalogueLoad" time="0.459" classname="cool.fountain.online.web.test.catalogue.master.TestGetProductCatalogueApiTestNg"/>
  <testcase name="testGetProductCatalogueLoad" time="0.945" classname="cool.fountain.online.web.test.catalogue.master.TestGetProductCatalogueApiTestNg"/>
  <testcase name="testGetProductCatalogueLoad" time="0.565" classname="cool.fountain.online.web.test.catalogue.master.TestGetProductCatalogueApiTestNg"/>
  <testcase name="testGetProductCatalogueLoad" time="0.713" classname="cool.fountain.online.web.test.catalogue.master.TestGetProductCatalogueApiTestNg"/>
  <testcase name="testGetProductCatalogueLoad" time="0.656" classname="cool.fountain.online.web.test.catalogue.master.TestGetProductCatalogueApiTestNg"/>
  <testcase name="testGetProductCatalogueLoad" time="0.356" classname="cool.fountain.online.web.test.catalogue.master.TestGetProductCatalogueApiTestNg"/>
  <testcase name="testGetProductCatalogueLoad" time="0.850" classname="cool.fountain.online.web.test.catalogue.master.TestGetProductCatalogueApiTestNg"/>
  <testcase name="testGetProductCatalogueLoad" time="0.520" classname="cool.fountain.online.web.test.catalogue.master.TestGetProductCatalogueApiTestNg"/>
  <testcase name="testGetProductCatalogueLoad" time="0.300" classname="cool.fountain.online.web.test.catalogue.master.TestGetProductCatalogueApiTestNg"/>
  <testcase name="testGetProductCatalogueLoad" time="0.995" classname="cool.fountain.online.web.test.catalogue.master.TestGetProductCatalogueApiTestNg"/>
  <testcase name="testGetProductCatalogueLoad" time="0.498" classname="cool.fountain.online.web.test.catalogue.master.TestGetProductCatalogueApiTestNg"/>
  <testcase name="testGetProductCatalogueLoad" time="0.645" classname="cool.fountain.online.web.test.catalogue.master.TestGetProductCatalogueApiTestNg"/>
  <testcase name="testGetProductCatalogueLoad" time="0.711" classname="cool.fountain.online.web.test.catalogue.master.TestGetProductCatalogueApiTestNg"/>
  <testcase name="testGetProductCatalogueLoad" time="0.662" classname="cool.fountain.online.web.test.catalogue.master.TestGetProductCatalogueApiTestNg"/>
  <testcase name="testGetProductCatalogueLoad" time="0.953" classname="cool.fountain.online.web.test.catalogue.master.TestGetProductCatalogueApiTestNg"/>
  <testcase name="testGetProductCatalogueLoad" time="0.705" classname="cool.fountain.online.web.test.catalogue.master.TestGetProductCatalogueApiTestNg"/>
  <testcase name="testGetProductCatalogueLoad" time="0.828" classname="cool.fountain.online.web.test.catalogue.master.TestGetProductCatalogueApiTestNg"/>
  <testcase name="testGetProductCatalogueLoad" time="0.795" classname="cool.fountain.online.web.test.catalogue.master.TestGetProductCatalogueApiTestNg"/>
  <testcase name="testGetProductCatalogueLoad" time="0.692" classname="cool.fountain.online.web.test.catalogue.master.TestGetProductCatalogueApiTestNg"/>
  <testcase name="testGetProductCatalogueLoad" time="0.625" classname="cool.fountain.online.web.test.catalogue.master.TestGetProductCatalogueApiTestNg"/>
  <testcase name="testGetProductCatalogueLoad" time="0.520" classname="cool.fountain.online.web.test.catalogue.master.TestGetProductCatalogueApiTestNg"/>
  <testcase name="testGetProductCatalogueLoad" time="0.454" classname="cool.fountain.online.web.test.catalogue.master.TestGetProductCatalogueApiTestNg"/>
  <testcase name="testGetProductCatalogueLoad" time="0.275" classname="cool.fountain.online.web.test.catalogue.master.TestGetProductCatalogueApiTestNg"/>
  <testcase name="testGetProductCatalogueLoad" time="0.488" classname="cool.fountain.online.web.test.catalogue.master.TestGetProductCatalogueApiTestNg"/>
  <testcase name="testGetProductCatalogueLoad" time="0.568" classname="cool.fountain.online.web.test.catalogue.master.TestGetProductCatalogueApiTestNg"/>
  <testcase name="testGetProductCatalogueLoad" time="0.683" classname="cool.fountain.online.web.test.catalogue.master.TestGetProductCatalogueApiTestNg"/>
  <testcase name="testGetProductCatalogueLoad" time="0.426" classname="cool.fountain.online.web.test.catalogue.master.TestGetProductCatalogueApiTestNg"/>
  <testcase name="testGetProductCatalogueLoad" time="0.534" classname="cool.fountain.online.web.test.catalogue.master.TestGetProductCatalogueApiTestNg"/>
  <testcase name="testGetProductCatalogueLoad" time="0.980" classname="cool.fountain.online.web.test.catalogue.master.TestGetProductCatalogueApiTestNg"/>
  <testcase name="testGetProductCatalogueLoad" time="0.827" classname="cool.fountain.online.web.test.catalogue.master.TestGetProductCatalogueApiTestNg"/>
  <testcase name="testGetProductCatalogueLoad" time="0.708" classname="cool.fountain.online.web.test.catalogue.master.TestGetProductCatalogueApiTestNg"/>
  <testcase name="testGetProductCatalogueLoad" time="0.648" classname="cool.fountain.online.web.test.catalogue.master.TestGetProductCatalogueApiTestNg"/>
  <testcase name="testGetProductCatalogueLoad" time="0.738" classname="cool.fountain.online.web.test.catalogue.master.TestGetProductCatalogueApiTestNg"/>
  <testcase name="testGetProductCatalogueLoad" time="0.468" classname="cool.fountain.online.web.test.catalogue.master.TestGetProductCatalogueApiTestNg"/>
  <testcase name="testGetProductCatalogueLoad" time="0.453" classname="cool.fountain.online.web.test.catalogue.master.TestGetProductCatalogueApiTestNg"/>
  <testcase name="testGetProductCatalogueLoad" time="0.700" classname="cool.fountain.online.web.test.catalogue.master.TestGetProductCatalogueApiTestNg"/>
  <testcase name="testGetProductCatalogueLoad" time="1.021" classname="cool.fountain.online.web.test.catalogue.master.TestGetProductCatalogueApiTestNg"/>
  <testcase name="testGetProductCatalogueLoad" time="0.691" classname="cool.fountain.online.web.test.catalogue.master.TestGetProductCatalogueApiTestNg"/>
  <testcase name="testGetProductCatalogueLoad" time="0.533" classname="cool.fountain.online.web.test.catalogue.master.TestGetProductCatalogueApiTestNg"/>
  <testcase name="testGetProductCatalogueLoad" time="0.728" classname="cool.fountain.online.web.test.catalogue.master.TestGetProductCatalogueApiTestNg"/>
  <testcase name="testGetProductCatalogueLoad" time="0.674" classname="cool.fountain.online.web.test.catalogue.master.TestGetProductCatalogueApiTestNg"/>
  <testcase name="testGetProductCatalogueLoad" time="0.693" classname="cool.fountain.online.web.test.catalogue.master.TestGetProductCatalogueApiTestNg"/>
  <testcase name="testGetProductCatalogueLoad" time="0.692" classname="cool.fountain.online.web.test.catalogue.master.TestGetProductCatalogueApiTestNg"/>
  <testcase name="testGetProductCatalogueLoad" time="0.520" classname="cool.fountain.online.web.test.catalogue.master.TestGetProductCatalogueApiTestNg"/>
  <testcase name="testGetProductCatalogueLoad" time="0.895" classname="cool.fountain.online.web.test.catalogue.master.TestGetProductCatalogueApiTestNg"/>
  <testcase name="testGetProductCatalogueLoad" time="0.723" classname="cool.fountain.online.web.test.catalogue.master.TestGetProductCatalogueApiTestNg"/>
  <testcase name="testGetProductCatalogueLoad" time="0.543" classname="cool.fountain.online.web.test.catalogue.master.TestGetProductCatalogueApiTestNg"/>
  <testcase name="testGetProductCatalogueLoad" time="1.038" classname="cool.fountain.online.web.test.catalogue.master.TestGetProductCatalogueApiTestNg"/>
  <testcase name="testGetProductCatalogueLoad" time="0.518" classname="cool.fountain.online.web.test.catalogue.master.TestGetProductCatalogueApiTestNg"/>
  <testcase name="testGetProductCatalogueLoad" time="0.586" classname="cool.fountain.online.web.test.catalogue.master.TestGetProductCatalogueApiTestNg"/>
  <testcase name="testGetProductCatalogueLoad" time="0.453" classname="cool.fountain.online.web.test.catalogue.master.TestGetProductCatalogueApiTestNg"/>
  <testcase name="testGetProductCatalogueLoad" time="0.434" classname="cool.fountain.online.web.test.catalogue.master.TestGetProductCatalogueApiTestNg"/>
  <testcase name="testGetProductCatalogueLoad" time="0.958" classname="cool.fountain.online.web.test.catalogue.master.TestGetProductCatalogueApiTestNg"/>
  <testcase name="testGetProductCatalogueLoad" time="0.572" classname="cool.fountain.online.web.test.catalogue.master.TestGetProductCatalogueApiTestNg"/>
  <testcase name="testGetProductCatalogueLoad" time="0.651" classname="cool.fountain.online.web.test.catalogue.master.TestGetProductCatalogueApiTestNg"/>
  <testcase name="testGetProductCatalogueLoad" time="0.575" classname="cool.fountain.online.web.test.catalogue.master.TestGetProductCatalogueApiTestNg"/>
  <testcase name="testGetProductCatalogueLoad" time="0.680" classname="cool.fountain.online.web.test.catalogue.master.TestGetProductCatalogueApiTestNg"/>
  <testcase name="testGetProductCatalogueLoad" time="0.674" classname="cool.fountain.online.web.test.catalogue.master.TestGetProductCatalogueApiTestNg"/>
  <testcase name="testGetProductCatalogueLoad" time="0.496" classname="cool.fountain.online.web.test.catalogue.master.TestGetProductCatalogueApiTestNg"/>
  <testcase name="testGetProductCatalogueLoad" time="0.762" classname="cool.fountain.online.web.test.catalogue.master.TestGetProductCatalogueApiTestNg"/>
  <testcase name="testGetProductCatalogueLoad" time="0.767" classname="cool.fountain.online.web.test.catalogue.master.TestGetProductCatalogueApiTestNg"/>
  <testcase name="testGetProductCatalogueLoad" time="0.479" classname="cool.fountain.online.web.test.catalogue.master.TestGetProductCatalogueApiTestNg"/>
  <testcase name="testGetProductCatalogue" time="0.520" classname="cool.fountain.online.web.test.catalogue.master.TestGetProductCatalogueApiTestNg">
    <error type="java.lang.AssertionError" message="expected [true] but found [false]">
      <![CDATA[java.lang.AssertionError: expected [true] but found [false]
	at org.testng.Assert.fail(Assert.java:94)
	at org.testng.Assert.failNotEquals(Assert.java:494)
	at org.testng.Assert.assertTrue(Assert.java:42)
	at org.testng.Assert.assertTrue(Assert.java:52)
	at cool.fountain.online.web.test.catalogue.master.TestGetProductCatalogueApiTestNg.testGetProductCatalogue(TestGetProductCatalogueApiTestNg.java:87)
	at sun.reflect.NativeMethodAccessorImpl.invoke0(Native Method)
	at sun.reflect.NativeMethodAccessorImpl.invoke(NativeMethodAccessorImpl.java:62)
	at sun.reflect.DelegatingMethodAccessorImpl.invoke(DelegatingMethodAccessorImpl.java:43)
	at java.lang.reflect.Method.invoke(Method.java:498)
	at org.testng.internal.MethodInvocationHelper.invokeMethod(MethodInvocationHelper.java:80)
	at org.testng.internal.MethodInvocationHelper$1.runTestMethod(MethodInvocationHelper.java:182)
	at org.springframework.test.context.testng.AbstractTestNGSpringContextTests.run(AbstractTestNGSpringContextTests.java:180)
	at sun.reflect.NativeMethodAccessorImpl.invoke0(Native Method)
	at sun.reflect.NativeMethodAccessorImpl.invoke(NativeMethodAccessorImpl.java:62)
	at sun.reflect.DelegatingMethodAccessorImpl.invoke(DelegatingMethodAccessorImpl.java:43)
	at java.lang.reflect.Method.invoke(Method.java:498)
	at org.testng.internal.MethodInvocationHelper.invokeHookable(MethodInvocationHelper.java:194)
	at org.testng.internal.Invoker.invokeMethod(Invoker.java:707)
	at org.testng.internal.Invoker.invokeTestMethod(Invoker.java:901)
	at org.testng.internal.Invoker.invokeTestMethods(Invoker.java:1231)
	at org.testng.internal.TestMethodWorker.invokeTestMethods(TestMethodWorker.java:127)
	at org.testng.internal.TestMethodWorker.run(TestMethodWorker.java:111)
	at org.testng.TestRunner.privateRun(TestRunner.java:767)
	at org.testng.TestRunner.run(TestRunner.java:617)
	at org.testng.SuiteRunner.runTest(SuiteRunner.java:334)
	at org.testng.SuiteRunner.runSequentially(SuiteRunner.java:329)
	at org.testng.SuiteRunner.privateRun(SuiteRunner.java:291)
	at org.testng.SuiteRunner.run(SuiteRunner.java:240)
	at org.testng.SuiteRunnerWorker.runSuite(SuiteRunnerWorker.java:52)
	at org.testng.SuiteRunnerWorker.run(SuiteRunnerWorker.java:86)
	at org.testng.TestNG.runSuitesSequentially(TestNG.java:1198)
	at org.testng.TestNG.runSuitesSequentially(TestNG.java:1194)
	at org.testng.TestNG.runSuitesLocally(TestNG.java:1123)
	at org.testng.TestNG.run(TestNG.java:1031)
	at org.testng.remote.AbstractRemoteTestNG.run(AbstractRemoteTestNG.java:115)
	at org.testng.remote.RemoteTestNG.initAndRun(RemoteTestNG.java:251)
	at org.testng.remote.RemoteTestNG.main(RemoteTestNG.java:77)
]]>
    </error>
  </testcase> <!-- testGetProductCatalogue -->
  <testcase name="testGetProductCatalogueLoad" time="0.547" classname="cool.fountain.online.web.test.catalogue.master.TestGetProductCatalogueApiTestNg"/>
</testsuite> <!-- cool.fountain.online.web.test.catalogue.master.TestGetProductCatalogueApiTestNg -->
