<?xml version="1.0" encoding="UTF-8"?>
<!-- Generated by org.testng.reporters.JUnitReportReporter -->
<testsuite hostname="Chaipoints-MacBook-Air.local" name="cool.fountain.online.web.test.catalogue.master.TestGetAllProducstApiTestNg" tests="1" failures="0" timestamp="3 Dec 2019 10:27:14 GMT" time="7.357" errors="0">
  <testcase name="testGetAllProducts" time="7.357" classname="cool.fountain.online.web.test.catalogue.master.TestGetAllProducstApiTestNg"/>
</testsuite> <!-- cool.fountain.online.web.test.catalogue.master.TestGetAllProducstApiTestNg -->
