<?xml version="1.0" encoding="UTF-8"?>
<!-- Generated by org.testng.reporters.JUnitReportReporter -->
<testsuite hostname="Chaipoints-MacBook-Air.local" name="cool.fountain.online.web.test.order.TestHistoryTestNg" tests="103" failures="0" timestamp="4 Dec 2019 12:38:40 GMT" time="14.277" errors="57">
  <testcase name="testOrderHistoryLoad" time="0.039" classname="cool.fountain.online.web.test.order.TestHistoryTestNg">
    <error type="java.lang.AssertionError" message="Status expected:&lt;200 OK&gt; but was:&lt;404 NOT_FOUND&gt;

&gt; POST https://qa3-api.chaipoint.com/outlet-pos-api/api/order/history
&gt; WebTestClient-Request-Id: [1]
&gt; service.auth.key: [1234567]
&gt; Content-Type: [application/json]
&gt; Content-Length: [19]

{
  &quot;moduleId&quot;: 1
}

&lt; 404 NOT_FOUND Not Found
&lt; Date: [Wed, 04 Dec 2019 12:38:20 GMT]
&lt; Content-Type: [text/html;charset=utf-8]
&lt; Content-Length: [1056]
&lt; Connection: [keep-alive]
&lt; Server: [Apache-Coyote/1.1]
&lt; Content-Language: [en]

&lt;!DOCTYPE html&gt;&lt;html&gt;&lt;head&gt;&lt;title&gt;Apache Tomcat/8.5.0 - Error report&lt;/title&gt;&lt;style type=&quot;text/css&quot;&gt;H1 {font-family:Tahoma,Arial,sans-serif;color:white;background-color:#525D76;font-size:22px;} H2 {font-family:Tahoma,Arial,sans-serif;color:white;background-color:#525D76;font-size:16px;} H3 {font-family:Tahoma,Arial,sans-serif;color:white;background-color:#525D76;font-size:14px;} BODY {font-family:Tahoma,Arial,sans-serif;color:black;background-color:white;} B {font-family:Tahoma,Arial,sans-serif;color:white;background-color:#525D76;} P {font-family:Tahoma,Arial,sans-serif;background:white;color:black;font-size:12px;}A {color : black;}A.name {color : black;}.line {height: 1px; background-color: #525D76; border: none;}&lt;/style&gt; &lt;/head&gt;&lt;body&gt;&lt;h1&gt;HTTP Status 404 - /outlet-pos-api/api/order/history&lt;/h1&gt;&lt;div class=&quot;line&quot;&gt;&lt;/div&gt;&lt;p&gt;&lt;b&gt;type&lt;/b&gt; Status report&lt;/p&gt;&lt;p&gt;&lt;b&gt;message&lt;/b&gt; &lt;u&gt;/outlet-pos-api/api/order/history&lt;/u&gt;&lt;/p&gt;&lt;p&gt;&lt;b&gt;description&lt;/b&gt; &lt;u&gt;The requested resource is not available.&lt;/u&gt;&lt;/p&gt;&lt;hr class=&quot;line&quot;&gt;&lt;h3&gt;Apache Tomcat/8.5.0&lt;/h3&gt;&lt;/body&gt;&lt;/html&gt;
">
      <![CDATA[java.lang.AssertionError: Status expected:<200 OK> but was:<404 NOT_FOUND>

> POST https://qa3-api.chaipoint.com/outlet-pos-api/api/order/history
> WebTestClient-Request-Id: [1]
> service.auth.key: [1234567]
> Content-Type: [application/json]
> Content-Length: [19]

{
  "moduleId": 1
}

< 404 NOT_FOUND Not Found
< Date: [Wed, 04 Dec 2019 12:38:20 GMT]
< Content-Type: [text/html;charset=utf-8]
< Content-Length: [1056]
< Connection: [keep-alive]
< Server: [Apache-Coyote/1.1]
< Content-Language: [en]

<!DOCTYPE html><html><head><title>Apache Tomcat/8.5.0 - Error report</title><style type="text/css">H1 {font-family:Tahoma,Arial,sans-serif;color:white;background-color:#525D76;font-size:22px;} H2 {font-family:Tahoma,Arial,sans-serif;color:white;background-color:#525D76;font-size:16px;} H3 {font-family:Tahoma,Arial,sans-serif;color:white;background-color:#525D76;font-size:14px;} BODY {font-family:Tahoma,Arial,sans-serif;color:black;background-color:white;} B {font-family:Tahoma,Arial,sans-serif;color:white;background-color:#525D76;} P {font-family:Tahoma,Arial,sans-serif;background:white;color:black;font-size:12px;}A {color : black;}A.name {color : black;}.line {height: 1px; background-color: #525D76; border: none;}</style> </head><body><h1>HTTP Status 404 - /outlet-pos-api/api/order/history</h1><div class="line"></div><p><b>type</b> Status report</p><p><b>message</b> <u>/outlet-pos-api/api/order/history</u></p><p><b>description</b> <u>The requested resource is not available.</u></p><hr class="line"><h3>Apache Tomcat/8.5.0</h3></body></html>

	at org.springframework.test.web.reactive.server.ExchangeResult.assertWithDiagnostics(ExchangeResult.java:200)
	at org.springframework.test.web.reactive.server.StatusAssertions.assertStatusAndReturn(StatusAssertions.java:227)
	at org.springframework.test.web.reactive.server.StatusAssertions.isOk(StatusAssertions.java:67)
	at cool.fountain.online.web.test.order.TestHistoryTestNg.history(TestHistoryTestNg.java:91)
	at cool.fountain.online.web.test.order.TestHistoryTestNg.testOrderHistoryLoad(TestHistoryTestNg.java:77)
	at sun.reflect.GeneratedMethodAccessor53.invoke(Unknown Source)
	at sun.reflect.DelegatingMethodAccessorImpl.invoke(DelegatingMethodAccessorImpl.java:43)
	at java.lang.reflect.Method.invoke(Method.java:498)
	at org.testng.internal.MethodInvocationHelper.invokeMethod(MethodInvocationHelper.java:80)
	at org.testng.internal.MethodInvocationHelper$1.runTestMethod(MethodInvocationHelper.java:182)
	at org.springframework.test.context.testng.AbstractTestNGSpringContextTests.run(AbstractTestNGSpringContextTests.java:180)
	at sun.reflect.GeneratedMethodAccessor44.invoke(Unknown Source)
	at sun.reflect.DelegatingMethodAccessorImpl.invoke(DelegatingMethodAccessorImpl.java:43)
	at java.lang.reflect.Method.invoke(Method.java:498)
	at org.testng.internal.MethodInvocationHelper.invokeHookable(MethodInvocationHelper.java:194)
	at org.testng.internal.Invoker.invokeMethod(Invoker.java:707)
	at org.testng.internal.Invoker.invokeTestMethod(Invoker.java:901)
	at org.testng.internal.Invoker.invokeTestMethods(Invoker.java:1231)
	at org.testng.internal.TestMethodWorker.invokeTestMethods(TestMethodWorker.java:127)
	at org.testng.internal.TestMethodWorker.run(TestMethodWorker.java:111)
	at org.testng.internal.thread.ThreadUtil$2.call(ThreadUtil.java:64)
	at java.util.concurrent.FutureTask.run(FutureTask.java:266)
	at java.util.concurrent.ThreadPoolExecutor.runWorker(ThreadPoolExecutor.java:1149)
	at java.util.concurrent.ThreadPoolExecutor$Worker.run(ThreadPoolExecutor.java:624)
	at java.lang.Thread.run(Thread.java:748)
Caused by: java.lang.AssertionError: Status expected:<200 OK> but was:<404 NOT_FOUND>
	at org.springframework.test.util.AssertionErrors.fail(AssertionErrors.java:55)
	at org.springframework.test.util.AssertionErrors.assertEquals(AssertionErrors.java:82)
	at org.springframework.test.web.reactive.server.StatusAssertions.lambda$assertStatusAndReturn$4(StatusAssertions.java:227)
	at org.springframework.test.web.reactive.server.ExchangeResult.assertWithDiagnostics(ExchangeResult.java:197)
	... 24 more
]]>
    </error>
  </testcase> <!-- testOrderHistoryLoad -->
  <testcase name="testOrderHistoryLoad" time="0.118" classname="cool.fountain.online.web.test.order.TestHistoryTestNg">
    <error type="java.lang.AssertionError" message="Status expected:&lt;200 OK&gt; but was:&lt;404 NOT_FOUND&gt;

&gt; POST https://qa3-api.chaipoint.com/outlet-pos-api/api/order/history
&gt; WebTestClient-Request-Id: [1]
&gt; service.auth.key: [1234567]
&gt; Content-Type: [application/json]
&gt; Content-Length: [19]

{
  &quot;moduleId&quot;: 1
}

&lt; 404 NOT_FOUND Not Found
&lt; Date: [Wed, 04 Dec 2019 12:38:20 GMT]
&lt; Content-Type: [text/html;charset=utf-8]
&lt; Content-Length: [1056]
&lt; Connection: [keep-alive]
&lt; Server: [Apache-Coyote/1.1]
&lt; Content-Language: [en]

&lt;!DOCTYPE html&gt;&lt;html&gt;&lt;head&gt;&lt;title&gt;Apache Tomcat/8.5.0 - Error report&lt;/title&gt;&lt;style type=&quot;text/css&quot;&gt;H1 {font-family:Tahoma,Arial,sans-serif;color:white;background-color:#525D76;font-size:22px;} H2 {font-family:Tahoma,Arial,sans-serif;color:white;background-color:#525D76;font-size:16px;} H3 {font-family:Tahoma,Arial,sans-serif;color:white;background-color:#525D76;font-size:14px;} BODY {font-family:Tahoma,Arial,sans-serif;color:black;background-color:white;} B {font-family:Tahoma,Arial,sans-serif;color:white;background-color:#525D76;} P {font-family:Tahoma,Arial,sans-serif;background:white;color:black;font-size:12px;}A {color : black;}A.name {color : black;}.line {height: 1px; background-color: #525D76; border: none;}&lt;/style&gt; &lt;/head&gt;&lt;body&gt;&lt;h1&gt;HTTP Status 404 - /outlet-pos-api/api/order/history&lt;/h1&gt;&lt;div class=&quot;line&quot;&gt;&lt;/div&gt;&lt;p&gt;&lt;b&gt;type&lt;/b&gt; Status report&lt;/p&gt;&lt;p&gt;&lt;b&gt;message&lt;/b&gt; &lt;u&gt;/outlet-pos-api/api/order/history&lt;/u&gt;&lt;/p&gt;&lt;p&gt;&lt;b&gt;description&lt;/b&gt; &lt;u&gt;The requested resource is not available.&lt;/u&gt;&lt;/p&gt;&lt;hr class=&quot;line&quot;&gt;&lt;h3&gt;Apache Tomcat/8.5.0&lt;/h3&gt;&lt;/body&gt;&lt;/html&gt;
">
      <![CDATA[java.lang.AssertionError: Status expected:<200 OK> but was:<404 NOT_FOUND>

> POST https://qa3-api.chaipoint.com/outlet-pos-api/api/order/history
> WebTestClient-Request-Id: [1]
> service.auth.key: [1234567]
> Content-Type: [application/json]
> Content-Length: [19]

{
  "moduleId": 1
}

< 404 NOT_FOUND Not Found
< Date: [Wed, 04 Dec 2019 12:38:20 GMT]
< Content-Type: [text/html;charset=utf-8]
< Content-Length: [1056]
< Connection: [keep-alive]
< Server: [Apache-Coyote/1.1]
< Content-Language: [en]

<!DOCTYPE html><html><head><title>Apache Tomcat/8.5.0 - Error report</title><style type="text/css">H1 {font-family:Tahoma,Arial,sans-serif;color:white;background-color:#525D76;font-size:22px;} H2 {font-family:Tahoma,Arial,sans-serif;color:white;background-color:#525D76;font-size:16px;} H3 {font-family:Tahoma,Arial,sans-serif;color:white;background-color:#525D76;font-size:14px;} BODY {font-family:Tahoma,Arial,sans-serif;color:black;background-color:white;} B {font-family:Tahoma,Arial,sans-serif;color:white;background-color:#525D76;} P {font-family:Tahoma,Arial,sans-serif;background:white;color:black;font-size:12px;}A {color : black;}A.name {color : black;}.line {height: 1px; background-color: #525D76; border: none;}</style> </head><body><h1>HTTP Status 404 - /outlet-pos-api/api/order/history</h1><div class="line"></div><p><b>type</b> Status report</p><p><b>message</b> <u>/outlet-pos-api/api/order/history</u></p><p><b>description</b> <u>The requested resource is not available.</u></p><hr class="line"><h3>Apache Tomcat/8.5.0</h3></body></html>

	at org.springframework.test.web.reactive.server.ExchangeResult.assertWithDiagnostics(ExchangeResult.java:200)
	at org.springframework.test.web.reactive.server.StatusAssertions.assertStatusAndReturn(StatusAssertions.java:227)
	at org.springframework.test.web.reactive.server.StatusAssertions.isOk(StatusAssertions.java:67)
	at cool.fountain.online.web.test.order.TestHistoryTestNg.history(TestHistoryTestNg.java:91)
	at cool.fountain.online.web.test.order.TestHistoryTestNg.testOrderHistoryLoad(TestHistoryTestNg.java:77)
	at sun.reflect.GeneratedMethodAccessor53.invoke(Unknown Source)
	at sun.reflect.DelegatingMethodAccessorImpl.invoke(DelegatingMethodAccessorImpl.java:43)
	at java.lang.reflect.Method.invoke(Method.java:498)
	at org.testng.internal.MethodInvocationHelper.invokeMethod(MethodInvocationHelper.java:80)
	at org.testng.internal.MethodInvocationHelper$1.runTestMethod(MethodInvocationHelper.java:182)
	at org.springframework.test.context.testng.AbstractTestNGSpringContextTests.run(AbstractTestNGSpringContextTests.java:180)
	at sun.reflect.GeneratedMethodAccessor44.invoke(Unknown Source)
	at sun.reflect.DelegatingMethodAccessorImpl.invoke(DelegatingMethodAccessorImpl.java:43)
	at java.lang.reflect.Method.invoke(Method.java:498)
	at org.testng.internal.MethodInvocationHelper.invokeHookable(MethodInvocationHelper.java:194)
	at org.testng.internal.Invoker.invokeMethod(Invoker.java:707)
	at org.testng.internal.Invoker.invokeTestMethod(Invoker.java:901)
	at org.testng.internal.Invoker.invokeTestMethods(Invoker.java:1231)
	at org.testng.internal.TestMethodWorker.invokeTestMethods(TestMethodWorker.java:127)
	at org.testng.internal.TestMethodWorker.run(TestMethodWorker.java:111)
	at org.testng.internal.thread.ThreadUtil$2.call(ThreadUtil.java:64)
	at java.util.concurrent.FutureTask.run(FutureTask.java:266)
	at java.util.concurrent.ThreadPoolExecutor.runWorker(ThreadPoolExecutor.java:1149)
	at java.util.concurrent.ThreadPoolExecutor$Worker.run(ThreadPoolExecutor.java:624)
	at java.lang.Thread.run(Thread.java:748)
Caused by: java.lang.AssertionError: Status expected:<200 OK> but was:<404 NOT_FOUND>
	at org.springframework.test.util.AssertionErrors.fail(AssertionErrors.java:55)
	at org.springframework.test.util.AssertionErrors.assertEquals(AssertionErrors.java:82)
	at org.springframework.test.web.reactive.server.StatusAssertions.lambda$assertStatusAndReturn$4(StatusAssertions.java:227)
	at org.springframework.test.web.reactive.server.ExchangeResult.assertWithDiagnostics(ExchangeResult.java:197)
	... 24 more
]]>
    </error>
  </testcase> <!-- testOrderHistoryLoad -->
  <testcase name="testOrderHistoryLoad" time="0.038" classname="cool.fountain.online.web.test.order.TestHistoryTestNg">
    <error type="java.lang.AssertionError" message="Status expected:&lt;200 OK&gt; but was:&lt;404 NOT_FOUND&gt;

&gt; POST https://qa3-api.chaipoint.com/outlet-pos-api/api/order/history
&gt; WebTestClient-Request-Id: [1]
&gt; service.auth.key: [1234567]
&gt; Content-Type: [application/json]
&gt; Content-Length: [19]

{
  &quot;moduleId&quot;: 1
}

&lt; 404 NOT_FOUND Not Found
&lt; Date: [Wed, 04 Dec 2019 12:38:20 GMT]
&lt; Content-Type: [text/html;charset=utf-8]
&lt; Content-Length: [1056]
&lt; Connection: [keep-alive]
&lt; Server: [Apache-Coyote/1.1]
&lt; Content-Language: [en]

&lt;!DOCTYPE html&gt;&lt;html&gt;&lt;head&gt;&lt;title&gt;Apache Tomcat/8.5.0 - Error report&lt;/title&gt;&lt;style type=&quot;text/css&quot;&gt;H1 {font-family:Tahoma,Arial,sans-serif;color:white;background-color:#525D76;font-size:22px;} H2 {font-family:Tahoma,Arial,sans-serif;color:white;background-color:#525D76;font-size:16px;} H3 {font-family:Tahoma,Arial,sans-serif;color:white;background-color:#525D76;font-size:14px;} BODY {font-family:Tahoma,Arial,sans-serif;color:black;background-color:white;} B {font-family:Tahoma,Arial,sans-serif;color:white;background-color:#525D76;} P {font-family:Tahoma,Arial,sans-serif;background:white;color:black;font-size:12px;}A {color : black;}A.name {color : black;}.line {height: 1px; background-color: #525D76; border: none;}&lt;/style&gt; &lt;/head&gt;&lt;body&gt;&lt;h1&gt;HTTP Status 404 - /outlet-pos-api/api/order/history&lt;/h1&gt;&lt;div class=&quot;line&quot;&gt;&lt;/div&gt;&lt;p&gt;&lt;b&gt;type&lt;/b&gt; Status report&lt;/p&gt;&lt;p&gt;&lt;b&gt;message&lt;/b&gt; &lt;u&gt;/outlet-pos-api/api/order/history&lt;/u&gt;&lt;/p&gt;&lt;p&gt;&lt;b&gt;description&lt;/b&gt; &lt;u&gt;The requested resource is not available.&lt;/u&gt;&lt;/p&gt;&lt;hr class=&quot;line&quot;&gt;&lt;h3&gt;Apache Tomcat/8.5.0&lt;/h3&gt;&lt;/body&gt;&lt;/html&gt;
">
      <![CDATA[java.lang.AssertionError: Status expected:<200 OK> but was:<404 NOT_FOUND>

> POST https://qa3-api.chaipoint.com/outlet-pos-api/api/order/history
> WebTestClient-Request-Id: [1]
> service.auth.key: [1234567]
> Content-Type: [application/json]
> Content-Length: [19]

{
  "moduleId": 1
}

< 404 NOT_FOUND Not Found
< Date: [Wed, 04 Dec 2019 12:38:20 GMT]
< Content-Type: [text/html;charset=utf-8]
< Content-Length: [1056]
< Connection: [keep-alive]
< Server: [Apache-Coyote/1.1]
< Content-Language: [en]

<!DOCTYPE html><html><head><title>Apache Tomcat/8.5.0 - Error report</title><style type="text/css">H1 {font-family:Tahoma,Arial,sans-serif;color:white;background-color:#525D76;font-size:22px;} H2 {font-family:Tahoma,Arial,sans-serif;color:white;background-color:#525D76;font-size:16px;} H3 {font-family:Tahoma,Arial,sans-serif;color:white;background-color:#525D76;font-size:14px;} BODY {font-family:Tahoma,Arial,sans-serif;color:black;background-color:white;} B {font-family:Tahoma,Arial,sans-serif;color:white;background-color:#525D76;} P {font-family:Tahoma,Arial,sans-serif;background:white;color:black;font-size:12px;}A {color : black;}A.name {color : black;}.line {height: 1px; background-color: #525D76; border: none;}</style> </head><body><h1>HTTP Status 404 - /outlet-pos-api/api/order/history</h1><div class="line"></div><p><b>type</b> Status report</p><p><b>message</b> <u>/outlet-pos-api/api/order/history</u></p><p><b>description</b> <u>The requested resource is not available.</u></p><hr class="line"><h3>Apache Tomcat/8.5.0</h3></body></html>

	at org.springframework.test.web.reactive.server.ExchangeResult.assertWithDiagnostics(ExchangeResult.java:200)
	at org.springframework.test.web.reactive.server.StatusAssertions.assertStatusAndReturn(StatusAssertions.java:227)
	at org.springframework.test.web.reactive.server.StatusAssertions.isOk(StatusAssertions.java:67)
	at cool.fountain.online.web.test.order.TestHistoryTestNg.history(TestHistoryTestNg.java:91)
	at cool.fountain.online.web.test.order.TestHistoryTestNg.testOrderHistoryLoad(TestHistoryTestNg.java:77)
	at sun.reflect.GeneratedMethodAccessor53.invoke(Unknown Source)
	at sun.reflect.DelegatingMethodAccessorImpl.invoke(DelegatingMethodAccessorImpl.java:43)
	at java.lang.reflect.Method.invoke(Method.java:498)
	at org.testng.internal.MethodInvocationHelper.invokeMethod(MethodInvocationHelper.java:80)
	at org.testng.internal.MethodInvocationHelper$1.runTestMethod(MethodInvocationHelper.java:182)
	at org.springframework.test.context.testng.AbstractTestNGSpringContextTests.run(AbstractTestNGSpringContextTests.java:180)
	at sun.reflect.GeneratedMethodAccessor44.invoke(Unknown Source)
	at sun.reflect.DelegatingMethodAccessorImpl.invoke(DelegatingMethodAccessorImpl.java:43)
	at java.lang.reflect.Method.invoke(Method.java:498)
	at org.testng.internal.MethodInvocationHelper.invokeHookable(MethodInvocationHelper.java:194)
	at org.testng.internal.Invoker.invokeMethod(Invoker.java:707)
	at org.testng.internal.Invoker.invokeTestMethod(Invoker.java:901)
	at org.testng.internal.Invoker.invokeTestMethods(Invoker.java:1231)
	at org.testng.internal.TestMethodWorker.invokeTestMethods(TestMethodWorker.java:127)
	at org.testng.internal.TestMethodWorker.run(TestMethodWorker.java:111)
	at org.testng.internal.thread.ThreadUtil$2.call(ThreadUtil.java:64)
	at java.util.concurrent.FutureTask.run(FutureTask.java:266)
	at java.util.concurrent.ThreadPoolExecutor.runWorker(ThreadPoolExecutor.java:1149)
	at java.util.concurrent.ThreadPoolExecutor$Worker.run(ThreadPoolExecutor.java:624)
	at java.lang.Thread.run(Thread.java:748)
Caused by: java.lang.AssertionError: Status expected:<200 OK> but was:<404 NOT_FOUND>
	at org.springframework.test.util.AssertionErrors.fail(AssertionErrors.java:55)
	at org.springframework.test.util.AssertionErrors.assertEquals(AssertionErrors.java:82)
	at org.springframework.test.web.reactive.server.StatusAssertions.lambda$assertStatusAndReturn$4(StatusAssertions.java:227)
	at org.springframework.test.web.reactive.server.ExchangeResult.assertWithDiagnostics(ExchangeResult.java:197)
	... 24 more
]]>
    </error>
  </testcase> <!-- testOrderHistoryLoad -->
  <testcase name="testOrderHistoryLoad" time="0.300" classname="cool.fountain.online.web.test.order.TestHistoryTestNg"/>
  <testcase name="testOrderHistoryLoad" time="0.178" classname="cool.fountain.online.web.test.order.TestHistoryTestNg"/>
  <testcase name="testOrderHistoryLoad" time="0.035" classname="cool.fountain.online.web.test.order.TestHistoryTestNg">
    <error type="java.lang.AssertionError" message="Status expected:&lt;200 OK&gt; but was:&lt;404 NOT_FOUND&gt;

&gt; POST https://qa3-api.chaipoint.com/outlet-pos-api/api/order/history
&gt; WebTestClient-Request-Id: [1]
&gt; service.auth.key: [1234567]
&gt; Content-Type: [application/json]
&gt; Content-Length: [19]

{
  &quot;moduleId&quot;: 1
}

&lt; 404 NOT_FOUND Not Found
&lt; Date: [Wed, 04 Dec 2019 12:38:19 GMT]
&lt; Content-Type: [text/html;charset=utf-8]
&lt; Content-Length: [1056]
&lt; Connection: [keep-alive]
&lt; Server: [Apache-Coyote/1.1]
&lt; Content-Language: [en]

&lt;!DOCTYPE html&gt;&lt;html&gt;&lt;head&gt;&lt;title&gt;Apache Tomcat/8.5.0 - Error report&lt;/title&gt;&lt;style type=&quot;text/css&quot;&gt;H1 {font-family:Tahoma,Arial,sans-serif;color:white;background-color:#525D76;font-size:22px;} H2 {font-family:Tahoma,Arial,sans-serif;color:white;background-color:#525D76;font-size:16px;} H3 {font-family:Tahoma,Arial,sans-serif;color:white;background-color:#525D76;font-size:14px;} BODY {font-family:Tahoma,Arial,sans-serif;color:black;background-color:white;} B {font-family:Tahoma,Arial,sans-serif;color:white;background-color:#525D76;} P {font-family:Tahoma,Arial,sans-serif;background:white;color:black;font-size:12px;}A {color : black;}A.name {color : black;}.line {height: 1px; background-color: #525D76; border: none;}&lt;/style&gt; &lt;/head&gt;&lt;body&gt;&lt;h1&gt;HTTP Status 404 - /outlet-pos-api/api/order/history&lt;/h1&gt;&lt;div class=&quot;line&quot;&gt;&lt;/div&gt;&lt;p&gt;&lt;b&gt;type&lt;/b&gt; Status report&lt;/p&gt;&lt;p&gt;&lt;b&gt;message&lt;/b&gt; &lt;u&gt;/outlet-pos-api/api/order/history&lt;/u&gt;&lt;/p&gt;&lt;p&gt;&lt;b&gt;description&lt;/b&gt; &lt;u&gt;The requested resource is not available.&lt;/u&gt;&lt;/p&gt;&lt;hr class=&quot;line&quot;&gt;&lt;h3&gt;Apache Tomcat/8.5.0&lt;/h3&gt;&lt;/body&gt;&lt;/html&gt;
">
      <![CDATA[java.lang.AssertionError: Status expected:<200 OK> but was:<404 NOT_FOUND>

> POST https://qa3-api.chaipoint.com/outlet-pos-api/api/order/history
> WebTestClient-Request-Id: [1]
> service.auth.key: [1234567]
> Content-Type: [application/json]
> Content-Length: [19]

{
  "moduleId": 1
}

< 404 NOT_FOUND Not Found
< Date: [Wed, 04 Dec 2019 12:38:19 GMT]
< Content-Type: [text/html;charset=utf-8]
< Content-Length: [1056]
< Connection: [keep-alive]
< Server: [Apache-Coyote/1.1]
< Content-Language: [en]

<!DOCTYPE html><html><head><title>Apache Tomcat/8.5.0 - Error report</title><style type="text/css">H1 {font-family:Tahoma,Arial,sans-serif;color:white;background-color:#525D76;font-size:22px;} H2 {font-family:Tahoma,Arial,sans-serif;color:white;background-color:#525D76;font-size:16px;} H3 {font-family:Tahoma,Arial,sans-serif;color:white;background-color:#525D76;font-size:14px;} BODY {font-family:Tahoma,Arial,sans-serif;color:black;background-color:white;} B {font-family:Tahoma,Arial,sans-serif;color:white;background-color:#525D76;} P {font-family:Tahoma,Arial,sans-serif;background:white;color:black;font-size:12px;}A {color : black;}A.name {color : black;}.line {height: 1px; background-color: #525D76; border: none;}</style> </head><body><h1>HTTP Status 404 - /outlet-pos-api/api/order/history</h1><div class="line"></div><p><b>type</b> Status report</p><p><b>message</b> <u>/outlet-pos-api/api/order/history</u></p><p><b>description</b> <u>The requested resource is not available.</u></p><hr class="line"><h3>Apache Tomcat/8.5.0</h3></body></html>

	at org.springframework.test.web.reactive.server.ExchangeResult.assertWithDiagnostics(ExchangeResult.java:200)
	at org.springframework.test.web.reactive.server.StatusAssertions.assertStatusAndReturn(StatusAssertions.java:227)
	at org.springframework.test.web.reactive.server.StatusAssertions.isOk(StatusAssertions.java:67)
	at cool.fountain.online.web.test.order.TestHistoryTestNg.history(TestHistoryTestNg.java:91)
	at cool.fountain.online.web.test.order.TestHistoryTestNg.testOrderHistoryLoad(TestHistoryTestNg.java:77)
	at sun.reflect.GeneratedMethodAccessor53.invoke(Unknown Source)
	at sun.reflect.DelegatingMethodAccessorImpl.invoke(DelegatingMethodAccessorImpl.java:43)
	at java.lang.reflect.Method.invoke(Method.java:498)
	at org.testng.internal.MethodInvocationHelper.invokeMethod(MethodInvocationHelper.java:80)
	at org.testng.internal.MethodInvocationHelper$1.runTestMethod(MethodInvocationHelper.java:182)
	at org.springframework.test.context.testng.AbstractTestNGSpringContextTests.run(AbstractTestNGSpringContextTests.java:180)
	at sun.reflect.GeneratedMethodAccessor44.invoke(Unknown Source)
	at sun.reflect.DelegatingMethodAccessorImpl.invoke(DelegatingMethodAccessorImpl.java:43)
	at java.lang.reflect.Method.invoke(Method.java:498)
	at org.testng.internal.MethodInvocationHelper.invokeHookable(MethodInvocationHelper.java:194)
	at org.testng.internal.Invoker.invokeMethod(Invoker.java:707)
	at org.testng.internal.Invoker.invokeTestMethod(Invoker.java:901)
	at org.testng.internal.Invoker.invokeTestMethods(Invoker.java:1231)
	at org.testng.internal.TestMethodWorker.invokeTestMethods(TestMethodWorker.java:127)
	at org.testng.internal.TestMethodWorker.run(TestMethodWorker.java:111)
	at org.testng.internal.thread.ThreadUtil$2.call(ThreadUtil.java:64)
	at java.util.concurrent.FutureTask.run(FutureTask.java:266)
	at java.util.concurrent.ThreadPoolExecutor.runWorker(ThreadPoolExecutor.java:1149)
	at java.util.concurrent.ThreadPoolExecutor$Worker.run(ThreadPoolExecutor.java:624)
	at java.lang.Thread.run(Thread.java:748)
Caused by: java.lang.AssertionError: Status expected:<200 OK> but was:<404 NOT_FOUND>
	at org.springframework.test.util.AssertionErrors.fail(AssertionErrors.java:55)
	at org.springframework.test.util.AssertionErrors.assertEquals(AssertionErrors.java:82)
	at org.springframework.test.web.reactive.server.StatusAssertions.lambda$assertStatusAndReturn$4(StatusAssertions.java:227)
	at org.springframework.test.web.reactive.server.ExchangeResult.assertWithDiagnostics(ExchangeResult.java:197)
	... 24 more
]]>
    </error>
  </testcase> <!-- testOrderHistoryLoad -->
  <testcase name="testOrderHistoryLoad" time="0.033" classname="cool.fountain.online.web.test.order.TestHistoryTestNg">
    <error type="java.lang.AssertionError" message="Status expected:&lt;200 OK&gt; but was:&lt;404 NOT_FOUND&gt;

&gt; POST https://qa3-api.chaipoint.com/outlet-pos-api/api/order/history
&gt; WebTestClient-Request-Id: [1]
&gt; service.auth.key: [1234567]
&gt; Content-Type: [application/json]
&gt; Content-Length: [19]

{
  &quot;moduleId&quot;: 1
}

&lt; 404 NOT_FOUND Not Found
&lt; Date: [Wed, 04 Dec 2019 12:38:20 GMT]
&lt; Content-Type: [text/html;charset=utf-8]
&lt; Content-Length: [1056]
&lt; Connection: [keep-alive]
&lt; Server: [Apache-Coyote/1.1]
&lt; Content-Language: [en]

&lt;!DOCTYPE html&gt;&lt;html&gt;&lt;head&gt;&lt;title&gt;Apache Tomcat/8.5.0 - Error report&lt;/title&gt;&lt;style type=&quot;text/css&quot;&gt;H1 {font-family:Tahoma,Arial,sans-serif;color:white;background-color:#525D76;font-size:22px;} H2 {font-family:Tahoma,Arial,sans-serif;color:white;background-color:#525D76;font-size:16px;} H3 {font-family:Tahoma,Arial,sans-serif;color:white;background-color:#525D76;font-size:14px;} BODY {font-family:Tahoma,Arial,sans-serif;color:black;background-color:white;} B {font-family:Tahoma,Arial,sans-serif;color:white;background-color:#525D76;} P {font-family:Tahoma,Arial,sans-serif;background:white;color:black;font-size:12px;}A {color : black;}A.name {color : black;}.line {height: 1px; background-color: #525D76; border: none;}&lt;/style&gt; &lt;/head&gt;&lt;body&gt;&lt;h1&gt;HTTP Status 404 - /outlet-pos-api/api/order/history&lt;/h1&gt;&lt;div class=&quot;line&quot;&gt;&lt;/div&gt;&lt;p&gt;&lt;b&gt;type&lt;/b&gt; Status report&lt;/p&gt;&lt;p&gt;&lt;b&gt;message&lt;/b&gt; &lt;u&gt;/outlet-pos-api/api/order/history&lt;/u&gt;&lt;/p&gt;&lt;p&gt;&lt;b&gt;description&lt;/b&gt; &lt;u&gt;The requested resource is not available.&lt;/u&gt;&lt;/p&gt;&lt;hr class=&quot;line&quot;&gt;&lt;h3&gt;Apache Tomcat/8.5.0&lt;/h3&gt;&lt;/body&gt;&lt;/html&gt;
">
      <![CDATA[java.lang.AssertionError: Status expected:<200 OK> but was:<404 NOT_FOUND>

> POST https://qa3-api.chaipoint.com/outlet-pos-api/api/order/history
> WebTestClient-Request-Id: [1]
> service.auth.key: [1234567]
> Content-Type: [application/json]
> Content-Length: [19]

{
  "moduleId": 1
}

< 404 NOT_FOUND Not Found
< Date: [Wed, 04 Dec 2019 12:38:20 GMT]
< Content-Type: [text/html;charset=utf-8]
< Content-Length: [1056]
< Connection: [keep-alive]
< Server: [Apache-Coyote/1.1]
< Content-Language: [en]

<!DOCTYPE html><html><head><title>Apache Tomcat/8.5.0 - Error report</title><style type="text/css">H1 {font-family:Tahoma,Arial,sans-serif;color:white;background-color:#525D76;font-size:22px;} H2 {font-family:Tahoma,Arial,sans-serif;color:white;background-color:#525D76;font-size:16px;} H3 {font-family:Tahoma,Arial,sans-serif;color:white;background-color:#525D76;font-size:14px;} BODY {font-family:Tahoma,Arial,sans-serif;color:black;background-color:white;} B {font-family:Tahoma,Arial,sans-serif;color:white;background-color:#525D76;} P {font-family:Tahoma,Arial,sans-serif;background:white;color:black;font-size:12px;}A {color : black;}A.name {color : black;}.line {height: 1px; background-color: #525D76; border: none;}</style> </head><body><h1>HTTP Status 404 - /outlet-pos-api/api/order/history</h1><div class="line"></div><p><b>type</b> Status report</p><p><b>message</b> <u>/outlet-pos-api/api/order/history</u></p><p><b>description</b> <u>The requested resource is not available.</u></p><hr class="line"><h3>Apache Tomcat/8.5.0</h3></body></html>

	at org.springframework.test.web.reactive.server.ExchangeResult.assertWithDiagnostics(ExchangeResult.java:200)
	at org.springframework.test.web.reactive.server.StatusAssertions.assertStatusAndReturn(StatusAssertions.java:227)
	at org.springframework.test.web.reactive.server.StatusAssertions.isOk(StatusAssertions.java:67)
	at cool.fountain.online.web.test.order.TestHistoryTestNg.history(TestHistoryTestNg.java:91)
	at cool.fountain.online.web.test.order.TestHistoryTestNg.testOrderHistoryLoad(TestHistoryTestNg.java:77)
	at sun.reflect.GeneratedMethodAccessor53.invoke(Unknown Source)
	at sun.reflect.DelegatingMethodAccessorImpl.invoke(DelegatingMethodAccessorImpl.java:43)
	at java.lang.reflect.Method.invoke(Method.java:498)
	at org.testng.internal.MethodInvocationHelper.invokeMethod(MethodInvocationHelper.java:80)
	at org.testng.internal.MethodInvocationHelper$1.runTestMethod(MethodInvocationHelper.java:182)
	at org.springframework.test.context.testng.AbstractTestNGSpringContextTests.run(AbstractTestNGSpringContextTests.java:180)
	at sun.reflect.GeneratedMethodAccessor44.invoke(Unknown Source)
	at sun.reflect.DelegatingMethodAccessorImpl.invoke(DelegatingMethodAccessorImpl.java:43)
	at java.lang.reflect.Method.invoke(Method.java:498)
	at org.testng.internal.MethodInvocationHelper.invokeHookable(MethodInvocationHelper.java:194)
	at org.testng.internal.Invoker.invokeMethod(Invoker.java:707)
	at org.testng.internal.Invoker.invokeTestMethod(Invoker.java:901)
	at org.testng.internal.Invoker.invokeTestMethods(Invoker.java:1231)
	at org.testng.internal.TestMethodWorker.invokeTestMethods(TestMethodWorker.java:127)
	at org.testng.internal.TestMethodWorker.run(TestMethodWorker.java:111)
	at org.testng.internal.thread.ThreadUtil$2.call(ThreadUtil.java:64)
	at java.util.concurrent.FutureTask.run(FutureTask.java:266)
	at java.util.concurrent.ThreadPoolExecutor.runWorker(ThreadPoolExecutor.java:1149)
	at java.util.concurrent.ThreadPoolExecutor$Worker.run(ThreadPoolExecutor.java:624)
	at java.lang.Thread.run(Thread.java:748)
Caused by: java.lang.AssertionError: Status expected:<200 OK> but was:<404 NOT_FOUND>
	at org.springframework.test.util.AssertionErrors.fail(AssertionErrors.java:55)
	at org.springframework.test.util.AssertionErrors.assertEquals(AssertionErrors.java:82)
	at org.springframework.test.web.reactive.server.StatusAssertions.lambda$assertStatusAndReturn$4(StatusAssertions.java:227)
	at org.springframework.test.web.reactive.server.ExchangeResult.assertWithDiagnostics(ExchangeResult.java:197)
	... 24 more
]]>
    </error>
  </testcase> <!-- testOrderHistoryLoad -->
  <testcase name="testOrderHistoryLoad" time="0.110" classname="cool.fountain.online.web.test.order.TestHistoryTestNg"/>
  <testcase name="testOrderHistoryLoad" time="0.039" classname="cool.fountain.online.web.test.order.TestHistoryTestNg">
    <error type="java.lang.AssertionError" message="Status expected:&lt;200 OK&gt; but was:&lt;404 NOT_FOUND&gt;

&gt; POST https://qa3-api.chaipoint.com/outlet-pos-api/api/order/history
&gt; WebTestClient-Request-Id: [1]
&gt; service.auth.key: [1234567]
&gt; Content-Type: [application/json]
&gt; Content-Length: [19]

{
  &quot;moduleId&quot;: 1
}

&lt; 404 NOT_FOUND Not Found
&lt; Date: [Wed, 04 Dec 2019 12:38:20 GMT]
&lt; Content-Type: [text/html;charset=utf-8]
&lt; Content-Length: [1056]
&lt; Connection: [keep-alive]
&lt; Server: [Apache-Coyote/1.1]
&lt; Content-Language: [en]

&lt;!DOCTYPE html&gt;&lt;html&gt;&lt;head&gt;&lt;title&gt;Apache Tomcat/8.5.0 - Error report&lt;/title&gt;&lt;style type=&quot;text/css&quot;&gt;H1 {font-family:Tahoma,Arial,sans-serif;color:white;background-color:#525D76;font-size:22px;} H2 {font-family:Tahoma,Arial,sans-serif;color:white;background-color:#525D76;font-size:16px;} H3 {font-family:Tahoma,Arial,sans-serif;color:white;background-color:#525D76;font-size:14px;} BODY {font-family:Tahoma,Arial,sans-serif;color:black;background-color:white;} B {font-family:Tahoma,Arial,sans-serif;color:white;background-color:#525D76;} P {font-family:Tahoma,Arial,sans-serif;background:white;color:black;font-size:12px;}A {color : black;}A.name {color : black;}.line {height: 1px; background-color: #525D76; border: none;}&lt;/style&gt; &lt;/head&gt;&lt;body&gt;&lt;h1&gt;HTTP Status 404 - /outlet-pos-api/api/order/history&lt;/h1&gt;&lt;div class=&quot;line&quot;&gt;&lt;/div&gt;&lt;p&gt;&lt;b&gt;type&lt;/b&gt; Status report&lt;/p&gt;&lt;p&gt;&lt;b&gt;message&lt;/b&gt; &lt;u&gt;/outlet-pos-api/api/order/history&lt;/u&gt;&lt;/p&gt;&lt;p&gt;&lt;b&gt;description&lt;/b&gt; &lt;u&gt;The requested resource is not available.&lt;/u&gt;&lt;/p&gt;&lt;hr class=&quot;line&quot;&gt;&lt;h3&gt;Apache Tomcat/8.5.0&lt;/h3&gt;&lt;/body&gt;&lt;/html&gt;
">
      <![CDATA[java.lang.AssertionError: Status expected:<200 OK> but was:<404 NOT_FOUND>

> POST https://qa3-api.chaipoint.com/outlet-pos-api/api/order/history
> WebTestClient-Request-Id: [1]
> service.auth.key: [1234567]
> Content-Type: [application/json]
> Content-Length: [19]

{
  "moduleId": 1
}

< 404 NOT_FOUND Not Found
< Date: [Wed, 04 Dec 2019 12:38:20 GMT]
< Content-Type: [text/html;charset=utf-8]
< Content-Length: [1056]
< Connection: [keep-alive]
< Server: [Apache-Coyote/1.1]
< Content-Language: [en]

<!DOCTYPE html><html><head><title>Apache Tomcat/8.5.0 - Error report</title><style type="text/css">H1 {font-family:Tahoma,Arial,sans-serif;color:white;background-color:#525D76;font-size:22px;} H2 {font-family:Tahoma,Arial,sans-serif;color:white;background-color:#525D76;font-size:16px;} H3 {font-family:Tahoma,Arial,sans-serif;color:white;background-color:#525D76;font-size:14px;} BODY {font-family:Tahoma,Arial,sans-serif;color:black;background-color:white;} B {font-family:Tahoma,Arial,sans-serif;color:white;background-color:#525D76;} P {font-family:Tahoma,Arial,sans-serif;background:white;color:black;font-size:12px;}A {color : black;}A.name {color : black;}.line {height: 1px; background-color: #525D76; border: none;}</style> </head><body><h1>HTTP Status 404 - /outlet-pos-api/api/order/history</h1><div class="line"></div><p><b>type</b> Status report</p><p><b>message</b> <u>/outlet-pos-api/api/order/history</u></p><p><b>description</b> <u>The requested resource is not available.</u></p><hr class="line"><h3>Apache Tomcat/8.5.0</h3></body></html>

	at org.springframework.test.web.reactive.server.ExchangeResult.assertWithDiagnostics(ExchangeResult.java:200)
	at org.springframework.test.web.reactive.server.StatusAssertions.assertStatusAndReturn(StatusAssertions.java:227)
	at org.springframework.test.web.reactive.server.StatusAssertions.isOk(StatusAssertions.java:67)
	at cool.fountain.online.web.test.order.TestHistoryTestNg.history(TestHistoryTestNg.java:91)
	at cool.fountain.online.web.test.order.TestHistoryTestNg.testOrderHistoryLoad(TestHistoryTestNg.java:77)
	at sun.reflect.GeneratedMethodAccessor53.invoke(Unknown Source)
	at sun.reflect.DelegatingMethodAccessorImpl.invoke(DelegatingMethodAccessorImpl.java:43)
	at java.lang.reflect.Method.invoke(Method.java:498)
	at org.testng.internal.MethodInvocationHelper.invokeMethod(MethodInvocationHelper.java:80)
	at org.testng.internal.MethodInvocationHelper$1.runTestMethod(MethodInvocationHelper.java:182)
	at org.springframework.test.context.testng.AbstractTestNGSpringContextTests.run(AbstractTestNGSpringContextTests.java:180)
	at sun.reflect.GeneratedMethodAccessor44.invoke(Unknown Source)
	at sun.reflect.DelegatingMethodAccessorImpl.invoke(DelegatingMethodAccessorImpl.java:43)
	at java.lang.reflect.Method.invoke(Method.java:498)
	at org.testng.internal.MethodInvocationHelper.invokeHookable(MethodInvocationHelper.java:194)
	at org.testng.internal.Invoker.invokeMethod(Invoker.java:707)
	at org.testng.internal.Invoker.invokeTestMethod(Invoker.java:901)
	at org.testng.internal.Invoker.invokeTestMethods(Invoker.java:1231)
	at org.testng.internal.TestMethodWorker.invokeTestMethods(TestMethodWorker.java:127)
	at org.testng.internal.TestMethodWorker.run(TestMethodWorker.java:111)
	at org.testng.internal.thread.ThreadUtil$2.call(ThreadUtil.java:64)
	at java.util.concurrent.FutureTask.run(FutureTask.java:266)
	at java.util.concurrent.ThreadPoolExecutor.runWorker(ThreadPoolExecutor.java:1149)
	at java.util.concurrent.ThreadPoolExecutor$Worker.run(ThreadPoolExecutor.java:624)
	at java.lang.Thread.run(Thread.java:748)
Caused by: java.lang.AssertionError: Status expected:<200 OK> but was:<404 NOT_FOUND>
	at org.springframework.test.util.AssertionErrors.fail(AssertionErrors.java:55)
	at org.springframework.test.util.AssertionErrors.assertEquals(AssertionErrors.java:82)
	at org.springframework.test.web.reactive.server.StatusAssertions.lambda$assertStatusAndReturn$4(StatusAssertions.java:227)
	at org.springframework.test.web.reactive.server.ExchangeResult.assertWithDiagnostics(ExchangeResult.java:197)
	... 24 more
]]>
    </error>
  </testcase> <!-- testOrderHistoryLoad -->
  <testcase name="testOrderHistoryLoad" time="0.032" classname="cool.fountain.online.web.test.order.TestHistoryTestNg">
    <error type="java.lang.AssertionError" message="Status expected:&lt;200 OK&gt; but was:&lt;404 NOT_FOUND&gt;

&gt; POST https://qa3-api.chaipoint.com/outlet-pos-api/api/order/history
&gt; WebTestClient-Request-Id: [1]
&gt; service.auth.key: [1234567]
&gt; Content-Type: [application/json]
&gt; Content-Length: [19]

{
  &quot;moduleId&quot;: 1
}

&lt; 404 NOT_FOUND Not Found
&lt; Date: [Wed, 04 Dec 2019 12:38:20 GMT]
&lt; Content-Type: [text/html;charset=utf-8]
&lt; Content-Length: [1056]
&lt; Connection: [keep-alive]
&lt; Server: [Apache-Coyote/1.1]
&lt; Content-Language: [en]

&lt;!DOCTYPE html&gt;&lt;html&gt;&lt;head&gt;&lt;title&gt;Apache Tomcat/8.5.0 - Error report&lt;/title&gt;&lt;style type=&quot;text/css&quot;&gt;H1 {font-family:Tahoma,Arial,sans-serif;color:white;background-color:#525D76;font-size:22px;} H2 {font-family:Tahoma,Arial,sans-serif;color:white;background-color:#525D76;font-size:16px;} H3 {font-family:Tahoma,Arial,sans-serif;color:white;background-color:#525D76;font-size:14px;} BODY {font-family:Tahoma,Arial,sans-serif;color:black;background-color:white;} B {font-family:Tahoma,Arial,sans-serif;color:white;background-color:#525D76;} P {font-family:Tahoma,Arial,sans-serif;background:white;color:black;font-size:12px;}A {color : black;}A.name {color : black;}.line {height: 1px; background-color: #525D76; border: none;}&lt;/style&gt; &lt;/head&gt;&lt;body&gt;&lt;h1&gt;HTTP Status 404 - /outlet-pos-api/api/order/history&lt;/h1&gt;&lt;div class=&quot;line&quot;&gt;&lt;/div&gt;&lt;p&gt;&lt;b&gt;type&lt;/b&gt; Status report&lt;/p&gt;&lt;p&gt;&lt;b&gt;message&lt;/b&gt; &lt;u&gt;/outlet-pos-api/api/order/history&lt;/u&gt;&lt;/p&gt;&lt;p&gt;&lt;b&gt;description&lt;/b&gt; &lt;u&gt;The requested resource is not available.&lt;/u&gt;&lt;/p&gt;&lt;hr class=&quot;line&quot;&gt;&lt;h3&gt;Apache Tomcat/8.5.0&lt;/h3&gt;&lt;/body&gt;&lt;/html&gt;
">
      <![CDATA[java.lang.AssertionError: Status expected:<200 OK> but was:<404 NOT_FOUND>

> POST https://qa3-api.chaipoint.com/outlet-pos-api/api/order/history
> WebTestClient-Request-Id: [1]
> service.auth.key: [1234567]
> Content-Type: [application/json]
> Content-Length: [19]

{
  "moduleId": 1
}

< 404 NOT_FOUND Not Found
< Date: [Wed, 04 Dec 2019 12:38:20 GMT]
< Content-Type: [text/html;charset=utf-8]
< Content-Length: [1056]
< Connection: [keep-alive]
< Server: [Apache-Coyote/1.1]
< Content-Language: [en]

<!DOCTYPE html><html><head><title>Apache Tomcat/8.5.0 - Error report</title><style type="text/css">H1 {font-family:Tahoma,Arial,sans-serif;color:white;background-color:#525D76;font-size:22px;} H2 {font-family:Tahoma,Arial,sans-serif;color:white;background-color:#525D76;font-size:16px;} H3 {font-family:Tahoma,Arial,sans-serif;color:white;background-color:#525D76;font-size:14px;} BODY {font-family:Tahoma,Arial,sans-serif;color:black;background-color:white;} B {font-family:Tahoma,Arial,sans-serif;color:white;background-color:#525D76;} P {font-family:Tahoma,Arial,sans-serif;background:white;color:black;font-size:12px;}A {color : black;}A.name {color : black;}.line {height: 1px; background-color: #525D76; border: none;}</style> </head><body><h1>HTTP Status 404 - /outlet-pos-api/api/order/history</h1><div class="line"></div><p><b>type</b> Status report</p><p><b>message</b> <u>/outlet-pos-api/api/order/history</u></p><p><b>description</b> <u>The requested resource is not available.</u></p><hr class="line"><h3>Apache Tomcat/8.5.0</h3></body></html>

	at org.springframework.test.web.reactive.server.ExchangeResult.assertWithDiagnostics(ExchangeResult.java:200)
	at org.springframework.test.web.reactive.server.StatusAssertions.assertStatusAndReturn(StatusAssertions.java:227)
	at org.springframework.test.web.reactive.server.StatusAssertions.isOk(StatusAssertions.java:67)
	at cool.fountain.online.web.test.order.TestHistoryTestNg.history(TestHistoryTestNg.java:91)
	at cool.fountain.online.web.test.order.TestHistoryTestNg.testOrderHistoryLoad(TestHistoryTestNg.java:77)
	at sun.reflect.GeneratedMethodAccessor53.invoke(Unknown Source)
	at sun.reflect.DelegatingMethodAccessorImpl.invoke(DelegatingMethodAccessorImpl.java:43)
	at java.lang.reflect.Method.invoke(Method.java:498)
	at org.testng.internal.MethodInvocationHelper.invokeMethod(MethodInvocationHelper.java:80)
	at org.testng.internal.MethodInvocationHelper$1.runTestMethod(MethodInvocationHelper.java:182)
	at org.springframework.test.context.testng.AbstractTestNGSpringContextTests.run(AbstractTestNGSpringContextTests.java:180)
	at sun.reflect.GeneratedMethodAccessor44.invoke(Unknown Source)
	at sun.reflect.DelegatingMethodAccessorImpl.invoke(DelegatingMethodAccessorImpl.java:43)
	at java.lang.reflect.Method.invoke(Method.java:498)
	at org.testng.internal.MethodInvocationHelper.invokeHookable(MethodInvocationHelper.java:194)
	at org.testng.internal.Invoker.invokeMethod(Invoker.java:707)
	at org.testng.internal.Invoker.invokeTestMethod(Invoker.java:901)
	at org.testng.internal.Invoker.invokeTestMethods(Invoker.java:1231)
	at org.testng.internal.TestMethodWorker.invokeTestMethods(TestMethodWorker.java:127)
	at org.testng.internal.TestMethodWorker.run(TestMethodWorker.java:111)
	at org.testng.internal.thread.ThreadUtil$2.call(ThreadUtil.java:64)
	at java.util.concurrent.FutureTask.run(FutureTask.java:266)
	at java.util.concurrent.ThreadPoolExecutor.runWorker(ThreadPoolExecutor.java:1149)
	at java.util.concurrent.ThreadPoolExecutor$Worker.run(ThreadPoolExecutor.java:624)
	at java.lang.Thread.run(Thread.java:748)
Caused by: java.lang.AssertionError: Status expected:<200 OK> but was:<404 NOT_FOUND>
	at org.springframework.test.util.AssertionErrors.fail(AssertionErrors.java:55)
	at org.springframework.test.util.AssertionErrors.assertEquals(AssertionErrors.java:82)
	at org.springframework.test.web.reactive.server.StatusAssertions.lambda$assertStatusAndReturn$4(StatusAssertions.java:227)
	at org.springframework.test.web.reactive.server.ExchangeResult.assertWithDiagnostics(ExchangeResult.java:197)
	... 24 more
]]>
    </error>
  </testcase> <!-- testOrderHistoryLoad -->
  <testcase name="testOrderHistoryLoad" time="0.233" classname="cool.fountain.online.web.test.order.TestHistoryTestNg"/>
  <testcase name="testOrderHistoryLoad" time="0.128" classname="cool.fountain.online.web.test.order.TestHistoryTestNg"/>
  <testcase name="testOrderHistoryLoad" time="0.182" classname="cool.fountain.online.web.test.order.TestHistoryTestNg"/>
  <testcase name="testOrderHistoryLoad" time="0.038" classname="cool.fountain.online.web.test.order.TestHistoryTestNg">
    <error type="java.lang.AssertionError" message="Status expected:&lt;200 OK&gt; but was:&lt;404 NOT_FOUND&gt;

&gt; POST https://qa3-api.chaipoint.com/outlet-pos-api/api/order/history
&gt; WebTestClient-Request-Id: [1]
&gt; service.auth.key: [1234567]
&gt; Content-Type: [application/json]
&gt; Content-Length: [19]

{
  &quot;moduleId&quot;: 1
}

&lt; 404 NOT_FOUND Not Found
&lt; Date: [Wed, 04 Dec 2019 12:38:20 GMT]
&lt; Content-Type: [text/html;charset=utf-8]
&lt; Content-Length: [1056]
&lt; Connection: [keep-alive]
&lt; Server: [Apache-Coyote/1.1]
&lt; Content-Language: [en]

&lt;!DOCTYPE html&gt;&lt;html&gt;&lt;head&gt;&lt;title&gt;Apache Tomcat/8.5.0 - Error report&lt;/title&gt;&lt;style type=&quot;text/css&quot;&gt;H1 {font-family:Tahoma,Arial,sans-serif;color:white;background-color:#525D76;font-size:22px;} H2 {font-family:Tahoma,Arial,sans-serif;color:white;background-color:#525D76;font-size:16px;} H3 {font-family:Tahoma,Arial,sans-serif;color:white;background-color:#525D76;font-size:14px;} BODY {font-family:Tahoma,Arial,sans-serif;color:black;background-color:white;} B {font-family:Tahoma,Arial,sans-serif;color:white;background-color:#525D76;} P {font-family:Tahoma,Arial,sans-serif;background:white;color:black;font-size:12px;}A {color : black;}A.name {color : black;}.line {height: 1px; background-color: #525D76; border: none;}&lt;/style&gt; &lt;/head&gt;&lt;body&gt;&lt;h1&gt;HTTP Status 404 - /outlet-pos-api/api/order/history&lt;/h1&gt;&lt;div class=&quot;line&quot;&gt;&lt;/div&gt;&lt;p&gt;&lt;b&gt;type&lt;/b&gt; Status report&lt;/p&gt;&lt;p&gt;&lt;b&gt;message&lt;/b&gt; &lt;u&gt;/outlet-pos-api/api/order/history&lt;/u&gt;&lt;/p&gt;&lt;p&gt;&lt;b&gt;description&lt;/b&gt; &lt;u&gt;The requested resource is not available.&lt;/u&gt;&lt;/p&gt;&lt;hr class=&quot;line&quot;&gt;&lt;h3&gt;Apache Tomcat/8.5.0&lt;/h3&gt;&lt;/body&gt;&lt;/html&gt;
">
      <![CDATA[java.lang.AssertionError: Status expected:<200 OK> but was:<404 NOT_FOUND>

> POST https://qa3-api.chaipoint.com/outlet-pos-api/api/order/history
> WebTestClient-Request-Id: [1]
> service.auth.key: [1234567]
> Content-Type: [application/json]
> Content-Length: [19]

{
  "moduleId": 1
}

< 404 NOT_FOUND Not Found
< Date: [Wed, 04 Dec 2019 12:38:20 GMT]
< Content-Type: [text/html;charset=utf-8]
< Content-Length: [1056]
< Connection: [keep-alive]
< Server: [Apache-Coyote/1.1]
< Content-Language: [en]

<!DOCTYPE html><html><head><title>Apache Tomcat/8.5.0 - Error report</title><style type="text/css">H1 {font-family:Tahoma,Arial,sans-serif;color:white;background-color:#525D76;font-size:22px;} H2 {font-family:Tahoma,Arial,sans-serif;color:white;background-color:#525D76;font-size:16px;} H3 {font-family:Tahoma,Arial,sans-serif;color:white;background-color:#525D76;font-size:14px;} BODY {font-family:Tahoma,Arial,sans-serif;color:black;background-color:white;} B {font-family:Tahoma,Arial,sans-serif;color:white;background-color:#525D76;} P {font-family:Tahoma,Arial,sans-serif;background:white;color:black;font-size:12px;}A {color : black;}A.name {color : black;}.line {height: 1px; background-color: #525D76; border: none;}</style> </head><body><h1>HTTP Status 404 - /outlet-pos-api/api/order/history</h1><div class="line"></div><p><b>type</b> Status report</p><p><b>message</b> <u>/outlet-pos-api/api/order/history</u></p><p><b>description</b> <u>The requested resource is not available.</u></p><hr class="line"><h3>Apache Tomcat/8.5.0</h3></body></html>

	at org.springframework.test.web.reactive.server.ExchangeResult.assertWithDiagnostics(ExchangeResult.java:200)
	at org.springframework.test.web.reactive.server.StatusAssertions.assertStatusAndReturn(StatusAssertions.java:227)
	at org.springframework.test.web.reactive.server.StatusAssertions.isOk(StatusAssertions.java:67)
	at cool.fountain.online.web.test.order.TestHistoryTestNg.history(TestHistoryTestNg.java:91)
	at cool.fountain.online.web.test.order.TestHistoryTestNg.testOrderHistoryLoad(TestHistoryTestNg.java:77)
	at sun.reflect.GeneratedMethodAccessor53.invoke(Unknown Source)
	at sun.reflect.DelegatingMethodAccessorImpl.invoke(DelegatingMethodAccessorImpl.java:43)
	at java.lang.reflect.Method.invoke(Method.java:498)
	at org.testng.internal.MethodInvocationHelper.invokeMethod(MethodInvocationHelper.java:80)
	at org.testng.internal.MethodInvocationHelper$1.runTestMethod(MethodInvocationHelper.java:182)
	at org.springframework.test.context.testng.AbstractTestNGSpringContextTests.run(AbstractTestNGSpringContextTests.java:180)
	at sun.reflect.GeneratedMethodAccessor44.invoke(Unknown Source)
	at sun.reflect.DelegatingMethodAccessorImpl.invoke(DelegatingMethodAccessorImpl.java:43)
	at java.lang.reflect.Method.invoke(Method.java:498)
	at org.testng.internal.MethodInvocationHelper.invokeHookable(MethodInvocationHelper.java:194)
	at org.testng.internal.Invoker.invokeMethod(Invoker.java:707)
	at org.testng.internal.Invoker.invokeTestMethod(Invoker.java:901)
	at org.testng.internal.Invoker.invokeTestMethods(Invoker.java:1231)
	at org.testng.internal.TestMethodWorker.invokeTestMethods(TestMethodWorker.java:127)
	at org.testng.internal.TestMethodWorker.run(TestMethodWorker.java:111)
	at org.testng.internal.thread.ThreadUtil$2.call(ThreadUtil.java:64)
	at java.util.concurrent.FutureTask.run(FutureTask.java:266)
	at java.util.concurrent.ThreadPoolExecutor.runWorker(ThreadPoolExecutor.java:1149)
	at java.util.concurrent.ThreadPoolExecutor$Worker.run(ThreadPoolExecutor.java:624)
	at java.lang.Thread.run(Thread.java:748)
Caused by: java.lang.AssertionError: Status expected:<200 OK> but was:<404 NOT_FOUND>
	at org.springframework.test.util.AssertionErrors.fail(AssertionErrors.java:55)
	at org.springframework.test.util.AssertionErrors.assertEquals(AssertionErrors.java:82)
	at org.springframework.test.web.reactive.server.StatusAssertions.lambda$assertStatusAndReturn$4(StatusAssertions.java:227)
	at org.springframework.test.web.reactive.server.ExchangeResult.assertWithDiagnostics(ExchangeResult.java:197)
	... 24 more
]]>
    </error>
  </testcase> <!-- testOrderHistoryLoad -->
  <testcase name="testHistory" time="0.457" classname="cool.fountain.online.web.test.order.TestHistoryTestNg"/>
  <testcase name="testOrderHistoryLoad" time="0.030" classname="cool.fountain.online.web.test.order.TestHistoryTestNg">
    <error type="java.lang.AssertionError" message="Status expected:&lt;200 OK&gt; but was:&lt;404 NOT_FOUND&gt;

&gt; POST https://qa3-api.chaipoint.com/outlet-pos-api/api/order/history
&gt; WebTestClient-Request-Id: [1]
&gt; service.auth.key: [1234567]
&gt; Content-Type: [application/json]
&gt; Content-Length: [19]

{
  &quot;moduleId&quot;: 1
}

&lt; 404 NOT_FOUND Not Found
&lt; Date: [Wed, 04 Dec 2019 12:38:19 GMT]
&lt; Content-Type: [text/html;charset=utf-8]
&lt; Content-Length: [1056]
&lt; Connection: [keep-alive]
&lt; Server: [Apache-Coyote/1.1]
&lt; Content-Language: [en]

&lt;!DOCTYPE html&gt;&lt;html&gt;&lt;head&gt;&lt;title&gt;Apache Tomcat/8.5.0 - Error report&lt;/title&gt;&lt;style type=&quot;text/css&quot;&gt;H1 {font-family:Tahoma,Arial,sans-serif;color:white;background-color:#525D76;font-size:22px;} H2 {font-family:Tahoma,Arial,sans-serif;color:white;background-color:#525D76;font-size:16px;} H3 {font-family:Tahoma,Arial,sans-serif;color:white;background-color:#525D76;font-size:14px;} BODY {font-family:Tahoma,Arial,sans-serif;color:black;background-color:white;} B {font-family:Tahoma,Arial,sans-serif;color:white;background-color:#525D76;} P {font-family:Tahoma,Arial,sans-serif;background:white;color:black;font-size:12px;}A {color : black;}A.name {color : black;}.line {height: 1px; background-color: #525D76; border: none;}&lt;/style&gt; &lt;/head&gt;&lt;body&gt;&lt;h1&gt;HTTP Status 404 - /outlet-pos-api/api/order/history&lt;/h1&gt;&lt;div class=&quot;line&quot;&gt;&lt;/div&gt;&lt;p&gt;&lt;b&gt;type&lt;/b&gt; Status report&lt;/p&gt;&lt;p&gt;&lt;b&gt;message&lt;/b&gt; &lt;u&gt;/outlet-pos-api/api/order/history&lt;/u&gt;&lt;/p&gt;&lt;p&gt;&lt;b&gt;description&lt;/b&gt; &lt;u&gt;The requested resource is not available.&lt;/u&gt;&lt;/p&gt;&lt;hr class=&quot;line&quot;&gt;&lt;h3&gt;Apache Tomcat/8.5.0&lt;/h3&gt;&lt;/body&gt;&lt;/html&gt;
">
      <![CDATA[java.lang.AssertionError: Status expected:<200 OK> but was:<404 NOT_FOUND>

> POST https://qa3-api.chaipoint.com/outlet-pos-api/api/order/history
> WebTestClient-Request-Id: [1]
> service.auth.key: [1234567]
> Content-Type: [application/json]
> Content-Length: [19]

{
  "moduleId": 1
}

< 404 NOT_FOUND Not Found
< Date: [Wed, 04 Dec 2019 12:38:19 GMT]
< Content-Type: [text/html;charset=utf-8]
< Content-Length: [1056]
< Connection: [keep-alive]
< Server: [Apache-Coyote/1.1]
< Content-Language: [en]

<!DOCTYPE html><html><head><title>Apache Tomcat/8.5.0 - Error report</title><style type="text/css">H1 {font-family:Tahoma,Arial,sans-serif;color:white;background-color:#525D76;font-size:22px;} H2 {font-family:Tahoma,Arial,sans-serif;color:white;background-color:#525D76;font-size:16px;} H3 {font-family:Tahoma,Arial,sans-serif;color:white;background-color:#525D76;font-size:14px;} BODY {font-family:Tahoma,Arial,sans-serif;color:black;background-color:white;} B {font-family:Tahoma,Arial,sans-serif;color:white;background-color:#525D76;} P {font-family:Tahoma,Arial,sans-serif;background:white;color:black;font-size:12px;}A {color : black;}A.name {color : black;}.line {height: 1px; background-color: #525D76; border: none;}</style> </head><body><h1>HTTP Status 404 - /outlet-pos-api/api/order/history</h1><div class="line"></div><p><b>type</b> Status report</p><p><b>message</b> <u>/outlet-pos-api/api/order/history</u></p><p><b>description</b> <u>The requested resource is not available.</u></p><hr class="line"><h3>Apache Tomcat/8.5.0</h3></body></html>

	at org.springframework.test.web.reactive.server.ExchangeResult.assertWithDiagnostics(ExchangeResult.java:200)
	at org.springframework.test.web.reactive.server.StatusAssertions.assertStatusAndReturn(StatusAssertions.java:227)
	at org.springframework.test.web.reactive.server.StatusAssertions.isOk(StatusAssertions.java:67)
	at cool.fountain.online.web.test.order.TestHistoryTestNg.history(TestHistoryTestNg.java:91)
	at cool.fountain.online.web.test.order.TestHistoryTestNg.testOrderHistoryLoad(TestHistoryTestNg.java:77)
	at sun.reflect.GeneratedMethodAccessor53.invoke(Unknown Source)
	at sun.reflect.DelegatingMethodAccessorImpl.invoke(DelegatingMethodAccessorImpl.java:43)
	at java.lang.reflect.Method.invoke(Method.java:498)
	at org.testng.internal.MethodInvocationHelper.invokeMethod(MethodInvocationHelper.java:80)
	at org.testng.internal.MethodInvocationHelper$1.runTestMethod(MethodInvocationHelper.java:182)
	at org.springframework.test.context.testng.AbstractTestNGSpringContextTests.run(AbstractTestNGSpringContextTests.java:180)
	at sun.reflect.GeneratedMethodAccessor44.invoke(Unknown Source)
	at sun.reflect.DelegatingMethodAccessorImpl.invoke(DelegatingMethodAccessorImpl.java:43)
	at java.lang.reflect.Method.invoke(Method.java:498)
	at org.testng.internal.MethodInvocationHelper.invokeHookable(MethodInvocationHelper.java:194)
	at org.testng.internal.Invoker.invokeMethod(Invoker.java:707)
	at org.testng.internal.Invoker.invokeTestMethod(Invoker.java:901)
	at org.testng.internal.Invoker.invokeTestMethods(Invoker.java:1231)
	at org.testng.internal.TestMethodWorker.invokeTestMethods(TestMethodWorker.java:127)
	at org.testng.internal.TestMethodWorker.run(TestMethodWorker.java:111)
	at org.testng.internal.thread.ThreadUtil$2.call(ThreadUtil.java:64)
	at java.util.concurrent.FutureTask.run(FutureTask.java:266)
	at java.util.concurrent.ThreadPoolExecutor.runWorker(ThreadPoolExecutor.java:1149)
	at java.util.concurrent.ThreadPoolExecutor$Worker.run(ThreadPoolExecutor.java:624)
	at java.lang.Thread.run(Thread.java:748)
Caused by: java.lang.AssertionError: Status expected:<200 OK> but was:<404 NOT_FOUND>
	at org.springframework.test.util.AssertionErrors.fail(AssertionErrors.java:55)
	at org.springframework.test.util.AssertionErrors.assertEquals(AssertionErrors.java:82)
	at org.springframework.test.web.reactive.server.StatusAssertions.lambda$assertStatusAndReturn$4(StatusAssertions.java:227)
	at org.springframework.test.web.reactive.server.ExchangeResult.assertWithDiagnostics(ExchangeResult.java:197)
	... 24 more
]]>
    </error>
  </testcase> <!-- testOrderHistoryLoad -->
  <testcase name="testOrderHistoryLoad" time="0.273" classname="cool.fountain.online.web.test.order.TestHistoryTestNg"/>
  <testcase name="testOrderHistoryLoad" time="0.048" classname="cool.fountain.online.web.test.order.TestHistoryTestNg">
    <error type="java.lang.AssertionError" message="Status expected:&lt;200 OK&gt; but was:&lt;404 NOT_FOUND&gt;

&gt; POST https://qa3-api.chaipoint.com/outlet-pos-api/api/order/history
&gt; WebTestClient-Request-Id: [1]
&gt; service.auth.key: [1234567]
&gt; Content-Type: [application/json]
&gt; Content-Length: [19]

{
  &quot;moduleId&quot;: 1
}

&lt; 404 NOT_FOUND Not Found
&lt; Date: [Wed, 04 Dec 2019 12:38:20 GMT]
&lt; Content-Type: [text/html;charset=utf-8]
&lt; Content-Length: [1056]
&lt; Connection: [keep-alive]
&lt; Server: [Apache-Coyote/1.1]
&lt; Content-Language: [en]

&lt;!DOCTYPE html&gt;&lt;html&gt;&lt;head&gt;&lt;title&gt;Apache Tomcat/8.5.0 - Error report&lt;/title&gt;&lt;style type=&quot;text/css&quot;&gt;H1 {font-family:Tahoma,Arial,sans-serif;color:white;background-color:#525D76;font-size:22px;} H2 {font-family:Tahoma,Arial,sans-serif;color:white;background-color:#525D76;font-size:16px;} H3 {font-family:Tahoma,Arial,sans-serif;color:white;background-color:#525D76;font-size:14px;} BODY {font-family:Tahoma,Arial,sans-serif;color:black;background-color:white;} B {font-family:Tahoma,Arial,sans-serif;color:white;background-color:#525D76;} P {font-family:Tahoma,Arial,sans-serif;background:white;color:black;font-size:12px;}A {color : black;}A.name {color : black;}.line {height: 1px; background-color: #525D76; border: none;}&lt;/style&gt; &lt;/head&gt;&lt;body&gt;&lt;h1&gt;HTTP Status 404 - /outlet-pos-api/api/order/history&lt;/h1&gt;&lt;div class=&quot;line&quot;&gt;&lt;/div&gt;&lt;p&gt;&lt;b&gt;type&lt;/b&gt; Status report&lt;/p&gt;&lt;p&gt;&lt;b&gt;message&lt;/b&gt; &lt;u&gt;/outlet-pos-api/api/order/history&lt;/u&gt;&lt;/p&gt;&lt;p&gt;&lt;b&gt;description&lt;/b&gt; &lt;u&gt;The requested resource is not available.&lt;/u&gt;&lt;/p&gt;&lt;hr class=&quot;line&quot;&gt;&lt;h3&gt;Apache Tomcat/8.5.0&lt;/h3&gt;&lt;/body&gt;&lt;/html&gt;
">
      <![CDATA[java.lang.AssertionError: Status expected:<200 OK> but was:<404 NOT_FOUND>

> POST https://qa3-api.chaipoint.com/outlet-pos-api/api/order/history
> WebTestClient-Request-Id: [1]
> service.auth.key: [1234567]
> Content-Type: [application/json]
> Content-Length: [19]

{
  "moduleId": 1
}

< 404 NOT_FOUND Not Found
< Date: [Wed, 04 Dec 2019 12:38:20 GMT]
< Content-Type: [text/html;charset=utf-8]
< Content-Length: [1056]
< Connection: [keep-alive]
< Server: [Apache-Coyote/1.1]
< Content-Language: [en]

<!DOCTYPE html><html><head><title>Apache Tomcat/8.5.0 - Error report</title><style type="text/css">H1 {font-family:Tahoma,Arial,sans-serif;color:white;background-color:#525D76;font-size:22px;} H2 {font-family:Tahoma,Arial,sans-serif;color:white;background-color:#525D76;font-size:16px;} H3 {font-family:Tahoma,Arial,sans-serif;color:white;background-color:#525D76;font-size:14px;} BODY {font-family:Tahoma,Arial,sans-serif;color:black;background-color:white;} B {font-family:Tahoma,Arial,sans-serif;color:white;background-color:#525D76;} P {font-family:Tahoma,Arial,sans-serif;background:white;color:black;font-size:12px;}A {color : black;}A.name {color : black;}.line {height: 1px; background-color: #525D76; border: none;}</style> </head><body><h1>HTTP Status 404 - /outlet-pos-api/api/order/history</h1><div class="line"></div><p><b>type</b> Status report</p><p><b>message</b> <u>/outlet-pos-api/api/order/history</u></p><p><b>description</b> <u>The requested resource is not available.</u></p><hr class="line"><h3>Apache Tomcat/8.5.0</h3></body></html>

	at org.springframework.test.web.reactive.server.ExchangeResult.assertWithDiagnostics(ExchangeResult.java:200)
	at org.springframework.test.web.reactive.server.StatusAssertions.assertStatusAndReturn(StatusAssertions.java:227)
	at org.springframework.test.web.reactive.server.StatusAssertions.isOk(StatusAssertions.java:67)
	at cool.fountain.online.web.test.order.TestHistoryTestNg.history(TestHistoryTestNg.java:91)
	at cool.fountain.online.web.test.order.TestHistoryTestNg.testOrderHistoryLoad(TestHistoryTestNg.java:77)
	at sun.reflect.GeneratedMethodAccessor53.invoke(Unknown Source)
	at sun.reflect.DelegatingMethodAccessorImpl.invoke(DelegatingMethodAccessorImpl.java:43)
	at java.lang.reflect.Method.invoke(Method.java:498)
	at org.testng.internal.MethodInvocationHelper.invokeMethod(MethodInvocationHelper.java:80)
	at org.testng.internal.MethodInvocationHelper$1.runTestMethod(MethodInvocationHelper.java:182)
	at org.springframework.test.context.testng.AbstractTestNGSpringContextTests.run(AbstractTestNGSpringContextTests.java:180)
	at sun.reflect.GeneratedMethodAccessor44.invoke(Unknown Source)
	at sun.reflect.DelegatingMethodAccessorImpl.invoke(DelegatingMethodAccessorImpl.java:43)
	at java.lang.reflect.Method.invoke(Method.java:498)
	at org.testng.internal.MethodInvocationHelper.invokeHookable(MethodInvocationHelper.java:194)
	at org.testng.internal.Invoker.invokeMethod(Invoker.java:707)
	at org.testng.internal.Invoker.invokeTestMethod(Invoker.java:901)
	at org.testng.internal.Invoker.invokeTestMethods(Invoker.java:1231)
	at org.testng.internal.TestMethodWorker.invokeTestMethods(TestMethodWorker.java:127)
	at org.testng.internal.TestMethodWorker.run(TestMethodWorker.java:111)
	at org.testng.internal.thread.ThreadUtil$2.call(ThreadUtil.java:64)
	at java.util.concurrent.FutureTask.run(FutureTask.java:266)
	at java.util.concurrent.ThreadPoolExecutor.runWorker(ThreadPoolExecutor.java:1149)
	at java.util.concurrent.ThreadPoolExecutor$Worker.run(ThreadPoolExecutor.java:624)
	at java.lang.Thread.run(Thread.java:748)
Caused by: java.lang.AssertionError: Status expected:<200 OK> but was:<404 NOT_FOUND>
	at org.springframework.test.util.AssertionErrors.fail(AssertionErrors.java:55)
	at org.springframework.test.util.AssertionErrors.assertEquals(AssertionErrors.java:82)
	at org.springframework.test.web.reactive.server.StatusAssertions.lambda$assertStatusAndReturn$4(StatusAssertions.java:227)
	at org.springframework.test.web.reactive.server.ExchangeResult.assertWithDiagnostics(ExchangeResult.java:197)
	... 24 more
]]>
    </error>
  </testcase> <!-- testOrderHistoryLoad -->
  <testcase name="testOrderHistoryLoad" time="0.037" classname="cool.fountain.online.web.test.order.TestHistoryTestNg">
    <error type="java.lang.AssertionError" message="Status expected:&lt;200 OK&gt; but was:&lt;404 NOT_FOUND&gt;

&gt; POST https://qa3-api.chaipoint.com/outlet-pos-api/api/order/history
&gt; WebTestClient-Request-Id: [1]
&gt; service.auth.key: [1234567]
&gt; Content-Type: [application/json]
&gt; Content-Length: [19]

{
  &quot;moduleId&quot;: 1
}

&lt; 404 NOT_FOUND Not Found
&lt; Date: [Wed, 04 Dec 2019 12:38:20 GMT]
&lt; Content-Type: [text/html;charset=utf-8]
&lt; Content-Length: [1056]
&lt; Connection: [keep-alive]
&lt; Server: [Apache-Coyote/1.1]
&lt; Content-Language: [en]

&lt;!DOCTYPE html&gt;&lt;html&gt;&lt;head&gt;&lt;title&gt;Apache Tomcat/8.5.0 - Error report&lt;/title&gt;&lt;style type=&quot;text/css&quot;&gt;H1 {font-family:Tahoma,Arial,sans-serif;color:white;background-color:#525D76;font-size:22px;} H2 {font-family:Tahoma,Arial,sans-serif;color:white;background-color:#525D76;font-size:16px;} H3 {font-family:Tahoma,Arial,sans-serif;color:white;background-color:#525D76;font-size:14px;} BODY {font-family:Tahoma,Arial,sans-serif;color:black;background-color:white;} B {font-family:Tahoma,Arial,sans-serif;color:white;background-color:#525D76;} P {font-family:Tahoma,Arial,sans-serif;background:white;color:black;font-size:12px;}A {color : black;}A.name {color : black;}.line {height: 1px; background-color: #525D76; border: none;}&lt;/style&gt; &lt;/head&gt;&lt;body&gt;&lt;h1&gt;HTTP Status 404 - /outlet-pos-api/api/order/history&lt;/h1&gt;&lt;div class=&quot;line&quot;&gt;&lt;/div&gt;&lt;p&gt;&lt;b&gt;type&lt;/b&gt; Status report&lt;/p&gt;&lt;p&gt;&lt;b&gt;message&lt;/b&gt; &lt;u&gt;/outlet-pos-api/api/order/history&lt;/u&gt;&lt;/p&gt;&lt;p&gt;&lt;b&gt;description&lt;/b&gt; &lt;u&gt;The requested resource is not available.&lt;/u&gt;&lt;/p&gt;&lt;hr class=&quot;line&quot;&gt;&lt;h3&gt;Apache Tomcat/8.5.0&lt;/h3&gt;&lt;/body&gt;&lt;/html&gt;
">
      <![CDATA[java.lang.AssertionError: Status expected:<200 OK> but was:<404 NOT_FOUND>

> POST https://qa3-api.chaipoint.com/outlet-pos-api/api/order/history
> WebTestClient-Request-Id: [1]
> service.auth.key: [1234567]
> Content-Type: [application/json]
> Content-Length: [19]

{
  "moduleId": 1
}

< 404 NOT_FOUND Not Found
< Date: [Wed, 04 Dec 2019 12:38:20 GMT]
< Content-Type: [text/html;charset=utf-8]
< Content-Length: [1056]
< Connection: [keep-alive]
< Server: [Apache-Coyote/1.1]
< Content-Language: [en]

<!DOCTYPE html><html><head><title>Apache Tomcat/8.5.0 - Error report</title><style type="text/css">H1 {font-family:Tahoma,Arial,sans-serif;color:white;background-color:#525D76;font-size:22px;} H2 {font-family:Tahoma,Arial,sans-serif;color:white;background-color:#525D76;font-size:16px;} H3 {font-family:Tahoma,Arial,sans-serif;color:white;background-color:#525D76;font-size:14px;} BODY {font-family:Tahoma,Arial,sans-serif;color:black;background-color:white;} B {font-family:Tahoma,Arial,sans-serif;color:white;background-color:#525D76;} P {font-family:Tahoma,Arial,sans-serif;background:white;color:black;font-size:12px;}A {color : black;}A.name {color : black;}.line {height: 1px; background-color: #525D76; border: none;}</style> </head><body><h1>HTTP Status 404 - /outlet-pos-api/api/order/history</h1><div class="line"></div><p><b>type</b> Status report</p><p><b>message</b> <u>/outlet-pos-api/api/order/history</u></p><p><b>description</b> <u>The requested resource is not available.</u></p><hr class="line"><h3>Apache Tomcat/8.5.0</h3></body></html>

	at org.springframework.test.web.reactive.server.ExchangeResult.assertWithDiagnostics(ExchangeResult.java:200)
	at org.springframework.test.web.reactive.server.StatusAssertions.assertStatusAndReturn(StatusAssertions.java:227)
	at org.springframework.test.web.reactive.server.StatusAssertions.isOk(StatusAssertions.java:67)
	at cool.fountain.online.web.test.order.TestHistoryTestNg.history(TestHistoryTestNg.java:91)
	at cool.fountain.online.web.test.order.TestHistoryTestNg.testOrderHistoryLoad(TestHistoryTestNg.java:77)
	at sun.reflect.GeneratedMethodAccessor53.invoke(Unknown Source)
	at sun.reflect.DelegatingMethodAccessorImpl.invoke(DelegatingMethodAccessorImpl.java:43)
	at java.lang.reflect.Method.invoke(Method.java:498)
	at org.testng.internal.MethodInvocationHelper.invokeMethod(MethodInvocationHelper.java:80)
	at org.testng.internal.MethodInvocationHelper$1.runTestMethod(MethodInvocationHelper.java:182)
	at org.springframework.test.context.testng.AbstractTestNGSpringContextTests.run(AbstractTestNGSpringContextTests.java:180)
	at sun.reflect.GeneratedMethodAccessor44.invoke(Unknown Source)
	at sun.reflect.DelegatingMethodAccessorImpl.invoke(DelegatingMethodAccessorImpl.java:43)
	at java.lang.reflect.Method.invoke(Method.java:498)
	at org.testng.internal.MethodInvocationHelper.invokeHookable(MethodInvocationHelper.java:194)
	at org.testng.internal.Invoker.invokeMethod(Invoker.java:707)
	at org.testng.internal.Invoker.invokeTestMethod(Invoker.java:901)
	at org.testng.internal.Invoker.invokeTestMethods(Invoker.java:1231)
	at org.testng.internal.TestMethodWorker.invokeTestMethods(TestMethodWorker.java:127)
	at org.testng.internal.TestMethodWorker.run(TestMethodWorker.java:111)
	at org.testng.internal.thread.ThreadUtil$2.call(ThreadUtil.java:64)
	at java.util.concurrent.FutureTask.run(FutureTask.java:266)
	at java.util.concurrent.ThreadPoolExecutor.runWorker(ThreadPoolExecutor.java:1149)
	at java.util.concurrent.ThreadPoolExecutor$Worker.run(ThreadPoolExecutor.java:624)
	at java.lang.Thread.run(Thread.java:748)
Caused by: java.lang.AssertionError: Status expected:<200 OK> but was:<404 NOT_FOUND>
	at org.springframework.test.util.AssertionErrors.fail(AssertionErrors.java:55)
	at org.springframework.test.util.AssertionErrors.assertEquals(AssertionErrors.java:82)
	at org.springframework.test.web.reactive.server.StatusAssertions.lambda$assertStatusAndReturn$4(StatusAssertions.java:227)
	at org.springframework.test.web.reactive.server.ExchangeResult.assertWithDiagnostics(ExchangeResult.java:197)
	... 24 more
]]>
    </error>
  </testcase> <!-- testOrderHistoryLoad -->
  <testcase name="testOrderHistoryLoad" time="0.124" classname="cool.fountain.online.web.test.order.TestHistoryTestNg">
    <error type="java.lang.AssertionError" message="Status expected:&lt;200 OK&gt; but was:&lt;404 NOT_FOUND&gt;

&gt; POST https://qa3-api.chaipoint.com/outlet-pos-api/api/order/history
&gt; WebTestClient-Request-Id: [1]
&gt; service.auth.key: [1234567]
&gt; Content-Type: [application/json]
&gt; Content-Length: [19]

{
  &quot;moduleId&quot;: 1
}

&lt; 404 NOT_FOUND Not Found
&lt; Date: [Wed, 04 Dec 2019 12:38:20 GMT]
&lt; Content-Type: [text/html;charset=utf-8]
&lt; Content-Length: [1056]
&lt; Connection: [keep-alive]
&lt; Server: [Apache-Coyote/1.1]
&lt; Content-Language: [en]

&lt;!DOCTYPE html&gt;&lt;html&gt;&lt;head&gt;&lt;title&gt;Apache Tomcat/8.5.0 - Error report&lt;/title&gt;&lt;style type=&quot;text/css&quot;&gt;H1 {font-family:Tahoma,Arial,sans-serif;color:white;background-color:#525D76;font-size:22px;} H2 {font-family:Tahoma,Arial,sans-serif;color:white;background-color:#525D76;font-size:16px;} H3 {font-family:Tahoma,Arial,sans-serif;color:white;background-color:#525D76;font-size:14px;} BODY {font-family:Tahoma,Arial,sans-serif;color:black;background-color:white;} B {font-family:Tahoma,Arial,sans-serif;color:white;background-color:#525D76;} P {font-family:Tahoma,Arial,sans-serif;background:white;color:black;font-size:12px;}A {color : black;}A.name {color : black;}.line {height: 1px; background-color: #525D76; border: none;}&lt;/style&gt; &lt;/head&gt;&lt;body&gt;&lt;h1&gt;HTTP Status 404 - /outlet-pos-api/api/order/history&lt;/h1&gt;&lt;div class=&quot;line&quot;&gt;&lt;/div&gt;&lt;p&gt;&lt;b&gt;type&lt;/b&gt; Status report&lt;/p&gt;&lt;p&gt;&lt;b&gt;message&lt;/b&gt; &lt;u&gt;/outlet-pos-api/api/order/history&lt;/u&gt;&lt;/p&gt;&lt;p&gt;&lt;b&gt;description&lt;/b&gt; &lt;u&gt;The requested resource is not available.&lt;/u&gt;&lt;/p&gt;&lt;hr class=&quot;line&quot;&gt;&lt;h3&gt;Apache Tomcat/8.5.0&lt;/h3&gt;&lt;/body&gt;&lt;/html&gt;
">
      <![CDATA[java.lang.AssertionError: Status expected:<200 OK> but was:<404 NOT_FOUND>

> POST https://qa3-api.chaipoint.com/outlet-pos-api/api/order/history
> WebTestClient-Request-Id: [1]
> service.auth.key: [1234567]
> Content-Type: [application/json]
> Content-Length: [19]

{
  "moduleId": 1
}

< 404 NOT_FOUND Not Found
< Date: [Wed, 04 Dec 2019 12:38:20 GMT]
< Content-Type: [text/html;charset=utf-8]
< Content-Length: [1056]
< Connection: [keep-alive]
< Server: [Apache-Coyote/1.1]
< Content-Language: [en]

<!DOCTYPE html><html><head><title>Apache Tomcat/8.5.0 - Error report</title><style type="text/css">H1 {font-family:Tahoma,Arial,sans-serif;color:white;background-color:#525D76;font-size:22px;} H2 {font-family:Tahoma,Arial,sans-serif;color:white;background-color:#525D76;font-size:16px;} H3 {font-family:Tahoma,Arial,sans-serif;color:white;background-color:#525D76;font-size:14px;} BODY {font-family:Tahoma,Arial,sans-serif;color:black;background-color:white;} B {font-family:Tahoma,Arial,sans-serif;color:white;background-color:#525D76;} P {font-family:Tahoma,Arial,sans-serif;background:white;color:black;font-size:12px;}A {color : black;}A.name {color : black;}.line {height: 1px; background-color: #525D76; border: none;}</style> </head><body><h1>HTTP Status 404 - /outlet-pos-api/api/order/history</h1><div class="line"></div><p><b>type</b> Status report</p><p><b>message</b> <u>/outlet-pos-api/api/order/history</u></p><p><b>description</b> <u>The requested resource is not available.</u></p><hr class="line"><h3>Apache Tomcat/8.5.0</h3></body></html>

	at org.springframework.test.web.reactive.server.ExchangeResult.assertWithDiagnostics(ExchangeResult.java:200)
	at org.springframework.test.web.reactive.server.StatusAssertions.assertStatusAndReturn(StatusAssertions.java:227)
	at org.springframework.test.web.reactive.server.StatusAssertions.isOk(StatusAssertions.java:67)
	at cool.fountain.online.web.test.order.TestHistoryTestNg.history(TestHistoryTestNg.java:91)
	at cool.fountain.online.web.test.order.TestHistoryTestNg.testOrderHistoryLoad(TestHistoryTestNg.java:77)
	at sun.reflect.GeneratedMethodAccessor53.invoke(Unknown Source)
	at sun.reflect.DelegatingMethodAccessorImpl.invoke(DelegatingMethodAccessorImpl.java:43)
	at java.lang.reflect.Method.invoke(Method.java:498)
	at org.testng.internal.MethodInvocationHelper.invokeMethod(MethodInvocationHelper.java:80)
	at org.testng.internal.MethodInvocationHelper$1.runTestMethod(MethodInvocationHelper.java:182)
	at org.springframework.test.context.testng.AbstractTestNGSpringContextTests.run(AbstractTestNGSpringContextTests.java:180)
	at sun.reflect.GeneratedMethodAccessor44.invoke(Unknown Source)
	at sun.reflect.DelegatingMethodAccessorImpl.invoke(DelegatingMethodAccessorImpl.java:43)
	at java.lang.reflect.Method.invoke(Method.java:498)
	at org.testng.internal.MethodInvocationHelper.invokeHookable(MethodInvocationHelper.java:194)
	at org.testng.internal.Invoker.invokeMethod(Invoker.java:707)
	at org.testng.internal.Invoker.invokeTestMethod(Invoker.java:901)
	at org.testng.internal.Invoker.invokeTestMethods(Invoker.java:1231)
	at org.testng.internal.TestMethodWorker.invokeTestMethods(TestMethodWorker.java:127)
	at org.testng.internal.TestMethodWorker.run(TestMethodWorker.java:111)
	at org.testng.internal.thread.ThreadUtil$2.call(ThreadUtil.java:64)
	at java.util.concurrent.FutureTask.run(FutureTask.java:266)
	at java.util.concurrent.ThreadPoolExecutor.runWorker(ThreadPoolExecutor.java:1149)
	at java.util.concurrent.ThreadPoolExecutor$Worker.run(ThreadPoolExecutor.java:624)
	at java.lang.Thread.run(Thread.java:748)
Caused by: java.lang.AssertionError: Status expected:<200 OK> but was:<404 NOT_FOUND>
	at org.springframework.test.util.AssertionErrors.fail(AssertionErrors.java:55)
	at org.springframework.test.util.AssertionErrors.assertEquals(AssertionErrors.java:82)
	at org.springframework.test.web.reactive.server.StatusAssertions.lambda$assertStatusAndReturn$4(StatusAssertions.java:227)
	at org.springframework.test.web.reactive.server.ExchangeResult.assertWithDiagnostics(ExchangeResult.java:197)
	... 24 more
]]>
    </error>
  </testcase> <!-- testOrderHistoryLoad -->
  <testcase name="testOrderHistoryLoad" time="0.124" classname="cool.fountain.online.web.test.order.TestHistoryTestNg">
    <error type="java.lang.AssertionError" message="Status expected:&lt;200 OK&gt; but was:&lt;404 NOT_FOUND&gt;

&gt; POST https://qa3-api.chaipoint.com/outlet-pos-api/api/order/history
&gt; WebTestClient-Request-Id: [1]
&gt; service.auth.key: [1234567]
&gt; Content-Type: [application/json]
&gt; Content-Length: [19]

{
  &quot;moduleId&quot;: 1
}

&lt; 404 NOT_FOUND Not Found
&lt; Date: [Wed, 04 Dec 2019 12:38:20 GMT]
&lt; Content-Type: [text/html;charset=utf-8]
&lt; Content-Length: [1056]
&lt; Connection: [keep-alive]
&lt; Server: [Apache-Coyote/1.1]
&lt; Content-Language: [en]

&lt;!DOCTYPE html&gt;&lt;html&gt;&lt;head&gt;&lt;title&gt;Apache Tomcat/8.5.0 - Error report&lt;/title&gt;&lt;style type=&quot;text/css&quot;&gt;H1 {font-family:Tahoma,Arial,sans-serif;color:white;background-color:#525D76;font-size:22px;} H2 {font-family:Tahoma,Arial,sans-serif;color:white;background-color:#525D76;font-size:16px;} H3 {font-family:Tahoma,Arial,sans-serif;color:white;background-color:#525D76;font-size:14px;} BODY {font-family:Tahoma,Arial,sans-serif;color:black;background-color:white;} B {font-family:Tahoma,Arial,sans-serif;color:white;background-color:#525D76;} P {font-family:Tahoma,Arial,sans-serif;background:white;color:black;font-size:12px;}A {color : black;}A.name {color : black;}.line {height: 1px; background-color: #525D76; border: none;}&lt;/style&gt; &lt;/head&gt;&lt;body&gt;&lt;h1&gt;HTTP Status 404 - /outlet-pos-api/api/order/history&lt;/h1&gt;&lt;div class=&quot;line&quot;&gt;&lt;/div&gt;&lt;p&gt;&lt;b&gt;type&lt;/b&gt; Status report&lt;/p&gt;&lt;p&gt;&lt;b&gt;message&lt;/b&gt; &lt;u&gt;/outlet-pos-api/api/order/history&lt;/u&gt;&lt;/p&gt;&lt;p&gt;&lt;b&gt;description&lt;/b&gt; &lt;u&gt;The requested resource is not available.&lt;/u&gt;&lt;/p&gt;&lt;hr class=&quot;line&quot;&gt;&lt;h3&gt;Apache Tomcat/8.5.0&lt;/h3&gt;&lt;/body&gt;&lt;/html&gt;
">
      <![CDATA[java.lang.AssertionError: Status expected:<200 OK> but was:<404 NOT_FOUND>

> POST https://qa3-api.chaipoint.com/outlet-pos-api/api/order/history
> WebTestClient-Request-Id: [1]
> service.auth.key: [1234567]
> Content-Type: [application/json]
> Content-Length: [19]

{
  "moduleId": 1
}

< 404 NOT_FOUND Not Found
< Date: [Wed, 04 Dec 2019 12:38:20 GMT]
< Content-Type: [text/html;charset=utf-8]
< Content-Length: [1056]
< Connection: [keep-alive]
< Server: [Apache-Coyote/1.1]
< Content-Language: [en]

<!DOCTYPE html><html><head><title>Apache Tomcat/8.5.0 - Error report</title><style type="text/css">H1 {font-family:Tahoma,Arial,sans-serif;color:white;background-color:#525D76;font-size:22px;} H2 {font-family:Tahoma,Arial,sans-serif;color:white;background-color:#525D76;font-size:16px;} H3 {font-family:Tahoma,Arial,sans-serif;color:white;background-color:#525D76;font-size:14px;} BODY {font-family:Tahoma,Arial,sans-serif;color:black;background-color:white;} B {font-family:Tahoma,Arial,sans-serif;color:white;background-color:#525D76;} P {font-family:Tahoma,Arial,sans-serif;background:white;color:black;font-size:12px;}A {color : black;}A.name {color : black;}.line {height: 1px; background-color: #525D76; border: none;}</style> </head><body><h1>HTTP Status 404 - /outlet-pos-api/api/order/history</h1><div class="line"></div><p><b>type</b> Status report</p><p><b>message</b> <u>/outlet-pos-api/api/order/history</u></p><p><b>description</b> <u>The requested resource is not available.</u></p><hr class="line"><h3>Apache Tomcat/8.5.0</h3></body></html>

	at org.springframework.test.web.reactive.server.ExchangeResult.assertWithDiagnostics(ExchangeResult.java:200)
	at org.springframework.test.web.reactive.server.StatusAssertions.assertStatusAndReturn(StatusAssertions.java:227)
	at org.springframework.test.web.reactive.server.StatusAssertions.isOk(StatusAssertions.java:67)
	at cool.fountain.online.web.test.order.TestHistoryTestNg.history(TestHistoryTestNg.java:91)
	at cool.fountain.online.web.test.order.TestHistoryTestNg.testOrderHistoryLoad(TestHistoryTestNg.java:77)
	at sun.reflect.GeneratedMethodAccessor53.invoke(Unknown Source)
	at sun.reflect.DelegatingMethodAccessorImpl.invoke(DelegatingMethodAccessorImpl.java:43)
	at java.lang.reflect.Method.invoke(Method.java:498)
	at org.testng.internal.MethodInvocationHelper.invokeMethod(MethodInvocationHelper.java:80)
	at org.testng.internal.MethodInvocationHelper$1.runTestMethod(MethodInvocationHelper.java:182)
	at org.springframework.test.context.testng.AbstractTestNGSpringContextTests.run(AbstractTestNGSpringContextTests.java:180)
	at sun.reflect.GeneratedMethodAccessor44.invoke(Unknown Source)
	at sun.reflect.DelegatingMethodAccessorImpl.invoke(DelegatingMethodAccessorImpl.java:43)
	at java.lang.reflect.Method.invoke(Method.java:498)
	at org.testng.internal.MethodInvocationHelper.invokeHookable(MethodInvocationHelper.java:194)
	at org.testng.internal.Invoker.invokeMethod(Invoker.java:707)
	at org.testng.internal.Invoker.invokeTestMethod(Invoker.java:901)
	at org.testng.internal.Invoker.invokeTestMethods(Invoker.java:1231)
	at org.testng.internal.TestMethodWorker.invokeTestMethods(TestMethodWorker.java:127)
	at org.testng.internal.TestMethodWorker.run(TestMethodWorker.java:111)
	at org.testng.internal.thread.ThreadUtil$2.call(ThreadUtil.java:64)
	at java.util.concurrent.FutureTask.run(FutureTask.java:266)
	at java.util.concurrent.ThreadPoolExecutor.runWorker(ThreadPoolExecutor.java:1149)
	at java.util.concurrent.ThreadPoolExecutor$Worker.run(ThreadPoolExecutor.java:624)
	at java.lang.Thread.run(Thread.java:748)
Caused by: java.lang.AssertionError: Status expected:<200 OK> but was:<404 NOT_FOUND>
	at org.springframework.test.util.AssertionErrors.fail(AssertionErrors.java:55)
	at org.springframework.test.util.AssertionErrors.assertEquals(AssertionErrors.java:82)
	at org.springframework.test.web.reactive.server.StatusAssertions.lambda$assertStatusAndReturn$4(StatusAssertions.java:227)
	at org.springframework.test.web.reactive.server.ExchangeResult.assertWithDiagnostics(ExchangeResult.java:197)
	... 24 more
]]>
    </error>
  </testcase> <!-- testOrderHistoryLoad -->
  <testcase name="testOrderHistoryLoad" time="0.096" classname="cool.fountain.online.web.test.order.TestHistoryTestNg">
    <error type="java.lang.AssertionError" message="Status expected:&lt;200 OK&gt; but was:&lt;404 NOT_FOUND&gt;

&gt; POST https://qa3-api.chaipoint.com/outlet-pos-api/api/order/history
&gt; WebTestClient-Request-Id: [1]
&gt; service.auth.key: [1234567]
&gt; Content-Type: [application/json]
&gt; Content-Length: [19]

{
  &quot;moduleId&quot;: 1
}

&lt; 404 NOT_FOUND Not Found
&lt; Date: [Wed, 04 Dec 2019 12:38:19 GMT]
&lt; Content-Type: [text/html;charset=utf-8]
&lt; Content-Length: [1056]
&lt; Connection: [keep-alive]
&lt; Server: [Apache-Coyote/1.1]
&lt; Content-Language: [en]

&lt;!DOCTYPE html&gt;&lt;html&gt;&lt;head&gt;&lt;title&gt;Apache Tomcat/8.5.0 - Error report&lt;/title&gt;&lt;style type=&quot;text/css&quot;&gt;H1 {font-family:Tahoma,Arial,sans-serif;color:white;background-color:#525D76;font-size:22px;} H2 {font-family:Tahoma,Arial,sans-serif;color:white;background-color:#525D76;font-size:16px;} H3 {font-family:Tahoma,Arial,sans-serif;color:white;background-color:#525D76;font-size:14px;} BODY {font-family:Tahoma,Arial,sans-serif;color:black;background-color:white;} B {font-family:Tahoma,Arial,sans-serif;color:white;background-color:#525D76;} P {font-family:Tahoma,Arial,sans-serif;background:white;color:black;font-size:12px;}A {color : black;}A.name {color : black;}.line {height: 1px; background-color: #525D76; border: none;}&lt;/style&gt; &lt;/head&gt;&lt;body&gt;&lt;h1&gt;HTTP Status 404 - /outlet-pos-api/api/order/history&lt;/h1&gt;&lt;div class=&quot;line&quot;&gt;&lt;/div&gt;&lt;p&gt;&lt;b&gt;type&lt;/b&gt; Status report&lt;/p&gt;&lt;p&gt;&lt;b&gt;message&lt;/b&gt; &lt;u&gt;/outlet-pos-api/api/order/history&lt;/u&gt;&lt;/p&gt;&lt;p&gt;&lt;b&gt;description&lt;/b&gt; &lt;u&gt;The requested resource is not available.&lt;/u&gt;&lt;/p&gt;&lt;hr class=&quot;line&quot;&gt;&lt;h3&gt;Apache Tomcat/8.5.0&lt;/h3&gt;&lt;/body&gt;&lt;/html&gt;
">
      <![CDATA[java.lang.AssertionError: Status expected:<200 OK> but was:<404 NOT_FOUND>

> POST https://qa3-api.chaipoint.com/outlet-pos-api/api/order/history
> WebTestClient-Request-Id: [1]
> service.auth.key: [1234567]
> Content-Type: [application/json]
> Content-Length: [19]

{
  "moduleId": 1
}

< 404 NOT_FOUND Not Found
< Date: [Wed, 04 Dec 2019 12:38:19 GMT]
< Content-Type: [text/html;charset=utf-8]
< Content-Length: [1056]
< Connection: [keep-alive]
< Server: [Apache-Coyote/1.1]
< Content-Language: [en]

<!DOCTYPE html><html><head><title>Apache Tomcat/8.5.0 - Error report</title><style type="text/css">H1 {font-family:Tahoma,Arial,sans-serif;color:white;background-color:#525D76;font-size:22px;} H2 {font-family:Tahoma,Arial,sans-serif;color:white;background-color:#525D76;font-size:16px;} H3 {font-family:Tahoma,Arial,sans-serif;color:white;background-color:#525D76;font-size:14px;} BODY {font-family:Tahoma,Arial,sans-serif;color:black;background-color:white;} B {font-family:Tahoma,Arial,sans-serif;color:white;background-color:#525D76;} P {font-family:Tahoma,Arial,sans-serif;background:white;color:black;font-size:12px;}A {color : black;}A.name {color : black;}.line {height: 1px; background-color: #525D76; border: none;}</style> </head><body><h1>HTTP Status 404 - /outlet-pos-api/api/order/history</h1><div class="line"></div><p><b>type</b> Status report</p><p><b>message</b> <u>/outlet-pos-api/api/order/history</u></p><p><b>description</b> <u>The requested resource is not available.</u></p><hr class="line"><h3>Apache Tomcat/8.5.0</h3></body></html>

	at org.springframework.test.web.reactive.server.ExchangeResult.assertWithDiagnostics(ExchangeResult.java:200)
	at org.springframework.test.web.reactive.server.StatusAssertions.assertStatusAndReturn(StatusAssertions.java:227)
	at org.springframework.test.web.reactive.server.StatusAssertions.isOk(StatusAssertions.java:67)
	at cool.fountain.online.web.test.order.TestHistoryTestNg.history(TestHistoryTestNg.java:91)
	at cool.fountain.online.web.test.order.TestHistoryTestNg.testOrderHistoryLoad(TestHistoryTestNg.java:77)
	at sun.reflect.NativeMethodAccessorImpl.invoke0(Native Method)
	at sun.reflect.NativeMethodAccessorImpl.invoke(NativeMethodAccessorImpl.java:62)
	at sun.reflect.DelegatingMethodAccessorImpl.invoke(DelegatingMethodAccessorImpl.java:43)
	at java.lang.reflect.Method.invoke(Method.java:498)
	at org.testng.internal.MethodInvocationHelper.invokeMethod(MethodInvocationHelper.java:80)
	at org.testng.internal.MethodInvocationHelper$1.runTestMethod(MethodInvocationHelper.java:182)
	at org.springframework.test.context.testng.AbstractTestNGSpringContextTests.run(AbstractTestNGSpringContextTests.java:180)
	at sun.reflect.GeneratedMethodAccessor44.invoke(Unknown Source)
	at sun.reflect.DelegatingMethodAccessorImpl.invoke(DelegatingMethodAccessorImpl.java:43)
	at java.lang.reflect.Method.invoke(Method.java:498)
	at org.testng.internal.MethodInvocationHelper.invokeHookable(MethodInvocationHelper.java:194)
	at org.testng.internal.Invoker.invokeMethod(Invoker.java:707)
	at org.testng.internal.Invoker.invokeTestMethod(Invoker.java:901)
	at org.testng.internal.Invoker.invokeTestMethods(Invoker.java:1231)
	at org.testng.internal.TestMethodWorker.invokeTestMethods(TestMethodWorker.java:127)
	at org.testng.internal.TestMethodWorker.run(TestMethodWorker.java:111)
	at org.testng.internal.thread.ThreadUtil$2.call(ThreadUtil.java:64)
	at java.util.concurrent.FutureTask.run(FutureTask.java:266)
	at java.util.concurrent.ThreadPoolExecutor.runWorker(ThreadPoolExecutor.java:1149)
	at java.util.concurrent.ThreadPoolExecutor$Worker.run(ThreadPoolExecutor.java:624)
	at java.lang.Thread.run(Thread.java:748)
Caused by: java.lang.AssertionError: Status expected:<200 OK> but was:<404 NOT_FOUND>
	at org.springframework.test.util.AssertionErrors.fail(AssertionErrors.java:55)
	at org.springframework.test.util.AssertionErrors.assertEquals(AssertionErrors.java:82)
	at org.springframework.test.web.reactive.server.StatusAssertions.lambda$assertStatusAndReturn$4(StatusAssertions.java:227)
	at org.springframework.test.web.reactive.server.ExchangeResult.assertWithDiagnostics(ExchangeResult.java:197)
	... 25 more
]]>
    </error>
  </testcase> <!-- testOrderHistoryLoad -->
  <testcase name="testOrderHistoryLoad" time="0.052" classname="cool.fountain.online.web.test.order.TestHistoryTestNg">
    <error type="java.lang.AssertionError" message="Status expected:&lt;200 OK&gt; but was:&lt;404 NOT_FOUND&gt;

&gt; POST https://qa3-api.chaipoint.com/outlet-pos-api/api/order/history
&gt; WebTestClient-Request-Id: [1]
&gt; service.auth.key: [1234567]
&gt; Content-Type: [application/json]
&gt; Content-Length: [19]

{
  &quot;moduleId&quot;: 1
}

&lt; 404 NOT_FOUND Not Found
&lt; Date: [Wed, 04 Dec 2019 12:38:20 GMT]
&lt; Content-Type: [text/html;charset=utf-8]
&lt; Content-Length: [1056]
&lt; Connection: [keep-alive]
&lt; Server: [Apache-Coyote/1.1]
&lt; Content-Language: [en]

&lt;!DOCTYPE html&gt;&lt;html&gt;&lt;head&gt;&lt;title&gt;Apache Tomcat/8.5.0 - Error report&lt;/title&gt;&lt;style type=&quot;text/css&quot;&gt;H1 {font-family:Tahoma,Arial,sans-serif;color:white;background-color:#525D76;font-size:22px;} H2 {font-family:Tahoma,Arial,sans-serif;color:white;background-color:#525D76;font-size:16px;} H3 {font-family:Tahoma,Arial,sans-serif;color:white;background-color:#525D76;font-size:14px;} BODY {font-family:Tahoma,Arial,sans-serif;color:black;background-color:white;} B {font-family:Tahoma,Arial,sans-serif;color:white;background-color:#525D76;} P {font-family:Tahoma,Arial,sans-serif;background:white;color:black;font-size:12px;}A {color : black;}A.name {color : black;}.line {height: 1px; background-color: #525D76; border: none;}&lt;/style&gt; &lt;/head&gt;&lt;body&gt;&lt;h1&gt;HTTP Status 404 - /outlet-pos-api/api/order/history&lt;/h1&gt;&lt;div class=&quot;line&quot;&gt;&lt;/div&gt;&lt;p&gt;&lt;b&gt;type&lt;/b&gt; Status report&lt;/p&gt;&lt;p&gt;&lt;b&gt;message&lt;/b&gt; &lt;u&gt;/outlet-pos-api/api/order/history&lt;/u&gt;&lt;/p&gt;&lt;p&gt;&lt;b&gt;description&lt;/b&gt; &lt;u&gt;The requested resource is not available.&lt;/u&gt;&lt;/p&gt;&lt;hr class=&quot;line&quot;&gt;&lt;h3&gt;Apache Tomcat/8.5.0&lt;/h3&gt;&lt;/body&gt;&lt;/html&gt;
">
      <![CDATA[java.lang.AssertionError: Status expected:<200 OK> but was:<404 NOT_FOUND>

> POST https://qa3-api.chaipoint.com/outlet-pos-api/api/order/history
> WebTestClient-Request-Id: [1]
> service.auth.key: [1234567]
> Content-Type: [application/json]
> Content-Length: [19]

{
  "moduleId": 1
}

< 404 NOT_FOUND Not Found
< Date: [Wed, 04 Dec 2019 12:38:20 GMT]
< Content-Type: [text/html;charset=utf-8]
< Content-Length: [1056]
< Connection: [keep-alive]
< Server: [Apache-Coyote/1.1]
< Content-Language: [en]

<!DOCTYPE html><html><head><title>Apache Tomcat/8.5.0 - Error report</title><style type="text/css">H1 {font-family:Tahoma,Arial,sans-serif;color:white;background-color:#525D76;font-size:22px;} H2 {font-family:Tahoma,Arial,sans-serif;color:white;background-color:#525D76;font-size:16px;} H3 {font-family:Tahoma,Arial,sans-serif;color:white;background-color:#525D76;font-size:14px;} BODY {font-family:Tahoma,Arial,sans-serif;color:black;background-color:white;} B {font-family:Tahoma,Arial,sans-serif;color:white;background-color:#525D76;} P {font-family:Tahoma,Arial,sans-serif;background:white;color:black;font-size:12px;}A {color : black;}A.name {color : black;}.line {height: 1px; background-color: #525D76; border: none;}</style> </head><body><h1>HTTP Status 404 - /outlet-pos-api/api/order/history</h1><div class="line"></div><p><b>type</b> Status report</p><p><b>message</b> <u>/outlet-pos-api/api/order/history</u></p><p><b>description</b> <u>The requested resource is not available.</u></p><hr class="line"><h3>Apache Tomcat/8.5.0</h3></body></html>

	at org.springframework.test.web.reactive.server.ExchangeResult.assertWithDiagnostics(ExchangeResult.java:200)
	at org.springframework.test.web.reactive.server.StatusAssertions.assertStatusAndReturn(StatusAssertions.java:227)
	at org.springframework.test.web.reactive.server.StatusAssertions.isOk(StatusAssertions.java:67)
	at cool.fountain.online.web.test.order.TestHistoryTestNg.history(TestHistoryTestNg.java:91)
	at cool.fountain.online.web.test.order.TestHistoryTestNg.testOrderHistoryLoad(TestHistoryTestNg.java:77)
	at sun.reflect.GeneratedMethodAccessor53.invoke(Unknown Source)
	at sun.reflect.DelegatingMethodAccessorImpl.invoke(DelegatingMethodAccessorImpl.java:43)
	at java.lang.reflect.Method.invoke(Method.java:498)
	at org.testng.internal.MethodInvocationHelper.invokeMethod(MethodInvocationHelper.java:80)
	at org.testng.internal.MethodInvocationHelper$1.runTestMethod(MethodInvocationHelper.java:182)
	at org.springframework.test.context.testng.AbstractTestNGSpringContextTests.run(AbstractTestNGSpringContextTests.java:180)
	at sun.reflect.GeneratedMethodAccessor44.invoke(Unknown Source)
	at sun.reflect.DelegatingMethodAccessorImpl.invoke(DelegatingMethodAccessorImpl.java:43)
	at java.lang.reflect.Method.invoke(Method.java:498)
	at org.testng.internal.MethodInvocationHelper.invokeHookable(MethodInvocationHelper.java:194)
	at org.testng.internal.Invoker.invokeMethod(Invoker.java:707)
	at org.testng.internal.Invoker.invokeTestMethod(Invoker.java:901)
	at org.testng.internal.Invoker.invokeTestMethods(Invoker.java:1231)
	at org.testng.internal.TestMethodWorker.invokeTestMethods(TestMethodWorker.java:127)
	at org.testng.internal.TestMethodWorker.run(TestMethodWorker.java:111)
	at org.testng.internal.thread.ThreadUtil$2.call(ThreadUtil.java:64)
	at java.util.concurrent.FutureTask.run(FutureTask.java:266)
	at java.util.concurrent.ThreadPoolExecutor.runWorker(ThreadPoolExecutor.java:1149)
	at java.util.concurrent.ThreadPoolExecutor$Worker.run(ThreadPoolExecutor.java:624)
	at java.lang.Thread.run(Thread.java:748)
Caused by: java.lang.AssertionError: Status expected:<200 OK> but was:<404 NOT_FOUND>
	at org.springframework.test.util.AssertionErrors.fail(AssertionErrors.java:55)
	at org.springframework.test.util.AssertionErrors.assertEquals(AssertionErrors.java:82)
	at org.springframework.test.web.reactive.server.StatusAssertions.lambda$assertStatusAndReturn$4(StatusAssertions.java:227)
	at org.springframework.test.web.reactive.server.ExchangeResult.assertWithDiagnostics(ExchangeResult.java:197)
	... 24 more
]]>
    </error>
  </testcase> <!-- testOrderHistoryLoad -->
  <testcase name="testOrderHistoryLoad" time="0.162" classname="cool.fountain.online.web.test.order.TestHistoryTestNg"/>
  <testcase name="testOrderHistoryLoad" time="0.180" classname="cool.fountain.online.web.test.order.TestHistoryTestNg"/>
  <testcase name="testOrderHistoryLoad" time="0.081" classname="cool.fountain.online.web.test.order.TestHistoryTestNg">
    <error type="java.lang.AssertionError" message="Status expected:&lt;200 OK&gt; but was:&lt;404 NOT_FOUND&gt;

&gt; POST https://qa3-api.chaipoint.com/outlet-pos-api/api/order/history
&gt; WebTestClient-Request-Id: [1]
&gt; service.auth.key: [1234567]
&gt; Content-Type: [application/json]
&gt; Content-Length: [19]

{
  &quot;moduleId&quot;: 1
}

&lt; 404 NOT_FOUND Not Found
&lt; Date: [Wed, 04 Dec 2019 12:38:20 GMT]
&lt; Content-Type: [text/html;charset=utf-8]
&lt; Content-Length: [1056]
&lt; Connection: [keep-alive]
&lt; Server: [Apache-Coyote/1.1]
&lt; Content-Language: [en]

&lt;!DOCTYPE html&gt;&lt;html&gt;&lt;head&gt;&lt;title&gt;Apache Tomcat/8.5.0 - Error report&lt;/title&gt;&lt;style type=&quot;text/css&quot;&gt;H1 {font-family:Tahoma,Arial,sans-serif;color:white;background-color:#525D76;font-size:22px;} H2 {font-family:Tahoma,Arial,sans-serif;color:white;background-color:#525D76;font-size:16px;} H3 {font-family:Tahoma,Arial,sans-serif;color:white;background-color:#525D76;font-size:14px;} BODY {font-family:Tahoma,Arial,sans-serif;color:black;background-color:white;} B {font-family:Tahoma,Arial,sans-serif;color:white;background-color:#525D76;} P {font-family:Tahoma,Arial,sans-serif;background:white;color:black;font-size:12px;}A {color : black;}A.name {color : black;}.line {height: 1px; background-color: #525D76; border: none;}&lt;/style&gt; &lt;/head&gt;&lt;body&gt;&lt;h1&gt;HTTP Status 404 - /outlet-pos-api/api/order/history&lt;/h1&gt;&lt;div class=&quot;line&quot;&gt;&lt;/div&gt;&lt;p&gt;&lt;b&gt;type&lt;/b&gt; Status report&lt;/p&gt;&lt;p&gt;&lt;b&gt;message&lt;/b&gt; &lt;u&gt;/outlet-pos-api/api/order/history&lt;/u&gt;&lt;/p&gt;&lt;p&gt;&lt;b&gt;description&lt;/b&gt; &lt;u&gt;The requested resource is not available.&lt;/u&gt;&lt;/p&gt;&lt;hr class=&quot;line&quot;&gt;&lt;h3&gt;Apache Tomcat/8.5.0&lt;/h3&gt;&lt;/body&gt;&lt;/html&gt;
">
      <![CDATA[java.lang.AssertionError: Status expected:<200 OK> but was:<404 NOT_FOUND>

> POST https://qa3-api.chaipoint.com/outlet-pos-api/api/order/history
> WebTestClient-Request-Id: [1]
> service.auth.key: [1234567]
> Content-Type: [application/json]
> Content-Length: [19]

{
  "moduleId": 1
}

< 404 NOT_FOUND Not Found
< Date: [Wed, 04 Dec 2019 12:38:20 GMT]
< Content-Type: [text/html;charset=utf-8]
< Content-Length: [1056]
< Connection: [keep-alive]
< Server: [Apache-Coyote/1.1]
< Content-Language: [en]

<!DOCTYPE html><html><head><title>Apache Tomcat/8.5.0 - Error report</title><style type="text/css">H1 {font-family:Tahoma,Arial,sans-serif;color:white;background-color:#525D76;font-size:22px;} H2 {font-family:Tahoma,Arial,sans-serif;color:white;background-color:#525D76;font-size:16px;} H3 {font-family:Tahoma,Arial,sans-serif;color:white;background-color:#525D76;font-size:14px;} BODY {font-family:Tahoma,Arial,sans-serif;color:black;background-color:white;} B {font-family:Tahoma,Arial,sans-serif;color:white;background-color:#525D76;} P {font-family:Tahoma,Arial,sans-serif;background:white;color:black;font-size:12px;}A {color : black;}A.name {color : black;}.line {height: 1px; background-color: #525D76; border: none;}</style> </head><body><h1>HTTP Status 404 - /outlet-pos-api/api/order/history</h1><div class="line"></div><p><b>type</b> Status report</p><p><b>message</b> <u>/outlet-pos-api/api/order/history</u></p><p><b>description</b> <u>The requested resource is not available.</u></p><hr class="line"><h3>Apache Tomcat/8.5.0</h3></body></html>

	at org.springframework.test.web.reactive.server.ExchangeResult.assertWithDiagnostics(ExchangeResult.java:200)
	at org.springframework.test.web.reactive.server.StatusAssertions.assertStatusAndReturn(StatusAssertions.java:227)
	at org.springframework.test.web.reactive.server.StatusAssertions.isOk(StatusAssertions.java:67)
	at cool.fountain.online.web.test.order.TestHistoryTestNg.history(TestHistoryTestNg.java:91)
	at cool.fountain.online.web.test.order.TestHistoryTestNg.testOrderHistoryLoad(TestHistoryTestNg.java:77)
	at sun.reflect.GeneratedMethodAccessor53.invoke(Unknown Source)
	at sun.reflect.DelegatingMethodAccessorImpl.invoke(DelegatingMethodAccessorImpl.java:43)
	at java.lang.reflect.Method.invoke(Method.java:498)
	at org.testng.internal.MethodInvocationHelper.invokeMethod(MethodInvocationHelper.java:80)
	at org.testng.internal.MethodInvocationHelper$1.runTestMethod(MethodInvocationHelper.java:182)
	at org.springframework.test.context.testng.AbstractTestNGSpringContextTests.run(AbstractTestNGSpringContextTests.java:180)
	at sun.reflect.GeneratedMethodAccessor44.invoke(Unknown Source)
	at sun.reflect.DelegatingMethodAccessorImpl.invoke(DelegatingMethodAccessorImpl.java:43)
	at java.lang.reflect.Method.invoke(Method.java:498)
	at org.testng.internal.MethodInvocationHelper.invokeHookable(MethodInvocationHelper.java:194)
	at org.testng.internal.Invoker.invokeMethod(Invoker.java:707)
	at org.testng.internal.Invoker.invokeTestMethod(Invoker.java:901)
	at org.testng.internal.Invoker.invokeTestMethods(Invoker.java:1231)
	at org.testng.internal.TestMethodWorker.invokeTestMethods(TestMethodWorker.java:127)
	at org.testng.internal.TestMethodWorker.run(TestMethodWorker.java:111)
	at org.testng.internal.thread.ThreadUtil$2.call(ThreadUtil.java:64)
	at java.util.concurrent.FutureTask.run(FutureTask.java:266)
	at java.util.concurrent.ThreadPoolExecutor.runWorker(ThreadPoolExecutor.java:1149)
	at java.util.concurrent.ThreadPoolExecutor$Worker.run(ThreadPoolExecutor.java:624)
	at java.lang.Thread.run(Thread.java:748)
Caused by: java.lang.AssertionError: Status expected:<200 OK> but was:<404 NOT_FOUND>
	at org.springframework.test.util.AssertionErrors.fail(AssertionErrors.java:55)
	at org.springframework.test.util.AssertionErrors.assertEquals(AssertionErrors.java:82)
	at org.springframework.test.web.reactive.server.StatusAssertions.lambda$assertStatusAndReturn$4(StatusAssertions.java:227)
	at org.springframework.test.web.reactive.server.ExchangeResult.assertWithDiagnostics(ExchangeResult.java:197)
	... 24 more
]]>
    </error>
  </testcase> <!-- testOrderHistoryLoad -->
  <testcase name="testOrderHistoryLoad" time="0.269" classname="cool.fountain.online.web.test.order.TestHistoryTestNg"/>
  <testcase name="testOrderHistoryLoad" time="0.349" classname="cool.fountain.online.web.test.order.TestHistoryTestNg"/>
  <testcase name="testOrderHistoryLoad" time="0.107" classname="cool.fountain.online.web.test.order.TestHistoryTestNg"/>
  <testcase name="testOrderHistoryLoad" time="0.033" classname="cool.fountain.online.web.test.order.TestHistoryTestNg">
    <error type="java.lang.AssertionError" message="Status expected:&lt;200 OK&gt; but was:&lt;404 NOT_FOUND&gt;

&gt; POST https://qa3-api.chaipoint.com/outlet-pos-api/api/order/history
&gt; WebTestClient-Request-Id: [1]
&gt; service.auth.key: [1234567]
&gt; Content-Type: [application/json]
&gt; Content-Length: [19]

{
  &quot;moduleId&quot;: 1
}

&lt; 404 NOT_FOUND Not Found
&lt; Date: [Wed, 04 Dec 2019 12:38:19 GMT]
&lt; Content-Type: [text/html;charset=utf-8]
&lt; Content-Length: [1056]
&lt; Connection: [keep-alive]
&lt; Server: [Apache-Coyote/1.1]
&lt; Content-Language: [en]

&lt;!DOCTYPE html&gt;&lt;html&gt;&lt;head&gt;&lt;title&gt;Apache Tomcat/8.5.0 - Error report&lt;/title&gt;&lt;style type=&quot;text/css&quot;&gt;H1 {font-family:Tahoma,Arial,sans-serif;color:white;background-color:#525D76;font-size:22px;} H2 {font-family:Tahoma,Arial,sans-serif;color:white;background-color:#525D76;font-size:16px;} H3 {font-family:Tahoma,Arial,sans-serif;color:white;background-color:#525D76;font-size:14px;} BODY {font-family:Tahoma,Arial,sans-serif;color:black;background-color:white;} B {font-family:Tahoma,Arial,sans-serif;color:white;background-color:#525D76;} P {font-family:Tahoma,Arial,sans-serif;background:white;color:black;font-size:12px;}A {color : black;}A.name {color : black;}.line {height: 1px; background-color: #525D76; border: none;}&lt;/style&gt; &lt;/head&gt;&lt;body&gt;&lt;h1&gt;HTTP Status 404 - /outlet-pos-api/api/order/history&lt;/h1&gt;&lt;div class=&quot;line&quot;&gt;&lt;/div&gt;&lt;p&gt;&lt;b&gt;type&lt;/b&gt; Status report&lt;/p&gt;&lt;p&gt;&lt;b&gt;message&lt;/b&gt; &lt;u&gt;/outlet-pos-api/api/order/history&lt;/u&gt;&lt;/p&gt;&lt;p&gt;&lt;b&gt;description&lt;/b&gt; &lt;u&gt;The requested resource is not available.&lt;/u&gt;&lt;/p&gt;&lt;hr class=&quot;line&quot;&gt;&lt;h3&gt;Apache Tomcat/8.5.0&lt;/h3&gt;&lt;/body&gt;&lt;/html&gt;
">
      <![CDATA[java.lang.AssertionError: Status expected:<200 OK> but was:<404 NOT_FOUND>

> POST https://qa3-api.chaipoint.com/outlet-pos-api/api/order/history
> WebTestClient-Request-Id: [1]
> service.auth.key: [1234567]
> Content-Type: [application/json]
> Content-Length: [19]

{
  "moduleId": 1
}

< 404 NOT_FOUND Not Found
< Date: [Wed, 04 Dec 2019 12:38:19 GMT]
< Content-Type: [text/html;charset=utf-8]
< Content-Length: [1056]
< Connection: [keep-alive]
< Server: [Apache-Coyote/1.1]
< Content-Language: [en]

<!DOCTYPE html><html><head><title>Apache Tomcat/8.5.0 - Error report</title><style type="text/css">H1 {font-family:Tahoma,Arial,sans-serif;color:white;background-color:#525D76;font-size:22px;} H2 {font-family:Tahoma,Arial,sans-serif;color:white;background-color:#525D76;font-size:16px;} H3 {font-family:Tahoma,Arial,sans-serif;color:white;background-color:#525D76;font-size:14px;} BODY {font-family:Tahoma,Arial,sans-serif;color:black;background-color:white;} B {font-family:Tahoma,Arial,sans-serif;color:white;background-color:#525D76;} P {font-family:Tahoma,Arial,sans-serif;background:white;color:black;font-size:12px;}A {color : black;}A.name {color : black;}.line {height: 1px; background-color: #525D76; border: none;}</style> </head><body><h1>HTTP Status 404 - /outlet-pos-api/api/order/history</h1><div class="line"></div><p><b>type</b> Status report</p><p><b>message</b> <u>/outlet-pos-api/api/order/history</u></p><p><b>description</b> <u>The requested resource is not available.</u></p><hr class="line"><h3>Apache Tomcat/8.5.0</h3></body></html>

	at org.springframework.test.web.reactive.server.ExchangeResult.assertWithDiagnostics(ExchangeResult.java:200)
	at org.springframework.test.web.reactive.server.StatusAssertions.assertStatusAndReturn(StatusAssertions.java:227)
	at org.springframework.test.web.reactive.server.StatusAssertions.isOk(StatusAssertions.java:67)
	at cool.fountain.online.web.test.order.TestHistoryTestNg.history(TestHistoryTestNg.java:91)
	at cool.fountain.online.web.test.order.TestHistoryTestNg.testOrderHistoryLoad(TestHistoryTestNg.java:77)
	at sun.reflect.GeneratedMethodAccessor53.invoke(Unknown Source)
	at sun.reflect.DelegatingMethodAccessorImpl.invoke(DelegatingMethodAccessorImpl.java:43)
	at java.lang.reflect.Method.invoke(Method.java:498)
	at org.testng.internal.MethodInvocationHelper.invokeMethod(MethodInvocationHelper.java:80)
	at org.testng.internal.MethodInvocationHelper$1.runTestMethod(MethodInvocationHelper.java:182)
	at org.springframework.test.context.testng.AbstractTestNGSpringContextTests.run(AbstractTestNGSpringContextTests.java:180)
	at sun.reflect.GeneratedMethodAccessor44.invoke(Unknown Source)
	at sun.reflect.DelegatingMethodAccessorImpl.invoke(DelegatingMethodAccessorImpl.java:43)
	at java.lang.reflect.Method.invoke(Method.java:498)
	at org.testng.internal.MethodInvocationHelper.invokeHookable(MethodInvocationHelper.java:194)
	at org.testng.internal.Invoker.invokeMethod(Invoker.java:707)
	at org.testng.internal.Invoker.invokeTestMethod(Invoker.java:901)
	at org.testng.internal.Invoker.invokeTestMethods(Invoker.java:1231)
	at org.testng.internal.TestMethodWorker.invokeTestMethods(TestMethodWorker.java:127)
	at org.testng.internal.TestMethodWorker.run(TestMethodWorker.java:111)
	at org.testng.internal.thread.ThreadUtil$2.call(ThreadUtil.java:64)
	at java.util.concurrent.FutureTask.run(FutureTask.java:266)
	at java.util.concurrent.ThreadPoolExecutor.runWorker(ThreadPoolExecutor.java:1149)
	at java.util.concurrent.ThreadPoolExecutor$Worker.run(ThreadPoolExecutor.java:624)
	at java.lang.Thread.run(Thread.java:748)
Caused by: java.lang.AssertionError: Status expected:<200 OK> but was:<404 NOT_FOUND>
	at org.springframework.test.util.AssertionErrors.fail(AssertionErrors.java:55)
	at org.springframework.test.util.AssertionErrors.assertEquals(AssertionErrors.java:82)
	at org.springframework.test.web.reactive.server.StatusAssertions.lambda$assertStatusAndReturn$4(StatusAssertions.java:227)
	at org.springframework.test.web.reactive.server.ExchangeResult.assertWithDiagnostics(ExchangeResult.java:197)
	... 24 more
]]>
    </error>
  </testcase> <!-- testOrderHistoryLoad -->
  <testcase name="testOrderHistoryLoad" time="0.137" classname="cool.fountain.online.web.test.order.TestHistoryTestNg"/>
  <testcase name="testOrderHistoryLoad" time="0.367" classname="cool.fountain.online.web.test.order.TestHistoryTestNg"/>
  <testcase name="testOrderHistoryLoad" time="0.166" classname="cool.fountain.online.web.test.order.TestHistoryTestNg"/>
  <testcase name="testOrderHistoryLoad" time="0.035" classname="cool.fountain.online.web.test.order.TestHistoryTestNg">
    <error type="java.lang.AssertionError" message="Status expected:&lt;200 OK&gt; but was:&lt;404 NOT_FOUND&gt;

&gt; POST https://qa3-api.chaipoint.com/outlet-pos-api/api/order/history
&gt; WebTestClient-Request-Id: [1]
&gt; service.auth.key: [1234567]
&gt; Content-Type: [application/json]
&gt; Content-Length: [19]

{
  &quot;moduleId&quot;: 1
}

&lt; 404 NOT_FOUND Not Found
&lt; Date: [Wed, 04 Dec 2019 12:38:20 GMT]
&lt; Content-Type: [text/html;charset=utf-8]
&lt; Content-Length: [1056]
&lt; Connection: [keep-alive]
&lt; Server: [Apache-Coyote/1.1]
&lt; Content-Language: [en]

&lt;!DOCTYPE html&gt;&lt;html&gt;&lt;head&gt;&lt;title&gt;Apache Tomcat/8.5.0 - Error report&lt;/title&gt;&lt;style type=&quot;text/css&quot;&gt;H1 {font-family:Tahoma,Arial,sans-serif;color:white;background-color:#525D76;font-size:22px;} H2 {font-family:Tahoma,Arial,sans-serif;color:white;background-color:#525D76;font-size:16px;} H3 {font-family:Tahoma,Arial,sans-serif;color:white;background-color:#525D76;font-size:14px;} BODY {font-family:Tahoma,Arial,sans-serif;color:black;background-color:white;} B {font-family:Tahoma,Arial,sans-serif;color:white;background-color:#525D76;} P {font-family:Tahoma,Arial,sans-serif;background:white;color:black;font-size:12px;}A {color : black;}A.name {color : black;}.line {height: 1px; background-color: #525D76; border: none;}&lt;/style&gt; &lt;/head&gt;&lt;body&gt;&lt;h1&gt;HTTP Status 404 - /outlet-pos-api/api/order/history&lt;/h1&gt;&lt;div class=&quot;line&quot;&gt;&lt;/div&gt;&lt;p&gt;&lt;b&gt;type&lt;/b&gt; Status report&lt;/p&gt;&lt;p&gt;&lt;b&gt;message&lt;/b&gt; &lt;u&gt;/outlet-pos-api/api/order/history&lt;/u&gt;&lt;/p&gt;&lt;p&gt;&lt;b&gt;description&lt;/b&gt; &lt;u&gt;The requested resource is not available.&lt;/u&gt;&lt;/p&gt;&lt;hr class=&quot;line&quot;&gt;&lt;h3&gt;Apache Tomcat/8.5.0&lt;/h3&gt;&lt;/body&gt;&lt;/html&gt;
">
      <![CDATA[java.lang.AssertionError: Status expected:<200 OK> but was:<404 NOT_FOUND>

> POST https://qa3-api.chaipoint.com/outlet-pos-api/api/order/history
> WebTestClient-Request-Id: [1]
> service.auth.key: [1234567]
> Content-Type: [application/json]
> Content-Length: [19]

{
  "moduleId": 1
}

< 404 NOT_FOUND Not Found
< Date: [Wed, 04 Dec 2019 12:38:20 GMT]
< Content-Type: [text/html;charset=utf-8]
< Content-Length: [1056]
< Connection: [keep-alive]
< Server: [Apache-Coyote/1.1]
< Content-Language: [en]

<!DOCTYPE html><html><head><title>Apache Tomcat/8.5.0 - Error report</title><style type="text/css">H1 {font-family:Tahoma,Arial,sans-serif;color:white;background-color:#525D76;font-size:22px;} H2 {font-family:Tahoma,Arial,sans-serif;color:white;background-color:#525D76;font-size:16px;} H3 {font-family:Tahoma,Arial,sans-serif;color:white;background-color:#525D76;font-size:14px;} BODY {font-family:Tahoma,Arial,sans-serif;color:black;background-color:white;} B {font-family:Tahoma,Arial,sans-serif;color:white;background-color:#525D76;} P {font-family:Tahoma,Arial,sans-serif;background:white;color:black;font-size:12px;}A {color : black;}A.name {color : black;}.line {height: 1px; background-color: #525D76; border: none;}</style> </head><body><h1>HTTP Status 404 - /outlet-pos-api/api/order/history</h1><div class="line"></div><p><b>type</b> Status report</p><p><b>message</b> <u>/outlet-pos-api/api/order/history</u></p><p><b>description</b> <u>The requested resource is not available.</u></p><hr class="line"><h3>Apache Tomcat/8.5.0</h3></body></html>

	at org.springframework.test.web.reactive.server.ExchangeResult.assertWithDiagnostics(ExchangeResult.java:200)
	at org.springframework.test.web.reactive.server.StatusAssertions.assertStatusAndReturn(StatusAssertions.java:227)
	at org.springframework.test.web.reactive.server.StatusAssertions.isOk(StatusAssertions.java:67)
	at cool.fountain.online.web.test.order.TestHistoryTestNg.history(TestHistoryTestNg.java:91)
	at cool.fountain.online.web.test.order.TestHistoryTestNg.testOrderHistoryLoad(TestHistoryTestNg.java:77)
	at sun.reflect.GeneratedMethodAccessor53.invoke(Unknown Source)
	at sun.reflect.DelegatingMethodAccessorImpl.invoke(DelegatingMethodAccessorImpl.java:43)
	at java.lang.reflect.Method.invoke(Method.java:498)
	at org.testng.internal.MethodInvocationHelper.invokeMethod(MethodInvocationHelper.java:80)
	at org.testng.internal.MethodInvocationHelper$1.runTestMethod(MethodInvocationHelper.java:182)
	at org.springframework.test.context.testng.AbstractTestNGSpringContextTests.run(AbstractTestNGSpringContextTests.java:180)
	at sun.reflect.GeneratedMethodAccessor44.invoke(Unknown Source)
	at sun.reflect.DelegatingMethodAccessorImpl.invoke(DelegatingMethodAccessorImpl.java:43)
	at java.lang.reflect.Method.invoke(Method.java:498)
	at org.testng.internal.MethodInvocationHelper.invokeHookable(MethodInvocationHelper.java:194)
	at org.testng.internal.Invoker.invokeMethod(Invoker.java:707)
	at org.testng.internal.Invoker.invokeTestMethod(Invoker.java:901)
	at org.testng.internal.Invoker.invokeTestMethods(Invoker.java:1231)
	at org.testng.internal.TestMethodWorker.invokeTestMethods(TestMethodWorker.java:127)
	at org.testng.internal.TestMethodWorker.run(TestMethodWorker.java:111)
	at org.testng.internal.thread.ThreadUtil$2.call(ThreadUtil.java:64)
	at java.util.concurrent.FutureTask.run(FutureTask.java:266)
	at java.util.concurrent.ThreadPoolExecutor.runWorker(ThreadPoolExecutor.java:1149)
	at java.util.concurrent.ThreadPoolExecutor$Worker.run(ThreadPoolExecutor.java:624)
	at java.lang.Thread.run(Thread.java:748)
Caused by: java.lang.AssertionError: Status expected:<200 OK> but was:<404 NOT_FOUND>
	at org.springframework.test.util.AssertionErrors.fail(AssertionErrors.java:55)
	at org.springframework.test.util.AssertionErrors.assertEquals(AssertionErrors.java:82)
	at org.springframework.test.web.reactive.server.StatusAssertions.lambda$assertStatusAndReturn$4(StatusAssertions.java:227)
	at org.springframework.test.web.reactive.server.ExchangeResult.assertWithDiagnostics(ExchangeResult.java:197)
	... 24 more
]]>
    </error>
  </testcase> <!-- testOrderHistoryLoad -->
  <testcase name="testOrderHistoryLoad" time="0.037" classname="cool.fountain.online.web.test.order.TestHistoryTestNg">
    <error type="java.lang.AssertionError" message="Status expected:&lt;200 OK&gt; but was:&lt;404 NOT_FOUND&gt;

&gt; POST https://qa3-api.chaipoint.com/outlet-pos-api/api/order/history
&gt; WebTestClient-Request-Id: [1]
&gt; service.auth.key: [1234567]
&gt; Content-Type: [application/json]
&gt; Content-Length: [19]

{
  &quot;moduleId&quot;: 1
}

&lt; 404 NOT_FOUND Not Found
&lt; Date: [Wed, 04 Dec 2019 12:38:20 GMT]
&lt; Content-Type: [text/html;charset=utf-8]
&lt; Content-Length: [1056]
&lt; Connection: [keep-alive]
&lt; Server: [Apache-Coyote/1.1]
&lt; Content-Language: [en]

&lt;!DOCTYPE html&gt;&lt;html&gt;&lt;head&gt;&lt;title&gt;Apache Tomcat/8.5.0 - Error report&lt;/title&gt;&lt;style type=&quot;text/css&quot;&gt;H1 {font-family:Tahoma,Arial,sans-serif;color:white;background-color:#525D76;font-size:22px;} H2 {font-family:Tahoma,Arial,sans-serif;color:white;background-color:#525D76;font-size:16px;} H3 {font-family:Tahoma,Arial,sans-serif;color:white;background-color:#525D76;font-size:14px;} BODY {font-family:Tahoma,Arial,sans-serif;color:black;background-color:white;} B {font-family:Tahoma,Arial,sans-serif;color:white;background-color:#525D76;} P {font-family:Tahoma,Arial,sans-serif;background:white;color:black;font-size:12px;}A {color : black;}A.name {color : black;}.line {height: 1px; background-color: #525D76; border: none;}&lt;/style&gt; &lt;/head&gt;&lt;body&gt;&lt;h1&gt;HTTP Status 404 - /outlet-pos-api/api/order/history&lt;/h1&gt;&lt;div class=&quot;line&quot;&gt;&lt;/div&gt;&lt;p&gt;&lt;b&gt;type&lt;/b&gt; Status report&lt;/p&gt;&lt;p&gt;&lt;b&gt;message&lt;/b&gt; &lt;u&gt;/outlet-pos-api/api/order/history&lt;/u&gt;&lt;/p&gt;&lt;p&gt;&lt;b&gt;description&lt;/b&gt; &lt;u&gt;The requested resource is not available.&lt;/u&gt;&lt;/p&gt;&lt;hr class=&quot;line&quot;&gt;&lt;h3&gt;Apache Tomcat/8.5.0&lt;/h3&gt;&lt;/body&gt;&lt;/html&gt;
">
      <![CDATA[java.lang.AssertionError: Status expected:<200 OK> but was:<404 NOT_FOUND>

> POST https://qa3-api.chaipoint.com/outlet-pos-api/api/order/history
> WebTestClient-Request-Id: [1]
> service.auth.key: [1234567]
> Content-Type: [application/json]
> Content-Length: [19]

{
  "moduleId": 1
}

< 404 NOT_FOUND Not Found
< Date: [Wed, 04 Dec 2019 12:38:20 GMT]
< Content-Type: [text/html;charset=utf-8]
< Content-Length: [1056]
< Connection: [keep-alive]
< Server: [Apache-Coyote/1.1]
< Content-Language: [en]

<!DOCTYPE html><html><head><title>Apache Tomcat/8.5.0 - Error report</title><style type="text/css">H1 {font-family:Tahoma,Arial,sans-serif;color:white;background-color:#525D76;font-size:22px;} H2 {font-family:Tahoma,Arial,sans-serif;color:white;background-color:#525D76;font-size:16px;} H3 {font-family:Tahoma,Arial,sans-serif;color:white;background-color:#525D76;font-size:14px;} BODY {font-family:Tahoma,Arial,sans-serif;color:black;background-color:white;} B {font-family:Tahoma,Arial,sans-serif;color:white;background-color:#525D76;} P {font-family:Tahoma,Arial,sans-serif;background:white;color:black;font-size:12px;}A {color : black;}A.name {color : black;}.line {height: 1px; background-color: #525D76; border: none;}</style> </head><body><h1>HTTP Status 404 - /outlet-pos-api/api/order/history</h1><div class="line"></div><p><b>type</b> Status report</p><p><b>message</b> <u>/outlet-pos-api/api/order/history</u></p><p><b>description</b> <u>The requested resource is not available.</u></p><hr class="line"><h3>Apache Tomcat/8.5.0</h3></body></html>

	at org.springframework.test.web.reactive.server.ExchangeResult.assertWithDiagnostics(ExchangeResult.java:200)
	at org.springframework.test.web.reactive.server.StatusAssertions.assertStatusAndReturn(StatusAssertions.java:227)
	at org.springframework.test.web.reactive.server.StatusAssertions.isOk(StatusAssertions.java:67)
	at cool.fountain.online.web.test.order.TestHistoryTestNg.history(TestHistoryTestNg.java:91)
	at cool.fountain.online.web.test.order.TestHistoryTestNg.testOrderHistoryLoad(TestHistoryTestNg.java:77)
	at sun.reflect.GeneratedMethodAccessor53.invoke(Unknown Source)
	at sun.reflect.DelegatingMethodAccessorImpl.invoke(DelegatingMethodAccessorImpl.java:43)
	at java.lang.reflect.Method.invoke(Method.java:498)
	at org.testng.internal.MethodInvocationHelper.invokeMethod(MethodInvocationHelper.java:80)
	at org.testng.internal.MethodInvocationHelper$1.runTestMethod(MethodInvocationHelper.java:182)
	at org.springframework.test.context.testng.AbstractTestNGSpringContextTests.run(AbstractTestNGSpringContextTests.java:180)
	at sun.reflect.GeneratedMethodAccessor44.invoke(Unknown Source)
	at sun.reflect.DelegatingMethodAccessorImpl.invoke(DelegatingMethodAccessorImpl.java:43)
	at java.lang.reflect.Method.invoke(Method.java:498)
	at org.testng.internal.MethodInvocationHelper.invokeHookable(MethodInvocationHelper.java:194)
	at org.testng.internal.Invoker.invokeMethod(Invoker.java:707)
	at org.testng.internal.Invoker.invokeTestMethod(Invoker.java:901)
	at org.testng.internal.Invoker.invokeTestMethods(Invoker.java:1231)
	at org.testng.internal.TestMethodWorker.invokeTestMethods(TestMethodWorker.java:127)
	at org.testng.internal.TestMethodWorker.run(TestMethodWorker.java:111)
	at org.testng.internal.thread.ThreadUtil$2.call(ThreadUtil.java:64)
	at java.util.concurrent.FutureTask.run(FutureTask.java:266)
	at java.util.concurrent.ThreadPoolExecutor.runWorker(ThreadPoolExecutor.java:1149)
	at java.util.concurrent.ThreadPoolExecutor$Worker.run(ThreadPoolExecutor.java:624)
	at java.lang.Thread.run(Thread.java:748)
Caused by: java.lang.AssertionError: Status expected:<200 OK> but was:<404 NOT_FOUND>
	at org.springframework.test.util.AssertionErrors.fail(AssertionErrors.java:55)
	at org.springframework.test.util.AssertionErrors.assertEquals(AssertionErrors.java:82)
	at org.springframework.test.web.reactive.server.StatusAssertions.lambda$assertStatusAndReturn$4(StatusAssertions.java:227)
	at org.springframework.test.web.reactive.server.ExchangeResult.assertWithDiagnostics(ExchangeResult.java:197)
	... 24 more
]]>
    </error>
  </testcase> <!-- testOrderHistoryLoad -->
  <testcase name="testOrderHistoryLoad" time="0.038" classname="cool.fountain.online.web.test.order.TestHistoryTestNg">
    <error type="java.lang.AssertionError" message="Status expected:&lt;200 OK&gt; but was:&lt;404 NOT_FOUND&gt;

&gt; POST https://qa3-api.chaipoint.com/outlet-pos-api/api/order/history
&gt; WebTestClient-Request-Id: [1]
&gt; service.auth.key: [1234567]
&gt; Content-Type: [application/json]
&gt; Content-Length: [19]

{
  &quot;moduleId&quot;: 1
}

&lt; 404 NOT_FOUND Not Found
&lt; Date: [Wed, 04 Dec 2019 12:38:19 GMT]
&lt; Content-Type: [text/html;charset=utf-8]
&lt; Content-Length: [1056]
&lt; Connection: [keep-alive]
&lt; Server: [Apache-Coyote/1.1]
&lt; Content-Language: [en]

&lt;!DOCTYPE html&gt;&lt;html&gt;&lt;head&gt;&lt;title&gt;Apache Tomcat/8.5.0 - Error report&lt;/title&gt;&lt;style type=&quot;text/css&quot;&gt;H1 {font-family:Tahoma,Arial,sans-serif;color:white;background-color:#525D76;font-size:22px;} H2 {font-family:Tahoma,Arial,sans-serif;color:white;background-color:#525D76;font-size:16px;} H3 {font-family:Tahoma,Arial,sans-serif;color:white;background-color:#525D76;font-size:14px;} BODY {font-family:Tahoma,Arial,sans-serif;color:black;background-color:white;} B {font-family:Tahoma,Arial,sans-serif;color:white;background-color:#525D76;} P {font-family:Tahoma,Arial,sans-serif;background:white;color:black;font-size:12px;}A {color : black;}A.name {color : black;}.line {height: 1px; background-color: #525D76; border: none;}&lt;/style&gt; &lt;/head&gt;&lt;body&gt;&lt;h1&gt;HTTP Status 404 - /outlet-pos-api/api/order/history&lt;/h1&gt;&lt;div class=&quot;line&quot;&gt;&lt;/div&gt;&lt;p&gt;&lt;b&gt;type&lt;/b&gt; Status report&lt;/p&gt;&lt;p&gt;&lt;b&gt;message&lt;/b&gt; &lt;u&gt;/outlet-pos-api/api/order/history&lt;/u&gt;&lt;/p&gt;&lt;p&gt;&lt;b&gt;description&lt;/b&gt; &lt;u&gt;The requested resource is not available.&lt;/u&gt;&lt;/p&gt;&lt;hr class=&quot;line&quot;&gt;&lt;h3&gt;Apache Tomcat/8.5.0&lt;/h3&gt;&lt;/body&gt;&lt;/html&gt;
">
      <![CDATA[java.lang.AssertionError: Status expected:<200 OK> but was:<404 NOT_FOUND>

> POST https://qa3-api.chaipoint.com/outlet-pos-api/api/order/history
> WebTestClient-Request-Id: [1]
> service.auth.key: [1234567]
> Content-Type: [application/json]
> Content-Length: [19]

{
  "moduleId": 1
}

< 404 NOT_FOUND Not Found
< Date: [Wed, 04 Dec 2019 12:38:19 GMT]
< Content-Type: [text/html;charset=utf-8]
< Content-Length: [1056]
< Connection: [keep-alive]
< Server: [Apache-Coyote/1.1]
< Content-Language: [en]

<!DOCTYPE html><html><head><title>Apache Tomcat/8.5.0 - Error report</title><style type="text/css">H1 {font-family:Tahoma,Arial,sans-serif;color:white;background-color:#525D76;font-size:22px;} H2 {font-family:Tahoma,Arial,sans-serif;color:white;background-color:#525D76;font-size:16px;} H3 {font-family:Tahoma,Arial,sans-serif;color:white;background-color:#525D76;font-size:14px;} BODY {font-family:Tahoma,Arial,sans-serif;color:black;background-color:white;} B {font-family:Tahoma,Arial,sans-serif;color:white;background-color:#525D76;} P {font-family:Tahoma,Arial,sans-serif;background:white;color:black;font-size:12px;}A {color : black;}A.name {color : black;}.line {height: 1px; background-color: #525D76; border: none;}</style> </head><body><h1>HTTP Status 404 - /outlet-pos-api/api/order/history</h1><div class="line"></div><p><b>type</b> Status report</p><p><b>message</b> <u>/outlet-pos-api/api/order/history</u></p><p><b>description</b> <u>The requested resource is not available.</u></p><hr class="line"><h3>Apache Tomcat/8.5.0</h3></body></html>

	at org.springframework.test.web.reactive.server.ExchangeResult.assertWithDiagnostics(ExchangeResult.java:200)
	at org.springframework.test.web.reactive.server.StatusAssertions.assertStatusAndReturn(StatusAssertions.java:227)
	at org.springframework.test.web.reactive.server.StatusAssertions.isOk(StatusAssertions.java:67)
	at cool.fountain.online.web.test.order.TestHistoryTestNg.history(TestHistoryTestNg.java:91)
	at cool.fountain.online.web.test.order.TestHistoryTestNg.testOrderHistoryLoad(TestHistoryTestNg.java:77)
	at sun.reflect.NativeMethodAccessorImpl.invoke0(Native Method)
	at sun.reflect.NativeMethodAccessorImpl.invoke(NativeMethodAccessorImpl.java:62)
	at sun.reflect.DelegatingMethodAccessorImpl.invoke(DelegatingMethodAccessorImpl.java:43)
	at java.lang.reflect.Method.invoke(Method.java:498)
	at org.testng.internal.MethodInvocationHelper.invokeMethod(MethodInvocationHelper.java:80)
	at org.testng.internal.MethodInvocationHelper$1.runTestMethod(MethodInvocationHelper.java:182)
	at org.springframework.test.context.testng.AbstractTestNGSpringContextTests.run(AbstractTestNGSpringContextTests.java:180)
	at sun.reflect.GeneratedMethodAccessor44.invoke(Unknown Source)
	at sun.reflect.DelegatingMethodAccessorImpl.invoke(DelegatingMethodAccessorImpl.java:43)
	at java.lang.reflect.Method.invoke(Method.java:498)
	at org.testng.internal.MethodInvocationHelper.invokeHookable(MethodInvocationHelper.java:194)
	at org.testng.internal.Invoker.invokeMethod(Invoker.java:707)
	at org.testng.internal.Invoker.invokeTestMethod(Invoker.java:901)
	at org.testng.internal.Invoker.invokeTestMethods(Invoker.java:1231)
	at org.testng.internal.TestMethodWorker.invokeTestMethods(TestMethodWorker.java:127)
	at org.testng.internal.TestMethodWorker.run(TestMethodWorker.java:111)
	at org.testng.internal.thread.ThreadUtil$2.call(ThreadUtil.java:64)
	at java.util.concurrent.FutureTask.run(FutureTask.java:266)
	at java.util.concurrent.ThreadPoolExecutor.runWorker(ThreadPoolExecutor.java:1149)
	at java.util.concurrent.ThreadPoolExecutor$Worker.run(ThreadPoolExecutor.java:624)
	at java.lang.Thread.run(Thread.java:748)
Caused by: java.lang.AssertionError: Status expected:<200 OK> but was:<404 NOT_FOUND>
	at org.springframework.test.util.AssertionErrors.fail(AssertionErrors.java:55)
	at org.springframework.test.util.AssertionErrors.assertEquals(AssertionErrors.java:82)
	at org.springframework.test.web.reactive.server.StatusAssertions.lambda$assertStatusAndReturn$4(StatusAssertions.java:227)
	at org.springframework.test.web.reactive.server.ExchangeResult.assertWithDiagnostics(ExchangeResult.java:197)
	... 25 more
]]>
    </error>
  </testcase> <!-- testOrderHistoryLoad -->
  <testcase name="testOrderHistoryLoad" time="0.219" classname="cool.fountain.online.web.test.order.TestHistoryTestNg"/>
  <testcase name="testOrderHistoryLoad" time="0.189" classname="cool.fountain.online.web.test.order.TestHistoryTestNg"/>
  <testcase name="testOrderHistoryLoad" time="0.135" classname="cool.fountain.online.web.test.order.TestHistoryTestNg"/>
  <testcase name="testOrderHistoryLoad" time="0.036" classname="cool.fountain.online.web.test.order.TestHistoryTestNg">
    <error type="java.lang.AssertionError" message="Status expected:&lt;200 OK&gt; but was:&lt;404 NOT_FOUND&gt;

&gt; POST https://qa3-api.chaipoint.com/outlet-pos-api/api/order/history
&gt; WebTestClient-Request-Id: [1]
&gt; service.auth.key: [1234567]
&gt; Content-Type: [application/json]
&gt; Content-Length: [19]

{
  &quot;moduleId&quot;: 1
}

&lt; 404 NOT_FOUND Not Found
&lt; Date: [Wed, 04 Dec 2019 12:38:20 GMT]
&lt; Content-Type: [text/html;charset=utf-8]
&lt; Content-Length: [1056]
&lt; Connection: [keep-alive]
&lt; Server: [Apache-Coyote/1.1]
&lt; Content-Language: [en]

&lt;!DOCTYPE html&gt;&lt;html&gt;&lt;head&gt;&lt;title&gt;Apache Tomcat/8.5.0 - Error report&lt;/title&gt;&lt;style type=&quot;text/css&quot;&gt;H1 {font-family:Tahoma,Arial,sans-serif;color:white;background-color:#525D76;font-size:22px;} H2 {font-family:Tahoma,Arial,sans-serif;color:white;background-color:#525D76;font-size:16px;} H3 {font-family:Tahoma,Arial,sans-serif;color:white;background-color:#525D76;font-size:14px;} BODY {font-family:Tahoma,Arial,sans-serif;color:black;background-color:white;} B {font-family:Tahoma,Arial,sans-serif;color:white;background-color:#525D76;} P {font-family:Tahoma,Arial,sans-serif;background:white;color:black;font-size:12px;}A {color : black;}A.name {color : black;}.line {height: 1px; background-color: #525D76; border: none;}&lt;/style&gt; &lt;/head&gt;&lt;body&gt;&lt;h1&gt;HTTP Status 404 - /outlet-pos-api/api/order/history&lt;/h1&gt;&lt;div class=&quot;line&quot;&gt;&lt;/div&gt;&lt;p&gt;&lt;b&gt;type&lt;/b&gt; Status report&lt;/p&gt;&lt;p&gt;&lt;b&gt;message&lt;/b&gt; &lt;u&gt;/outlet-pos-api/api/order/history&lt;/u&gt;&lt;/p&gt;&lt;p&gt;&lt;b&gt;description&lt;/b&gt; &lt;u&gt;The requested resource is not available.&lt;/u&gt;&lt;/p&gt;&lt;hr class=&quot;line&quot;&gt;&lt;h3&gt;Apache Tomcat/8.5.0&lt;/h3&gt;&lt;/body&gt;&lt;/html&gt;
">
      <![CDATA[java.lang.AssertionError: Status expected:<200 OK> but was:<404 NOT_FOUND>

> POST https://qa3-api.chaipoint.com/outlet-pos-api/api/order/history
> WebTestClient-Request-Id: [1]
> service.auth.key: [1234567]
> Content-Type: [application/json]
> Content-Length: [19]

{
  "moduleId": 1
}

< 404 NOT_FOUND Not Found
< Date: [Wed, 04 Dec 2019 12:38:20 GMT]
< Content-Type: [text/html;charset=utf-8]
< Content-Length: [1056]
< Connection: [keep-alive]
< Server: [Apache-Coyote/1.1]
< Content-Language: [en]

<!DOCTYPE html><html><head><title>Apache Tomcat/8.5.0 - Error report</title><style type="text/css">H1 {font-family:Tahoma,Arial,sans-serif;color:white;background-color:#525D76;font-size:22px;} H2 {font-family:Tahoma,Arial,sans-serif;color:white;background-color:#525D76;font-size:16px;} H3 {font-family:Tahoma,Arial,sans-serif;color:white;background-color:#525D76;font-size:14px;} BODY {font-family:Tahoma,Arial,sans-serif;color:black;background-color:white;} B {font-family:Tahoma,Arial,sans-serif;color:white;background-color:#525D76;} P {font-family:Tahoma,Arial,sans-serif;background:white;color:black;font-size:12px;}A {color : black;}A.name {color : black;}.line {height: 1px; background-color: #525D76; border: none;}</style> </head><body><h1>HTTP Status 404 - /outlet-pos-api/api/order/history</h1><div class="line"></div><p><b>type</b> Status report</p><p><b>message</b> <u>/outlet-pos-api/api/order/history</u></p><p><b>description</b> <u>The requested resource is not available.</u></p><hr class="line"><h3>Apache Tomcat/8.5.0</h3></body></html>

	at org.springframework.test.web.reactive.server.ExchangeResult.assertWithDiagnostics(ExchangeResult.java:200)
	at org.springframework.test.web.reactive.server.StatusAssertions.assertStatusAndReturn(StatusAssertions.java:227)
	at org.springframework.test.web.reactive.server.StatusAssertions.isOk(StatusAssertions.java:67)
	at cool.fountain.online.web.test.order.TestHistoryTestNg.history(TestHistoryTestNg.java:91)
	at cool.fountain.online.web.test.order.TestHistoryTestNg.testOrderHistoryLoad(TestHistoryTestNg.java:77)
	at sun.reflect.GeneratedMethodAccessor53.invoke(Unknown Source)
	at sun.reflect.DelegatingMethodAccessorImpl.invoke(DelegatingMethodAccessorImpl.java:43)
	at java.lang.reflect.Method.invoke(Method.java:498)
	at org.testng.internal.MethodInvocationHelper.invokeMethod(MethodInvocationHelper.java:80)
	at org.testng.internal.MethodInvocationHelper$1.runTestMethod(MethodInvocationHelper.java:182)
	at org.springframework.test.context.testng.AbstractTestNGSpringContextTests.run(AbstractTestNGSpringContextTests.java:180)
	at sun.reflect.GeneratedMethodAccessor44.invoke(Unknown Source)
	at sun.reflect.DelegatingMethodAccessorImpl.invoke(DelegatingMethodAccessorImpl.java:43)
	at java.lang.reflect.Method.invoke(Method.java:498)
	at org.testng.internal.MethodInvocationHelper.invokeHookable(MethodInvocationHelper.java:194)
	at org.testng.internal.Invoker.invokeMethod(Invoker.java:707)
	at org.testng.internal.Invoker.invokeTestMethod(Invoker.java:901)
	at org.testng.internal.Invoker.invokeTestMethods(Invoker.java:1231)
	at org.testng.internal.TestMethodWorker.invokeTestMethods(TestMethodWorker.java:127)
	at org.testng.internal.TestMethodWorker.run(TestMethodWorker.java:111)
	at org.testng.internal.thread.ThreadUtil$2.call(ThreadUtil.java:64)
	at java.util.concurrent.FutureTask.run(FutureTask.java:266)
	at java.util.concurrent.ThreadPoolExecutor.runWorker(ThreadPoolExecutor.java:1149)
	at java.util.concurrent.ThreadPoolExecutor$Worker.run(ThreadPoolExecutor.java:624)
	at java.lang.Thread.run(Thread.java:748)
Caused by: java.lang.AssertionError: Status expected:<200 OK> but was:<404 NOT_FOUND>
	at org.springframework.test.util.AssertionErrors.fail(AssertionErrors.java:55)
	at org.springframework.test.util.AssertionErrors.assertEquals(AssertionErrors.java:82)
	at org.springframework.test.web.reactive.server.StatusAssertions.lambda$assertStatusAndReturn$4(StatusAssertions.java:227)
	at org.springframework.test.web.reactive.server.ExchangeResult.assertWithDiagnostics(ExchangeResult.java:197)
	... 24 more
]]>
    </error>
  </testcase> <!-- testOrderHistoryLoad -->
  <testcase name="testOrderHistoryLoad" time="0.035" classname="cool.fountain.online.web.test.order.TestHistoryTestNg">
    <error type="java.lang.AssertionError" message="Status expected:&lt;200 OK&gt; but was:&lt;404 NOT_FOUND&gt;

&gt; POST https://qa3-api.chaipoint.com/outlet-pos-api/api/order/history
&gt; WebTestClient-Request-Id: [1]
&gt; service.auth.key: [1234567]
&gt; Content-Type: [application/json]
&gt; Content-Length: [19]

{
  &quot;moduleId&quot;: 1
}

&lt; 404 NOT_FOUND Not Found
&lt; Date: [Wed, 04 Dec 2019 12:38:20 GMT]
&lt; Content-Type: [text/html;charset=utf-8]
&lt; Content-Length: [1056]
&lt; Connection: [keep-alive]
&lt; Server: [Apache-Coyote/1.1]
&lt; Content-Language: [en]

&lt;!DOCTYPE html&gt;&lt;html&gt;&lt;head&gt;&lt;title&gt;Apache Tomcat/8.5.0 - Error report&lt;/title&gt;&lt;style type=&quot;text/css&quot;&gt;H1 {font-family:Tahoma,Arial,sans-serif;color:white;background-color:#525D76;font-size:22px;} H2 {font-family:Tahoma,Arial,sans-serif;color:white;background-color:#525D76;font-size:16px;} H3 {font-family:Tahoma,Arial,sans-serif;color:white;background-color:#525D76;font-size:14px;} BODY {font-family:Tahoma,Arial,sans-serif;color:black;background-color:white;} B {font-family:Tahoma,Arial,sans-serif;color:white;background-color:#525D76;} P {font-family:Tahoma,Arial,sans-serif;background:white;color:black;font-size:12px;}A {color : black;}A.name {color : black;}.line {height: 1px; background-color: #525D76; border: none;}&lt;/style&gt; &lt;/head&gt;&lt;body&gt;&lt;h1&gt;HTTP Status 404 - /outlet-pos-api/api/order/history&lt;/h1&gt;&lt;div class=&quot;line&quot;&gt;&lt;/div&gt;&lt;p&gt;&lt;b&gt;type&lt;/b&gt; Status report&lt;/p&gt;&lt;p&gt;&lt;b&gt;message&lt;/b&gt; &lt;u&gt;/outlet-pos-api/api/order/history&lt;/u&gt;&lt;/p&gt;&lt;p&gt;&lt;b&gt;description&lt;/b&gt; &lt;u&gt;The requested resource is not available.&lt;/u&gt;&lt;/p&gt;&lt;hr class=&quot;line&quot;&gt;&lt;h3&gt;Apache Tomcat/8.5.0&lt;/h3&gt;&lt;/body&gt;&lt;/html&gt;
">
      <![CDATA[java.lang.AssertionError: Status expected:<200 OK> but was:<404 NOT_FOUND>

> POST https://qa3-api.chaipoint.com/outlet-pos-api/api/order/history
> WebTestClient-Request-Id: [1]
> service.auth.key: [1234567]
> Content-Type: [application/json]
> Content-Length: [19]

{
  "moduleId": 1
}

< 404 NOT_FOUND Not Found
< Date: [Wed, 04 Dec 2019 12:38:20 GMT]
< Content-Type: [text/html;charset=utf-8]
< Content-Length: [1056]
< Connection: [keep-alive]
< Server: [Apache-Coyote/1.1]
< Content-Language: [en]

<!DOCTYPE html><html><head><title>Apache Tomcat/8.5.0 - Error report</title><style type="text/css">H1 {font-family:Tahoma,Arial,sans-serif;color:white;background-color:#525D76;font-size:22px;} H2 {font-family:Tahoma,Arial,sans-serif;color:white;background-color:#525D76;font-size:16px;} H3 {font-family:Tahoma,Arial,sans-serif;color:white;background-color:#525D76;font-size:14px;} BODY {font-family:Tahoma,Arial,sans-serif;color:black;background-color:white;} B {font-family:Tahoma,Arial,sans-serif;color:white;background-color:#525D76;} P {font-family:Tahoma,Arial,sans-serif;background:white;color:black;font-size:12px;}A {color : black;}A.name {color : black;}.line {height: 1px; background-color: #525D76; border: none;}</style> </head><body><h1>HTTP Status 404 - /outlet-pos-api/api/order/history</h1><div class="line"></div><p><b>type</b> Status report</p><p><b>message</b> <u>/outlet-pos-api/api/order/history</u></p><p><b>description</b> <u>The requested resource is not available.</u></p><hr class="line"><h3>Apache Tomcat/8.5.0</h3></body></html>

	at org.springframework.test.web.reactive.server.ExchangeResult.assertWithDiagnostics(ExchangeResult.java:200)
	at org.springframework.test.web.reactive.server.StatusAssertions.assertStatusAndReturn(StatusAssertions.java:227)
	at org.springframework.test.web.reactive.server.StatusAssertions.isOk(StatusAssertions.java:67)
	at cool.fountain.online.web.test.order.TestHistoryTestNg.history(TestHistoryTestNg.java:91)
	at cool.fountain.online.web.test.order.TestHistoryTestNg.testOrderHistoryLoad(TestHistoryTestNg.java:77)
	at sun.reflect.GeneratedMethodAccessor53.invoke(Unknown Source)
	at sun.reflect.DelegatingMethodAccessorImpl.invoke(DelegatingMethodAccessorImpl.java:43)
	at java.lang.reflect.Method.invoke(Method.java:498)
	at org.testng.internal.MethodInvocationHelper.invokeMethod(MethodInvocationHelper.java:80)
	at org.testng.internal.MethodInvocationHelper$1.runTestMethod(MethodInvocationHelper.java:182)
	at org.springframework.test.context.testng.AbstractTestNGSpringContextTests.run(AbstractTestNGSpringContextTests.java:180)
	at sun.reflect.GeneratedMethodAccessor44.invoke(Unknown Source)
	at sun.reflect.DelegatingMethodAccessorImpl.invoke(DelegatingMethodAccessorImpl.java:43)
	at java.lang.reflect.Method.invoke(Method.java:498)
	at org.testng.internal.MethodInvocationHelper.invokeHookable(MethodInvocationHelper.java:194)
	at org.testng.internal.Invoker.invokeMethod(Invoker.java:707)
	at org.testng.internal.Invoker.invokeTestMethod(Invoker.java:901)
	at org.testng.internal.Invoker.invokeTestMethods(Invoker.java:1231)
	at org.testng.internal.TestMethodWorker.invokeTestMethods(TestMethodWorker.java:127)
	at org.testng.internal.TestMethodWorker.run(TestMethodWorker.java:111)
	at org.testng.internal.thread.ThreadUtil$2.call(ThreadUtil.java:64)
	at java.util.concurrent.FutureTask.run(FutureTask.java:266)
	at java.util.concurrent.ThreadPoolExecutor.runWorker(ThreadPoolExecutor.java:1149)
	at java.util.concurrent.ThreadPoolExecutor$Worker.run(ThreadPoolExecutor.java:624)
	at java.lang.Thread.run(Thread.java:748)
Caused by: java.lang.AssertionError: Status expected:<200 OK> but was:<404 NOT_FOUND>
	at org.springframework.test.util.AssertionErrors.fail(AssertionErrors.java:55)
	at org.springframework.test.util.AssertionErrors.assertEquals(AssertionErrors.java:82)
	at org.springframework.test.web.reactive.server.StatusAssertions.lambda$assertStatusAndReturn$4(StatusAssertions.java:227)
	at org.springframework.test.web.reactive.server.ExchangeResult.assertWithDiagnostics(ExchangeResult.java:197)
	... 24 more
]]>
    </error>
  </testcase> <!-- testOrderHistoryLoad -->
  <testcase name="testOrderHistoryLoad" time="0.119" classname="cool.fountain.online.web.test.order.TestHistoryTestNg"/>
  <testcase name="testOrderHistoryLoad" time="0.047" classname="cool.fountain.online.web.test.order.TestHistoryTestNg">
    <error type="java.lang.AssertionError" message="Status expected:&lt;200 OK&gt; but was:&lt;404 NOT_FOUND&gt;

&gt; POST https://qa3-api.chaipoint.com/outlet-pos-api/api/order/history
&gt; WebTestClient-Request-Id: [1]
&gt; service.auth.key: [1234567]
&gt; Content-Type: [application/json]
&gt; Content-Length: [19]

{
  &quot;moduleId&quot;: 1
}

&lt; 404 NOT_FOUND Not Found
&lt; Date: [Wed, 04 Dec 2019 12:38:19 GMT]
&lt; Content-Type: [text/html;charset=utf-8]
&lt; Content-Length: [1056]
&lt; Connection: [keep-alive]
&lt; Server: [Apache-Coyote/1.1]
&lt; Content-Language: [en]

&lt;!DOCTYPE html&gt;&lt;html&gt;&lt;head&gt;&lt;title&gt;Apache Tomcat/8.5.0 - Error report&lt;/title&gt;&lt;style type=&quot;text/css&quot;&gt;H1 {font-family:Tahoma,Arial,sans-serif;color:white;background-color:#525D76;font-size:22px;} H2 {font-family:Tahoma,Arial,sans-serif;color:white;background-color:#525D76;font-size:16px;} H3 {font-family:Tahoma,Arial,sans-serif;color:white;background-color:#525D76;font-size:14px;} BODY {font-family:Tahoma,Arial,sans-serif;color:black;background-color:white;} B {font-family:Tahoma,Arial,sans-serif;color:white;background-color:#525D76;} P {font-family:Tahoma,Arial,sans-serif;background:white;color:black;font-size:12px;}A {color : black;}A.name {color : black;}.line {height: 1px; background-color: #525D76; border: none;}&lt;/style&gt; &lt;/head&gt;&lt;body&gt;&lt;h1&gt;HTTP Status 404 - /outlet-pos-api/api/order/history&lt;/h1&gt;&lt;div class=&quot;line&quot;&gt;&lt;/div&gt;&lt;p&gt;&lt;b&gt;type&lt;/b&gt; Status report&lt;/p&gt;&lt;p&gt;&lt;b&gt;message&lt;/b&gt; &lt;u&gt;/outlet-pos-api/api/order/history&lt;/u&gt;&lt;/p&gt;&lt;p&gt;&lt;b&gt;description&lt;/b&gt; &lt;u&gt;The requested resource is not available.&lt;/u&gt;&lt;/p&gt;&lt;hr class=&quot;line&quot;&gt;&lt;h3&gt;Apache Tomcat/8.5.0&lt;/h3&gt;&lt;/body&gt;&lt;/html&gt;
">
      <![CDATA[java.lang.AssertionError: Status expected:<200 OK> but was:<404 NOT_FOUND>

> POST https://qa3-api.chaipoint.com/outlet-pos-api/api/order/history
> WebTestClient-Request-Id: [1]
> service.auth.key: [1234567]
> Content-Type: [application/json]
> Content-Length: [19]

{
  "moduleId": 1
}

< 404 NOT_FOUND Not Found
< Date: [Wed, 04 Dec 2019 12:38:19 GMT]
< Content-Type: [text/html;charset=utf-8]
< Content-Length: [1056]
< Connection: [keep-alive]
< Server: [Apache-Coyote/1.1]
< Content-Language: [en]

<!DOCTYPE html><html><head><title>Apache Tomcat/8.5.0 - Error report</title><style type="text/css">H1 {font-family:Tahoma,Arial,sans-serif;color:white;background-color:#525D76;font-size:22px;} H2 {font-family:Tahoma,Arial,sans-serif;color:white;background-color:#525D76;font-size:16px;} H3 {font-family:Tahoma,Arial,sans-serif;color:white;background-color:#525D76;font-size:14px;} BODY {font-family:Tahoma,Arial,sans-serif;color:black;background-color:white;} B {font-family:Tahoma,Arial,sans-serif;color:white;background-color:#525D76;} P {font-family:Tahoma,Arial,sans-serif;background:white;color:black;font-size:12px;}A {color : black;}A.name {color : black;}.line {height: 1px; background-color: #525D76; border: none;}</style> </head><body><h1>HTTP Status 404 - /outlet-pos-api/api/order/history</h1><div class="line"></div><p><b>type</b> Status report</p><p><b>message</b> <u>/outlet-pos-api/api/order/history</u></p><p><b>description</b> <u>The requested resource is not available.</u></p><hr class="line"><h3>Apache Tomcat/8.5.0</h3></body></html>

	at org.springframework.test.web.reactive.server.ExchangeResult.assertWithDiagnostics(ExchangeResult.java:200)
	at org.springframework.test.web.reactive.server.StatusAssertions.assertStatusAndReturn(StatusAssertions.java:227)
	at org.springframework.test.web.reactive.server.StatusAssertions.isOk(StatusAssertions.java:67)
	at cool.fountain.online.web.test.order.TestHistoryTestNg.history(TestHistoryTestNg.java:91)
	at cool.fountain.online.web.test.order.TestHistoryTestNg.testOrderHistoryLoad(TestHistoryTestNg.java:77)
	at sun.reflect.NativeMethodAccessorImpl.invoke0(Native Method)
	at sun.reflect.NativeMethodAccessorImpl.invoke(NativeMethodAccessorImpl.java:62)
	at sun.reflect.DelegatingMethodAccessorImpl.invoke(DelegatingMethodAccessorImpl.java:43)
	at java.lang.reflect.Method.invoke(Method.java:498)
	at org.testng.internal.MethodInvocationHelper.invokeMethod(MethodInvocationHelper.java:80)
	at org.testng.internal.MethodInvocationHelper$1.runTestMethod(MethodInvocationHelper.java:182)
	at org.springframework.test.context.testng.AbstractTestNGSpringContextTests.run(AbstractTestNGSpringContextTests.java:180)
	at sun.reflect.GeneratedMethodAccessor44.invoke(Unknown Source)
	at sun.reflect.DelegatingMethodAccessorImpl.invoke(DelegatingMethodAccessorImpl.java:43)
	at java.lang.reflect.Method.invoke(Method.java:498)
	at org.testng.internal.MethodInvocationHelper.invokeHookable(MethodInvocationHelper.java:194)
	at org.testng.internal.Invoker.invokeMethod(Invoker.java:707)
	at org.testng.internal.Invoker.invokeTestMethod(Invoker.java:901)
	at org.testng.internal.Invoker.invokeTestMethods(Invoker.java:1231)
	at org.testng.internal.TestMethodWorker.invokeTestMethods(TestMethodWorker.java:127)
	at org.testng.internal.TestMethodWorker.run(TestMethodWorker.java:111)
	at org.testng.internal.thread.ThreadUtil$2.call(ThreadUtil.java:64)
	at java.util.concurrent.FutureTask.run(FutureTask.java:266)
	at java.util.concurrent.ThreadPoolExecutor.runWorker(ThreadPoolExecutor.java:1149)
	at java.util.concurrent.ThreadPoolExecutor$Worker.run(ThreadPoolExecutor.java:624)
	at java.lang.Thread.run(Thread.java:748)
Caused by: java.lang.AssertionError: Status expected:<200 OK> but was:<404 NOT_FOUND>
	at org.springframework.test.util.AssertionErrors.fail(AssertionErrors.java:55)
	at org.springframework.test.util.AssertionErrors.assertEquals(AssertionErrors.java:82)
	at org.springframework.test.web.reactive.server.StatusAssertions.lambda$assertStatusAndReturn$4(StatusAssertions.java:227)
	at org.springframework.test.web.reactive.server.ExchangeResult.assertWithDiagnostics(ExchangeResult.java:197)
	... 25 more
]]>
    </error>
  </testcase> <!-- testOrderHistoryLoad -->
  <testcase name="testOrderHistoryLoad" time="0.042" classname="cool.fountain.online.web.test.order.TestHistoryTestNg">
    <error type="java.lang.AssertionError" message="Status expected:&lt;200 OK&gt; but was:&lt;404 NOT_FOUND&gt;

&gt; POST https://qa3-api.chaipoint.com/outlet-pos-api/api/order/history
&gt; WebTestClient-Request-Id: [1]
&gt; service.auth.key: [1234567]
&gt; Content-Type: [application/json]
&gt; Content-Length: [19]

{
  &quot;moduleId&quot;: 1
}

&lt; 404 NOT_FOUND Not Found
&lt; Date: [Wed, 04 Dec 2019 12:38:20 GMT]
&lt; Content-Type: [text/html;charset=utf-8]
&lt; Content-Length: [1056]
&lt; Connection: [keep-alive]
&lt; Server: [Apache-Coyote/1.1]
&lt; Content-Language: [en]

&lt;!DOCTYPE html&gt;&lt;html&gt;&lt;head&gt;&lt;title&gt;Apache Tomcat/8.5.0 - Error report&lt;/title&gt;&lt;style type=&quot;text/css&quot;&gt;H1 {font-family:Tahoma,Arial,sans-serif;color:white;background-color:#525D76;font-size:22px;} H2 {font-family:Tahoma,Arial,sans-serif;color:white;background-color:#525D76;font-size:16px;} H3 {font-family:Tahoma,Arial,sans-serif;color:white;background-color:#525D76;font-size:14px;} BODY {font-family:Tahoma,Arial,sans-serif;color:black;background-color:white;} B {font-family:Tahoma,Arial,sans-serif;color:white;background-color:#525D76;} P {font-family:Tahoma,Arial,sans-serif;background:white;color:black;font-size:12px;}A {color : black;}A.name {color : black;}.line {height: 1px; background-color: #525D76; border: none;}&lt;/style&gt; &lt;/head&gt;&lt;body&gt;&lt;h1&gt;HTTP Status 404 - /outlet-pos-api/api/order/history&lt;/h1&gt;&lt;div class=&quot;line&quot;&gt;&lt;/div&gt;&lt;p&gt;&lt;b&gt;type&lt;/b&gt; Status report&lt;/p&gt;&lt;p&gt;&lt;b&gt;message&lt;/b&gt; &lt;u&gt;/outlet-pos-api/api/order/history&lt;/u&gt;&lt;/p&gt;&lt;p&gt;&lt;b&gt;description&lt;/b&gt; &lt;u&gt;The requested resource is not available.&lt;/u&gt;&lt;/p&gt;&lt;hr class=&quot;line&quot;&gt;&lt;h3&gt;Apache Tomcat/8.5.0&lt;/h3&gt;&lt;/body&gt;&lt;/html&gt;
">
      <![CDATA[java.lang.AssertionError: Status expected:<200 OK> but was:<404 NOT_FOUND>

> POST https://qa3-api.chaipoint.com/outlet-pos-api/api/order/history
> WebTestClient-Request-Id: [1]
> service.auth.key: [1234567]
> Content-Type: [application/json]
> Content-Length: [19]

{
  "moduleId": 1
}

< 404 NOT_FOUND Not Found
< Date: [Wed, 04 Dec 2019 12:38:20 GMT]
< Content-Type: [text/html;charset=utf-8]
< Content-Length: [1056]
< Connection: [keep-alive]
< Server: [Apache-Coyote/1.1]
< Content-Language: [en]

<!DOCTYPE html><html><head><title>Apache Tomcat/8.5.0 - Error report</title><style type="text/css">H1 {font-family:Tahoma,Arial,sans-serif;color:white;background-color:#525D76;font-size:22px;} H2 {font-family:Tahoma,Arial,sans-serif;color:white;background-color:#525D76;font-size:16px;} H3 {font-family:Tahoma,Arial,sans-serif;color:white;background-color:#525D76;font-size:14px;} BODY {font-family:Tahoma,Arial,sans-serif;color:black;background-color:white;} B {font-family:Tahoma,Arial,sans-serif;color:white;background-color:#525D76;} P {font-family:Tahoma,Arial,sans-serif;background:white;color:black;font-size:12px;}A {color : black;}A.name {color : black;}.line {height: 1px; background-color: #525D76; border: none;}</style> </head><body><h1>HTTP Status 404 - /outlet-pos-api/api/order/history</h1><div class="line"></div><p><b>type</b> Status report</p><p><b>message</b> <u>/outlet-pos-api/api/order/history</u></p><p><b>description</b> <u>The requested resource is not available.</u></p><hr class="line"><h3>Apache Tomcat/8.5.0</h3></body></html>

	at org.springframework.test.web.reactive.server.ExchangeResult.assertWithDiagnostics(ExchangeResult.java:200)
	at org.springframework.test.web.reactive.server.StatusAssertions.assertStatusAndReturn(StatusAssertions.java:227)
	at org.springframework.test.web.reactive.server.StatusAssertions.isOk(StatusAssertions.java:67)
	at cool.fountain.online.web.test.order.TestHistoryTestNg.history(TestHistoryTestNg.java:91)
	at cool.fountain.online.web.test.order.TestHistoryTestNg.testOrderHistoryLoad(TestHistoryTestNg.java:77)
	at sun.reflect.GeneratedMethodAccessor53.invoke(Unknown Source)
	at sun.reflect.DelegatingMethodAccessorImpl.invoke(DelegatingMethodAccessorImpl.java:43)
	at java.lang.reflect.Method.invoke(Method.java:498)
	at org.testng.internal.MethodInvocationHelper.invokeMethod(MethodInvocationHelper.java:80)
	at org.testng.internal.MethodInvocationHelper$1.runTestMethod(MethodInvocationHelper.java:182)
	at org.springframework.test.context.testng.AbstractTestNGSpringContextTests.run(AbstractTestNGSpringContextTests.java:180)
	at sun.reflect.GeneratedMethodAccessor44.invoke(Unknown Source)
	at sun.reflect.DelegatingMethodAccessorImpl.invoke(DelegatingMethodAccessorImpl.java:43)
	at java.lang.reflect.Method.invoke(Method.java:498)
	at org.testng.internal.MethodInvocationHelper.invokeHookable(MethodInvocationHelper.java:194)
	at org.testng.internal.Invoker.invokeMethod(Invoker.java:707)
	at org.testng.internal.Invoker.invokeTestMethod(Invoker.java:901)
	at org.testng.internal.Invoker.invokeTestMethods(Invoker.java:1231)
	at org.testng.internal.TestMethodWorker.invokeTestMethods(TestMethodWorker.java:127)
	at org.testng.internal.TestMethodWorker.run(TestMethodWorker.java:111)
	at org.testng.internal.thread.ThreadUtil$2.call(ThreadUtil.java:64)
	at java.util.concurrent.FutureTask.run(FutureTask.java:266)
	at java.util.concurrent.ThreadPoolExecutor.runWorker(ThreadPoolExecutor.java:1149)
	at java.util.concurrent.ThreadPoolExecutor$Worker.run(ThreadPoolExecutor.java:624)
	at java.lang.Thread.run(Thread.java:748)
Caused by: java.lang.AssertionError: Status expected:<200 OK> but was:<404 NOT_FOUND>
	at org.springframework.test.util.AssertionErrors.fail(AssertionErrors.java:55)
	at org.springframework.test.util.AssertionErrors.assertEquals(AssertionErrors.java:82)
	at org.springframework.test.web.reactive.server.StatusAssertions.lambda$assertStatusAndReturn$4(StatusAssertions.java:227)
	at org.springframework.test.web.reactive.server.ExchangeResult.assertWithDiagnostics(ExchangeResult.java:197)
	... 24 more
]]>
    </error>
  </testcase> <!-- testOrderHistoryLoad -->
  <testcase name="testOrderHistoryLoad" time="0.036" classname="cool.fountain.online.web.test.order.TestHistoryTestNg">
    <error type="java.lang.AssertionError" message="Status expected:&lt;200 OK&gt; but was:&lt;404 NOT_FOUND&gt;

&gt; POST https://qa3-api.chaipoint.com/outlet-pos-api/api/order/history
&gt; WebTestClient-Request-Id: [1]
&gt; service.auth.key: [1234567]
&gt; Content-Type: [application/json]
&gt; Content-Length: [19]

{
  &quot;moduleId&quot;: 1
}

&lt; 404 NOT_FOUND Not Found
&lt; Date: [Wed, 04 Dec 2019 12:38:20 GMT]
&lt; Content-Type: [text/html;charset=utf-8]
&lt; Content-Length: [1056]
&lt; Connection: [keep-alive]
&lt; Server: [Apache-Coyote/1.1]
&lt; Content-Language: [en]

&lt;!DOCTYPE html&gt;&lt;html&gt;&lt;head&gt;&lt;title&gt;Apache Tomcat/8.5.0 - Error report&lt;/title&gt;&lt;style type=&quot;text/css&quot;&gt;H1 {font-family:Tahoma,Arial,sans-serif;color:white;background-color:#525D76;font-size:22px;} H2 {font-family:Tahoma,Arial,sans-serif;color:white;background-color:#525D76;font-size:16px;} H3 {font-family:Tahoma,Arial,sans-serif;color:white;background-color:#525D76;font-size:14px;} BODY {font-family:Tahoma,Arial,sans-serif;color:black;background-color:white;} B {font-family:Tahoma,Arial,sans-serif;color:white;background-color:#525D76;} P {font-family:Tahoma,Arial,sans-serif;background:white;color:black;font-size:12px;}A {color : black;}A.name {color : black;}.line {height: 1px; background-color: #525D76; border: none;}&lt;/style&gt; &lt;/head&gt;&lt;body&gt;&lt;h1&gt;HTTP Status 404 - /outlet-pos-api/api/order/history&lt;/h1&gt;&lt;div class=&quot;line&quot;&gt;&lt;/div&gt;&lt;p&gt;&lt;b&gt;type&lt;/b&gt; Status report&lt;/p&gt;&lt;p&gt;&lt;b&gt;message&lt;/b&gt; &lt;u&gt;/outlet-pos-api/api/order/history&lt;/u&gt;&lt;/p&gt;&lt;p&gt;&lt;b&gt;description&lt;/b&gt; &lt;u&gt;The requested resource is not available.&lt;/u&gt;&lt;/p&gt;&lt;hr class=&quot;line&quot;&gt;&lt;h3&gt;Apache Tomcat/8.5.0&lt;/h3&gt;&lt;/body&gt;&lt;/html&gt;
">
      <![CDATA[java.lang.AssertionError: Status expected:<200 OK> but was:<404 NOT_FOUND>

> POST https://qa3-api.chaipoint.com/outlet-pos-api/api/order/history
> WebTestClient-Request-Id: [1]
> service.auth.key: [1234567]
> Content-Type: [application/json]
> Content-Length: [19]

{
  "moduleId": 1
}

< 404 NOT_FOUND Not Found
< Date: [Wed, 04 Dec 2019 12:38:20 GMT]
< Content-Type: [text/html;charset=utf-8]
< Content-Length: [1056]
< Connection: [keep-alive]
< Server: [Apache-Coyote/1.1]
< Content-Language: [en]

<!DOCTYPE html><html><head><title>Apache Tomcat/8.5.0 - Error report</title><style type="text/css">H1 {font-family:Tahoma,Arial,sans-serif;color:white;background-color:#525D76;font-size:22px;} H2 {font-family:Tahoma,Arial,sans-serif;color:white;background-color:#525D76;font-size:16px;} H3 {font-family:Tahoma,Arial,sans-serif;color:white;background-color:#525D76;font-size:14px;} BODY {font-family:Tahoma,Arial,sans-serif;color:black;background-color:white;} B {font-family:Tahoma,Arial,sans-serif;color:white;background-color:#525D76;} P {font-family:Tahoma,Arial,sans-serif;background:white;color:black;font-size:12px;}A {color : black;}A.name {color : black;}.line {height: 1px; background-color: #525D76; border: none;}</style> </head><body><h1>HTTP Status 404 - /outlet-pos-api/api/order/history</h1><div class="line"></div><p><b>type</b> Status report</p><p><b>message</b> <u>/outlet-pos-api/api/order/history</u></p><p><b>description</b> <u>The requested resource is not available.</u></p><hr class="line"><h3>Apache Tomcat/8.5.0</h3></body></html>

	at org.springframework.test.web.reactive.server.ExchangeResult.assertWithDiagnostics(ExchangeResult.java:200)
	at org.springframework.test.web.reactive.server.StatusAssertions.assertStatusAndReturn(StatusAssertions.java:227)
	at org.springframework.test.web.reactive.server.StatusAssertions.isOk(StatusAssertions.java:67)
	at cool.fountain.online.web.test.order.TestHistoryTestNg.history(TestHistoryTestNg.java:91)
	at cool.fountain.online.web.test.order.TestHistoryTestNg.testOrderHistoryLoad(TestHistoryTestNg.java:77)
	at sun.reflect.GeneratedMethodAccessor53.invoke(Unknown Source)
	at sun.reflect.DelegatingMethodAccessorImpl.invoke(DelegatingMethodAccessorImpl.java:43)
	at java.lang.reflect.Method.invoke(Method.java:498)
	at org.testng.internal.MethodInvocationHelper.invokeMethod(MethodInvocationHelper.java:80)
	at org.testng.internal.MethodInvocationHelper$1.runTestMethod(MethodInvocationHelper.java:182)
	at org.springframework.test.context.testng.AbstractTestNGSpringContextTests.run(AbstractTestNGSpringContextTests.java:180)
	at sun.reflect.GeneratedMethodAccessor44.invoke(Unknown Source)
	at sun.reflect.DelegatingMethodAccessorImpl.invoke(DelegatingMethodAccessorImpl.java:43)
	at java.lang.reflect.Method.invoke(Method.java:498)
	at org.testng.internal.MethodInvocationHelper.invokeHookable(MethodInvocationHelper.java:194)
	at org.testng.internal.Invoker.invokeMethod(Invoker.java:707)
	at org.testng.internal.Invoker.invokeTestMethod(Invoker.java:901)
	at org.testng.internal.Invoker.invokeTestMethods(Invoker.java:1231)
	at org.testng.internal.TestMethodWorker.invokeTestMethods(TestMethodWorker.java:127)
	at org.testng.internal.TestMethodWorker.run(TestMethodWorker.java:111)
	at org.testng.internal.thread.ThreadUtil$2.call(ThreadUtil.java:64)
	at java.util.concurrent.FutureTask.run(FutureTask.java:266)
	at java.util.concurrent.ThreadPoolExecutor.runWorker(ThreadPoolExecutor.java:1149)
	at java.util.concurrent.ThreadPoolExecutor$Worker.run(ThreadPoolExecutor.java:624)
	at java.lang.Thread.run(Thread.java:748)
Caused by: java.lang.AssertionError: Status expected:<200 OK> but was:<404 NOT_FOUND>
	at org.springframework.test.util.AssertionErrors.fail(AssertionErrors.java:55)
	at org.springframework.test.util.AssertionErrors.assertEquals(AssertionErrors.java:82)
	at org.springframework.test.web.reactive.server.StatusAssertions.lambda$assertStatusAndReturn$4(StatusAssertions.java:227)
	at org.springframework.test.web.reactive.server.ExchangeResult.assertWithDiagnostics(ExchangeResult.java:197)
	... 24 more
]]>
    </error>
  </testcase> <!-- testOrderHistoryLoad -->
  <testcase name="testOrderHistoryLoad" time="0.029" classname="cool.fountain.online.web.test.order.TestHistoryTestNg">
    <error type="java.lang.AssertionError" message="Status expected:&lt;200 OK&gt; but was:&lt;404 NOT_FOUND&gt;

&gt; POST https://qa3-api.chaipoint.com/outlet-pos-api/api/order/history
&gt; WebTestClient-Request-Id: [1]
&gt; service.auth.key: [1234567]
&gt; Content-Type: [application/json]
&gt; Content-Length: [19]

{
  &quot;moduleId&quot;: 1
}

&lt; 404 NOT_FOUND Not Found
&lt; Date: [Wed, 04 Dec 2019 12:38:20 GMT]
&lt; Content-Type: [text/html;charset=utf-8]
&lt; Content-Length: [1056]
&lt; Connection: [keep-alive]
&lt; Server: [Apache-Coyote/1.1]
&lt; Content-Language: [en]

&lt;!DOCTYPE html&gt;&lt;html&gt;&lt;head&gt;&lt;title&gt;Apache Tomcat/8.5.0 - Error report&lt;/title&gt;&lt;style type=&quot;text/css&quot;&gt;H1 {font-family:Tahoma,Arial,sans-serif;color:white;background-color:#525D76;font-size:22px;} H2 {font-family:Tahoma,Arial,sans-serif;color:white;background-color:#525D76;font-size:16px;} H3 {font-family:Tahoma,Arial,sans-serif;color:white;background-color:#525D76;font-size:14px;} BODY {font-family:Tahoma,Arial,sans-serif;color:black;background-color:white;} B {font-family:Tahoma,Arial,sans-serif;color:white;background-color:#525D76;} P {font-family:Tahoma,Arial,sans-serif;background:white;color:black;font-size:12px;}A {color : black;}A.name {color : black;}.line {height: 1px; background-color: #525D76; border: none;}&lt;/style&gt; &lt;/head&gt;&lt;body&gt;&lt;h1&gt;HTTP Status 404 - /outlet-pos-api/api/order/history&lt;/h1&gt;&lt;div class=&quot;line&quot;&gt;&lt;/div&gt;&lt;p&gt;&lt;b&gt;type&lt;/b&gt; Status report&lt;/p&gt;&lt;p&gt;&lt;b&gt;message&lt;/b&gt; &lt;u&gt;/outlet-pos-api/api/order/history&lt;/u&gt;&lt;/p&gt;&lt;p&gt;&lt;b&gt;description&lt;/b&gt; &lt;u&gt;The requested resource is not available.&lt;/u&gt;&lt;/p&gt;&lt;hr class=&quot;line&quot;&gt;&lt;h3&gt;Apache Tomcat/8.5.0&lt;/h3&gt;&lt;/body&gt;&lt;/html&gt;
">
      <![CDATA[java.lang.AssertionError: Status expected:<200 OK> but was:<404 NOT_FOUND>

> POST https://qa3-api.chaipoint.com/outlet-pos-api/api/order/history
> WebTestClient-Request-Id: [1]
> service.auth.key: [1234567]
> Content-Type: [application/json]
> Content-Length: [19]

{
  "moduleId": 1
}

< 404 NOT_FOUND Not Found
< Date: [Wed, 04 Dec 2019 12:38:20 GMT]
< Content-Type: [text/html;charset=utf-8]
< Content-Length: [1056]
< Connection: [keep-alive]
< Server: [Apache-Coyote/1.1]
< Content-Language: [en]

<!DOCTYPE html><html><head><title>Apache Tomcat/8.5.0 - Error report</title><style type="text/css">H1 {font-family:Tahoma,Arial,sans-serif;color:white;background-color:#525D76;font-size:22px;} H2 {font-family:Tahoma,Arial,sans-serif;color:white;background-color:#525D76;font-size:16px;} H3 {font-family:Tahoma,Arial,sans-serif;color:white;background-color:#525D76;font-size:14px;} BODY {font-family:Tahoma,Arial,sans-serif;color:black;background-color:white;} B {font-family:Tahoma,Arial,sans-serif;color:white;background-color:#525D76;} P {font-family:Tahoma,Arial,sans-serif;background:white;color:black;font-size:12px;}A {color : black;}A.name {color : black;}.line {height: 1px; background-color: #525D76; border: none;}</style> </head><body><h1>HTTP Status 404 - /outlet-pos-api/api/order/history</h1><div class="line"></div><p><b>type</b> Status report</p><p><b>message</b> <u>/outlet-pos-api/api/order/history</u></p><p><b>description</b> <u>The requested resource is not available.</u></p><hr class="line"><h3>Apache Tomcat/8.5.0</h3></body></html>

	at org.springframework.test.web.reactive.server.ExchangeResult.assertWithDiagnostics(ExchangeResult.java:200)
	at org.springframework.test.web.reactive.server.StatusAssertions.assertStatusAndReturn(StatusAssertions.java:227)
	at org.springframework.test.web.reactive.server.StatusAssertions.isOk(StatusAssertions.java:67)
	at cool.fountain.online.web.test.order.TestHistoryTestNg.history(TestHistoryTestNg.java:91)
	at cool.fountain.online.web.test.order.TestHistoryTestNg.testOrderHistoryLoad(TestHistoryTestNg.java:77)
	at sun.reflect.GeneratedMethodAccessor53.invoke(Unknown Source)
	at sun.reflect.DelegatingMethodAccessorImpl.invoke(DelegatingMethodAccessorImpl.java:43)
	at java.lang.reflect.Method.invoke(Method.java:498)
	at org.testng.internal.MethodInvocationHelper.invokeMethod(MethodInvocationHelper.java:80)
	at org.testng.internal.MethodInvocationHelper$1.runTestMethod(MethodInvocationHelper.java:182)
	at org.springframework.test.context.testng.AbstractTestNGSpringContextTests.run(AbstractTestNGSpringContextTests.java:180)
	at sun.reflect.GeneratedMethodAccessor44.invoke(Unknown Source)
	at sun.reflect.DelegatingMethodAccessorImpl.invoke(DelegatingMethodAccessorImpl.java:43)
	at java.lang.reflect.Method.invoke(Method.java:498)
	at org.testng.internal.MethodInvocationHelper.invokeHookable(MethodInvocationHelper.java:194)
	at org.testng.internal.Invoker.invokeMethod(Invoker.java:707)
	at org.testng.internal.Invoker.invokeTestMethod(Invoker.java:901)
	at org.testng.internal.Invoker.invokeTestMethods(Invoker.java:1231)
	at org.testng.internal.TestMethodWorker.invokeTestMethods(TestMethodWorker.java:127)
	at org.testng.internal.TestMethodWorker.run(TestMethodWorker.java:111)
	at org.testng.internal.thread.ThreadUtil$2.call(ThreadUtil.java:64)
	at java.util.concurrent.FutureTask.run(FutureTask.java:266)
	at java.util.concurrent.ThreadPoolExecutor.runWorker(ThreadPoolExecutor.java:1149)
	at java.util.concurrent.ThreadPoolExecutor$Worker.run(ThreadPoolExecutor.java:624)
	at java.lang.Thread.run(Thread.java:748)
Caused by: java.lang.AssertionError: Status expected:<200 OK> but was:<404 NOT_FOUND>
	at org.springframework.test.util.AssertionErrors.fail(AssertionErrors.java:55)
	at org.springframework.test.util.AssertionErrors.assertEquals(AssertionErrors.java:82)
	at org.springframework.test.web.reactive.server.StatusAssertions.lambda$assertStatusAndReturn$4(StatusAssertions.java:227)
	at org.springframework.test.web.reactive.server.ExchangeResult.assertWithDiagnostics(ExchangeResult.java:197)
	... 24 more
]]>
    </error>
  </testcase> <!-- testOrderHistoryLoad -->
  <testcase name="testOrderHistoryLoad" time="0.145" classname="cool.fountain.online.web.test.order.TestHistoryTestNg"/>
  <testcase name="testOrderHistoryLoad" time="0.035" classname="cool.fountain.online.web.test.order.TestHistoryTestNg">
    <error type="java.lang.AssertionError" message="Status expected:&lt;200 OK&gt; but was:&lt;404 NOT_FOUND&gt;

&gt; POST https://qa3-api.chaipoint.com/outlet-pos-api/api/order/history
&gt; WebTestClient-Request-Id: [1]
&gt; service.auth.key: [1234567]
&gt; Content-Type: [application/json]
&gt; Content-Length: [19]

{
  &quot;moduleId&quot;: 1
}

&lt; 404 NOT_FOUND Not Found
&lt; Date: [Wed, 04 Dec 2019 12:38:20 GMT]
&lt; Content-Type: [text/html;charset=utf-8]
&lt; Content-Length: [1056]
&lt; Connection: [keep-alive]
&lt; Server: [Apache-Coyote/1.1]
&lt; Content-Language: [en]

&lt;!DOCTYPE html&gt;&lt;html&gt;&lt;head&gt;&lt;title&gt;Apache Tomcat/8.5.0 - Error report&lt;/title&gt;&lt;style type=&quot;text/css&quot;&gt;H1 {font-family:Tahoma,Arial,sans-serif;color:white;background-color:#525D76;font-size:22px;} H2 {font-family:Tahoma,Arial,sans-serif;color:white;background-color:#525D76;font-size:16px;} H3 {font-family:Tahoma,Arial,sans-serif;color:white;background-color:#525D76;font-size:14px;} BODY {font-family:Tahoma,Arial,sans-serif;color:black;background-color:white;} B {font-family:Tahoma,Arial,sans-serif;color:white;background-color:#525D76;} P {font-family:Tahoma,Arial,sans-serif;background:white;color:black;font-size:12px;}A {color : black;}A.name {color : black;}.line {height: 1px; background-color: #525D76; border: none;}&lt;/style&gt; &lt;/head&gt;&lt;body&gt;&lt;h1&gt;HTTP Status 404 - /outlet-pos-api/api/order/history&lt;/h1&gt;&lt;div class=&quot;line&quot;&gt;&lt;/div&gt;&lt;p&gt;&lt;b&gt;type&lt;/b&gt; Status report&lt;/p&gt;&lt;p&gt;&lt;b&gt;message&lt;/b&gt; &lt;u&gt;/outlet-pos-api/api/order/history&lt;/u&gt;&lt;/p&gt;&lt;p&gt;&lt;b&gt;description&lt;/b&gt; &lt;u&gt;The requested resource is not available.&lt;/u&gt;&lt;/p&gt;&lt;hr class=&quot;line&quot;&gt;&lt;h3&gt;Apache Tomcat/8.5.0&lt;/h3&gt;&lt;/body&gt;&lt;/html&gt;
">
      <![CDATA[java.lang.AssertionError: Status expected:<200 OK> but was:<404 NOT_FOUND>

> POST https://qa3-api.chaipoint.com/outlet-pos-api/api/order/history
> WebTestClient-Request-Id: [1]
> service.auth.key: [1234567]
> Content-Type: [application/json]
> Content-Length: [19]

{
  "moduleId": 1
}

< 404 NOT_FOUND Not Found
< Date: [Wed, 04 Dec 2019 12:38:20 GMT]
< Content-Type: [text/html;charset=utf-8]
< Content-Length: [1056]
< Connection: [keep-alive]
< Server: [Apache-Coyote/1.1]
< Content-Language: [en]

<!DOCTYPE html><html><head><title>Apache Tomcat/8.5.0 - Error report</title><style type="text/css">H1 {font-family:Tahoma,Arial,sans-serif;color:white;background-color:#525D76;font-size:22px;} H2 {font-family:Tahoma,Arial,sans-serif;color:white;background-color:#525D76;font-size:16px;} H3 {font-family:Tahoma,Arial,sans-serif;color:white;background-color:#525D76;font-size:14px;} BODY {font-family:Tahoma,Arial,sans-serif;color:black;background-color:white;} B {font-family:Tahoma,Arial,sans-serif;color:white;background-color:#525D76;} P {font-family:Tahoma,Arial,sans-serif;background:white;color:black;font-size:12px;}A {color : black;}A.name {color : black;}.line {height: 1px; background-color: #525D76; border: none;}</style> </head><body><h1>HTTP Status 404 - /outlet-pos-api/api/order/history</h1><div class="line"></div><p><b>type</b> Status report</p><p><b>message</b> <u>/outlet-pos-api/api/order/history</u></p><p><b>description</b> <u>The requested resource is not available.</u></p><hr class="line"><h3>Apache Tomcat/8.5.0</h3></body></html>

	at org.springframework.test.web.reactive.server.ExchangeResult.assertWithDiagnostics(ExchangeResult.java:200)
	at org.springframework.test.web.reactive.server.StatusAssertions.assertStatusAndReturn(StatusAssertions.java:227)
	at org.springframework.test.web.reactive.server.StatusAssertions.isOk(StatusAssertions.java:67)
	at cool.fountain.online.web.test.order.TestHistoryTestNg.history(TestHistoryTestNg.java:91)
	at cool.fountain.online.web.test.order.TestHistoryTestNg.testOrderHistoryLoad(TestHistoryTestNg.java:77)
	at sun.reflect.GeneratedMethodAccessor53.invoke(Unknown Source)
	at sun.reflect.DelegatingMethodAccessorImpl.invoke(DelegatingMethodAccessorImpl.java:43)
	at java.lang.reflect.Method.invoke(Method.java:498)
	at org.testng.internal.MethodInvocationHelper.invokeMethod(MethodInvocationHelper.java:80)
	at org.testng.internal.MethodInvocationHelper$1.runTestMethod(MethodInvocationHelper.java:182)
	at org.springframework.test.context.testng.AbstractTestNGSpringContextTests.run(AbstractTestNGSpringContextTests.java:180)
	at sun.reflect.GeneratedMethodAccessor44.invoke(Unknown Source)
	at sun.reflect.DelegatingMethodAccessorImpl.invoke(DelegatingMethodAccessorImpl.java:43)
	at java.lang.reflect.Method.invoke(Method.java:498)
	at org.testng.internal.MethodInvocationHelper.invokeHookable(MethodInvocationHelper.java:194)
	at org.testng.internal.Invoker.invokeMethod(Invoker.java:707)
	at org.testng.internal.Invoker.invokeTestMethod(Invoker.java:901)
	at org.testng.internal.Invoker.invokeTestMethods(Invoker.java:1231)
	at org.testng.internal.TestMethodWorker.invokeTestMethods(TestMethodWorker.java:127)
	at org.testng.internal.TestMethodWorker.run(TestMethodWorker.java:111)
	at org.testng.internal.thread.ThreadUtil$2.call(ThreadUtil.java:64)
	at java.util.concurrent.FutureTask.run(FutureTask.java:266)
	at java.util.concurrent.ThreadPoolExecutor.runWorker(ThreadPoolExecutor.java:1149)
	at java.util.concurrent.ThreadPoolExecutor$Worker.run(ThreadPoolExecutor.java:624)
	at java.lang.Thread.run(Thread.java:748)
Caused by: java.lang.AssertionError: Status expected:<200 OK> but was:<404 NOT_FOUND>
	at org.springframework.test.util.AssertionErrors.fail(AssertionErrors.java:55)
	at org.springframework.test.util.AssertionErrors.assertEquals(AssertionErrors.java:82)
	at org.springframework.test.web.reactive.server.StatusAssertions.lambda$assertStatusAndReturn$4(StatusAssertions.java:227)
	at org.springframework.test.web.reactive.server.ExchangeResult.assertWithDiagnostics(ExchangeResult.java:197)
	... 24 more
]]>
    </error>
  </testcase> <!-- testOrderHistoryLoad -->
  <testcase name="testOrderHistoryLoad" time="0.048" classname="cool.fountain.online.web.test.order.TestHistoryTestNg">
    <error type="java.lang.AssertionError" message="Status expected:&lt;200 OK&gt; but was:&lt;404 NOT_FOUND&gt;

&gt; POST https://qa3-api.chaipoint.com/outlet-pos-api/api/order/history
&gt; WebTestClient-Request-Id: [1]
&gt; service.auth.key: [1234567]
&gt; Content-Type: [application/json]
&gt; Content-Length: [19]

{
  &quot;moduleId&quot;: 1
}

&lt; 404 NOT_FOUND Not Found
&lt; Date: [Wed, 04 Dec 2019 12:38:19 GMT]
&lt; Content-Type: [text/html;charset=utf-8]
&lt; Content-Length: [1056]
&lt; Connection: [keep-alive]
&lt; Server: [Apache-Coyote/1.1]
&lt; Content-Language: [en]

&lt;!DOCTYPE html&gt;&lt;html&gt;&lt;head&gt;&lt;title&gt;Apache Tomcat/8.5.0 - Error report&lt;/title&gt;&lt;style type=&quot;text/css&quot;&gt;H1 {font-family:Tahoma,Arial,sans-serif;color:white;background-color:#525D76;font-size:22px;} H2 {font-family:Tahoma,Arial,sans-serif;color:white;background-color:#525D76;font-size:16px;} H3 {font-family:Tahoma,Arial,sans-serif;color:white;background-color:#525D76;font-size:14px;} BODY {font-family:Tahoma,Arial,sans-serif;color:black;background-color:white;} B {font-family:Tahoma,Arial,sans-serif;color:white;background-color:#525D76;} P {font-family:Tahoma,Arial,sans-serif;background:white;color:black;font-size:12px;}A {color : black;}A.name {color : black;}.line {height: 1px; background-color: #525D76; border: none;}&lt;/style&gt; &lt;/head&gt;&lt;body&gt;&lt;h1&gt;HTTP Status 404 - /outlet-pos-api/api/order/history&lt;/h1&gt;&lt;div class=&quot;line&quot;&gt;&lt;/div&gt;&lt;p&gt;&lt;b&gt;type&lt;/b&gt; Status report&lt;/p&gt;&lt;p&gt;&lt;b&gt;message&lt;/b&gt; &lt;u&gt;/outlet-pos-api/api/order/history&lt;/u&gt;&lt;/p&gt;&lt;p&gt;&lt;b&gt;description&lt;/b&gt; &lt;u&gt;The requested resource is not available.&lt;/u&gt;&lt;/p&gt;&lt;hr class=&quot;line&quot;&gt;&lt;h3&gt;Apache Tomcat/8.5.0&lt;/h3&gt;&lt;/body&gt;&lt;/html&gt;
">
      <![CDATA[java.lang.AssertionError: Status expected:<200 OK> but was:<404 NOT_FOUND>

> POST https://qa3-api.chaipoint.com/outlet-pos-api/api/order/history
> WebTestClient-Request-Id: [1]
> service.auth.key: [1234567]
> Content-Type: [application/json]
> Content-Length: [19]

{
  "moduleId": 1
}

< 404 NOT_FOUND Not Found
< Date: [Wed, 04 Dec 2019 12:38:19 GMT]
< Content-Type: [text/html;charset=utf-8]
< Content-Length: [1056]
< Connection: [keep-alive]
< Server: [Apache-Coyote/1.1]
< Content-Language: [en]

<!DOCTYPE html><html><head><title>Apache Tomcat/8.5.0 - Error report</title><style type="text/css">H1 {font-family:Tahoma,Arial,sans-serif;color:white;background-color:#525D76;font-size:22px;} H2 {font-family:Tahoma,Arial,sans-serif;color:white;background-color:#525D76;font-size:16px;} H3 {font-family:Tahoma,Arial,sans-serif;color:white;background-color:#525D76;font-size:14px;} BODY {font-family:Tahoma,Arial,sans-serif;color:black;background-color:white;} B {font-family:Tahoma,Arial,sans-serif;color:white;background-color:#525D76;} P {font-family:Tahoma,Arial,sans-serif;background:white;color:black;font-size:12px;}A {color : black;}A.name {color : black;}.line {height: 1px; background-color: #525D76; border: none;}</style> </head><body><h1>HTTP Status 404 - /outlet-pos-api/api/order/history</h1><div class="line"></div><p><b>type</b> Status report</p><p><b>message</b> <u>/outlet-pos-api/api/order/history</u></p><p><b>description</b> <u>The requested resource is not available.</u></p><hr class="line"><h3>Apache Tomcat/8.5.0</h3></body></html>

	at org.springframework.test.web.reactive.server.ExchangeResult.assertWithDiagnostics(ExchangeResult.java:200)
	at org.springframework.test.web.reactive.server.StatusAssertions.assertStatusAndReturn(StatusAssertions.java:227)
	at org.springframework.test.web.reactive.server.StatusAssertions.isOk(StatusAssertions.java:67)
	at cool.fountain.online.web.test.order.TestHistoryTestNg.history(TestHistoryTestNg.java:91)
	at cool.fountain.online.web.test.order.TestHistoryTestNg.testOrderHistoryLoad(TestHistoryTestNg.java:77)
	at sun.reflect.NativeMethodAccessorImpl.invoke0(Native Method)
	at sun.reflect.NativeMethodAccessorImpl.invoke(NativeMethodAccessorImpl.java:62)
	at sun.reflect.DelegatingMethodAccessorImpl.invoke(DelegatingMethodAccessorImpl.java:43)
	at java.lang.reflect.Method.invoke(Method.java:498)
	at org.testng.internal.MethodInvocationHelper.invokeMethod(MethodInvocationHelper.java:80)
	at org.testng.internal.MethodInvocationHelper$1.runTestMethod(MethodInvocationHelper.java:182)
	at org.springframework.test.context.testng.AbstractTestNGSpringContextTests.run(AbstractTestNGSpringContextTests.java:180)
	at sun.reflect.GeneratedMethodAccessor44.invoke(Unknown Source)
	at sun.reflect.DelegatingMethodAccessorImpl.invoke(DelegatingMethodAccessorImpl.java:43)
	at java.lang.reflect.Method.invoke(Method.java:498)
	at org.testng.internal.MethodInvocationHelper.invokeHookable(MethodInvocationHelper.java:194)
	at org.testng.internal.Invoker.invokeMethod(Invoker.java:707)
	at org.testng.internal.Invoker.invokeTestMethod(Invoker.java:901)
	at org.testng.internal.Invoker.invokeTestMethods(Invoker.java:1231)
	at org.testng.internal.TestMethodWorker.invokeTestMethods(TestMethodWorker.java:127)
	at org.testng.internal.TestMethodWorker.run(TestMethodWorker.java:111)
	at org.testng.internal.thread.ThreadUtil$2.call(ThreadUtil.java:64)
	at java.util.concurrent.FutureTask.run(FutureTask.java:266)
	at java.util.concurrent.ThreadPoolExecutor.runWorker(ThreadPoolExecutor.java:1149)
	at java.util.concurrent.ThreadPoolExecutor$Worker.run(ThreadPoolExecutor.java:624)
	at java.lang.Thread.run(Thread.java:748)
Caused by: java.lang.AssertionError: Status expected:<200 OK> but was:<404 NOT_FOUND>
	at org.springframework.test.util.AssertionErrors.fail(AssertionErrors.java:55)
	at org.springframework.test.util.AssertionErrors.assertEquals(AssertionErrors.java:82)
	at org.springframework.test.web.reactive.server.StatusAssertions.lambda$assertStatusAndReturn$4(StatusAssertions.java:227)
	at org.springframework.test.web.reactive.server.ExchangeResult.assertWithDiagnostics(ExchangeResult.java:197)
	... 25 more
]]>
    </error>
  </testcase> <!-- testOrderHistoryLoad -->
  <testcase name="testOrderHistoryLoad" time="0.148" classname="cool.fountain.online.web.test.order.TestHistoryTestNg"/>
  <testcase name="testOrderHistoryLoad" time="0.043" classname="cool.fountain.online.web.test.order.TestHistoryTestNg">
    <error type="java.lang.AssertionError" message="Status expected:&lt;200 OK&gt; but was:&lt;404 NOT_FOUND&gt;

&gt; POST https://qa3-api.chaipoint.com/outlet-pos-api/api/order/history
&gt; WebTestClient-Request-Id: [1]
&gt; service.auth.key: [1234567]
&gt; Content-Type: [application/json]
&gt; Content-Length: [19]

{
  &quot;moduleId&quot;: 1
}

&lt; 404 NOT_FOUND Not Found
&lt; Date: [Wed, 04 Dec 2019 12:38:20 GMT]
&lt; Content-Type: [text/html;charset=utf-8]
&lt; Content-Length: [1056]
&lt; Connection: [keep-alive]
&lt; Server: [Apache-Coyote/1.1]
&lt; Content-Language: [en]

&lt;!DOCTYPE html&gt;&lt;html&gt;&lt;head&gt;&lt;title&gt;Apache Tomcat/8.5.0 - Error report&lt;/title&gt;&lt;style type=&quot;text/css&quot;&gt;H1 {font-family:Tahoma,Arial,sans-serif;color:white;background-color:#525D76;font-size:22px;} H2 {font-family:Tahoma,Arial,sans-serif;color:white;background-color:#525D76;font-size:16px;} H3 {font-family:Tahoma,Arial,sans-serif;color:white;background-color:#525D76;font-size:14px;} BODY {font-family:Tahoma,Arial,sans-serif;color:black;background-color:white;} B {font-family:Tahoma,Arial,sans-serif;color:white;background-color:#525D76;} P {font-family:Tahoma,Arial,sans-serif;background:white;color:black;font-size:12px;}A {color : black;}A.name {color : black;}.line {height: 1px; background-color: #525D76; border: none;}&lt;/style&gt; &lt;/head&gt;&lt;body&gt;&lt;h1&gt;HTTP Status 404 - /outlet-pos-api/api/order/history&lt;/h1&gt;&lt;div class=&quot;line&quot;&gt;&lt;/div&gt;&lt;p&gt;&lt;b&gt;type&lt;/b&gt; Status report&lt;/p&gt;&lt;p&gt;&lt;b&gt;message&lt;/b&gt; &lt;u&gt;/outlet-pos-api/api/order/history&lt;/u&gt;&lt;/p&gt;&lt;p&gt;&lt;b&gt;description&lt;/b&gt; &lt;u&gt;The requested resource is not available.&lt;/u&gt;&lt;/p&gt;&lt;hr class=&quot;line&quot;&gt;&lt;h3&gt;Apache Tomcat/8.5.0&lt;/h3&gt;&lt;/body&gt;&lt;/html&gt;
">
      <![CDATA[java.lang.AssertionError: Status expected:<200 OK> but was:<404 NOT_FOUND>

> POST https://qa3-api.chaipoint.com/outlet-pos-api/api/order/history
> WebTestClient-Request-Id: [1]
> service.auth.key: [1234567]
> Content-Type: [application/json]
> Content-Length: [19]

{
  "moduleId": 1
}

< 404 NOT_FOUND Not Found
< Date: [Wed, 04 Dec 2019 12:38:20 GMT]
< Content-Type: [text/html;charset=utf-8]
< Content-Length: [1056]
< Connection: [keep-alive]
< Server: [Apache-Coyote/1.1]
< Content-Language: [en]

<!DOCTYPE html><html><head><title>Apache Tomcat/8.5.0 - Error report</title><style type="text/css">H1 {font-family:Tahoma,Arial,sans-serif;color:white;background-color:#525D76;font-size:22px;} H2 {font-family:Tahoma,Arial,sans-serif;color:white;background-color:#525D76;font-size:16px;} H3 {font-family:Tahoma,Arial,sans-serif;color:white;background-color:#525D76;font-size:14px;} BODY {font-family:Tahoma,Arial,sans-serif;color:black;background-color:white;} B {font-family:Tahoma,Arial,sans-serif;color:white;background-color:#525D76;} P {font-family:Tahoma,Arial,sans-serif;background:white;color:black;font-size:12px;}A {color : black;}A.name {color : black;}.line {height: 1px; background-color: #525D76; border: none;}</style> </head><body><h1>HTTP Status 404 - /outlet-pos-api/api/order/history</h1><div class="line"></div><p><b>type</b> Status report</p><p><b>message</b> <u>/outlet-pos-api/api/order/history</u></p><p><b>description</b> <u>The requested resource is not available.</u></p><hr class="line"><h3>Apache Tomcat/8.5.0</h3></body></html>

	at org.springframework.test.web.reactive.server.ExchangeResult.assertWithDiagnostics(ExchangeResult.java:200)
	at org.springframework.test.web.reactive.server.StatusAssertions.assertStatusAndReturn(StatusAssertions.java:227)
	at org.springframework.test.web.reactive.server.StatusAssertions.isOk(StatusAssertions.java:67)
	at cool.fountain.online.web.test.order.TestHistoryTestNg.history(TestHistoryTestNg.java:91)
	at cool.fountain.online.web.test.order.TestHistoryTestNg.testOrderHistoryLoad(TestHistoryTestNg.java:77)
	at sun.reflect.GeneratedMethodAccessor53.invoke(Unknown Source)
	at sun.reflect.DelegatingMethodAccessorImpl.invoke(DelegatingMethodAccessorImpl.java:43)
	at java.lang.reflect.Method.invoke(Method.java:498)
	at org.testng.internal.MethodInvocationHelper.invokeMethod(MethodInvocationHelper.java:80)
	at org.testng.internal.MethodInvocationHelper$1.runTestMethod(MethodInvocationHelper.java:182)
	at org.springframework.test.context.testng.AbstractTestNGSpringContextTests.run(AbstractTestNGSpringContextTests.java:180)
	at sun.reflect.GeneratedMethodAccessor44.invoke(Unknown Source)
	at sun.reflect.DelegatingMethodAccessorImpl.invoke(DelegatingMethodAccessorImpl.java:43)
	at java.lang.reflect.Method.invoke(Method.java:498)
	at org.testng.internal.MethodInvocationHelper.invokeHookable(MethodInvocationHelper.java:194)
	at org.testng.internal.Invoker.invokeMethod(Invoker.java:707)
	at org.testng.internal.Invoker.invokeTestMethod(Invoker.java:901)
	at org.testng.internal.Invoker.invokeTestMethods(Invoker.java:1231)
	at org.testng.internal.TestMethodWorker.invokeTestMethods(TestMethodWorker.java:127)
	at org.testng.internal.TestMethodWorker.run(TestMethodWorker.java:111)
	at org.testng.internal.thread.ThreadUtil$2.call(ThreadUtil.java:64)
	at java.util.concurrent.FutureTask.run(FutureTask.java:266)
	at java.util.concurrent.ThreadPoolExecutor.runWorker(ThreadPoolExecutor.java:1149)
	at java.util.concurrent.ThreadPoolExecutor$Worker.run(ThreadPoolExecutor.java:624)
	at java.lang.Thread.run(Thread.java:748)
Caused by: java.lang.AssertionError: Status expected:<200 OK> but was:<404 NOT_FOUND>
	at org.springframework.test.util.AssertionErrors.fail(AssertionErrors.java:55)
	at org.springframework.test.util.AssertionErrors.assertEquals(AssertionErrors.java:82)
	at org.springframework.test.web.reactive.server.StatusAssertions.lambda$assertStatusAndReturn$4(StatusAssertions.java:227)
	at org.springframework.test.web.reactive.server.ExchangeResult.assertWithDiagnostics(ExchangeResult.java:197)
	... 24 more
]]>
    </error>
  </testcase> <!-- testOrderHistoryLoad -->
  <testcase name="testOrderHistoryLoad" time="0.277" classname="cool.fountain.online.web.test.order.TestHistoryTestNg"/>
  <testcase name="testOrderHistoryLoad" time="0.119" classname="cool.fountain.online.web.test.order.TestHistoryTestNg"/>
  <testcase name="testOrderHistoryLoad" time="0.109" classname="cool.fountain.online.web.test.order.TestHistoryTestNg"/>
  <testcase name="testOrderHistoryLoad" time="0.034" classname="cool.fountain.online.web.test.order.TestHistoryTestNg">
    <error type="java.lang.AssertionError" message="Status expected:&lt;200 OK&gt; but was:&lt;404 NOT_FOUND&gt;

&gt; POST https://qa3-api.chaipoint.com/outlet-pos-api/api/order/history
&gt; WebTestClient-Request-Id: [1]
&gt; service.auth.key: [1234567]
&gt; Content-Type: [application/json]
&gt; Content-Length: [19]

{
  &quot;moduleId&quot;: 1
}

&lt; 404 NOT_FOUND Not Found
&lt; Date: [Wed, 04 Dec 2019 12:38:20 GMT]
&lt; Content-Type: [text/html;charset=utf-8]
&lt; Content-Length: [1056]
&lt; Connection: [keep-alive]
&lt; Server: [Apache-Coyote/1.1]
&lt; Content-Language: [en]

&lt;!DOCTYPE html&gt;&lt;html&gt;&lt;head&gt;&lt;title&gt;Apache Tomcat/8.5.0 - Error report&lt;/title&gt;&lt;style type=&quot;text/css&quot;&gt;H1 {font-family:Tahoma,Arial,sans-serif;color:white;background-color:#525D76;font-size:22px;} H2 {font-family:Tahoma,Arial,sans-serif;color:white;background-color:#525D76;font-size:16px;} H3 {font-family:Tahoma,Arial,sans-serif;color:white;background-color:#525D76;font-size:14px;} BODY {font-family:Tahoma,Arial,sans-serif;color:black;background-color:white;} B {font-family:Tahoma,Arial,sans-serif;color:white;background-color:#525D76;} P {font-family:Tahoma,Arial,sans-serif;background:white;color:black;font-size:12px;}A {color : black;}A.name {color : black;}.line {height: 1px; background-color: #525D76; border: none;}&lt;/style&gt; &lt;/head&gt;&lt;body&gt;&lt;h1&gt;HTTP Status 404 - /outlet-pos-api/api/order/history&lt;/h1&gt;&lt;div class=&quot;line&quot;&gt;&lt;/div&gt;&lt;p&gt;&lt;b&gt;type&lt;/b&gt; Status report&lt;/p&gt;&lt;p&gt;&lt;b&gt;message&lt;/b&gt; &lt;u&gt;/outlet-pos-api/api/order/history&lt;/u&gt;&lt;/p&gt;&lt;p&gt;&lt;b&gt;description&lt;/b&gt; &lt;u&gt;The requested resource is not available.&lt;/u&gt;&lt;/p&gt;&lt;hr class=&quot;line&quot;&gt;&lt;h3&gt;Apache Tomcat/8.5.0&lt;/h3&gt;&lt;/body&gt;&lt;/html&gt;
">
      <![CDATA[java.lang.AssertionError: Status expected:<200 OK> but was:<404 NOT_FOUND>

> POST https://qa3-api.chaipoint.com/outlet-pos-api/api/order/history
> WebTestClient-Request-Id: [1]
> service.auth.key: [1234567]
> Content-Type: [application/json]
> Content-Length: [19]

{
  "moduleId": 1
}

< 404 NOT_FOUND Not Found
< Date: [Wed, 04 Dec 2019 12:38:20 GMT]
< Content-Type: [text/html;charset=utf-8]
< Content-Length: [1056]
< Connection: [keep-alive]
< Server: [Apache-Coyote/1.1]
< Content-Language: [en]

<!DOCTYPE html><html><head><title>Apache Tomcat/8.5.0 - Error report</title><style type="text/css">H1 {font-family:Tahoma,Arial,sans-serif;color:white;background-color:#525D76;font-size:22px;} H2 {font-family:Tahoma,Arial,sans-serif;color:white;background-color:#525D76;font-size:16px;} H3 {font-family:Tahoma,Arial,sans-serif;color:white;background-color:#525D76;font-size:14px;} BODY {font-family:Tahoma,Arial,sans-serif;color:black;background-color:white;} B {font-family:Tahoma,Arial,sans-serif;color:white;background-color:#525D76;} P {font-family:Tahoma,Arial,sans-serif;background:white;color:black;font-size:12px;}A {color : black;}A.name {color : black;}.line {height: 1px; background-color: #525D76; border: none;}</style> </head><body><h1>HTTP Status 404 - /outlet-pos-api/api/order/history</h1><div class="line"></div><p><b>type</b> Status report</p><p><b>message</b> <u>/outlet-pos-api/api/order/history</u></p><p><b>description</b> <u>The requested resource is not available.</u></p><hr class="line"><h3>Apache Tomcat/8.5.0</h3></body></html>

	at org.springframework.test.web.reactive.server.ExchangeResult.assertWithDiagnostics(ExchangeResult.java:200)
	at org.springframework.test.web.reactive.server.StatusAssertions.assertStatusAndReturn(StatusAssertions.java:227)
	at org.springframework.test.web.reactive.server.StatusAssertions.isOk(StatusAssertions.java:67)
	at cool.fountain.online.web.test.order.TestHistoryTestNg.history(TestHistoryTestNg.java:91)
	at cool.fountain.online.web.test.order.TestHistoryTestNg.testOrderHistoryLoad(TestHistoryTestNg.java:77)
	at sun.reflect.GeneratedMethodAccessor53.invoke(Unknown Source)
	at sun.reflect.DelegatingMethodAccessorImpl.invoke(DelegatingMethodAccessorImpl.java:43)
	at java.lang.reflect.Method.invoke(Method.java:498)
	at org.testng.internal.MethodInvocationHelper.invokeMethod(MethodInvocationHelper.java:80)
	at org.testng.internal.MethodInvocationHelper$1.runTestMethod(MethodInvocationHelper.java:182)
	at org.springframework.test.context.testng.AbstractTestNGSpringContextTests.run(AbstractTestNGSpringContextTests.java:180)
	at sun.reflect.GeneratedMethodAccessor44.invoke(Unknown Source)
	at sun.reflect.DelegatingMethodAccessorImpl.invoke(DelegatingMethodAccessorImpl.java:43)
	at java.lang.reflect.Method.invoke(Method.java:498)
	at org.testng.internal.MethodInvocationHelper.invokeHookable(MethodInvocationHelper.java:194)
	at org.testng.internal.Invoker.invokeMethod(Invoker.java:707)
	at org.testng.internal.Invoker.invokeTestMethod(Invoker.java:901)
	at org.testng.internal.Invoker.invokeTestMethods(Invoker.java:1231)
	at org.testng.internal.TestMethodWorker.invokeTestMethods(TestMethodWorker.java:127)
	at org.testng.internal.TestMethodWorker.run(TestMethodWorker.java:111)
	at org.testng.internal.thread.ThreadUtil$2.call(ThreadUtil.java:64)
	at java.util.concurrent.FutureTask.run(FutureTask.java:266)
	at java.util.concurrent.ThreadPoolExecutor.runWorker(ThreadPoolExecutor.java:1149)
	at java.util.concurrent.ThreadPoolExecutor$Worker.run(ThreadPoolExecutor.java:624)
	at java.lang.Thread.run(Thread.java:748)
Caused by: java.lang.AssertionError: Status expected:<200 OK> but was:<404 NOT_FOUND>
	at org.springframework.test.util.AssertionErrors.fail(AssertionErrors.java:55)
	at org.springframework.test.util.AssertionErrors.assertEquals(AssertionErrors.java:82)
	at org.springframework.test.web.reactive.server.StatusAssertions.lambda$assertStatusAndReturn$4(StatusAssertions.java:227)
	at org.springframework.test.web.reactive.server.ExchangeResult.assertWithDiagnostics(ExchangeResult.java:197)
	... 24 more
]]>
    </error>
  </testcase> <!-- testOrderHistoryLoad -->
  <testcase name="testOrderHistoryLoad" time="0.112" classname="cool.fountain.online.web.test.order.TestHistoryTestNg"/>
  <testcase name="testOrderHistoryLoad" time="0.172" classname="cool.fountain.online.web.test.order.TestHistoryTestNg"/>
  <testcase name="testOrderHistoryLoad" time="0.038" classname="cool.fountain.online.web.test.order.TestHistoryTestNg">
    <error type="java.lang.AssertionError" message="Status expected:&lt;200 OK&gt; but was:&lt;404 NOT_FOUND&gt;

&gt; POST https://qa3-api.chaipoint.com/outlet-pos-api/api/order/history
&gt; WebTestClient-Request-Id: [1]
&gt; service.auth.key: [1234567]
&gt; Content-Type: [application/json]
&gt; Content-Length: [19]

{
  &quot;moduleId&quot;: 1
}

&lt; 404 NOT_FOUND Not Found
&lt; Date: [Wed, 04 Dec 2019 12:38:19 GMT]
&lt; Content-Type: [text/html;charset=utf-8]
&lt; Content-Length: [1056]
&lt; Connection: [keep-alive]
&lt; Server: [Apache-Coyote/1.1]
&lt; Content-Language: [en]

&lt;!DOCTYPE html&gt;&lt;html&gt;&lt;head&gt;&lt;title&gt;Apache Tomcat/8.5.0 - Error report&lt;/title&gt;&lt;style type=&quot;text/css&quot;&gt;H1 {font-family:Tahoma,Arial,sans-serif;color:white;background-color:#525D76;font-size:22px;} H2 {font-family:Tahoma,Arial,sans-serif;color:white;background-color:#525D76;font-size:16px;} H3 {font-family:Tahoma,Arial,sans-serif;color:white;background-color:#525D76;font-size:14px;} BODY {font-family:Tahoma,Arial,sans-serif;color:black;background-color:white;} B {font-family:Tahoma,Arial,sans-serif;color:white;background-color:#525D76;} P {font-family:Tahoma,Arial,sans-serif;background:white;color:black;font-size:12px;}A {color : black;}A.name {color : black;}.line {height: 1px; background-color: #525D76; border: none;}&lt;/style&gt; &lt;/head&gt;&lt;body&gt;&lt;h1&gt;HTTP Status 404 - /outlet-pos-api/api/order/history&lt;/h1&gt;&lt;div class=&quot;line&quot;&gt;&lt;/div&gt;&lt;p&gt;&lt;b&gt;type&lt;/b&gt; Status report&lt;/p&gt;&lt;p&gt;&lt;b&gt;message&lt;/b&gt; &lt;u&gt;/outlet-pos-api/api/order/history&lt;/u&gt;&lt;/p&gt;&lt;p&gt;&lt;b&gt;description&lt;/b&gt; &lt;u&gt;The requested resource is not available.&lt;/u&gt;&lt;/p&gt;&lt;hr class=&quot;line&quot;&gt;&lt;h3&gt;Apache Tomcat/8.5.0&lt;/h3&gt;&lt;/body&gt;&lt;/html&gt;
">
      <![CDATA[java.lang.AssertionError: Status expected:<200 OK> but was:<404 NOT_FOUND>

> POST https://qa3-api.chaipoint.com/outlet-pos-api/api/order/history
> WebTestClient-Request-Id: [1]
> service.auth.key: [1234567]
> Content-Type: [application/json]
> Content-Length: [19]

{
  "moduleId": 1
}

< 404 NOT_FOUND Not Found
< Date: [Wed, 04 Dec 2019 12:38:19 GMT]
< Content-Type: [text/html;charset=utf-8]
< Content-Length: [1056]
< Connection: [keep-alive]
< Server: [Apache-Coyote/1.1]
< Content-Language: [en]

<!DOCTYPE html><html><head><title>Apache Tomcat/8.5.0 - Error report</title><style type="text/css">H1 {font-family:Tahoma,Arial,sans-serif;color:white;background-color:#525D76;font-size:22px;} H2 {font-family:Tahoma,Arial,sans-serif;color:white;background-color:#525D76;font-size:16px;} H3 {font-family:Tahoma,Arial,sans-serif;color:white;background-color:#525D76;font-size:14px;} BODY {font-family:Tahoma,Arial,sans-serif;color:black;background-color:white;} B {font-family:Tahoma,Arial,sans-serif;color:white;background-color:#525D76;} P {font-family:Tahoma,Arial,sans-serif;background:white;color:black;font-size:12px;}A {color : black;}A.name {color : black;}.line {height: 1px; background-color: #525D76; border: none;}</style> </head><body><h1>HTTP Status 404 - /outlet-pos-api/api/order/history</h1><div class="line"></div><p><b>type</b> Status report</p><p><b>message</b> <u>/outlet-pos-api/api/order/history</u></p><p><b>description</b> <u>The requested resource is not available.</u></p><hr class="line"><h3>Apache Tomcat/8.5.0</h3></body></html>

	at org.springframework.test.web.reactive.server.ExchangeResult.assertWithDiagnostics(ExchangeResult.java:200)
	at org.springframework.test.web.reactive.server.StatusAssertions.assertStatusAndReturn(StatusAssertions.java:227)
	at org.springframework.test.web.reactive.server.StatusAssertions.isOk(StatusAssertions.java:67)
	at cool.fountain.online.web.test.order.TestHistoryTestNg.history(TestHistoryTestNg.java:91)
	at cool.fountain.online.web.test.order.TestHistoryTestNg.testOrderHistoryLoad(TestHistoryTestNg.java:77)
	at sun.reflect.NativeMethodAccessorImpl.invoke0(Native Method)
	at sun.reflect.NativeMethodAccessorImpl.invoke(NativeMethodAccessorImpl.java:62)
	at sun.reflect.DelegatingMethodAccessorImpl.invoke(DelegatingMethodAccessorImpl.java:43)
	at java.lang.reflect.Method.invoke(Method.java:498)
	at org.testng.internal.MethodInvocationHelper.invokeMethod(MethodInvocationHelper.java:80)
	at org.testng.internal.MethodInvocationHelper$1.runTestMethod(MethodInvocationHelper.java:182)
	at org.springframework.test.context.testng.AbstractTestNGSpringContextTests.run(AbstractTestNGSpringContextTests.java:180)
	at sun.reflect.GeneratedMethodAccessor44.invoke(Unknown Source)
	at sun.reflect.DelegatingMethodAccessorImpl.invoke(DelegatingMethodAccessorImpl.java:43)
	at java.lang.reflect.Method.invoke(Method.java:498)
	at org.testng.internal.MethodInvocationHelper.invokeHookable(MethodInvocationHelper.java:194)
	at org.testng.internal.Invoker.invokeMethod(Invoker.java:707)
	at org.testng.internal.Invoker.invokeTestMethod(Invoker.java:901)
	at org.testng.internal.Invoker.invokeTestMethods(Invoker.java:1231)
	at org.testng.internal.TestMethodWorker.invokeTestMethods(TestMethodWorker.java:127)
	at org.testng.internal.TestMethodWorker.run(TestMethodWorker.java:111)
	at org.testng.internal.thread.ThreadUtil$2.call(ThreadUtil.java:64)
	at java.util.concurrent.FutureTask.run(FutureTask.java:266)
	at java.util.concurrent.ThreadPoolExecutor.runWorker(ThreadPoolExecutor.java:1149)
	at java.util.concurrent.ThreadPoolExecutor$Worker.run(ThreadPoolExecutor.java:624)
	at java.lang.Thread.run(Thread.java:748)
Caused by: java.lang.AssertionError: Status expected:<200 OK> but was:<404 NOT_FOUND>
	at org.springframework.test.util.AssertionErrors.fail(AssertionErrors.java:55)
	at org.springframework.test.util.AssertionErrors.assertEquals(AssertionErrors.java:82)
	at org.springframework.test.web.reactive.server.StatusAssertions.lambda$assertStatusAndReturn$4(StatusAssertions.java:227)
	at org.springframework.test.web.reactive.server.ExchangeResult.assertWithDiagnostics(ExchangeResult.java:197)
	... 25 more
]]>
    </error>
  </testcase> <!-- testOrderHistoryLoad -->
  <testcase name="testOrderHistoryLoad" time="0.282" classname="cool.fountain.online.web.test.order.TestHistoryTestNg"/>
  <testcase name="testOrderHistoryLoad" time="0.060" classname="cool.fountain.online.web.test.order.TestHistoryTestNg">
    <error type="java.lang.AssertionError" message="Status expected:&lt;200 OK&gt; but was:&lt;404 NOT_FOUND&gt;

&gt; POST https://qa3-api.chaipoint.com/outlet-pos-api/api/order/history
&gt; WebTestClient-Request-Id: [1]
&gt; service.auth.key: [1234567]
&gt; Content-Type: [application/json]
&gt; Content-Length: [19]

{
  &quot;moduleId&quot;: 1
}

&lt; 404 NOT_FOUND Not Found
&lt; Date: [Wed, 04 Dec 2019 12:38:20 GMT]
&lt; Content-Type: [text/html;charset=utf-8]
&lt; Content-Length: [1056]
&lt; Connection: [keep-alive]
&lt; Server: [Apache-Coyote/1.1]
&lt; Content-Language: [en]

&lt;!DOCTYPE html&gt;&lt;html&gt;&lt;head&gt;&lt;title&gt;Apache Tomcat/8.5.0 - Error report&lt;/title&gt;&lt;style type=&quot;text/css&quot;&gt;H1 {font-family:Tahoma,Arial,sans-serif;color:white;background-color:#525D76;font-size:22px;} H2 {font-family:Tahoma,Arial,sans-serif;color:white;background-color:#525D76;font-size:16px;} H3 {font-family:Tahoma,Arial,sans-serif;color:white;background-color:#525D76;font-size:14px;} BODY {font-family:Tahoma,Arial,sans-serif;color:black;background-color:white;} B {font-family:Tahoma,Arial,sans-serif;color:white;background-color:#525D76;} P {font-family:Tahoma,Arial,sans-serif;background:white;color:black;font-size:12px;}A {color : black;}A.name {color : black;}.line {height: 1px; background-color: #525D76; border: none;}&lt;/style&gt; &lt;/head&gt;&lt;body&gt;&lt;h1&gt;HTTP Status 404 - /outlet-pos-api/api/order/history&lt;/h1&gt;&lt;div class=&quot;line&quot;&gt;&lt;/div&gt;&lt;p&gt;&lt;b&gt;type&lt;/b&gt; Status report&lt;/p&gt;&lt;p&gt;&lt;b&gt;message&lt;/b&gt; &lt;u&gt;/outlet-pos-api/api/order/history&lt;/u&gt;&lt;/p&gt;&lt;p&gt;&lt;b&gt;description&lt;/b&gt; &lt;u&gt;The requested resource is not available.&lt;/u&gt;&lt;/p&gt;&lt;hr class=&quot;line&quot;&gt;&lt;h3&gt;Apache Tomcat/8.5.0&lt;/h3&gt;&lt;/body&gt;&lt;/html&gt;
">
      <![CDATA[java.lang.AssertionError: Status expected:<200 OK> but was:<404 NOT_FOUND>

> POST https://qa3-api.chaipoint.com/outlet-pos-api/api/order/history
> WebTestClient-Request-Id: [1]
> service.auth.key: [1234567]
> Content-Type: [application/json]
> Content-Length: [19]

{
  "moduleId": 1
}

< 404 NOT_FOUND Not Found
< Date: [Wed, 04 Dec 2019 12:38:20 GMT]
< Content-Type: [text/html;charset=utf-8]
< Content-Length: [1056]
< Connection: [keep-alive]
< Server: [Apache-Coyote/1.1]
< Content-Language: [en]

<!DOCTYPE html><html><head><title>Apache Tomcat/8.5.0 - Error report</title><style type="text/css">H1 {font-family:Tahoma,Arial,sans-serif;color:white;background-color:#525D76;font-size:22px;} H2 {font-family:Tahoma,Arial,sans-serif;color:white;background-color:#525D76;font-size:16px;} H3 {font-family:Tahoma,Arial,sans-serif;color:white;background-color:#525D76;font-size:14px;} BODY {font-family:Tahoma,Arial,sans-serif;color:black;background-color:white;} B {font-family:Tahoma,Arial,sans-serif;color:white;background-color:#525D76;} P {font-family:Tahoma,Arial,sans-serif;background:white;color:black;font-size:12px;}A {color : black;}A.name {color : black;}.line {height: 1px; background-color: #525D76; border: none;}</style> </head><body><h1>HTTP Status 404 - /outlet-pos-api/api/order/history</h1><div class="line"></div><p><b>type</b> Status report</p><p><b>message</b> <u>/outlet-pos-api/api/order/history</u></p><p><b>description</b> <u>The requested resource is not available.</u></p><hr class="line"><h3>Apache Tomcat/8.5.0</h3></body></html>

	at org.springframework.test.web.reactive.server.ExchangeResult.assertWithDiagnostics(ExchangeResult.java:200)
	at org.springframework.test.web.reactive.server.StatusAssertions.assertStatusAndReturn(StatusAssertions.java:227)
	at org.springframework.test.web.reactive.server.StatusAssertions.isOk(StatusAssertions.java:67)
	at cool.fountain.online.web.test.order.TestHistoryTestNg.history(TestHistoryTestNg.java:91)
	at cool.fountain.online.web.test.order.TestHistoryTestNg.testOrderHistoryLoad(TestHistoryTestNg.java:77)
	at sun.reflect.GeneratedMethodAccessor53.invoke(Unknown Source)
	at sun.reflect.DelegatingMethodAccessorImpl.invoke(DelegatingMethodAccessorImpl.java:43)
	at java.lang.reflect.Method.invoke(Method.java:498)
	at org.testng.internal.MethodInvocationHelper.invokeMethod(MethodInvocationHelper.java:80)
	at org.testng.internal.MethodInvocationHelper$1.runTestMethod(MethodInvocationHelper.java:182)
	at org.springframework.test.context.testng.AbstractTestNGSpringContextTests.run(AbstractTestNGSpringContextTests.java:180)
	at sun.reflect.GeneratedMethodAccessor44.invoke(Unknown Source)
	at sun.reflect.DelegatingMethodAccessorImpl.invoke(DelegatingMethodAccessorImpl.java:43)
	at java.lang.reflect.Method.invoke(Method.java:498)
	at org.testng.internal.MethodInvocationHelper.invokeHookable(MethodInvocationHelper.java:194)
	at org.testng.internal.Invoker.invokeMethod(Invoker.java:707)
	at org.testng.internal.Invoker.invokeTestMethod(Invoker.java:901)
	at org.testng.internal.Invoker.invokeTestMethods(Invoker.java:1231)
	at org.testng.internal.TestMethodWorker.invokeTestMethods(TestMethodWorker.java:127)
	at org.testng.internal.TestMethodWorker.run(TestMethodWorker.java:111)
	at org.testng.internal.thread.ThreadUtil$2.call(ThreadUtil.java:64)
	at java.util.concurrent.FutureTask.run(FutureTask.java:266)
	at java.util.concurrent.ThreadPoolExecutor.runWorker(ThreadPoolExecutor.java:1149)
	at java.util.concurrent.ThreadPoolExecutor$Worker.run(ThreadPoolExecutor.java:624)
	at java.lang.Thread.run(Thread.java:748)
Caused by: java.lang.AssertionError: Status expected:<200 OK> but was:<404 NOT_FOUND>
	at org.springframework.test.util.AssertionErrors.fail(AssertionErrors.java:55)
	at org.springframework.test.util.AssertionErrors.assertEquals(AssertionErrors.java:82)
	at org.springframework.test.web.reactive.server.StatusAssertions.lambda$assertStatusAndReturn$4(StatusAssertions.java:227)
	at org.springframework.test.web.reactive.server.ExchangeResult.assertWithDiagnostics(ExchangeResult.java:197)
	... 24 more
]]>
    </error>
  </testcase> <!-- testOrderHistoryLoad -->
  <testcase name="testOrderHistoryLoad" time="0.041" classname="cool.fountain.online.web.test.order.TestHistoryTestNg">
    <error type="java.lang.AssertionError" message="Status expected:&lt;200 OK&gt; but was:&lt;404 NOT_FOUND&gt;

&gt; POST https://qa3-api.chaipoint.com/outlet-pos-api/api/order/history
&gt; WebTestClient-Request-Id: [1]
&gt; service.auth.key: [1234567]
&gt; Content-Type: [application/json]
&gt; Content-Length: [19]

{
  &quot;moduleId&quot;: 1
}

&lt; 404 NOT_FOUND Not Found
&lt; Date: [Wed, 04 Dec 2019 12:38:20 GMT]
&lt; Content-Type: [text/html;charset=utf-8]
&lt; Content-Length: [1056]
&lt; Connection: [keep-alive]
&lt; Server: [Apache-Coyote/1.1]
&lt; Content-Language: [en]

&lt;!DOCTYPE html&gt;&lt;html&gt;&lt;head&gt;&lt;title&gt;Apache Tomcat/8.5.0 - Error report&lt;/title&gt;&lt;style type=&quot;text/css&quot;&gt;H1 {font-family:Tahoma,Arial,sans-serif;color:white;background-color:#525D76;font-size:22px;} H2 {font-family:Tahoma,Arial,sans-serif;color:white;background-color:#525D76;font-size:16px;} H3 {font-family:Tahoma,Arial,sans-serif;color:white;background-color:#525D76;font-size:14px;} BODY {font-family:Tahoma,Arial,sans-serif;color:black;background-color:white;} B {font-family:Tahoma,Arial,sans-serif;color:white;background-color:#525D76;} P {font-family:Tahoma,Arial,sans-serif;background:white;color:black;font-size:12px;}A {color : black;}A.name {color : black;}.line {height: 1px; background-color: #525D76; border: none;}&lt;/style&gt; &lt;/head&gt;&lt;body&gt;&lt;h1&gt;HTTP Status 404 - /outlet-pos-api/api/order/history&lt;/h1&gt;&lt;div class=&quot;line&quot;&gt;&lt;/div&gt;&lt;p&gt;&lt;b&gt;type&lt;/b&gt; Status report&lt;/p&gt;&lt;p&gt;&lt;b&gt;message&lt;/b&gt; &lt;u&gt;/outlet-pos-api/api/order/history&lt;/u&gt;&lt;/p&gt;&lt;p&gt;&lt;b&gt;description&lt;/b&gt; &lt;u&gt;The requested resource is not available.&lt;/u&gt;&lt;/p&gt;&lt;hr class=&quot;line&quot;&gt;&lt;h3&gt;Apache Tomcat/8.5.0&lt;/h3&gt;&lt;/body&gt;&lt;/html&gt;
">
      <![CDATA[java.lang.AssertionError: Status expected:<200 OK> but was:<404 NOT_FOUND>

> POST https://qa3-api.chaipoint.com/outlet-pos-api/api/order/history
> WebTestClient-Request-Id: [1]
> service.auth.key: [1234567]
> Content-Type: [application/json]
> Content-Length: [19]

{
  "moduleId": 1
}

< 404 NOT_FOUND Not Found
< Date: [Wed, 04 Dec 2019 12:38:20 GMT]
< Content-Type: [text/html;charset=utf-8]
< Content-Length: [1056]
< Connection: [keep-alive]
< Server: [Apache-Coyote/1.1]
< Content-Language: [en]

<!DOCTYPE html><html><head><title>Apache Tomcat/8.5.0 - Error report</title><style type="text/css">H1 {font-family:Tahoma,Arial,sans-serif;color:white;background-color:#525D76;font-size:22px;} H2 {font-family:Tahoma,Arial,sans-serif;color:white;background-color:#525D76;font-size:16px;} H3 {font-family:Tahoma,Arial,sans-serif;color:white;background-color:#525D76;font-size:14px;} BODY {font-family:Tahoma,Arial,sans-serif;color:black;background-color:white;} B {font-family:Tahoma,Arial,sans-serif;color:white;background-color:#525D76;} P {font-family:Tahoma,Arial,sans-serif;background:white;color:black;font-size:12px;}A {color : black;}A.name {color : black;}.line {height: 1px; background-color: #525D76; border: none;}</style> </head><body><h1>HTTP Status 404 - /outlet-pos-api/api/order/history</h1><div class="line"></div><p><b>type</b> Status report</p><p><b>message</b> <u>/outlet-pos-api/api/order/history</u></p><p><b>description</b> <u>The requested resource is not available.</u></p><hr class="line"><h3>Apache Tomcat/8.5.0</h3></body></html>

	at org.springframework.test.web.reactive.server.ExchangeResult.assertWithDiagnostics(ExchangeResult.java:200)
	at org.springframework.test.web.reactive.server.StatusAssertions.assertStatusAndReturn(StatusAssertions.java:227)
	at org.springframework.test.web.reactive.server.StatusAssertions.isOk(StatusAssertions.java:67)
	at cool.fountain.online.web.test.order.TestHistoryTestNg.history(TestHistoryTestNg.java:91)
	at cool.fountain.online.web.test.order.TestHistoryTestNg.testOrderHistoryLoad(TestHistoryTestNg.java:77)
	at sun.reflect.GeneratedMethodAccessor53.invoke(Unknown Source)
	at sun.reflect.DelegatingMethodAccessorImpl.invoke(DelegatingMethodAccessorImpl.java:43)
	at java.lang.reflect.Method.invoke(Method.java:498)
	at org.testng.internal.MethodInvocationHelper.invokeMethod(MethodInvocationHelper.java:80)
	at org.testng.internal.MethodInvocationHelper$1.runTestMethod(MethodInvocationHelper.java:182)
	at org.springframework.test.context.testng.AbstractTestNGSpringContextTests.run(AbstractTestNGSpringContextTests.java:180)
	at sun.reflect.GeneratedMethodAccessor44.invoke(Unknown Source)
	at sun.reflect.DelegatingMethodAccessorImpl.invoke(DelegatingMethodAccessorImpl.java:43)
	at java.lang.reflect.Method.invoke(Method.java:498)
	at org.testng.internal.MethodInvocationHelper.invokeHookable(MethodInvocationHelper.java:194)
	at org.testng.internal.Invoker.invokeMethod(Invoker.java:707)
	at org.testng.internal.Invoker.invokeTestMethod(Invoker.java:901)
	at org.testng.internal.Invoker.invokeTestMethods(Invoker.java:1231)
	at org.testng.internal.TestMethodWorker.invokeTestMethods(TestMethodWorker.java:127)
	at org.testng.internal.TestMethodWorker.run(TestMethodWorker.java:111)
	at org.testng.internal.thread.ThreadUtil$2.call(ThreadUtil.java:64)
	at java.util.concurrent.FutureTask.run(FutureTask.java:266)
	at java.util.concurrent.ThreadPoolExecutor.runWorker(ThreadPoolExecutor.java:1149)
	at java.util.concurrent.ThreadPoolExecutor$Worker.run(ThreadPoolExecutor.java:624)
	at java.lang.Thread.run(Thread.java:748)
Caused by: java.lang.AssertionError: Status expected:<200 OK> but was:<404 NOT_FOUND>
	at org.springframework.test.util.AssertionErrors.fail(AssertionErrors.java:55)
	at org.springframework.test.util.AssertionErrors.assertEquals(AssertionErrors.java:82)
	at org.springframework.test.web.reactive.server.StatusAssertions.lambda$assertStatusAndReturn$4(StatusAssertions.java:227)
	at org.springframework.test.web.reactive.server.ExchangeResult.assertWithDiagnostics(ExchangeResult.java:197)
	... 24 more
]]>
    </error>
  </testcase> <!-- testOrderHistoryLoad -->
  <testcase name="testOrderHistoryLoad" time="0.098" classname="cool.fountain.online.web.test.order.TestHistoryTestNg">
    <error type="java.lang.AssertionError" message="Status expected:&lt;200 OK&gt; but was:&lt;404 NOT_FOUND&gt;

&gt; POST https://qa3-api.chaipoint.com/outlet-pos-api/api/order/history
&gt; WebTestClient-Request-Id: [1]
&gt; service.auth.key: [1234567]
&gt; Content-Type: [application/json]
&gt; Content-Length: [19]

{
  &quot;moduleId&quot;: 1
}

&lt; 404 NOT_FOUND Not Found
&lt; Date: [Wed, 04 Dec 2019 12:38:19 GMT]
&lt; Content-Type: [text/html;charset=utf-8]
&lt; Content-Length: [1056]
&lt; Connection: [keep-alive]
&lt; Server: [Apache-Coyote/1.1]
&lt; Content-Language: [en]

&lt;!DOCTYPE html&gt;&lt;html&gt;&lt;head&gt;&lt;title&gt;Apache Tomcat/8.5.0 - Error report&lt;/title&gt;&lt;style type=&quot;text/css&quot;&gt;H1 {font-family:Tahoma,Arial,sans-serif;color:white;background-color:#525D76;font-size:22px;} H2 {font-family:Tahoma,Arial,sans-serif;color:white;background-color:#525D76;font-size:16px;} H3 {font-family:Tahoma,Arial,sans-serif;color:white;background-color:#525D76;font-size:14px;} BODY {font-family:Tahoma,Arial,sans-serif;color:black;background-color:white;} B {font-family:Tahoma,Arial,sans-serif;color:white;background-color:#525D76;} P {font-family:Tahoma,Arial,sans-serif;background:white;color:black;font-size:12px;}A {color : black;}A.name {color : black;}.line {height: 1px; background-color: #525D76; border: none;}&lt;/style&gt; &lt;/head&gt;&lt;body&gt;&lt;h1&gt;HTTP Status 404 - /outlet-pos-api/api/order/history&lt;/h1&gt;&lt;div class=&quot;line&quot;&gt;&lt;/div&gt;&lt;p&gt;&lt;b&gt;type&lt;/b&gt; Status report&lt;/p&gt;&lt;p&gt;&lt;b&gt;message&lt;/b&gt; &lt;u&gt;/outlet-pos-api/api/order/history&lt;/u&gt;&lt;/p&gt;&lt;p&gt;&lt;b&gt;description&lt;/b&gt; &lt;u&gt;The requested resource is not available.&lt;/u&gt;&lt;/p&gt;&lt;hr class=&quot;line&quot;&gt;&lt;h3&gt;Apache Tomcat/8.5.0&lt;/h3&gt;&lt;/body&gt;&lt;/html&gt;
">
      <![CDATA[java.lang.AssertionError: Status expected:<200 OK> but was:<404 NOT_FOUND>

> POST https://qa3-api.chaipoint.com/outlet-pos-api/api/order/history
> WebTestClient-Request-Id: [1]
> service.auth.key: [1234567]
> Content-Type: [application/json]
> Content-Length: [19]

{
  "moduleId": 1
}

< 404 NOT_FOUND Not Found
< Date: [Wed, 04 Dec 2019 12:38:19 GMT]
< Content-Type: [text/html;charset=utf-8]
< Content-Length: [1056]
< Connection: [keep-alive]
< Server: [Apache-Coyote/1.1]
< Content-Language: [en]

<!DOCTYPE html><html><head><title>Apache Tomcat/8.5.0 - Error report</title><style type="text/css">H1 {font-family:Tahoma,Arial,sans-serif;color:white;background-color:#525D76;font-size:22px;} H2 {font-family:Tahoma,Arial,sans-serif;color:white;background-color:#525D76;font-size:16px;} H3 {font-family:Tahoma,Arial,sans-serif;color:white;background-color:#525D76;font-size:14px;} BODY {font-family:Tahoma,Arial,sans-serif;color:black;background-color:white;} B {font-family:Tahoma,Arial,sans-serif;color:white;background-color:#525D76;} P {font-family:Tahoma,Arial,sans-serif;background:white;color:black;font-size:12px;}A {color : black;}A.name {color : black;}.line {height: 1px; background-color: #525D76; border: none;}</style> </head><body><h1>HTTP Status 404 - /outlet-pos-api/api/order/history</h1><div class="line"></div><p><b>type</b> Status report</p><p><b>message</b> <u>/outlet-pos-api/api/order/history</u></p><p><b>description</b> <u>The requested resource is not available.</u></p><hr class="line"><h3>Apache Tomcat/8.5.0</h3></body></html>

	at org.springframework.test.web.reactive.server.ExchangeResult.assertWithDiagnostics(ExchangeResult.java:200)
	at org.springframework.test.web.reactive.server.StatusAssertions.assertStatusAndReturn(StatusAssertions.java:227)
	at org.springframework.test.web.reactive.server.StatusAssertions.isOk(StatusAssertions.java:67)
	at cool.fountain.online.web.test.order.TestHistoryTestNg.history(TestHistoryTestNg.java:91)
	at cool.fountain.online.web.test.order.TestHistoryTestNg.testOrderHistoryLoad(TestHistoryTestNg.java:77)
	at sun.reflect.NativeMethodAccessorImpl.invoke0(Native Method)
	at sun.reflect.NativeMethodAccessorImpl.invoke(NativeMethodAccessorImpl.java:62)
	at sun.reflect.DelegatingMethodAccessorImpl.invoke(DelegatingMethodAccessorImpl.java:43)
	at java.lang.reflect.Method.invoke(Method.java:498)
	at org.testng.internal.MethodInvocationHelper.invokeMethod(MethodInvocationHelper.java:80)
	at org.testng.internal.MethodInvocationHelper$1.runTestMethod(MethodInvocationHelper.java:182)
	at org.springframework.test.context.testng.AbstractTestNGSpringContextTests.run(AbstractTestNGSpringContextTests.java:180)
	at sun.reflect.GeneratedMethodAccessor44.invoke(Unknown Source)
	at sun.reflect.DelegatingMethodAccessorImpl.invoke(DelegatingMethodAccessorImpl.java:43)
	at java.lang.reflect.Method.invoke(Method.java:498)
	at org.testng.internal.MethodInvocationHelper.invokeHookable(MethodInvocationHelper.java:194)
	at org.testng.internal.Invoker.invokeMethod(Invoker.java:707)
	at org.testng.internal.Invoker.invokeTestMethod(Invoker.java:901)
	at org.testng.internal.Invoker.invokeTestMethods(Invoker.java:1231)
	at org.testng.internal.TestMethodWorker.invokeTestMethods(TestMethodWorker.java:127)
	at org.testng.internal.TestMethodWorker.run(TestMethodWorker.java:111)
	at org.testng.internal.thread.ThreadUtil$2.call(ThreadUtil.java:64)
	at java.util.concurrent.FutureTask.run(FutureTask.java:266)
	at java.util.concurrent.ThreadPoolExecutor.runWorker(ThreadPoolExecutor.java:1149)
	at java.util.concurrent.ThreadPoolExecutor$Worker.run(ThreadPoolExecutor.java:624)
	at java.lang.Thread.run(Thread.java:748)
Caused by: java.lang.AssertionError: Status expected:<200 OK> but was:<404 NOT_FOUND>
	at org.springframework.test.util.AssertionErrors.fail(AssertionErrors.java:55)
	at org.springframework.test.util.AssertionErrors.assertEquals(AssertionErrors.java:82)
	at org.springframework.test.web.reactive.server.StatusAssertions.lambda$assertStatusAndReturn$4(StatusAssertions.java:227)
	at org.springframework.test.web.reactive.server.ExchangeResult.assertWithDiagnostics(ExchangeResult.java:197)
	... 25 more
]]>
    </error>
  </testcase> <!-- testOrderHistoryLoad -->
  <testcase name="testOrderHistoryLoad" time="0.119" classname="cool.fountain.online.web.test.order.TestHistoryTestNg"/>
  <testcase name="testOrderHistoryLoad" time="0.054" classname="cool.fountain.online.web.test.order.TestHistoryTestNg">
    <error type="java.lang.AssertionError" message="Status expected:&lt;200 OK&gt; but was:&lt;404 NOT_FOUND&gt;

&gt; POST https://qa3-api.chaipoint.com/outlet-pos-api/api/order/history
&gt; WebTestClient-Request-Id: [1]
&gt; service.auth.key: [1234567]
&gt; Content-Type: [application/json]
&gt; Content-Length: [19]

{
  &quot;moduleId&quot;: 1
}

&lt; 404 NOT_FOUND Not Found
&lt; Date: [Wed, 04 Dec 2019 12:38:20 GMT]
&lt; Content-Type: [text/html;charset=utf-8]
&lt; Content-Length: [1056]
&lt; Connection: [keep-alive]
&lt; Server: [Apache-Coyote/1.1]
&lt; Content-Language: [en]

&lt;!DOCTYPE html&gt;&lt;html&gt;&lt;head&gt;&lt;title&gt;Apache Tomcat/8.5.0 - Error report&lt;/title&gt;&lt;style type=&quot;text/css&quot;&gt;H1 {font-family:Tahoma,Arial,sans-serif;color:white;background-color:#525D76;font-size:22px;} H2 {font-family:Tahoma,Arial,sans-serif;color:white;background-color:#525D76;font-size:16px;} H3 {font-family:Tahoma,Arial,sans-serif;color:white;background-color:#525D76;font-size:14px;} BODY {font-family:Tahoma,Arial,sans-serif;color:black;background-color:white;} B {font-family:Tahoma,Arial,sans-serif;color:white;background-color:#525D76;} P {font-family:Tahoma,Arial,sans-serif;background:white;color:black;font-size:12px;}A {color : black;}A.name {color : black;}.line {height: 1px; background-color: #525D76; border: none;}&lt;/style&gt; &lt;/head&gt;&lt;body&gt;&lt;h1&gt;HTTP Status 404 - /outlet-pos-api/api/order/history&lt;/h1&gt;&lt;div class=&quot;line&quot;&gt;&lt;/div&gt;&lt;p&gt;&lt;b&gt;type&lt;/b&gt; Status report&lt;/p&gt;&lt;p&gt;&lt;b&gt;message&lt;/b&gt; &lt;u&gt;/outlet-pos-api/api/order/history&lt;/u&gt;&lt;/p&gt;&lt;p&gt;&lt;b&gt;description&lt;/b&gt; &lt;u&gt;The requested resource is not available.&lt;/u&gt;&lt;/p&gt;&lt;hr class=&quot;line&quot;&gt;&lt;h3&gt;Apache Tomcat/8.5.0&lt;/h3&gt;&lt;/body&gt;&lt;/html&gt;
">
      <![CDATA[java.lang.AssertionError: Status expected:<200 OK> but was:<404 NOT_FOUND>

> POST https://qa3-api.chaipoint.com/outlet-pos-api/api/order/history
> WebTestClient-Request-Id: [1]
> service.auth.key: [1234567]
> Content-Type: [application/json]
> Content-Length: [19]

{
  "moduleId": 1
}

< 404 NOT_FOUND Not Found
< Date: [Wed, 04 Dec 2019 12:38:20 GMT]
< Content-Type: [text/html;charset=utf-8]
< Content-Length: [1056]
< Connection: [keep-alive]
< Server: [Apache-Coyote/1.1]
< Content-Language: [en]

<!DOCTYPE html><html><head><title>Apache Tomcat/8.5.0 - Error report</title><style type="text/css">H1 {font-family:Tahoma,Arial,sans-serif;color:white;background-color:#525D76;font-size:22px;} H2 {font-family:Tahoma,Arial,sans-serif;color:white;background-color:#525D76;font-size:16px;} H3 {font-family:Tahoma,Arial,sans-serif;color:white;background-color:#525D76;font-size:14px;} BODY {font-family:Tahoma,Arial,sans-serif;color:black;background-color:white;} B {font-family:Tahoma,Arial,sans-serif;color:white;background-color:#525D76;} P {font-family:Tahoma,Arial,sans-serif;background:white;color:black;font-size:12px;}A {color : black;}A.name {color : black;}.line {height: 1px; background-color: #525D76; border: none;}</style> </head><body><h1>HTTP Status 404 - /outlet-pos-api/api/order/history</h1><div class="line"></div><p><b>type</b> Status report</p><p><b>message</b> <u>/outlet-pos-api/api/order/history</u></p><p><b>description</b> <u>The requested resource is not available.</u></p><hr class="line"><h3>Apache Tomcat/8.5.0</h3></body></html>

	at org.springframework.test.web.reactive.server.ExchangeResult.assertWithDiagnostics(ExchangeResult.java:200)
	at org.springframework.test.web.reactive.server.StatusAssertions.assertStatusAndReturn(StatusAssertions.java:227)
	at org.springframework.test.web.reactive.server.StatusAssertions.isOk(StatusAssertions.java:67)
	at cool.fountain.online.web.test.order.TestHistoryTestNg.history(TestHistoryTestNg.java:91)
	at cool.fountain.online.web.test.order.TestHistoryTestNg.testOrderHistoryLoad(TestHistoryTestNg.java:77)
	at sun.reflect.GeneratedMethodAccessor53.invoke(Unknown Source)
	at sun.reflect.DelegatingMethodAccessorImpl.invoke(DelegatingMethodAccessorImpl.java:43)
	at java.lang.reflect.Method.invoke(Method.java:498)
	at org.testng.internal.MethodInvocationHelper.invokeMethod(MethodInvocationHelper.java:80)
	at org.testng.internal.MethodInvocationHelper$1.runTestMethod(MethodInvocationHelper.java:182)
	at org.springframework.test.context.testng.AbstractTestNGSpringContextTests.run(AbstractTestNGSpringContextTests.java:180)
	at sun.reflect.GeneratedMethodAccessor44.invoke(Unknown Source)
	at sun.reflect.DelegatingMethodAccessorImpl.invoke(DelegatingMethodAccessorImpl.java:43)
	at java.lang.reflect.Method.invoke(Method.java:498)
	at org.testng.internal.MethodInvocationHelper.invokeHookable(MethodInvocationHelper.java:194)
	at org.testng.internal.Invoker.invokeMethod(Invoker.java:707)
	at org.testng.internal.Invoker.invokeTestMethod(Invoker.java:901)
	at org.testng.internal.Invoker.invokeTestMethods(Invoker.java:1231)
	at org.testng.internal.TestMethodWorker.invokeTestMethods(TestMethodWorker.java:127)
	at org.testng.internal.TestMethodWorker.run(TestMethodWorker.java:111)
	at org.testng.internal.thread.ThreadUtil$2.call(ThreadUtil.java:64)
	at java.util.concurrent.FutureTask.run(FutureTask.java:266)
	at java.util.concurrent.ThreadPoolExecutor.runWorker(ThreadPoolExecutor.java:1149)
	at java.util.concurrent.ThreadPoolExecutor$Worker.run(ThreadPoolExecutor.java:624)
	at java.lang.Thread.run(Thread.java:748)
Caused by: java.lang.AssertionError: Status expected:<200 OK> but was:<404 NOT_FOUND>
	at org.springframework.test.util.AssertionErrors.fail(AssertionErrors.java:55)
	at org.springframework.test.util.AssertionErrors.assertEquals(AssertionErrors.java:82)
	at org.springframework.test.web.reactive.server.StatusAssertions.lambda$assertStatusAndReturn$4(StatusAssertions.java:227)
	at org.springframework.test.web.reactive.server.ExchangeResult.assertWithDiagnostics(ExchangeResult.java:197)
	... 24 more
]]>
    </error>
  </testcase> <!-- testOrderHistoryLoad -->
  <testcase name="testOrderHistoryLoad" time="0.037" classname="cool.fountain.online.web.test.order.TestHistoryTestNg">
    <error type="java.lang.AssertionError" message="Status expected:&lt;200 OK&gt; but was:&lt;404 NOT_FOUND&gt;

&gt; POST https://qa3-api.chaipoint.com/outlet-pos-api/api/order/history
&gt; WebTestClient-Request-Id: [1]
&gt; service.auth.key: [1234567]
&gt; Content-Type: [application/json]
&gt; Content-Length: [19]

{
  &quot;moduleId&quot;: 1
}

&lt; 404 NOT_FOUND Not Found
&lt; Date: [Wed, 04 Dec 2019 12:38:20 GMT]
&lt; Content-Type: [text/html;charset=utf-8]
&lt; Content-Length: [1056]
&lt; Connection: [keep-alive]
&lt; Server: [Apache-Coyote/1.1]
&lt; Content-Language: [en]

&lt;!DOCTYPE html&gt;&lt;html&gt;&lt;head&gt;&lt;title&gt;Apache Tomcat/8.5.0 - Error report&lt;/title&gt;&lt;style type=&quot;text/css&quot;&gt;H1 {font-family:Tahoma,Arial,sans-serif;color:white;background-color:#525D76;font-size:22px;} H2 {font-family:Tahoma,Arial,sans-serif;color:white;background-color:#525D76;font-size:16px;} H3 {font-family:Tahoma,Arial,sans-serif;color:white;background-color:#525D76;font-size:14px;} BODY {font-family:Tahoma,Arial,sans-serif;color:black;background-color:white;} B {font-family:Tahoma,Arial,sans-serif;color:white;background-color:#525D76;} P {font-family:Tahoma,Arial,sans-serif;background:white;color:black;font-size:12px;}A {color : black;}A.name {color : black;}.line {height: 1px; background-color: #525D76; border: none;}&lt;/style&gt; &lt;/head&gt;&lt;body&gt;&lt;h1&gt;HTTP Status 404 - /outlet-pos-api/api/order/history&lt;/h1&gt;&lt;div class=&quot;line&quot;&gt;&lt;/div&gt;&lt;p&gt;&lt;b&gt;type&lt;/b&gt; Status report&lt;/p&gt;&lt;p&gt;&lt;b&gt;message&lt;/b&gt; &lt;u&gt;/outlet-pos-api/api/order/history&lt;/u&gt;&lt;/p&gt;&lt;p&gt;&lt;b&gt;description&lt;/b&gt; &lt;u&gt;The requested resource is not available.&lt;/u&gt;&lt;/p&gt;&lt;hr class=&quot;line&quot;&gt;&lt;h3&gt;Apache Tomcat/8.5.0&lt;/h3&gt;&lt;/body&gt;&lt;/html&gt;
">
      <![CDATA[java.lang.AssertionError: Status expected:<200 OK> but was:<404 NOT_FOUND>

> POST https://qa3-api.chaipoint.com/outlet-pos-api/api/order/history
> WebTestClient-Request-Id: [1]
> service.auth.key: [1234567]
> Content-Type: [application/json]
> Content-Length: [19]

{
  "moduleId": 1
}

< 404 NOT_FOUND Not Found
< Date: [Wed, 04 Dec 2019 12:38:20 GMT]
< Content-Type: [text/html;charset=utf-8]
< Content-Length: [1056]
< Connection: [keep-alive]
< Server: [Apache-Coyote/1.1]
< Content-Language: [en]

<!DOCTYPE html><html><head><title>Apache Tomcat/8.5.0 - Error report</title><style type="text/css">H1 {font-family:Tahoma,Arial,sans-serif;color:white;background-color:#525D76;font-size:22px;} H2 {font-family:Tahoma,Arial,sans-serif;color:white;background-color:#525D76;font-size:16px;} H3 {font-family:Tahoma,Arial,sans-serif;color:white;background-color:#525D76;font-size:14px;} BODY {font-family:Tahoma,Arial,sans-serif;color:black;background-color:white;} B {font-family:Tahoma,Arial,sans-serif;color:white;background-color:#525D76;} P {font-family:Tahoma,Arial,sans-serif;background:white;color:black;font-size:12px;}A {color : black;}A.name {color : black;}.line {height: 1px; background-color: #525D76; border: none;}</style> </head><body><h1>HTTP Status 404 - /outlet-pos-api/api/order/history</h1><div class="line"></div><p><b>type</b> Status report</p><p><b>message</b> <u>/outlet-pos-api/api/order/history</u></p><p><b>description</b> <u>The requested resource is not available.</u></p><hr class="line"><h3>Apache Tomcat/8.5.0</h3></body></html>

	at org.springframework.test.web.reactive.server.ExchangeResult.assertWithDiagnostics(ExchangeResult.java:200)
	at org.springframework.test.web.reactive.server.StatusAssertions.assertStatusAndReturn(StatusAssertions.java:227)
	at org.springframework.test.web.reactive.server.StatusAssertions.isOk(StatusAssertions.java:67)
	at cool.fountain.online.web.test.order.TestHistoryTestNg.history(TestHistoryTestNg.java:91)
	at cool.fountain.online.web.test.order.TestHistoryTestNg.testOrderHistoryLoad(TestHistoryTestNg.java:77)
	at sun.reflect.GeneratedMethodAccessor53.invoke(Unknown Source)
	at sun.reflect.DelegatingMethodAccessorImpl.invoke(DelegatingMethodAccessorImpl.java:43)
	at java.lang.reflect.Method.invoke(Method.java:498)
	at org.testng.internal.MethodInvocationHelper.invokeMethod(MethodInvocationHelper.java:80)
	at org.testng.internal.MethodInvocationHelper$1.runTestMethod(MethodInvocationHelper.java:182)
	at org.springframework.test.context.testng.AbstractTestNGSpringContextTests.run(AbstractTestNGSpringContextTests.java:180)
	at sun.reflect.GeneratedMethodAccessor44.invoke(Unknown Source)
	at sun.reflect.DelegatingMethodAccessorImpl.invoke(DelegatingMethodAccessorImpl.java:43)
	at java.lang.reflect.Method.invoke(Method.java:498)
	at org.testng.internal.MethodInvocationHelper.invokeHookable(MethodInvocationHelper.java:194)
	at org.testng.internal.Invoker.invokeMethod(Invoker.java:707)
	at org.testng.internal.Invoker.invokeTestMethod(Invoker.java:901)
	at org.testng.internal.Invoker.invokeTestMethods(Invoker.java:1231)
	at org.testng.internal.TestMethodWorker.invokeTestMethods(TestMethodWorker.java:127)
	at org.testng.internal.TestMethodWorker.run(TestMethodWorker.java:111)
	at org.testng.internal.thread.ThreadUtil$2.call(ThreadUtil.java:64)
	at java.util.concurrent.FutureTask.run(FutureTask.java:266)
	at java.util.concurrent.ThreadPoolExecutor.runWorker(ThreadPoolExecutor.java:1149)
	at java.util.concurrent.ThreadPoolExecutor$Worker.run(ThreadPoolExecutor.java:624)
	at java.lang.Thread.run(Thread.java:748)
Caused by: java.lang.AssertionError: Status expected:<200 OK> but was:<404 NOT_FOUND>
	at org.springframework.test.util.AssertionErrors.fail(AssertionErrors.java:55)
	at org.springframework.test.util.AssertionErrors.assertEquals(AssertionErrors.java:82)
	at org.springframework.test.web.reactive.server.StatusAssertions.lambda$assertStatusAndReturn$4(StatusAssertions.java:227)
	at org.springframework.test.web.reactive.server.ExchangeResult.assertWithDiagnostics(ExchangeResult.java:197)
	... 24 more
]]>
    </error>
  </testcase> <!-- testOrderHistoryLoad -->
  <testcase name="testOrderHistoryLoad" time="0.268" classname="cool.fountain.online.web.test.order.TestHistoryTestNg"/>
  <testcase name="testOrderHistoryLoad" time="0.192" classname="cool.fountain.online.web.test.order.TestHistoryTestNg"/>
  <testcase name="testOrderHistoryLoad" time="0.037" classname="cool.fountain.online.web.test.order.TestHistoryTestNg">
    <error type="java.lang.AssertionError" message="Status expected:&lt;200 OK&gt; but was:&lt;404 NOT_FOUND&gt;

&gt; POST https://qa3-api.chaipoint.com/outlet-pos-api/api/order/history
&gt; WebTestClient-Request-Id: [1]
&gt; service.auth.key: [1234567]
&gt; Content-Type: [application/json]
&gt; Content-Length: [19]

{
  &quot;moduleId&quot;: 1
}

&lt; 404 NOT_FOUND Not Found
&lt; Date: [Wed, 04 Dec 2019 12:38:20 GMT]
&lt; Content-Type: [text/html;charset=utf-8]
&lt; Content-Length: [1056]
&lt; Connection: [keep-alive]
&lt; Server: [Apache-Coyote/1.1]
&lt; Content-Language: [en]

&lt;!DOCTYPE html&gt;&lt;html&gt;&lt;head&gt;&lt;title&gt;Apache Tomcat/8.5.0 - Error report&lt;/title&gt;&lt;style type=&quot;text/css&quot;&gt;H1 {font-family:Tahoma,Arial,sans-serif;color:white;background-color:#525D76;font-size:22px;} H2 {font-family:Tahoma,Arial,sans-serif;color:white;background-color:#525D76;font-size:16px;} H3 {font-family:Tahoma,Arial,sans-serif;color:white;background-color:#525D76;font-size:14px;} BODY {font-family:Tahoma,Arial,sans-serif;color:black;background-color:white;} B {font-family:Tahoma,Arial,sans-serif;color:white;background-color:#525D76;} P {font-family:Tahoma,Arial,sans-serif;background:white;color:black;font-size:12px;}A {color : black;}A.name {color : black;}.line {height: 1px; background-color: #525D76; border: none;}&lt;/style&gt; &lt;/head&gt;&lt;body&gt;&lt;h1&gt;HTTP Status 404 - /outlet-pos-api/api/order/history&lt;/h1&gt;&lt;div class=&quot;line&quot;&gt;&lt;/div&gt;&lt;p&gt;&lt;b&gt;type&lt;/b&gt; Status report&lt;/p&gt;&lt;p&gt;&lt;b&gt;message&lt;/b&gt; &lt;u&gt;/outlet-pos-api/api/order/history&lt;/u&gt;&lt;/p&gt;&lt;p&gt;&lt;b&gt;description&lt;/b&gt; &lt;u&gt;The requested resource is not available.&lt;/u&gt;&lt;/p&gt;&lt;hr class=&quot;line&quot;&gt;&lt;h3&gt;Apache Tomcat/8.5.0&lt;/h3&gt;&lt;/body&gt;&lt;/html&gt;
">
      <![CDATA[java.lang.AssertionError: Status expected:<200 OK> but was:<404 NOT_FOUND>

> POST https://qa3-api.chaipoint.com/outlet-pos-api/api/order/history
> WebTestClient-Request-Id: [1]
> service.auth.key: [1234567]
> Content-Type: [application/json]
> Content-Length: [19]

{
  "moduleId": 1
}

< 404 NOT_FOUND Not Found
< Date: [Wed, 04 Dec 2019 12:38:20 GMT]
< Content-Type: [text/html;charset=utf-8]
< Content-Length: [1056]
< Connection: [keep-alive]
< Server: [Apache-Coyote/1.1]
< Content-Language: [en]

<!DOCTYPE html><html><head><title>Apache Tomcat/8.5.0 - Error report</title><style type="text/css">H1 {font-family:Tahoma,Arial,sans-serif;color:white;background-color:#525D76;font-size:22px;} H2 {font-family:Tahoma,Arial,sans-serif;color:white;background-color:#525D76;font-size:16px;} H3 {font-family:Tahoma,Arial,sans-serif;color:white;background-color:#525D76;font-size:14px;} BODY {font-family:Tahoma,Arial,sans-serif;color:black;background-color:white;} B {font-family:Tahoma,Arial,sans-serif;color:white;background-color:#525D76;} P {font-family:Tahoma,Arial,sans-serif;background:white;color:black;font-size:12px;}A {color : black;}A.name {color : black;}.line {height: 1px; background-color: #525D76; border: none;}</style> </head><body><h1>HTTP Status 404 - /outlet-pos-api/api/order/history</h1><div class="line"></div><p><b>type</b> Status report</p><p><b>message</b> <u>/outlet-pos-api/api/order/history</u></p><p><b>description</b> <u>The requested resource is not available.</u></p><hr class="line"><h3>Apache Tomcat/8.5.0</h3></body></html>

	at org.springframework.test.web.reactive.server.ExchangeResult.assertWithDiagnostics(ExchangeResult.java:200)
	at org.springframework.test.web.reactive.server.StatusAssertions.assertStatusAndReturn(StatusAssertions.java:227)
	at org.springframework.test.web.reactive.server.StatusAssertions.isOk(StatusAssertions.java:67)
	at cool.fountain.online.web.test.order.TestHistoryTestNg.history(TestHistoryTestNg.java:91)
	at cool.fountain.online.web.test.order.TestHistoryTestNg.testOrderHistoryLoad(TestHistoryTestNg.java:77)
	at sun.reflect.GeneratedMethodAccessor53.invoke(Unknown Source)
	at sun.reflect.DelegatingMethodAccessorImpl.invoke(DelegatingMethodAccessorImpl.java:43)
	at java.lang.reflect.Method.invoke(Method.java:498)
	at org.testng.internal.MethodInvocationHelper.invokeMethod(MethodInvocationHelper.java:80)
	at org.testng.internal.MethodInvocationHelper$1.runTestMethod(MethodInvocationHelper.java:182)
	at org.springframework.test.context.testng.AbstractTestNGSpringContextTests.run(AbstractTestNGSpringContextTests.java:180)
	at sun.reflect.GeneratedMethodAccessor44.invoke(Unknown Source)
	at sun.reflect.DelegatingMethodAccessorImpl.invoke(DelegatingMethodAccessorImpl.java:43)
	at java.lang.reflect.Method.invoke(Method.java:498)
	at org.testng.internal.MethodInvocationHelper.invokeHookable(MethodInvocationHelper.java:194)
	at org.testng.internal.Invoker.invokeMethod(Invoker.java:707)
	at org.testng.internal.Invoker.invokeTestMethod(Invoker.java:901)
	at org.testng.internal.Invoker.invokeTestMethods(Invoker.java:1231)
	at org.testng.internal.TestMethodWorker.invokeTestMethods(TestMethodWorker.java:127)
	at org.testng.internal.TestMethodWorker.run(TestMethodWorker.java:111)
	at org.testng.internal.thread.ThreadUtil$2.call(ThreadUtil.java:64)
	at java.util.concurrent.FutureTask.run(FutureTask.java:266)
	at java.util.concurrent.ThreadPoolExecutor.runWorker(ThreadPoolExecutor.java:1149)
	at java.util.concurrent.ThreadPoolExecutor$Worker.run(ThreadPoolExecutor.java:624)
	at java.lang.Thread.run(Thread.java:748)
Caused by: java.lang.AssertionError: Status expected:<200 OK> but was:<404 NOT_FOUND>
	at org.springframework.test.util.AssertionErrors.fail(AssertionErrors.java:55)
	at org.springframework.test.util.AssertionErrors.assertEquals(AssertionErrors.java:82)
	at org.springframework.test.web.reactive.server.StatusAssertions.lambda$assertStatusAndReturn$4(StatusAssertions.java:227)
	at org.springframework.test.web.reactive.server.ExchangeResult.assertWithDiagnostics(ExchangeResult.java:197)
	... 24 more
]]>
    </error>
  </testcase> <!-- testOrderHistoryLoad -->
  <testcase name="testOrderHistoryLoad" time="0.194" classname="cool.fountain.online.web.test.order.TestHistoryTestNg"/>
  <testcase name="testOrderHistoryLoad" time="0.029" classname="cool.fountain.online.web.test.order.TestHistoryTestNg">
    <error type="java.lang.AssertionError" message="Status expected:&lt;200 OK&gt; but was:&lt;404 NOT_FOUND&gt;

&gt; POST https://qa3-api.chaipoint.com/outlet-pos-api/api/order/history
&gt; WebTestClient-Request-Id: [1]
&gt; service.auth.key: [1234567]
&gt; Content-Type: [application/json]
&gt; Content-Length: [19]

{
  &quot;moduleId&quot;: 1
}

&lt; 404 NOT_FOUND Not Found
&lt; Date: [Wed, 04 Dec 2019 12:38:20 GMT]
&lt; Content-Type: [text/html;charset=utf-8]
&lt; Content-Length: [1056]
&lt; Connection: [keep-alive]
&lt; Server: [Apache-Coyote/1.1]
&lt; Content-Language: [en]

&lt;!DOCTYPE html&gt;&lt;html&gt;&lt;head&gt;&lt;title&gt;Apache Tomcat/8.5.0 - Error report&lt;/title&gt;&lt;style type=&quot;text/css&quot;&gt;H1 {font-family:Tahoma,Arial,sans-serif;color:white;background-color:#525D76;font-size:22px;} H2 {font-family:Tahoma,Arial,sans-serif;color:white;background-color:#525D76;font-size:16px;} H3 {font-family:Tahoma,Arial,sans-serif;color:white;background-color:#525D76;font-size:14px;} BODY {font-family:Tahoma,Arial,sans-serif;color:black;background-color:white;} B {font-family:Tahoma,Arial,sans-serif;color:white;background-color:#525D76;} P {font-family:Tahoma,Arial,sans-serif;background:white;color:black;font-size:12px;}A {color : black;}A.name {color : black;}.line {height: 1px; background-color: #525D76; border: none;}&lt;/style&gt; &lt;/head&gt;&lt;body&gt;&lt;h1&gt;HTTP Status 404 - /outlet-pos-api/api/order/history&lt;/h1&gt;&lt;div class=&quot;line&quot;&gt;&lt;/div&gt;&lt;p&gt;&lt;b&gt;type&lt;/b&gt; Status report&lt;/p&gt;&lt;p&gt;&lt;b&gt;message&lt;/b&gt; &lt;u&gt;/outlet-pos-api/api/order/history&lt;/u&gt;&lt;/p&gt;&lt;p&gt;&lt;b&gt;description&lt;/b&gt; &lt;u&gt;The requested resource is not available.&lt;/u&gt;&lt;/p&gt;&lt;hr class=&quot;line&quot;&gt;&lt;h3&gt;Apache Tomcat/8.5.0&lt;/h3&gt;&lt;/body&gt;&lt;/html&gt;
">
      <![CDATA[java.lang.AssertionError: Status expected:<200 OK> but was:<404 NOT_FOUND>

> POST https://qa3-api.chaipoint.com/outlet-pos-api/api/order/history
> WebTestClient-Request-Id: [1]
> service.auth.key: [1234567]
> Content-Type: [application/json]
> Content-Length: [19]

{
  "moduleId": 1
}

< 404 NOT_FOUND Not Found
< Date: [Wed, 04 Dec 2019 12:38:20 GMT]
< Content-Type: [text/html;charset=utf-8]
< Content-Length: [1056]
< Connection: [keep-alive]
< Server: [Apache-Coyote/1.1]
< Content-Language: [en]

<!DOCTYPE html><html><head><title>Apache Tomcat/8.5.0 - Error report</title><style type="text/css">H1 {font-family:Tahoma,Arial,sans-serif;color:white;background-color:#525D76;font-size:22px;} H2 {font-family:Tahoma,Arial,sans-serif;color:white;background-color:#525D76;font-size:16px;} H3 {font-family:Tahoma,Arial,sans-serif;color:white;background-color:#525D76;font-size:14px;} BODY {font-family:Tahoma,Arial,sans-serif;color:black;background-color:white;} B {font-family:Tahoma,Arial,sans-serif;color:white;background-color:#525D76;} P {font-family:Tahoma,Arial,sans-serif;background:white;color:black;font-size:12px;}A {color : black;}A.name {color : black;}.line {height: 1px; background-color: #525D76; border: none;}</style> </head><body><h1>HTTP Status 404 - /outlet-pos-api/api/order/history</h1><div class="line"></div><p><b>type</b> Status report</p><p><b>message</b> <u>/outlet-pos-api/api/order/history</u></p><p><b>description</b> <u>The requested resource is not available.</u></p><hr class="line"><h3>Apache Tomcat/8.5.0</h3></body></html>

	at org.springframework.test.web.reactive.server.ExchangeResult.assertWithDiagnostics(ExchangeResult.java:200)
	at org.springframework.test.web.reactive.server.StatusAssertions.assertStatusAndReturn(StatusAssertions.java:227)
	at org.springframework.test.web.reactive.server.StatusAssertions.isOk(StatusAssertions.java:67)
	at cool.fountain.online.web.test.order.TestHistoryTestNg.history(TestHistoryTestNg.java:91)
	at cool.fountain.online.web.test.order.TestHistoryTestNg.testOrderHistoryLoad(TestHistoryTestNg.java:77)
	at sun.reflect.GeneratedMethodAccessor53.invoke(Unknown Source)
	at sun.reflect.DelegatingMethodAccessorImpl.invoke(DelegatingMethodAccessorImpl.java:43)
	at java.lang.reflect.Method.invoke(Method.java:498)
	at org.testng.internal.MethodInvocationHelper.invokeMethod(MethodInvocationHelper.java:80)
	at org.testng.internal.MethodInvocationHelper$1.runTestMethod(MethodInvocationHelper.java:182)
	at org.springframework.test.context.testng.AbstractTestNGSpringContextTests.run(AbstractTestNGSpringContextTests.java:180)
	at sun.reflect.GeneratedMethodAccessor44.invoke(Unknown Source)
	at sun.reflect.DelegatingMethodAccessorImpl.invoke(DelegatingMethodAccessorImpl.java:43)
	at java.lang.reflect.Method.invoke(Method.java:498)
	at org.testng.internal.MethodInvocationHelper.invokeHookable(MethodInvocationHelper.java:194)
	at org.testng.internal.Invoker.invokeMethod(Invoker.java:707)
	at org.testng.internal.Invoker.invokeTestMethod(Invoker.java:901)
	at org.testng.internal.Invoker.invokeTestMethods(Invoker.java:1231)
	at org.testng.internal.TestMethodWorker.invokeTestMethods(TestMethodWorker.java:127)
	at org.testng.internal.TestMethodWorker.run(TestMethodWorker.java:111)
	at org.testng.internal.thread.ThreadUtil$2.call(ThreadUtil.java:64)
	at java.util.concurrent.FutureTask.run(FutureTask.java:266)
	at java.util.concurrent.ThreadPoolExecutor.runWorker(ThreadPoolExecutor.java:1149)
	at java.util.concurrent.ThreadPoolExecutor$Worker.run(ThreadPoolExecutor.java:624)
	at java.lang.Thread.run(Thread.java:748)
Caused by: java.lang.AssertionError: Status expected:<200 OK> but was:<404 NOT_FOUND>
	at org.springframework.test.util.AssertionErrors.fail(AssertionErrors.java:55)
	at org.springframework.test.util.AssertionErrors.assertEquals(AssertionErrors.java:82)
	at org.springframework.test.web.reactive.server.StatusAssertions.lambda$assertStatusAndReturn$4(StatusAssertions.java:227)
	at org.springframework.test.web.reactive.server.ExchangeResult.assertWithDiagnostics(ExchangeResult.java:197)
	... 24 more
]]>
    </error>
  </testcase> <!-- testOrderHistoryLoad -->
  <testcase name="testOrderHistoryLoad" time="0.031" classname="cool.fountain.online.web.test.order.TestHistoryTestNg">
    <error type="java.lang.AssertionError" message="Status expected:&lt;200 OK&gt; but was:&lt;404 NOT_FOUND&gt;

&gt; POST https://qa3-api.chaipoint.com/outlet-pos-api/api/order/history
&gt; WebTestClient-Request-Id: [1]
&gt; service.auth.key: [1234567]
&gt; Content-Type: [application/json]
&gt; Content-Length: [19]

{
  &quot;moduleId&quot;: 1
}

&lt; 404 NOT_FOUND Not Found
&lt; Date: [Wed, 04 Dec 2019 12:38:20 GMT]
&lt; Content-Type: [text/html;charset=utf-8]
&lt; Content-Length: [1056]
&lt; Connection: [keep-alive]
&lt; Server: [Apache-Coyote/1.1]
&lt; Content-Language: [en]

&lt;!DOCTYPE html&gt;&lt;html&gt;&lt;head&gt;&lt;title&gt;Apache Tomcat/8.5.0 - Error report&lt;/title&gt;&lt;style type=&quot;text/css&quot;&gt;H1 {font-family:Tahoma,Arial,sans-serif;color:white;background-color:#525D76;font-size:22px;} H2 {font-family:Tahoma,Arial,sans-serif;color:white;background-color:#525D76;font-size:16px;} H3 {font-family:Tahoma,Arial,sans-serif;color:white;background-color:#525D76;font-size:14px;} BODY {font-family:Tahoma,Arial,sans-serif;color:black;background-color:white;} B {font-family:Tahoma,Arial,sans-serif;color:white;background-color:#525D76;} P {font-family:Tahoma,Arial,sans-serif;background:white;color:black;font-size:12px;}A {color : black;}A.name {color : black;}.line {height: 1px; background-color: #525D76; border: none;}&lt;/style&gt; &lt;/head&gt;&lt;body&gt;&lt;h1&gt;HTTP Status 404 - /outlet-pos-api/api/order/history&lt;/h1&gt;&lt;div class=&quot;line&quot;&gt;&lt;/div&gt;&lt;p&gt;&lt;b&gt;type&lt;/b&gt; Status report&lt;/p&gt;&lt;p&gt;&lt;b&gt;message&lt;/b&gt; &lt;u&gt;/outlet-pos-api/api/order/history&lt;/u&gt;&lt;/p&gt;&lt;p&gt;&lt;b&gt;description&lt;/b&gt; &lt;u&gt;The requested resource is not available.&lt;/u&gt;&lt;/p&gt;&lt;hr class=&quot;line&quot;&gt;&lt;h3&gt;Apache Tomcat/8.5.0&lt;/h3&gt;&lt;/body&gt;&lt;/html&gt;
">
      <![CDATA[java.lang.AssertionError: Status expected:<200 OK> but was:<404 NOT_FOUND>

> POST https://qa3-api.chaipoint.com/outlet-pos-api/api/order/history
> WebTestClient-Request-Id: [1]
> service.auth.key: [1234567]
> Content-Type: [application/json]
> Content-Length: [19]

{
  "moduleId": 1
}

< 404 NOT_FOUND Not Found
< Date: [Wed, 04 Dec 2019 12:38:20 GMT]
< Content-Type: [text/html;charset=utf-8]
< Content-Length: [1056]
< Connection: [keep-alive]
< Server: [Apache-Coyote/1.1]
< Content-Language: [en]

<!DOCTYPE html><html><head><title>Apache Tomcat/8.5.0 - Error report</title><style type="text/css">H1 {font-family:Tahoma,Arial,sans-serif;color:white;background-color:#525D76;font-size:22px;} H2 {font-family:Tahoma,Arial,sans-serif;color:white;background-color:#525D76;font-size:16px;} H3 {font-family:Tahoma,Arial,sans-serif;color:white;background-color:#525D76;font-size:14px;} BODY {font-family:Tahoma,Arial,sans-serif;color:black;background-color:white;} B {font-family:Tahoma,Arial,sans-serif;color:white;background-color:#525D76;} P {font-family:Tahoma,Arial,sans-serif;background:white;color:black;font-size:12px;}A {color : black;}A.name {color : black;}.line {height: 1px; background-color: #525D76; border: none;}</style> </head><body><h1>HTTP Status 404 - /outlet-pos-api/api/order/history</h1><div class="line"></div><p><b>type</b> Status report</p><p><b>message</b> <u>/outlet-pos-api/api/order/history</u></p><p><b>description</b> <u>The requested resource is not available.</u></p><hr class="line"><h3>Apache Tomcat/8.5.0</h3></body></html>

	at org.springframework.test.web.reactive.server.ExchangeResult.assertWithDiagnostics(ExchangeResult.java:200)
	at org.springframework.test.web.reactive.server.StatusAssertions.assertStatusAndReturn(StatusAssertions.java:227)
	at org.springframework.test.web.reactive.server.StatusAssertions.isOk(StatusAssertions.java:67)
	at cool.fountain.online.web.test.order.TestHistoryTestNg.history(TestHistoryTestNg.java:91)
	at cool.fountain.online.web.test.order.TestHistoryTestNg.testOrderHistoryLoad(TestHistoryTestNg.java:77)
	at sun.reflect.GeneratedMethodAccessor53.invoke(Unknown Source)
	at sun.reflect.DelegatingMethodAccessorImpl.invoke(DelegatingMethodAccessorImpl.java:43)
	at java.lang.reflect.Method.invoke(Method.java:498)
	at org.testng.internal.MethodInvocationHelper.invokeMethod(MethodInvocationHelper.java:80)
	at org.testng.internal.MethodInvocationHelper$1.runTestMethod(MethodInvocationHelper.java:182)
	at org.springframework.test.context.testng.AbstractTestNGSpringContextTests.run(AbstractTestNGSpringContextTests.java:180)
	at sun.reflect.GeneratedMethodAccessor44.invoke(Unknown Source)
	at sun.reflect.DelegatingMethodAccessorImpl.invoke(DelegatingMethodAccessorImpl.java:43)
	at java.lang.reflect.Method.invoke(Method.java:498)
	at org.testng.internal.MethodInvocationHelper.invokeHookable(MethodInvocationHelper.java:194)
	at org.testng.internal.Invoker.invokeMethod(Invoker.java:707)
	at org.testng.internal.Invoker.invokeTestMethod(Invoker.java:901)
	at org.testng.internal.Invoker.invokeTestMethods(Invoker.java:1231)
	at org.testng.internal.TestMethodWorker.invokeTestMethods(TestMethodWorker.java:127)
	at org.testng.internal.TestMethodWorker.run(TestMethodWorker.java:111)
	at org.testng.internal.thread.ThreadUtil$2.call(ThreadUtil.java:64)
	at java.util.concurrent.FutureTask.run(FutureTask.java:266)
	at java.util.concurrent.ThreadPoolExecutor.runWorker(ThreadPoolExecutor.java:1149)
	at java.util.concurrent.ThreadPoolExecutor$Worker.run(ThreadPoolExecutor.java:624)
	at java.lang.Thread.run(Thread.java:748)
Caused by: java.lang.AssertionError: Status expected:<200 OK> but was:<404 NOT_FOUND>
	at org.springframework.test.util.AssertionErrors.fail(AssertionErrors.java:55)
	at org.springframework.test.util.AssertionErrors.assertEquals(AssertionErrors.java:82)
	at org.springframework.test.web.reactive.server.StatusAssertions.lambda$assertStatusAndReturn$4(StatusAssertions.java:227)
	at org.springframework.test.web.reactive.server.ExchangeResult.assertWithDiagnostics(ExchangeResult.java:197)
	... 24 more
]]>
    </error>
  </testcase> <!-- testOrderHistoryLoad -->
  <testcase name="testOrderHistoryLoad" time="0.045" classname="cool.fountain.online.web.test.order.TestHistoryTestNg">
    <error type="java.lang.AssertionError" message="Status expected:&lt;200 OK&gt; but was:&lt;404 NOT_FOUND&gt;

&gt; POST https://qa3-api.chaipoint.com/outlet-pos-api/api/order/history
&gt; WebTestClient-Request-Id: [1]
&gt; service.auth.key: [1234567]
&gt; Content-Type: [application/json]
&gt; Content-Length: [19]

{
  &quot;moduleId&quot;: 1
}

&lt; 404 NOT_FOUND Not Found
&lt; Date: [Wed, 04 Dec 2019 12:38:20 GMT]
&lt; Content-Type: [text/html;charset=utf-8]
&lt; Content-Length: [1056]
&lt; Connection: [keep-alive]
&lt; Server: [Apache-Coyote/1.1]
&lt; Content-Language: [en]

&lt;!DOCTYPE html&gt;&lt;html&gt;&lt;head&gt;&lt;title&gt;Apache Tomcat/8.5.0 - Error report&lt;/title&gt;&lt;style type=&quot;text/css&quot;&gt;H1 {font-family:Tahoma,Arial,sans-serif;color:white;background-color:#525D76;font-size:22px;} H2 {font-family:Tahoma,Arial,sans-serif;color:white;background-color:#525D76;font-size:16px;} H3 {font-family:Tahoma,Arial,sans-serif;color:white;background-color:#525D76;font-size:14px;} BODY {font-family:Tahoma,Arial,sans-serif;color:black;background-color:white;} B {font-family:Tahoma,Arial,sans-serif;color:white;background-color:#525D76;} P {font-family:Tahoma,Arial,sans-serif;background:white;color:black;font-size:12px;}A {color : black;}A.name {color : black;}.line {height: 1px; background-color: #525D76; border: none;}&lt;/style&gt; &lt;/head&gt;&lt;body&gt;&lt;h1&gt;HTTP Status 404 - /outlet-pos-api/api/order/history&lt;/h1&gt;&lt;div class=&quot;line&quot;&gt;&lt;/div&gt;&lt;p&gt;&lt;b&gt;type&lt;/b&gt; Status report&lt;/p&gt;&lt;p&gt;&lt;b&gt;message&lt;/b&gt; &lt;u&gt;/outlet-pos-api/api/order/history&lt;/u&gt;&lt;/p&gt;&lt;p&gt;&lt;b&gt;description&lt;/b&gt; &lt;u&gt;The requested resource is not available.&lt;/u&gt;&lt;/p&gt;&lt;hr class=&quot;line&quot;&gt;&lt;h3&gt;Apache Tomcat/8.5.0&lt;/h3&gt;&lt;/body&gt;&lt;/html&gt;
">
      <![CDATA[java.lang.AssertionError: Status expected:<200 OK> but was:<404 NOT_FOUND>

> POST https://qa3-api.chaipoint.com/outlet-pos-api/api/order/history
> WebTestClient-Request-Id: [1]
> service.auth.key: [1234567]
> Content-Type: [application/json]
> Content-Length: [19]

{
  "moduleId": 1
}

< 404 NOT_FOUND Not Found
< Date: [Wed, 04 Dec 2019 12:38:20 GMT]
< Content-Type: [text/html;charset=utf-8]
< Content-Length: [1056]
< Connection: [keep-alive]
< Server: [Apache-Coyote/1.1]
< Content-Language: [en]

<!DOCTYPE html><html><head><title>Apache Tomcat/8.5.0 - Error report</title><style type="text/css">H1 {font-family:Tahoma,Arial,sans-serif;color:white;background-color:#525D76;font-size:22px;} H2 {font-family:Tahoma,Arial,sans-serif;color:white;background-color:#525D76;font-size:16px;} H3 {font-family:Tahoma,Arial,sans-serif;color:white;background-color:#525D76;font-size:14px;} BODY {font-family:Tahoma,Arial,sans-serif;color:black;background-color:white;} B {font-family:Tahoma,Arial,sans-serif;color:white;background-color:#525D76;} P {font-family:Tahoma,Arial,sans-serif;background:white;color:black;font-size:12px;}A {color : black;}A.name {color : black;}.line {height: 1px; background-color: #525D76; border: none;}</style> </head><body><h1>HTTP Status 404 - /outlet-pos-api/api/order/history</h1><div class="line"></div><p><b>type</b> Status report</p><p><b>message</b> <u>/outlet-pos-api/api/order/history</u></p><p><b>description</b> <u>The requested resource is not available.</u></p><hr class="line"><h3>Apache Tomcat/8.5.0</h3></body></html>

	at org.springframework.test.web.reactive.server.ExchangeResult.assertWithDiagnostics(ExchangeResult.java:200)
	at org.springframework.test.web.reactive.server.StatusAssertions.assertStatusAndReturn(StatusAssertions.java:227)
	at org.springframework.test.web.reactive.server.StatusAssertions.isOk(StatusAssertions.java:67)
	at cool.fountain.online.web.test.order.TestHistoryTestNg.history(TestHistoryTestNg.java:91)
	at cool.fountain.online.web.test.order.TestHistoryTestNg.testOrderHistoryLoad(TestHistoryTestNg.java:77)
	at sun.reflect.GeneratedMethodAccessor53.invoke(Unknown Source)
	at sun.reflect.DelegatingMethodAccessorImpl.invoke(DelegatingMethodAccessorImpl.java:43)
	at java.lang.reflect.Method.invoke(Method.java:498)
	at org.testng.internal.MethodInvocationHelper.invokeMethod(MethodInvocationHelper.java:80)
	at org.testng.internal.MethodInvocationHelper$1.runTestMethod(MethodInvocationHelper.java:182)
	at org.springframework.test.context.testng.AbstractTestNGSpringContextTests.run(AbstractTestNGSpringContextTests.java:180)
	at sun.reflect.GeneratedMethodAccessor44.invoke(Unknown Source)
	at sun.reflect.DelegatingMethodAccessorImpl.invoke(DelegatingMethodAccessorImpl.java:43)
	at java.lang.reflect.Method.invoke(Method.java:498)
	at org.testng.internal.MethodInvocationHelper.invokeHookable(MethodInvocationHelper.java:194)
	at org.testng.internal.Invoker.invokeMethod(Invoker.java:707)
	at org.testng.internal.Invoker.invokeTestMethod(Invoker.java:901)
	at org.testng.internal.Invoker.invokeTestMethods(Invoker.java:1231)
	at org.testng.internal.TestMethodWorker.invokeTestMethods(TestMethodWorker.java:127)
	at org.testng.internal.TestMethodWorker.run(TestMethodWorker.java:111)
	at org.testng.internal.thread.ThreadUtil$2.call(ThreadUtil.java:64)
	at java.util.concurrent.FutureTask.run(FutureTask.java:266)
	at java.util.concurrent.ThreadPoolExecutor.runWorker(ThreadPoolExecutor.java:1149)
	at java.util.concurrent.ThreadPoolExecutor$Worker.run(ThreadPoolExecutor.java:624)
	at java.lang.Thread.run(Thread.java:748)
Caused by: java.lang.AssertionError: Status expected:<200 OK> but was:<404 NOT_FOUND>
	at org.springframework.test.util.AssertionErrors.fail(AssertionErrors.java:55)
	at org.springframework.test.util.AssertionErrors.assertEquals(AssertionErrors.java:82)
	at org.springframework.test.web.reactive.server.StatusAssertions.lambda$assertStatusAndReturn$4(StatusAssertions.java:227)
	at org.springframework.test.web.reactive.server.ExchangeResult.assertWithDiagnostics(ExchangeResult.java:197)
	... 24 more
]]>
    </error>
  </testcase> <!-- testOrderHistoryLoad -->
  <testcase name="testOrderHistoryLoad" time="0.148" classname="cool.fountain.online.web.test.order.TestHistoryTestNg"/>
  <testcase name="testOrderHistoryLoad" time="0.148" classname="cool.fountain.online.web.test.order.TestHistoryTestNg"/>
  <testcase name="testOrderHistoryLoad" time="0.219" classname="cool.fountain.online.web.test.order.TestHistoryTestNg"/>
  <testcase name="testOrderHistoryLoad" time="0.254" classname="cool.fountain.online.web.test.order.TestHistoryTestNg"/>
  <testcase name="testOrderHistoryLoad" time="0.142" classname="cool.fountain.online.web.test.order.TestHistoryTestNg"/>
  <testcase name="testOrderHistoryLoad" time="0.040" classname="cool.fountain.online.web.test.order.TestHistoryTestNg">
    <error type="java.lang.AssertionError" message="Status expected:&lt;200 OK&gt; but was:&lt;404 NOT_FOUND&gt;

&gt; POST https://qa3-api.chaipoint.com/outlet-pos-api/api/order/history
&gt; WebTestClient-Request-Id: [1]
&gt; service.auth.key: [1234567]
&gt; Content-Type: [application/json]
&gt; Content-Length: [19]

{
  &quot;moduleId&quot;: 1
}

&lt; 404 NOT_FOUND Not Found
&lt; Date: [Wed, 04 Dec 2019 12:38:20 GMT]
&lt; Content-Type: [text/html;charset=utf-8]
&lt; Content-Length: [1056]
&lt; Connection: [keep-alive]
&lt; Server: [Apache-Coyote/1.1]
&lt; Content-Language: [en]

&lt;!DOCTYPE html&gt;&lt;html&gt;&lt;head&gt;&lt;title&gt;Apache Tomcat/8.5.0 - Error report&lt;/title&gt;&lt;style type=&quot;text/css&quot;&gt;H1 {font-family:Tahoma,Arial,sans-serif;color:white;background-color:#525D76;font-size:22px;} H2 {font-family:Tahoma,Arial,sans-serif;color:white;background-color:#525D76;font-size:16px;} H3 {font-family:Tahoma,Arial,sans-serif;color:white;background-color:#525D76;font-size:14px;} BODY {font-family:Tahoma,Arial,sans-serif;color:black;background-color:white;} B {font-family:Tahoma,Arial,sans-serif;color:white;background-color:#525D76;} P {font-family:Tahoma,Arial,sans-serif;background:white;color:black;font-size:12px;}A {color : black;}A.name {color : black;}.line {height: 1px; background-color: #525D76; border: none;}&lt;/style&gt; &lt;/head&gt;&lt;body&gt;&lt;h1&gt;HTTP Status 404 - /outlet-pos-api/api/order/history&lt;/h1&gt;&lt;div class=&quot;line&quot;&gt;&lt;/div&gt;&lt;p&gt;&lt;b&gt;type&lt;/b&gt; Status report&lt;/p&gt;&lt;p&gt;&lt;b&gt;message&lt;/b&gt; &lt;u&gt;/outlet-pos-api/api/order/history&lt;/u&gt;&lt;/p&gt;&lt;p&gt;&lt;b&gt;description&lt;/b&gt; &lt;u&gt;The requested resource is not available.&lt;/u&gt;&lt;/p&gt;&lt;hr class=&quot;line&quot;&gt;&lt;h3&gt;Apache Tomcat/8.5.0&lt;/h3&gt;&lt;/body&gt;&lt;/html&gt;
">
      <![CDATA[java.lang.AssertionError: Status expected:<200 OK> but was:<404 NOT_FOUND>

> POST https://qa3-api.chaipoint.com/outlet-pos-api/api/order/history
> WebTestClient-Request-Id: [1]
> service.auth.key: [1234567]
> Content-Type: [application/json]
> Content-Length: [19]

{
  "moduleId": 1
}

< 404 NOT_FOUND Not Found
< Date: [Wed, 04 Dec 2019 12:38:20 GMT]
< Content-Type: [text/html;charset=utf-8]
< Content-Length: [1056]
< Connection: [keep-alive]
< Server: [Apache-Coyote/1.1]
< Content-Language: [en]

<!DOCTYPE html><html><head><title>Apache Tomcat/8.5.0 - Error report</title><style type="text/css">H1 {font-family:Tahoma,Arial,sans-serif;color:white;background-color:#525D76;font-size:22px;} H2 {font-family:Tahoma,Arial,sans-serif;color:white;background-color:#525D76;font-size:16px;} H3 {font-family:Tahoma,Arial,sans-serif;color:white;background-color:#525D76;font-size:14px;} BODY {font-family:Tahoma,Arial,sans-serif;color:black;background-color:white;} B {font-family:Tahoma,Arial,sans-serif;color:white;background-color:#525D76;} P {font-family:Tahoma,Arial,sans-serif;background:white;color:black;font-size:12px;}A {color : black;}A.name {color : black;}.line {height: 1px; background-color: #525D76; border: none;}</style> </head><body><h1>HTTP Status 404 - /outlet-pos-api/api/order/history</h1><div class="line"></div><p><b>type</b> Status report</p><p><b>message</b> <u>/outlet-pos-api/api/order/history</u></p><p><b>description</b> <u>The requested resource is not available.</u></p><hr class="line"><h3>Apache Tomcat/8.5.0</h3></body></html>

	at org.springframework.test.web.reactive.server.ExchangeResult.assertWithDiagnostics(ExchangeResult.java:200)
	at org.springframework.test.web.reactive.server.StatusAssertions.assertStatusAndReturn(StatusAssertions.java:227)
	at org.springframework.test.web.reactive.server.StatusAssertions.isOk(StatusAssertions.java:67)
	at cool.fountain.online.web.test.order.TestHistoryTestNg.history(TestHistoryTestNg.java:91)
	at cool.fountain.online.web.test.order.TestHistoryTestNg.testOrderHistoryLoad(TestHistoryTestNg.java:77)
	at sun.reflect.GeneratedMethodAccessor53.invoke(Unknown Source)
	at sun.reflect.DelegatingMethodAccessorImpl.invoke(DelegatingMethodAccessorImpl.java:43)
	at java.lang.reflect.Method.invoke(Method.java:498)
	at org.testng.internal.MethodInvocationHelper.invokeMethod(MethodInvocationHelper.java:80)
	at org.testng.internal.MethodInvocationHelper$1.runTestMethod(MethodInvocationHelper.java:182)
	at org.springframework.test.context.testng.AbstractTestNGSpringContextTests.run(AbstractTestNGSpringContextTests.java:180)
	at sun.reflect.GeneratedMethodAccessor44.invoke(Unknown Source)
	at sun.reflect.DelegatingMethodAccessorImpl.invoke(DelegatingMethodAccessorImpl.java:43)
	at java.lang.reflect.Method.invoke(Method.java:498)
	at org.testng.internal.MethodInvocationHelper.invokeHookable(MethodInvocationHelper.java:194)
	at org.testng.internal.Invoker.invokeMethod(Invoker.java:707)
	at org.testng.internal.Invoker.invokeTestMethod(Invoker.java:901)
	at org.testng.internal.Invoker.invokeTestMethods(Invoker.java:1231)
	at org.testng.internal.TestMethodWorker.invokeTestMethods(TestMethodWorker.java:127)
	at org.testng.internal.TestMethodWorker.run(TestMethodWorker.java:111)
	at org.testng.internal.thread.ThreadUtil$2.call(ThreadUtil.java:64)
	at java.util.concurrent.FutureTask.run(FutureTask.java:266)
	at java.util.concurrent.ThreadPoolExecutor.runWorker(ThreadPoolExecutor.java:1149)
	at java.util.concurrent.ThreadPoolExecutor$Worker.run(ThreadPoolExecutor.java:624)
	at java.lang.Thread.run(Thread.java:748)
Caused by: java.lang.AssertionError: Status expected:<200 OK> but was:<404 NOT_FOUND>
	at org.springframework.test.util.AssertionErrors.fail(AssertionErrors.java:55)
	at org.springframework.test.util.AssertionErrors.assertEquals(AssertionErrors.java:82)
	at org.springframework.test.web.reactive.server.StatusAssertions.lambda$assertStatusAndReturn$4(StatusAssertions.java:227)
	at org.springframework.test.web.reactive.server.ExchangeResult.assertWithDiagnostics(ExchangeResult.java:197)
	... 24 more
]]>
    </error>
  </testcase> <!-- testOrderHistoryLoad -->
  <testcase name="testOrderHistoryLoad" time="0.158" classname="cool.fountain.online.web.test.order.TestHistoryTestNg"/>
  <testcase name="testOrderHistoryLoad" time="0.036" classname="cool.fountain.online.web.test.order.TestHistoryTestNg">
    <error type="java.lang.AssertionError" message="Status expected:&lt;200 OK&gt; but was:&lt;404 NOT_FOUND&gt;

&gt; POST https://qa3-api.chaipoint.com/outlet-pos-api/api/order/history
&gt; WebTestClient-Request-Id: [1]
&gt; service.auth.key: [1234567]
&gt; Content-Type: [application/json]
&gt; Content-Length: [19]

{
  &quot;moduleId&quot;: 1
}

&lt; 404 NOT_FOUND Not Found
&lt; Date: [Wed, 04 Dec 2019 12:38:20 GMT]
&lt; Content-Type: [text/html;charset=utf-8]
&lt; Content-Length: [1056]
&lt; Connection: [keep-alive]
&lt; Server: [Apache-Coyote/1.1]
&lt; Content-Language: [en]

&lt;!DOCTYPE html&gt;&lt;html&gt;&lt;head&gt;&lt;title&gt;Apache Tomcat/8.5.0 - Error report&lt;/title&gt;&lt;style type=&quot;text/css&quot;&gt;H1 {font-family:Tahoma,Arial,sans-serif;color:white;background-color:#525D76;font-size:22px;} H2 {font-family:Tahoma,Arial,sans-serif;color:white;background-color:#525D76;font-size:16px;} H3 {font-family:Tahoma,Arial,sans-serif;color:white;background-color:#525D76;font-size:14px;} BODY {font-family:Tahoma,Arial,sans-serif;color:black;background-color:white;} B {font-family:Tahoma,Arial,sans-serif;color:white;background-color:#525D76;} P {font-family:Tahoma,Arial,sans-serif;background:white;color:black;font-size:12px;}A {color : black;}A.name {color : black;}.line {height: 1px; background-color: #525D76; border: none;}&lt;/style&gt; &lt;/head&gt;&lt;body&gt;&lt;h1&gt;HTTP Status 404 - /outlet-pos-api/api/order/history&lt;/h1&gt;&lt;div class=&quot;line&quot;&gt;&lt;/div&gt;&lt;p&gt;&lt;b&gt;type&lt;/b&gt; Status report&lt;/p&gt;&lt;p&gt;&lt;b&gt;message&lt;/b&gt; &lt;u&gt;/outlet-pos-api/api/order/history&lt;/u&gt;&lt;/p&gt;&lt;p&gt;&lt;b&gt;description&lt;/b&gt; &lt;u&gt;The requested resource is not available.&lt;/u&gt;&lt;/p&gt;&lt;hr class=&quot;line&quot;&gt;&lt;h3&gt;Apache Tomcat/8.5.0&lt;/h3&gt;&lt;/body&gt;&lt;/html&gt;
">
      <![CDATA[java.lang.AssertionError: Status expected:<200 OK> but was:<404 NOT_FOUND>

> POST https://qa3-api.chaipoint.com/outlet-pos-api/api/order/history
> WebTestClient-Request-Id: [1]
> service.auth.key: [1234567]
> Content-Type: [application/json]
> Content-Length: [19]

{
  "moduleId": 1
}

< 404 NOT_FOUND Not Found
< Date: [Wed, 04 Dec 2019 12:38:20 GMT]
< Content-Type: [text/html;charset=utf-8]
< Content-Length: [1056]
< Connection: [keep-alive]
< Server: [Apache-Coyote/1.1]
< Content-Language: [en]

<!DOCTYPE html><html><head><title>Apache Tomcat/8.5.0 - Error report</title><style type="text/css">H1 {font-family:Tahoma,Arial,sans-serif;color:white;background-color:#525D76;font-size:22px;} H2 {font-family:Tahoma,Arial,sans-serif;color:white;background-color:#525D76;font-size:16px;} H3 {font-family:Tahoma,Arial,sans-serif;color:white;background-color:#525D76;font-size:14px;} BODY {font-family:Tahoma,Arial,sans-serif;color:black;background-color:white;} B {font-family:Tahoma,Arial,sans-serif;color:white;background-color:#525D76;} P {font-family:Tahoma,Arial,sans-serif;background:white;color:black;font-size:12px;}A {color : black;}A.name {color : black;}.line {height: 1px; background-color: #525D76; border: none;}</style> </head><body><h1>HTTP Status 404 - /outlet-pos-api/api/order/history</h1><div class="line"></div><p><b>type</b> Status report</p><p><b>message</b> <u>/outlet-pos-api/api/order/history</u></p><p><b>description</b> <u>The requested resource is not available.</u></p><hr class="line"><h3>Apache Tomcat/8.5.0</h3></body></html>

	at org.springframework.test.web.reactive.server.ExchangeResult.assertWithDiagnostics(ExchangeResult.java:200)
	at org.springframework.test.web.reactive.server.StatusAssertions.assertStatusAndReturn(StatusAssertions.java:227)
	at org.springframework.test.web.reactive.server.StatusAssertions.isOk(StatusAssertions.java:67)
	at cool.fountain.online.web.test.order.TestHistoryTestNg.history(TestHistoryTestNg.java:91)
	at cool.fountain.online.web.test.order.TestHistoryTestNg.testOrderHistoryLoad(TestHistoryTestNg.java:77)
	at sun.reflect.GeneratedMethodAccessor53.invoke(Unknown Source)
	at sun.reflect.DelegatingMethodAccessorImpl.invoke(DelegatingMethodAccessorImpl.java:43)
	at java.lang.reflect.Method.invoke(Method.java:498)
	at org.testng.internal.MethodInvocationHelper.invokeMethod(MethodInvocationHelper.java:80)
	at org.testng.internal.MethodInvocationHelper$1.runTestMethod(MethodInvocationHelper.java:182)
	at org.springframework.test.context.testng.AbstractTestNGSpringContextTests.run(AbstractTestNGSpringContextTests.java:180)
	at sun.reflect.GeneratedMethodAccessor44.invoke(Unknown Source)
	at sun.reflect.DelegatingMethodAccessorImpl.invoke(DelegatingMethodAccessorImpl.java:43)
	at java.lang.reflect.Method.invoke(Method.java:498)
	at org.testng.internal.MethodInvocationHelper.invokeHookable(MethodInvocationHelper.java:194)
	at org.testng.internal.Invoker.invokeMethod(Invoker.java:707)
	at org.testng.internal.Invoker.invokeTestMethod(Invoker.java:901)
	at org.testng.internal.Invoker.invokeTestMethods(Invoker.java:1231)
	at org.testng.internal.TestMethodWorker.invokeTestMethods(TestMethodWorker.java:127)
	at org.testng.internal.TestMethodWorker.run(TestMethodWorker.java:111)
	at org.testng.internal.thread.ThreadUtil$2.call(ThreadUtil.java:64)
	at java.util.concurrent.FutureTask.run(FutureTask.java:266)
	at java.util.concurrent.ThreadPoolExecutor.runWorker(ThreadPoolExecutor.java:1149)
	at java.util.concurrent.ThreadPoolExecutor$Worker.run(ThreadPoolExecutor.java:624)
	at java.lang.Thread.run(Thread.java:748)
Caused by: java.lang.AssertionError: Status expected:<200 OK> but was:<404 NOT_FOUND>
	at org.springframework.test.util.AssertionErrors.fail(AssertionErrors.java:55)
	at org.springframework.test.util.AssertionErrors.assertEquals(AssertionErrors.java:82)
	at org.springframework.test.web.reactive.server.StatusAssertions.lambda$assertStatusAndReturn$4(StatusAssertions.java:227)
	at org.springframework.test.web.reactive.server.ExchangeResult.assertWithDiagnostics(ExchangeResult.java:197)
	... 24 more
]]>
    </error>
  </testcase> <!-- testOrderHistoryLoad -->
  <testcase name="testOrderHistoryLoad" time="0.035" classname="cool.fountain.online.web.test.order.TestHistoryTestNg">
    <error type="java.lang.AssertionError" message="Status expected:&lt;200 OK&gt; but was:&lt;404 NOT_FOUND&gt;

&gt; POST https://qa3-api.chaipoint.com/outlet-pos-api/api/order/history
&gt; WebTestClient-Request-Id: [1]
&gt; service.auth.key: [1234567]
&gt; Content-Type: [application/json]
&gt; Content-Length: [19]

{
  &quot;moduleId&quot;: 1
}

&lt; 404 NOT_FOUND Not Found
&lt; Date: [Wed, 04 Dec 2019 12:38:19 GMT]
&lt; Content-Type: [text/html;charset=utf-8]
&lt; Content-Length: [1056]
&lt; Connection: [keep-alive]
&lt; Server: [Apache-Coyote/1.1]
&lt; Content-Language: [en]

&lt;!DOCTYPE html&gt;&lt;html&gt;&lt;head&gt;&lt;title&gt;Apache Tomcat/8.5.0 - Error report&lt;/title&gt;&lt;style type=&quot;text/css&quot;&gt;H1 {font-family:Tahoma,Arial,sans-serif;color:white;background-color:#525D76;font-size:22px;} H2 {font-family:Tahoma,Arial,sans-serif;color:white;background-color:#525D76;font-size:16px;} H3 {font-family:Tahoma,Arial,sans-serif;color:white;background-color:#525D76;font-size:14px;} BODY {font-family:Tahoma,Arial,sans-serif;color:black;background-color:white;} B {font-family:Tahoma,Arial,sans-serif;color:white;background-color:#525D76;} P {font-family:Tahoma,Arial,sans-serif;background:white;color:black;font-size:12px;}A {color : black;}A.name {color : black;}.line {height: 1px; background-color: #525D76; border: none;}&lt;/style&gt; &lt;/head&gt;&lt;body&gt;&lt;h1&gt;HTTP Status 404 - /outlet-pos-api/api/order/history&lt;/h1&gt;&lt;div class=&quot;line&quot;&gt;&lt;/div&gt;&lt;p&gt;&lt;b&gt;type&lt;/b&gt; Status report&lt;/p&gt;&lt;p&gt;&lt;b&gt;message&lt;/b&gt; &lt;u&gt;/outlet-pos-api/api/order/history&lt;/u&gt;&lt;/p&gt;&lt;p&gt;&lt;b&gt;description&lt;/b&gt; &lt;u&gt;The requested resource is not available.&lt;/u&gt;&lt;/p&gt;&lt;hr class=&quot;line&quot;&gt;&lt;h3&gt;Apache Tomcat/8.5.0&lt;/h3&gt;&lt;/body&gt;&lt;/html&gt;
">
      <![CDATA[java.lang.AssertionError: Status expected:<200 OK> but was:<404 NOT_FOUND>

> POST https://qa3-api.chaipoint.com/outlet-pos-api/api/order/history
> WebTestClient-Request-Id: [1]
> service.auth.key: [1234567]
> Content-Type: [application/json]
> Content-Length: [19]

{
  "moduleId": 1
}

< 404 NOT_FOUND Not Found
< Date: [Wed, 04 Dec 2019 12:38:19 GMT]
< Content-Type: [text/html;charset=utf-8]
< Content-Length: [1056]
< Connection: [keep-alive]
< Server: [Apache-Coyote/1.1]
< Content-Language: [en]

<!DOCTYPE html><html><head><title>Apache Tomcat/8.5.0 - Error report</title><style type="text/css">H1 {font-family:Tahoma,Arial,sans-serif;color:white;background-color:#525D76;font-size:22px;} H2 {font-family:Tahoma,Arial,sans-serif;color:white;background-color:#525D76;font-size:16px;} H3 {font-family:Tahoma,Arial,sans-serif;color:white;background-color:#525D76;font-size:14px;} BODY {font-family:Tahoma,Arial,sans-serif;color:black;background-color:white;} B {font-family:Tahoma,Arial,sans-serif;color:white;background-color:#525D76;} P {font-family:Tahoma,Arial,sans-serif;background:white;color:black;font-size:12px;}A {color : black;}A.name {color : black;}.line {height: 1px; background-color: #525D76; border: none;}</style> </head><body><h1>HTTP Status 404 - /outlet-pos-api/api/order/history</h1><div class="line"></div><p><b>type</b> Status report</p><p><b>message</b> <u>/outlet-pos-api/api/order/history</u></p><p><b>description</b> <u>The requested resource is not available.</u></p><hr class="line"><h3>Apache Tomcat/8.5.0</h3></body></html>

	at org.springframework.test.web.reactive.server.ExchangeResult.assertWithDiagnostics(ExchangeResult.java:200)
	at org.springframework.test.web.reactive.server.StatusAssertions.assertStatusAndReturn(StatusAssertions.java:227)
	at org.springframework.test.web.reactive.server.StatusAssertions.isOk(StatusAssertions.java:67)
	at cool.fountain.online.web.test.order.TestHistoryTestNg.history(TestHistoryTestNg.java:91)
	at cool.fountain.online.web.test.order.TestHistoryTestNg.testOrderHistoryLoad(TestHistoryTestNg.java:77)
	at sun.reflect.NativeMethodAccessorImpl.invoke0(Native Method)
	at sun.reflect.NativeMethodAccessorImpl.invoke(NativeMethodAccessorImpl.java:62)
	at sun.reflect.DelegatingMethodAccessorImpl.invoke(DelegatingMethodAccessorImpl.java:43)
	at java.lang.reflect.Method.invoke(Method.java:498)
	at org.testng.internal.MethodInvocationHelper.invokeMethod(MethodInvocationHelper.java:80)
	at org.testng.internal.MethodInvocationHelper$1.runTestMethod(MethodInvocationHelper.java:182)
	at org.springframework.test.context.testng.AbstractTestNGSpringContextTests.run(AbstractTestNGSpringContextTests.java:180)
	at sun.reflect.GeneratedMethodAccessor44.invoke(Unknown Source)
	at sun.reflect.DelegatingMethodAccessorImpl.invoke(DelegatingMethodAccessorImpl.java:43)
	at java.lang.reflect.Method.invoke(Method.java:498)
	at org.testng.internal.MethodInvocationHelper.invokeHookable(MethodInvocationHelper.java:194)
	at org.testng.internal.Invoker.invokeMethod(Invoker.java:707)
	at org.testng.internal.Invoker.invokeTestMethod(Invoker.java:901)
	at org.testng.internal.Invoker.invokeTestMethods(Invoker.java:1231)
	at org.testng.internal.TestMethodWorker.invokeTestMethods(TestMethodWorker.java:127)
	at org.testng.internal.TestMethodWorker.run(TestMethodWorker.java:111)
	at org.testng.internal.thread.ThreadUtil$2.call(ThreadUtil.java:64)
	at java.util.concurrent.FutureTask.run(FutureTask.java:266)
	at java.util.concurrent.ThreadPoolExecutor.runWorker(ThreadPoolExecutor.java:1149)
	at java.util.concurrent.ThreadPoolExecutor$Worker.run(ThreadPoolExecutor.java:624)
	at java.lang.Thread.run(Thread.java:748)
Caused by: java.lang.AssertionError: Status expected:<200 OK> but was:<404 NOT_FOUND>
	at org.springframework.test.util.AssertionErrors.fail(AssertionErrors.java:55)
	at org.springframework.test.util.AssertionErrors.assertEquals(AssertionErrors.java:82)
	at org.springframework.test.web.reactive.server.StatusAssertions.lambda$assertStatusAndReturn$4(StatusAssertions.java:227)
	at org.springframework.test.web.reactive.server.ExchangeResult.assertWithDiagnostics(ExchangeResult.java:197)
	... 25 more
]]>
    </error>
  </testcase> <!-- testOrderHistoryLoad -->
  <testcase name="testHistory" time="0.072" classname="cool.fountain.online.web.test.order.TestHistoryTestNg">
    <error type="java.lang.AssertionError" message="Status expected:&lt;200 OK&gt; but was:&lt;404 NOT_FOUND&gt;

&gt; POST https://qa3-api.chaipoint.com/outlet-pos-api/api/order/history
&gt; WebTestClient-Request-Id: [1]
&gt; service.auth.key: [1234567]
&gt; Content-Type: [application/json]
&gt; Content-Length: [19]

{
  &quot;moduleId&quot;: 1
}

&lt; 404 NOT_FOUND Not Found
&lt; Date: [Wed, 04 Dec 2019 12:34:15 GMT]
&lt; Content-Type: [text/html;charset=utf-8]
&lt; Content-Length: [1056]
&lt; Connection: [keep-alive]
&lt; Server: [Apache-Coyote/1.1]
&lt; Content-Language: [en]

&lt;!DOCTYPE html&gt;&lt;html&gt;&lt;head&gt;&lt;title&gt;Apache Tomcat/8.5.0 - Error report&lt;/title&gt;&lt;style type=&quot;text/css&quot;&gt;H1 {font-family:Tahoma,Arial,sans-serif;color:white;background-color:#525D76;font-size:22px;} H2 {font-family:Tahoma,Arial,sans-serif;color:white;background-color:#525D76;font-size:16px;} H3 {font-family:Tahoma,Arial,sans-serif;color:white;background-color:#525D76;font-size:14px;} BODY {font-family:Tahoma,Arial,sans-serif;color:black;background-color:white;} B {font-family:Tahoma,Arial,sans-serif;color:white;background-color:#525D76;} P {font-family:Tahoma,Arial,sans-serif;background:white;color:black;font-size:12px;}A {color : black;}A.name {color : black;}.line {height: 1px; background-color: #525D76; border: none;}&lt;/style&gt; &lt;/head&gt;&lt;body&gt;&lt;h1&gt;HTTP Status 404 - /outlet-pos-api/api/order/history&lt;/h1&gt;&lt;div class=&quot;line&quot;&gt;&lt;/div&gt;&lt;p&gt;&lt;b&gt;type&lt;/b&gt; Status report&lt;/p&gt;&lt;p&gt;&lt;b&gt;message&lt;/b&gt; &lt;u&gt;/outlet-pos-api/api/order/history&lt;/u&gt;&lt;/p&gt;&lt;p&gt;&lt;b&gt;description&lt;/b&gt; &lt;u&gt;The requested resource is not available.&lt;/u&gt;&lt;/p&gt;&lt;hr class=&quot;line&quot;&gt;&lt;h3&gt;Apache Tomcat/8.5.0&lt;/h3&gt;&lt;/body&gt;&lt;/html&gt;
">
      <![CDATA[java.lang.AssertionError: Status expected:<200 OK> but was:<404 NOT_FOUND>

> POST https://qa3-api.chaipoint.com/outlet-pos-api/api/order/history
> WebTestClient-Request-Id: [1]
> service.auth.key: [1234567]
> Content-Type: [application/json]
> Content-Length: [19]

{
  "moduleId": 1
}

< 404 NOT_FOUND Not Found
< Date: [Wed, 04 Dec 2019 12:34:15 GMT]
< Content-Type: [text/html;charset=utf-8]
< Content-Length: [1056]
< Connection: [keep-alive]
< Server: [Apache-Coyote/1.1]
< Content-Language: [en]

<!DOCTYPE html><html><head><title>Apache Tomcat/8.5.0 - Error report</title><style type="text/css">H1 {font-family:Tahoma,Arial,sans-serif;color:white;background-color:#525D76;font-size:22px;} H2 {font-family:Tahoma,Arial,sans-serif;color:white;background-color:#525D76;font-size:16px;} H3 {font-family:Tahoma,Arial,sans-serif;color:white;background-color:#525D76;font-size:14px;} BODY {font-family:Tahoma,Arial,sans-serif;color:black;background-color:white;} B {font-family:Tahoma,Arial,sans-serif;color:white;background-color:#525D76;} P {font-family:Tahoma,Arial,sans-serif;background:white;color:black;font-size:12px;}A {color : black;}A.name {color : black;}.line {height: 1px; background-color: #525D76; border: none;}</style> </head><body><h1>HTTP Status 404 - /outlet-pos-api/api/order/history</h1><div class="line"></div><p><b>type</b> Status report</p><p><b>message</b> <u>/outlet-pos-api/api/order/history</u></p><p><b>description</b> <u>The requested resource is not available.</u></p><hr class="line"><h3>Apache Tomcat/8.5.0</h3></body></html>

	at org.springframework.test.web.reactive.server.ExchangeResult.assertWithDiagnostics(ExchangeResult.java:200)
	at org.springframework.test.web.reactive.server.StatusAssertions.assertStatusAndReturn(StatusAssertions.java:227)
	at org.springframework.test.web.reactive.server.StatusAssertions.isOk(StatusAssertions.java:67)
	at cool.fountain.online.web.test.order.TestHistoryTestNg.testHistory(TestHistoryTestNg.java:65)
	at sun.reflect.NativeMethodAccessorImpl.invoke0(Native Method)
	at sun.reflect.NativeMethodAccessorImpl.invoke(NativeMethodAccessorImpl.java:62)
	at sun.reflect.DelegatingMethodAccessorImpl.invoke(DelegatingMethodAccessorImpl.java:43)
	at java.lang.reflect.Method.invoke(Method.java:498)
	at org.testng.internal.MethodInvocationHelper.invokeMethod(MethodInvocationHelper.java:80)
	at org.testng.internal.MethodInvocationHelper$1.runTestMethod(MethodInvocationHelper.java:182)
	at org.springframework.test.context.testng.AbstractTestNGSpringContextTests.run(AbstractTestNGSpringContextTests.java:180)
	at sun.reflect.GeneratedMethodAccessor44.invoke(Unknown Source)
	at sun.reflect.DelegatingMethodAccessorImpl.invoke(DelegatingMethodAccessorImpl.java:43)
	at java.lang.reflect.Method.invoke(Method.java:498)
	at org.testng.internal.MethodInvocationHelper.invokeHookable(MethodInvocationHelper.java:194)
	at org.testng.internal.Invoker.invokeMethod(Invoker.java:707)
	at org.testng.internal.Invoker.invokeTestMethod(Invoker.java:901)
	at org.testng.internal.Invoker.invokeTestMethods(Invoker.java:1231)
	at org.testng.internal.TestMethodWorker.invokeTestMethods(TestMethodWorker.java:127)
	at org.testng.internal.TestMethodWorker.run(TestMethodWorker.java:111)
	at org.testng.TestRunner.privateRun(TestRunner.java:767)
	at org.testng.TestRunner.run(TestRunner.java:617)
	at org.testng.SuiteRunner.runTest(SuiteRunner.java:334)
	at org.testng.SuiteRunner.runSequentially(SuiteRunner.java:329)
	at org.testng.SuiteRunner.privateRun(SuiteRunner.java:291)
	at org.testng.SuiteRunner.run(SuiteRunner.java:240)
	at org.testng.SuiteRunnerWorker.runSuite(SuiteRunnerWorker.java:52)
	at org.testng.SuiteRunnerWorker.run(SuiteRunnerWorker.java:86)
	at org.testng.TestNG.runSuitesSequentially(TestNG.java:1198)
	at org.testng.TestNG.runSuitesSequentially(TestNG.java:1194)
	at org.testng.TestNG.runSuitesLocally(TestNG.java:1123)
	at org.testng.TestNG.run(TestNG.java:1031)
	at org.testng.remote.AbstractRemoteTestNG.run(AbstractRemoteTestNG.java:115)
	at org.testng.remote.RemoteTestNG.initAndRun(RemoteTestNG.java:251)
	at org.testng.remote.RemoteTestNG.main(RemoteTestNG.java:77)
Caused by: java.lang.AssertionError: Status expected:<200 OK> but was:<404 NOT_FOUND>
	at org.springframework.test.util.AssertionErrors.fail(AssertionErrors.java:55)
	at org.springframework.test.util.AssertionErrors.assertEquals(AssertionErrors.java:82)
	at org.springframework.test.web.reactive.server.StatusAssertions.lambda$assertStatusAndReturn$4(StatusAssertions.java:227)
	at org.springframework.test.web.reactive.server.ExchangeResult.assertWithDiagnostics(ExchangeResult.java:197)
	... 34 more
]]>
    </error>
  </testcase> <!-- testHistory -->
  <testcase name="testOrderHistoryLoad" time="0.088" classname="cool.fountain.online.web.test.order.TestHistoryTestNg">
    <error type="java.lang.AssertionError" message="Status expected:&lt;200 OK&gt; but was:&lt;404 NOT_FOUND&gt;

&gt; POST https://qa3-api.chaipoint.com/outlet-pos-api/api/order/history
&gt; WebTestClient-Request-Id: [1]
&gt; service.auth.key: [1234567]
&gt; Content-Type: [application/json]
&gt; Content-Length: [19]

{
  &quot;moduleId&quot;: 1
}

&lt; 404 NOT_FOUND Not Found
&lt; Date: [Wed, 04 Dec 2019 12:38:20 GMT]
&lt; Content-Type: [text/html;charset=utf-8]
&lt; Content-Length: [1056]
&lt; Connection: [keep-alive]
&lt; Server: [Apache-Coyote/1.1]
&lt; Content-Language: [en]

&lt;!DOCTYPE html&gt;&lt;html&gt;&lt;head&gt;&lt;title&gt;Apache Tomcat/8.5.0 - Error report&lt;/title&gt;&lt;style type=&quot;text/css&quot;&gt;H1 {font-family:Tahoma,Arial,sans-serif;color:white;background-color:#525D76;font-size:22px;} H2 {font-family:Tahoma,Arial,sans-serif;color:white;background-color:#525D76;font-size:16px;} H3 {font-family:Tahoma,Arial,sans-serif;color:white;background-color:#525D76;font-size:14px;} BODY {font-family:Tahoma,Arial,sans-serif;color:black;background-color:white;} B {font-family:Tahoma,Arial,sans-serif;color:white;background-color:#525D76;} P {font-family:Tahoma,Arial,sans-serif;background:white;color:black;font-size:12px;}A {color : black;}A.name {color : black;}.line {height: 1px; background-color: #525D76; border: none;}&lt;/style&gt; &lt;/head&gt;&lt;body&gt;&lt;h1&gt;HTTP Status 404 - /outlet-pos-api/api/order/history&lt;/h1&gt;&lt;div class=&quot;line&quot;&gt;&lt;/div&gt;&lt;p&gt;&lt;b&gt;type&lt;/b&gt; Status report&lt;/p&gt;&lt;p&gt;&lt;b&gt;message&lt;/b&gt; &lt;u&gt;/outlet-pos-api/api/order/history&lt;/u&gt;&lt;/p&gt;&lt;p&gt;&lt;b&gt;description&lt;/b&gt; &lt;u&gt;The requested resource is not available.&lt;/u&gt;&lt;/p&gt;&lt;hr class=&quot;line&quot;&gt;&lt;h3&gt;Apache Tomcat/8.5.0&lt;/h3&gt;&lt;/body&gt;&lt;/html&gt;
">
      <![CDATA[java.lang.AssertionError: Status expected:<200 OK> but was:<404 NOT_FOUND>

> POST https://qa3-api.chaipoint.com/outlet-pos-api/api/order/history
> WebTestClient-Request-Id: [1]
> service.auth.key: [1234567]
> Content-Type: [application/json]
> Content-Length: [19]

{
  "moduleId": 1
}

< 404 NOT_FOUND Not Found
< Date: [Wed, 04 Dec 2019 12:38:20 GMT]
< Content-Type: [text/html;charset=utf-8]
< Content-Length: [1056]
< Connection: [keep-alive]
< Server: [Apache-Coyote/1.1]
< Content-Language: [en]

<!DOCTYPE html><html><head><title>Apache Tomcat/8.5.0 - Error report</title><style type="text/css">H1 {font-family:Tahoma,Arial,sans-serif;color:white;background-color:#525D76;font-size:22px;} H2 {font-family:Tahoma,Arial,sans-serif;color:white;background-color:#525D76;font-size:16px;} H3 {font-family:Tahoma,Arial,sans-serif;color:white;background-color:#525D76;font-size:14px;} BODY {font-family:Tahoma,Arial,sans-serif;color:black;background-color:white;} B {font-family:Tahoma,Arial,sans-serif;color:white;background-color:#525D76;} P {font-family:Tahoma,Arial,sans-serif;background:white;color:black;font-size:12px;}A {color : black;}A.name {color : black;}.line {height: 1px; background-color: #525D76; border: none;}</style> </head><body><h1>HTTP Status 404 - /outlet-pos-api/api/order/history</h1><div class="line"></div><p><b>type</b> Status report</p><p><b>message</b> <u>/outlet-pos-api/api/order/history</u></p><p><b>description</b> <u>The requested resource is not available.</u></p><hr class="line"><h3>Apache Tomcat/8.5.0</h3></body></html>

	at org.springframework.test.web.reactive.server.ExchangeResult.assertWithDiagnostics(ExchangeResult.java:200)
	at org.springframework.test.web.reactive.server.StatusAssertions.assertStatusAndReturn(StatusAssertions.java:227)
	at org.springframework.test.web.reactive.server.StatusAssertions.isOk(StatusAssertions.java:67)
	at cool.fountain.online.web.test.order.TestHistoryTestNg.history(TestHistoryTestNg.java:91)
	at cool.fountain.online.web.test.order.TestHistoryTestNg.testOrderHistoryLoad(TestHistoryTestNg.java:77)
	at sun.reflect.GeneratedMethodAccessor53.invoke(Unknown Source)
	at sun.reflect.DelegatingMethodAccessorImpl.invoke(DelegatingMethodAccessorImpl.java:43)
	at java.lang.reflect.Method.invoke(Method.java:498)
	at org.testng.internal.MethodInvocationHelper.invokeMethod(MethodInvocationHelper.java:80)
	at org.testng.internal.MethodInvocationHelper$1.runTestMethod(MethodInvocationHelper.java:182)
	at org.springframework.test.context.testng.AbstractTestNGSpringContextTests.run(AbstractTestNGSpringContextTests.java:180)
	at sun.reflect.GeneratedMethodAccessor44.invoke(Unknown Source)
	at sun.reflect.DelegatingMethodAccessorImpl.invoke(DelegatingMethodAccessorImpl.java:43)
	at java.lang.reflect.Method.invoke(Method.java:498)
	at org.testng.internal.MethodInvocationHelper.invokeHookable(MethodInvocationHelper.java:194)
	at org.testng.internal.Invoker.invokeMethod(Invoker.java:707)
	at org.testng.internal.Invoker.invokeTestMethod(Invoker.java:901)
	at org.testng.internal.Invoker.invokeTestMethods(Invoker.java:1231)
	at org.testng.internal.TestMethodWorker.invokeTestMethods(TestMethodWorker.java:127)
	at org.testng.internal.TestMethodWorker.run(TestMethodWorker.java:111)
	at org.testng.internal.thread.ThreadUtil$2.call(ThreadUtil.java:64)
	at java.util.concurrent.FutureTask.run(FutureTask.java:266)
	at java.util.concurrent.ThreadPoolExecutor.runWorker(ThreadPoolExecutor.java:1149)
	at java.util.concurrent.ThreadPoolExecutor$Worker.run(ThreadPoolExecutor.java:624)
	at java.lang.Thread.run(Thread.java:748)
Caused by: java.lang.AssertionError: Status expected:<200 OK> but was:<404 NOT_FOUND>
	at org.springframework.test.util.AssertionErrors.fail(AssertionErrors.java:55)
	at org.springframework.test.util.AssertionErrors.assertEquals(AssertionErrors.java:82)
	at org.springframework.test.web.reactive.server.StatusAssertions.lambda$assertStatusAndReturn$4(StatusAssertions.java:227)
	at org.springframework.test.web.reactive.server.ExchangeResult.assertWithDiagnostics(ExchangeResult.java:197)
	... 24 more
]]>
    </error>
  </testcase> <!-- testOrderHistoryLoad -->
  <testcase name="testOrderHistoryLoad" time="0.036" classname="cool.fountain.online.web.test.order.TestHistoryTestNg">
    <error type="java.lang.AssertionError" message="Status expected:&lt;200 OK&gt; but was:&lt;404 NOT_FOUND&gt;

&gt; POST https://qa3-api.chaipoint.com/outlet-pos-api/api/order/history
&gt; WebTestClient-Request-Id: [1]
&gt; service.auth.key: [1234567]
&gt; Content-Type: [application/json]
&gt; Content-Length: [19]

{
  &quot;moduleId&quot;: 1
}

&lt; 404 NOT_FOUND Not Found
&lt; Date: [Wed, 04 Dec 2019 12:38:20 GMT]
&lt; Content-Type: [text/html;charset=utf-8]
&lt; Content-Length: [1056]
&lt; Connection: [keep-alive]
&lt; Server: [Apache-Coyote/1.1]
&lt; Content-Language: [en]

&lt;!DOCTYPE html&gt;&lt;html&gt;&lt;head&gt;&lt;title&gt;Apache Tomcat/8.5.0 - Error report&lt;/title&gt;&lt;style type=&quot;text/css&quot;&gt;H1 {font-family:Tahoma,Arial,sans-serif;color:white;background-color:#525D76;font-size:22px;} H2 {font-family:Tahoma,Arial,sans-serif;color:white;background-color:#525D76;font-size:16px;} H3 {font-family:Tahoma,Arial,sans-serif;color:white;background-color:#525D76;font-size:14px;} BODY {font-family:Tahoma,Arial,sans-serif;color:black;background-color:white;} B {font-family:Tahoma,Arial,sans-serif;color:white;background-color:#525D76;} P {font-family:Tahoma,Arial,sans-serif;background:white;color:black;font-size:12px;}A {color : black;}A.name {color : black;}.line {height: 1px; background-color: #525D76; border: none;}&lt;/style&gt; &lt;/head&gt;&lt;body&gt;&lt;h1&gt;HTTP Status 404 - /outlet-pos-api/api/order/history&lt;/h1&gt;&lt;div class=&quot;line&quot;&gt;&lt;/div&gt;&lt;p&gt;&lt;b&gt;type&lt;/b&gt; Status report&lt;/p&gt;&lt;p&gt;&lt;b&gt;message&lt;/b&gt; &lt;u&gt;/outlet-pos-api/api/order/history&lt;/u&gt;&lt;/p&gt;&lt;p&gt;&lt;b&gt;description&lt;/b&gt; &lt;u&gt;The requested resource is not available.&lt;/u&gt;&lt;/p&gt;&lt;hr class=&quot;line&quot;&gt;&lt;h3&gt;Apache Tomcat/8.5.0&lt;/h3&gt;&lt;/body&gt;&lt;/html&gt;
">
      <![CDATA[java.lang.AssertionError: Status expected:<200 OK> but was:<404 NOT_FOUND>

> POST https://qa3-api.chaipoint.com/outlet-pos-api/api/order/history
> WebTestClient-Request-Id: [1]
> service.auth.key: [1234567]
> Content-Type: [application/json]
> Content-Length: [19]

{
  "moduleId": 1
}

< 404 NOT_FOUND Not Found
< Date: [Wed, 04 Dec 2019 12:38:20 GMT]
< Content-Type: [text/html;charset=utf-8]
< Content-Length: [1056]
< Connection: [keep-alive]
< Server: [Apache-Coyote/1.1]
< Content-Language: [en]

<!DOCTYPE html><html><head><title>Apache Tomcat/8.5.0 - Error report</title><style type="text/css">H1 {font-family:Tahoma,Arial,sans-serif;color:white;background-color:#525D76;font-size:22px;} H2 {font-family:Tahoma,Arial,sans-serif;color:white;background-color:#525D76;font-size:16px;} H3 {font-family:Tahoma,Arial,sans-serif;color:white;background-color:#525D76;font-size:14px;} BODY {font-family:Tahoma,Arial,sans-serif;color:black;background-color:white;} B {font-family:Tahoma,Arial,sans-serif;color:white;background-color:#525D76;} P {font-family:Tahoma,Arial,sans-serif;background:white;color:black;font-size:12px;}A {color : black;}A.name {color : black;}.line {height: 1px; background-color: #525D76; border: none;}</style> </head><body><h1>HTTP Status 404 - /outlet-pos-api/api/order/history</h1><div class="line"></div><p><b>type</b> Status report</p><p><b>message</b> <u>/outlet-pos-api/api/order/history</u></p><p><b>description</b> <u>The requested resource is not available.</u></p><hr class="line"><h3>Apache Tomcat/8.5.0</h3></body></html>

	at org.springframework.test.web.reactive.server.ExchangeResult.assertWithDiagnostics(ExchangeResult.java:200)
	at org.springframework.test.web.reactive.server.StatusAssertions.assertStatusAndReturn(StatusAssertions.java:227)
	at org.springframework.test.web.reactive.server.StatusAssertions.isOk(StatusAssertions.java:67)
	at cool.fountain.online.web.test.order.TestHistoryTestNg.history(TestHistoryTestNg.java:91)
	at cool.fountain.online.web.test.order.TestHistoryTestNg.testOrderHistoryLoad(TestHistoryTestNg.java:77)
	at sun.reflect.GeneratedMethodAccessor53.invoke(Unknown Source)
	at sun.reflect.DelegatingMethodAccessorImpl.invoke(DelegatingMethodAccessorImpl.java:43)
	at java.lang.reflect.Method.invoke(Method.java:498)
	at org.testng.internal.MethodInvocationHelper.invokeMethod(MethodInvocationHelper.java:80)
	at org.testng.internal.MethodInvocationHelper$1.runTestMethod(MethodInvocationHelper.java:182)
	at org.springframework.test.context.testng.AbstractTestNGSpringContextTests.run(AbstractTestNGSpringContextTests.java:180)
	at sun.reflect.GeneratedMethodAccessor44.invoke(Unknown Source)
	at sun.reflect.DelegatingMethodAccessorImpl.invoke(DelegatingMethodAccessorImpl.java:43)
	at java.lang.reflect.Method.invoke(Method.java:498)
	at org.testng.internal.MethodInvocationHelper.invokeHookable(MethodInvocationHelper.java:194)
	at org.testng.internal.Invoker.invokeMethod(Invoker.java:707)
	at org.testng.internal.Invoker.invokeTestMethod(Invoker.java:901)
	at org.testng.internal.Invoker.invokeTestMethods(Invoker.java:1231)
	at org.testng.internal.TestMethodWorker.invokeTestMethods(TestMethodWorker.java:127)
	at org.testng.internal.TestMethodWorker.run(TestMethodWorker.java:111)
	at org.testng.internal.thread.ThreadUtil$2.call(ThreadUtil.java:64)
	at java.util.concurrent.FutureTask.run(FutureTask.java:266)
	at java.util.concurrent.ThreadPoolExecutor.runWorker(ThreadPoolExecutor.java:1149)
	at java.util.concurrent.ThreadPoolExecutor$Worker.run(ThreadPoolExecutor.java:624)
	at java.lang.Thread.run(Thread.java:748)
Caused by: java.lang.AssertionError: Status expected:<200 OK> but was:<404 NOT_FOUND>
	at org.springframework.test.util.AssertionErrors.fail(AssertionErrors.java:55)
	at org.springframework.test.util.AssertionErrors.assertEquals(AssertionErrors.java:82)
	at org.springframework.test.web.reactive.server.StatusAssertions.lambda$assertStatusAndReturn$4(StatusAssertions.java:227)
	at org.springframework.test.web.reactive.server.ExchangeResult.assertWithDiagnostics(ExchangeResult.java:197)
	... 24 more
]]>
    </error>
  </testcase> <!-- testOrderHistoryLoad -->
  <testcase name="testOrderHistoryLoad" time="0.043" classname="cool.fountain.online.web.test.order.TestHistoryTestNg">
    <error type="java.lang.AssertionError" message="Status expected:&lt;200 OK&gt; but was:&lt;404 NOT_FOUND&gt;

&gt; POST https://qa3-api.chaipoint.com/outlet-pos-api/api/order/history
&gt; WebTestClient-Request-Id: [1]
&gt; service.auth.key: [1234567]
&gt; Content-Type: [application/json]
&gt; Content-Length: [19]

{
  &quot;moduleId&quot;: 1
}

&lt; 404 NOT_FOUND Not Found
&lt; Date: [Wed, 04 Dec 2019 12:38:20 GMT]
&lt; Content-Type: [text/html;charset=utf-8]
&lt; Content-Length: [1056]
&lt; Connection: [keep-alive]
&lt; Server: [Apache-Coyote/1.1]
&lt; Content-Language: [en]

&lt;!DOCTYPE html&gt;&lt;html&gt;&lt;head&gt;&lt;title&gt;Apache Tomcat/8.5.0 - Error report&lt;/title&gt;&lt;style type=&quot;text/css&quot;&gt;H1 {font-family:Tahoma,Arial,sans-serif;color:white;background-color:#525D76;font-size:22px;} H2 {font-family:Tahoma,Arial,sans-serif;color:white;background-color:#525D76;font-size:16px;} H3 {font-family:Tahoma,Arial,sans-serif;color:white;background-color:#525D76;font-size:14px;} BODY {font-family:Tahoma,Arial,sans-serif;color:black;background-color:white;} B {font-family:Tahoma,Arial,sans-serif;color:white;background-color:#525D76;} P {font-family:Tahoma,Arial,sans-serif;background:white;color:black;font-size:12px;}A {color : black;}A.name {color : black;}.line {height: 1px; background-color: #525D76; border: none;}&lt;/style&gt; &lt;/head&gt;&lt;body&gt;&lt;h1&gt;HTTP Status 404 - /outlet-pos-api/api/order/history&lt;/h1&gt;&lt;div class=&quot;line&quot;&gt;&lt;/div&gt;&lt;p&gt;&lt;b&gt;type&lt;/b&gt; Status report&lt;/p&gt;&lt;p&gt;&lt;b&gt;message&lt;/b&gt; &lt;u&gt;/outlet-pos-api/api/order/history&lt;/u&gt;&lt;/p&gt;&lt;p&gt;&lt;b&gt;description&lt;/b&gt; &lt;u&gt;The requested resource is not available.&lt;/u&gt;&lt;/p&gt;&lt;hr class=&quot;line&quot;&gt;&lt;h3&gt;Apache Tomcat/8.5.0&lt;/h3&gt;&lt;/body&gt;&lt;/html&gt;
">
      <![CDATA[java.lang.AssertionError: Status expected:<200 OK> but was:<404 NOT_FOUND>

> POST https://qa3-api.chaipoint.com/outlet-pos-api/api/order/history
> WebTestClient-Request-Id: [1]
> service.auth.key: [1234567]
> Content-Type: [application/json]
> Content-Length: [19]

{
  "moduleId": 1
}

< 404 NOT_FOUND Not Found
< Date: [Wed, 04 Dec 2019 12:38:20 GMT]
< Content-Type: [text/html;charset=utf-8]
< Content-Length: [1056]
< Connection: [keep-alive]
< Server: [Apache-Coyote/1.1]
< Content-Language: [en]

<!DOCTYPE html><html><head><title>Apache Tomcat/8.5.0 - Error report</title><style type="text/css">H1 {font-family:Tahoma,Arial,sans-serif;color:white;background-color:#525D76;font-size:22px;} H2 {font-family:Tahoma,Arial,sans-serif;color:white;background-color:#525D76;font-size:16px;} H3 {font-family:Tahoma,Arial,sans-serif;color:white;background-color:#525D76;font-size:14px;} BODY {font-family:Tahoma,Arial,sans-serif;color:black;background-color:white;} B {font-family:Tahoma,Arial,sans-serif;color:white;background-color:#525D76;} P {font-family:Tahoma,Arial,sans-serif;background:white;color:black;font-size:12px;}A {color : black;}A.name {color : black;}.line {height: 1px; background-color: #525D76; border: none;}</style> </head><body><h1>HTTP Status 404 - /outlet-pos-api/api/order/history</h1><div class="line"></div><p><b>type</b> Status report</p><p><b>message</b> <u>/outlet-pos-api/api/order/history</u></p><p><b>description</b> <u>The requested resource is not available.</u></p><hr class="line"><h3>Apache Tomcat/8.5.0</h3></body></html>

	at org.springframework.test.web.reactive.server.ExchangeResult.assertWithDiagnostics(ExchangeResult.java:200)
	at org.springframework.test.web.reactive.server.StatusAssertions.assertStatusAndReturn(StatusAssertions.java:227)
	at org.springframework.test.web.reactive.server.StatusAssertions.isOk(StatusAssertions.java:67)
	at cool.fountain.online.web.test.order.TestHistoryTestNg.history(TestHistoryTestNg.java:91)
	at cool.fountain.online.web.test.order.TestHistoryTestNg.testOrderHistoryLoad(TestHistoryTestNg.java:77)
	at sun.reflect.GeneratedMethodAccessor53.invoke(Unknown Source)
	at sun.reflect.DelegatingMethodAccessorImpl.invoke(DelegatingMethodAccessorImpl.java:43)
	at java.lang.reflect.Method.invoke(Method.java:498)
	at org.testng.internal.MethodInvocationHelper.invokeMethod(MethodInvocationHelper.java:80)
	at org.testng.internal.MethodInvocationHelper$1.runTestMethod(MethodInvocationHelper.java:182)
	at org.springframework.test.context.testng.AbstractTestNGSpringContextTests.run(AbstractTestNGSpringContextTests.java:180)
	at sun.reflect.GeneratedMethodAccessor44.invoke(Unknown Source)
	at sun.reflect.DelegatingMethodAccessorImpl.invoke(DelegatingMethodAccessorImpl.java:43)
	at java.lang.reflect.Method.invoke(Method.java:498)
	at org.testng.internal.MethodInvocationHelper.invokeHookable(MethodInvocationHelper.java:194)
	at org.testng.internal.Invoker.invokeMethod(Invoker.java:707)
	at org.testng.internal.Invoker.invokeTestMethod(Invoker.java:901)
	at org.testng.internal.Invoker.invokeTestMethods(Invoker.java:1231)
	at org.testng.internal.TestMethodWorker.invokeTestMethods(TestMethodWorker.java:127)
	at org.testng.internal.TestMethodWorker.run(TestMethodWorker.java:111)
	at org.testng.internal.thread.ThreadUtil$2.call(ThreadUtil.java:64)
	at java.util.concurrent.FutureTask.run(FutureTask.java:266)
	at java.util.concurrent.ThreadPoolExecutor.runWorker(ThreadPoolExecutor.java:1149)
	at java.util.concurrent.ThreadPoolExecutor$Worker.run(ThreadPoolExecutor.java:624)
	at java.lang.Thread.run(Thread.java:748)
Caused by: java.lang.AssertionError: Status expected:<200 OK> but was:<404 NOT_FOUND>
	at org.springframework.test.util.AssertionErrors.fail(AssertionErrors.java:55)
	at org.springframework.test.util.AssertionErrors.assertEquals(AssertionErrors.java:82)
	at org.springframework.test.web.reactive.server.StatusAssertions.lambda$assertStatusAndReturn$4(StatusAssertions.java:227)
	at org.springframework.test.web.reactive.server.ExchangeResult.assertWithDiagnostics(ExchangeResult.java:197)
	... 24 more
]]>
    </error>
  </testcase> <!-- testOrderHistoryLoad -->
  <testcase name="testOrderHistoryLoad" time="0.043" classname="cool.fountain.online.web.test.order.TestHistoryTestNg">
    <error type="java.lang.AssertionError" message="Status expected:&lt;200 OK&gt; but was:&lt;404 NOT_FOUND&gt;

&gt; POST https://qa3-api.chaipoint.com/outlet-pos-api/api/order/history
&gt; WebTestClient-Request-Id: [1]
&gt; service.auth.key: [1234567]
&gt; Content-Type: [application/json]
&gt; Content-Length: [19]

{
  &quot;moduleId&quot;: 1
}

&lt; 404 NOT_FOUND Not Found
&lt; Date: [Wed, 04 Dec 2019 12:38:20 GMT]
&lt; Content-Type: [text/html;charset=utf-8]
&lt; Content-Length: [1056]
&lt; Connection: [keep-alive]
&lt; Server: [Apache-Coyote/1.1]
&lt; Content-Language: [en]

&lt;!DOCTYPE html&gt;&lt;html&gt;&lt;head&gt;&lt;title&gt;Apache Tomcat/8.5.0 - Error report&lt;/title&gt;&lt;style type=&quot;text/css&quot;&gt;H1 {font-family:Tahoma,Arial,sans-serif;color:white;background-color:#525D76;font-size:22px;} H2 {font-family:Tahoma,Arial,sans-serif;color:white;background-color:#525D76;font-size:16px;} H3 {font-family:Tahoma,Arial,sans-serif;color:white;background-color:#525D76;font-size:14px;} BODY {font-family:Tahoma,Arial,sans-serif;color:black;background-color:white;} B {font-family:Tahoma,Arial,sans-serif;color:white;background-color:#525D76;} P {font-family:Tahoma,Arial,sans-serif;background:white;color:black;font-size:12px;}A {color : black;}A.name {color : black;}.line {height: 1px; background-color: #525D76; border: none;}&lt;/style&gt; &lt;/head&gt;&lt;body&gt;&lt;h1&gt;HTTP Status 404 - /outlet-pos-api/api/order/history&lt;/h1&gt;&lt;div class=&quot;line&quot;&gt;&lt;/div&gt;&lt;p&gt;&lt;b&gt;type&lt;/b&gt; Status report&lt;/p&gt;&lt;p&gt;&lt;b&gt;message&lt;/b&gt; &lt;u&gt;/outlet-pos-api/api/order/history&lt;/u&gt;&lt;/p&gt;&lt;p&gt;&lt;b&gt;description&lt;/b&gt; &lt;u&gt;The requested resource is not available.&lt;/u&gt;&lt;/p&gt;&lt;hr class=&quot;line&quot;&gt;&lt;h3&gt;Apache Tomcat/8.5.0&lt;/h3&gt;&lt;/body&gt;&lt;/html&gt;
">
      <![CDATA[java.lang.AssertionError: Status expected:<200 OK> but was:<404 NOT_FOUND>

> POST https://qa3-api.chaipoint.com/outlet-pos-api/api/order/history
> WebTestClient-Request-Id: [1]
> service.auth.key: [1234567]
> Content-Type: [application/json]
> Content-Length: [19]

{
  "moduleId": 1
}

< 404 NOT_FOUND Not Found
< Date: [Wed, 04 Dec 2019 12:38:20 GMT]
< Content-Type: [text/html;charset=utf-8]
< Content-Length: [1056]
< Connection: [keep-alive]
< Server: [Apache-Coyote/1.1]
< Content-Language: [en]

<!DOCTYPE html><html><head><title>Apache Tomcat/8.5.0 - Error report</title><style type="text/css">H1 {font-family:Tahoma,Arial,sans-serif;color:white;background-color:#525D76;font-size:22px;} H2 {font-family:Tahoma,Arial,sans-serif;color:white;background-color:#525D76;font-size:16px;} H3 {font-family:Tahoma,Arial,sans-serif;color:white;background-color:#525D76;font-size:14px;} BODY {font-family:Tahoma,Arial,sans-serif;color:black;background-color:white;} B {font-family:Tahoma,Arial,sans-serif;color:white;background-color:#525D76;} P {font-family:Tahoma,Arial,sans-serif;background:white;color:black;font-size:12px;}A {color : black;}A.name {color : black;}.line {height: 1px; background-color: #525D76; border: none;}</style> </head><body><h1>HTTP Status 404 - /outlet-pos-api/api/order/history</h1><div class="line"></div><p><b>type</b> Status report</p><p><b>message</b> <u>/outlet-pos-api/api/order/history</u></p><p><b>description</b> <u>The requested resource is not available.</u></p><hr class="line"><h3>Apache Tomcat/8.5.0</h3></body></html>

	at org.springframework.test.web.reactive.server.ExchangeResult.assertWithDiagnostics(ExchangeResult.java:200)
	at org.springframework.test.web.reactive.server.StatusAssertions.assertStatusAndReturn(StatusAssertions.java:227)
	at org.springframework.test.web.reactive.server.StatusAssertions.isOk(StatusAssertions.java:67)
	at cool.fountain.online.web.test.order.TestHistoryTestNg.history(TestHistoryTestNg.java:91)
	at cool.fountain.online.web.test.order.TestHistoryTestNg.testOrderHistoryLoad(TestHistoryTestNg.java:77)
	at sun.reflect.GeneratedMethodAccessor53.invoke(Unknown Source)
	at sun.reflect.DelegatingMethodAccessorImpl.invoke(DelegatingMethodAccessorImpl.java:43)
	at java.lang.reflect.Method.invoke(Method.java:498)
	at org.testng.internal.MethodInvocationHelper.invokeMethod(MethodInvocationHelper.java:80)
	at org.testng.internal.MethodInvocationHelper$1.runTestMethod(MethodInvocationHelper.java:182)
	at org.springframework.test.context.testng.AbstractTestNGSpringContextTests.run(AbstractTestNGSpringContextTests.java:180)
	at sun.reflect.GeneratedMethodAccessor44.invoke(Unknown Source)
	at sun.reflect.DelegatingMethodAccessorImpl.invoke(DelegatingMethodAccessorImpl.java:43)
	at java.lang.reflect.Method.invoke(Method.java:498)
	at org.testng.internal.MethodInvocationHelper.invokeHookable(MethodInvocationHelper.java:194)
	at org.testng.internal.Invoker.invokeMethod(Invoker.java:707)
	at org.testng.internal.Invoker.invokeTestMethod(Invoker.java:901)
	at org.testng.internal.Invoker.invokeTestMethods(Invoker.java:1231)
	at org.testng.internal.TestMethodWorker.invokeTestMethods(TestMethodWorker.java:127)
	at org.testng.internal.TestMethodWorker.run(TestMethodWorker.java:111)
	at org.testng.internal.thread.ThreadUtil$2.call(ThreadUtil.java:64)
	at java.util.concurrent.FutureTask.run(FutureTask.java:266)
	at java.util.concurrent.ThreadPoolExecutor.runWorker(ThreadPoolExecutor.java:1149)
	at java.util.concurrent.ThreadPoolExecutor$Worker.run(ThreadPoolExecutor.java:624)
	at java.lang.Thread.run(Thread.java:748)
Caused by: java.lang.AssertionError: Status expected:<200 OK> but was:<404 NOT_FOUND>
	at org.springframework.test.util.AssertionErrors.fail(AssertionErrors.java:55)
	at org.springframework.test.util.AssertionErrors.assertEquals(AssertionErrors.java:82)
	at org.springframework.test.web.reactive.server.StatusAssertions.lambda$assertStatusAndReturn$4(StatusAssertions.java:227)
	at org.springframework.test.web.reactive.server.ExchangeResult.assertWithDiagnostics(ExchangeResult.java:197)
	... 24 more
]]>
    </error>
  </testcase> <!-- testOrderHistoryLoad -->
  <testcase name="testOrderHistoryLoad" time="0.033" classname="cool.fountain.online.web.test.order.TestHistoryTestNg">
    <error type="java.lang.AssertionError" message="Status expected:&lt;200 OK&gt; but was:&lt;404 NOT_FOUND&gt;

&gt; POST https://qa3-api.chaipoint.com/outlet-pos-api/api/order/history
&gt; WebTestClient-Request-Id: [1]
&gt; service.auth.key: [1234567]
&gt; Content-Type: [application/json]
&gt; Content-Length: [19]

{
  &quot;moduleId&quot;: 1
}

&lt; 404 NOT_FOUND Not Found
&lt; Date: [Wed, 04 Dec 2019 12:38:20 GMT]
&lt; Content-Type: [text/html;charset=utf-8]
&lt; Content-Length: [1056]
&lt; Connection: [keep-alive]
&lt; Server: [Apache-Coyote/1.1]
&lt; Content-Language: [en]

&lt;!DOCTYPE html&gt;&lt;html&gt;&lt;head&gt;&lt;title&gt;Apache Tomcat/8.5.0 - Error report&lt;/title&gt;&lt;style type=&quot;text/css&quot;&gt;H1 {font-family:Tahoma,Arial,sans-serif;color:white;background-color:#525D76;font-size:22px;} H2 {font-family:Tahoma,Arial,sans-serif;color:white;background-color:#525D76;font-size:16px;} H3 {font-family:Tahoma,Arial,sans-serif;color:white;background-color:#525D76;font-size:14px;} BODY {font-family:Tahoma,Arial,sans-serif;color:black;background-color:white;} B {font-family:Tahoma,Arial,sans-serif;color:white;background-color:#525D76;} P {font-family:Tahoma,Arial,sans-serif;background:white;color:black;font-size:12px;}A {color : black;}A.name {color : black;}.line {height: 1px; background-color: #525D76; border: none;}&lt;/style&gt; &lt;/head&gt;&lt;body&gt;&lt;h1&gt;HTTP Status 404 - /outlet-pos-api/api/order/history&lt;/h1&gt;&lt;div class=&quot;line&quot;&gt;&lt;/div&gt;&lt;p&gt;&lt;b&gt;type&lt;/b&gt; Status report&lt;/p&gt;&lt;p&gt;&lt;b&gt;message&lt;/b&gt; &lt;u&gt;/outlet-pos-api/api/order/history&lt;/u&gt;&lt;/p&gt;&lt;p&gt;&lt;b&gt;description&lt;/b&gt; &lt;u&gt;The requested resource is not available.&lt;/u&gt;&lt;/p&gt;&lt;hr class=&quot;line&quot;&gt;&lt;h3&gt;Apache Tomcat/8.5.0&lt;/h3&gt;&lt;/body&gt;&lt;/html&gt;
">
      <![CDATA[java.lang.AssertionError: Status expected:<200 OK> but was:<404 NOT_FOUND>

> POST https://qa3-api.chaipoint.com/outlet-pos-api/api/order/history
> WebTestClient-Request-Id: [1]
> service.auth.key: [1234567]
> Content-Type: [application/json]
> Content-Length: [19]

{
  "moduleId": 1
}

< 404 NOT_FOUND Not Found
< Date: [Wed, 04 Dec 2019 12:38:20 GMT]
< Content-Type: [text/html;charset=utf-8]
< Content-Length: [1056]
< Connection: [keep-alive]
< Server: [Apache-Coyote/1.1]
< Content-Language: [en]

<!DOCTYPE html><html><head><title>Apache Tomcat/8.5.0 - Error report</title><style type="text/css">H1 {font-family:Tahoma,Arial,sans-serif;color:white;background-color:#525D76;font-size:22px;} H2 {font-family:Tahoma,Arial,sans-serif;color:white;background-color:#525D76;font-size:16px;} H3 {font-family:Tahoma,Arial,sans-serif;color:white;background-color:#525D76;font-size:14px;} BODY {font-family:Tahoma,Arial,sans-serif;color:black;background-color:white;} B {font-family:Tahoma,Arial,sans-serif;color:white;background-color:#525D76;} P {font-family:Tahoma,Arial,sans-serif;background:white;color:black;font-size:12px;}A {color : black;}A.name {color : black;}.line {height: 1px; background-color: #525D76; border: none;}</style> </head><body><h1>HTTP Status 404 - /outlet-pos-api/api/order/history</h1><div class="line"></div><p><b>type</b> Status report</p><p><b>message</b> <u>/outlet-pos-api/api/order/history</u></p><p><b>description</b> <u>The requested resource is not available.</u></p><hr class="line"><h3>Apache Tomcat/8.5.0</h3></body></html>

	at org.springframework.test.web.reactive.server.ExchangeResult.assertWithDiagnostics(ExchangeResult.java:200)
	at org.springframework.test.web.reactive.server.StatusAssertions.assertStatusAndReturn(StatusAssertions.java:227)
	at org.springframework.test.web.reactive.server.StatusAssertions.isOk(StatusAssertions.java:67)
	at cool.fountain.online.web.test.order.TestHistoryTestNg.history(TestHistoryTestNg.java:91)
	at cool.fountain.online.web.test.order.TestHistoryTestNg.testOrderHistoryLoad(TestHistoryTestNg.java:77)
	at sun.reflect.GeneratedMethodAccessor53.invoke(Unknown Source)
	at sun.reflect.DelegatingMethodAccessorImpl.invoke(DelegatingMethodAccessorImpl.java:43)
	at java.lang.reflect.Method.invoke(Method.java:498)
	at org.testng.internal.MethodInvocationHelper.invokeMethod(MethodInvocationHelper.java:80)
	at org.testng.internal.MethodInvocationHelper$1.runTestMethod(MethodInvocationHelper.java:182)
	at org.springframework.test.context.testng.AbstractTestNGSpringContextTests.run(AbstractTestNGSpringContextTests.java:180)
	at sun.reflect.GeneratedMethodAccessor44.invoke(Unknown Source)
	at sun.reflect.DelegatingMethodAccessorImpl.invoke(DelegatingMethodAccessorImpl.java:43)
	at java.lang.reflect.Method.invoke(Method.java:498)
	at org.testng.internal.MethodInvocationHelper.invokeHookable(MethodInvocationHelper.java:194)
	at org.testng.internal.Invoker.invokeMethod(Invoker.java:707)
	at org.testng.internal.Invoker.invokeTestMethod(Invoker.java:901)
	at org.testng.internal.Invoker.invokeTestMethods(Invoker.java:1231)
	at org.testng.internal.TestMethodWorker.invokeTestMethods(TestMethodWorker.java:127)
	at org.testng.internal.TestMethodWorker.run(TestMethodWorker.java:111)
	at org.testng.internal.thread.ThreadUtil$2.call(ThreadUtil.java:64)
	at java.util.concurrent.FutureTask.run(FutureTask.java:266)
	at java.util.concurrent.ThreadPoolExecutor.runWorker(ThreadPoolExecutor.java:1149)
	at java.util.concurrent.ThreadPoolExecutor$Worker.run(ThreadPoolExecutor.java:624)
	at java.lang.Thread.run(Thread.java:748)
Caused by: java.lang.AssertionError: Status expected:<200 OK> but was:<404 NOT_FOUND>
	at org.springframework.test.util.AssertionErrors.fail(AssertionErrors.java:55)
	at org.springframework.test.util.AssertionErrors.assertEquals(AssertionErrors.java:82)
	at org.springframework.test.web.reactive.server.StatusAssertions.lambda$assertStatusAndReturn$4(StatusAssertions.java:227)
	at org.springframework.test.web.reactive.server.ExchangeResult.assertWithDiagnostics(ExchangeResult.java:197)
	... 24 more
]]>
    </error>
  </testcase> <!-- testOrderHistoryLoad -->
  <testcase name="testOrderHistoryLoad" time="0.034" classname="cool.fountain.online.web.test.order.TestHistoryTestNg">
    <error type="java.lang.AssertionError" message="Status expected:&lt;200 OK&gt; but was:&lt;404 NOT_FOUND&gt;

&gt; POST https://qa3-api.chaipoint.com/outlet-pos-api/api/order/history
&gt; WebTestClient-Request-Id: [1]
&gt; service.auth.key: [1234567]
&gt; Content-Type: [application/json]
&gt; Content-Length: [19]

{
  &quot;moduleId&quot;: 1
}

&lt; 404 NOT_FOUND Not Found
&lt; Date: [Wed, 04 Dec 2019 12:38:20 GMT]
&lt; Content-Type: [text/html;charset=utf-8]
&lt; Content-Length: [1056]
&lt; Connection: [keep-alive]
&lt; Server: [Apache-Coyote/1.1]
&lt; Content-Language: [en]

&lt;!DOCTYPE html&gt;&lt;html&gt;&lt;head&gt;&lt;title&gt;Apache Tomcat/8.5.0 - Error report&lt;/title&gt;&lt;style type=&quot;text/css&quot;&gt;H1 {font-family:Tahoma,Arial,sans-serif;color:white;background-color:#525D76;font-size:22px;} H2 {font-family:Tahoma,Arial,sans-serif;color:white;background-color:#525D76;font-size:16px;} H3 {font-family:Tahoma,Arial,sans-serif;color:white;background-color:#525D76;font-size:14px;} BODY {font-family:Tahoma,Arial,sans-serif;color:black;background-color:white;} B {font-family:Tahoma,Arial,sans-serif;color:white;background-color:#525D76;} P {font-family:Tahoma,Arial,sans-serif;background:white;color:black;font-size:12px;}A {color : black;}A.name {color : black;}.line {height: 1px; background-color: #525D76; border: none;}&lt;/style&gt; &lt;/head&gt;&lt;body&gt;&lt;h1&gt;HTTP Status 404 - /outlet-pos-api/api/order/history&lt;/h1&gt;&lt;div class=&quot;line&quot;&gt;&lt;/div&gt;&lt;p&gt;&lt;b&gt;type&lt;/b&gt; Status report&lt;/p&gt;&lt;p&gt;&lt;b&gt;message&lt;/b&gt; &lt;u&gt;/outlet-pos-api/api/order/history&lt;/u&gt;&lt;/p&gt;&lt;p&gt;&lt;b&gt;description&lt;/b&gt; &lt;u&gt;The requested resource is not available.&lt;/u&gt;&lt;/p&gt;&lt;hr class=&quot;line&quot;&gt;&lt;h3&gt;Apache Tomcat/8.5.0&lt;/h3&gt;&lt;/body&gt;&lt;/html&gt;
">
      <![CDATA[java.lang.AssertionError: Status expected:<200 OK> but was:<404 NOT_FOUND>

> POST https://qa3-api.chaipoint.com/outlet-pos-api/api/order/history
> WebTestClient-Request-Id: [1]
> service.auth.key: [1234567]
> Content-Type: [application/json]
> Content-Length: [19]

{
  "moduleId": 1
}

< 404 NOT_FOUND Not Found
< Date: [Wed, 04 Dec 2019 12:38:20 GMT]
< Content-Type: [text/html;charset=utf-8]
< Content-Length: [1056]
< Connection: [keep-alive]
< Server: [Apache-Coyote/1.1]
< Content-Language: [en]

<!DOCTYPE html><html><head><title>Apache Tomcat/8.5.0 - Error report</title><style type="text/css">H1 {font-family:Tahoma,Arial,sans-serif;color:white;background-color:#525D76;font-size:22px;} H2 {font-family:Tahoma,Arial,sans-serif;color:white;background-color:#525D76;font-size:16px;} H3 {font-family:Tahoma,Arial,sans-serif;color:white;background-color:#525D76;font-size:14px;} BODY {font-family:Tahoma,Arial,sans-serif;color:black;background-color:white;} B {font-family:Tahoma,Arial,sans-serif;color:white;background-color:#525D76;} P {font-family:Tahoma,Arial,sans-serif;background:white;color:black;font-size:12px;}A {color : black;}A.name {color : black;}.line {height: 1px; background-color: #525D76; border: none;}</style> </head><body><h1>HTTP Status 404 - /outlet-pos-api/api/order/history</h1><div class="line"></div><p><b>type</b> Status report</p><p><b>message</b> <u>/outlet-pos-api/api/order/history</u></p><p><b>description</b> <u>The requested resource is not available.</u></p><hr class="line"><h3>Apache Tomcat/8.5.0</h3></body></html>

	at org.springframework.test.web.reactive.server.ExchangeResult.assertWithDiagnostics(ExchangeResult.java:200)
	at org.springframework.test.web.reactive.server.StatusAssertions.assertStatusAndReturn(StatusAssertions.java:227)
	at org.springframework.test.web.reactive.server.StatusAssertions.isOk(StatusAssertions.java:67)
	at cool.fountain.online.web.test.order.TestHistoryTestNg.history(TestHistoryTestNg.java:91)
	at cool.fountain.online.web.test.order.TestHistoryTestNg.testOrderHistoryLoad(TestHistoryTestNg.java:77)
	at sun.reflect.GeneratedMethodAccessor53.invoke(Unknown Source)
	at sun.reflect.DelegatingMethodAccessorImpl.invoke(DelegatingMethodAccessorImpl.java:43)
	at java.lang.reflect.Method.invoke(Method.java:498)
	at org.testng.internal.MethodInvocationHelper.invokeMethod(MethodInvocationHelper.java:80)
	at org.testng.internal.MethodInvocationHelper$1.runTestMethod(MethodInvocationHelper.java:182)
	at org.springframework.test.context.testng.AbstractTestNGSpringContextTests.run(AbstractTestNGSpringContextTests.java:180)
	at sun.reflect.GeneratedMethodAccessor44.invoke(Unknown Source)
	at sun.reflect.DelegatingMethodAccessorImpl.invoke(DelegatingMethodAccessorImpl.java:43)
	at java.lang.reflect.Method.invoke(Method.java:498)
	at org.testng.internal.MethodInvocationHelper.invokeHookable(MethodInvocationHelper.java:194)
	at org.testng.internal.Invoker.invokeMethod(Invoker.java:707)
	at org.testng.internal.Invoker.invokeTestMethod(Invoker.java:901)
	at org.testng.internal.Invoker.invokeTestMethods(Invoker.java:1231)
	at org.testng.internal.TestMethodWorker.invokeTestMethods(TestMethodWorker.java:127)
	at org.testng.internal.TestMethodWorker.run(TestMethodWorker.java:111)
	at org.testng.internal.thread.ThreadUtil$2.call(ThreadUtil.java:64)
	at java.util.concurrent.FutureTask.run(FutureTask.java:266)
	at java.util.concurrent.ThreadPoolExecutor.runWorker(ThreadPoolExecutor.java:1149)
	at java.util.concurrent.ThreadPoolExecutor$Worker.run(ThreadPoolExecutor.java:624)
	at java.lang.Thread.run(Thread.java:748)
Caused by: java.lang.AssertionError: Status expected:<200 OK> but was:<404 NOT_FOUND>
	at org.springframework.test.util.AssertionErrors.fail(AssertionErrors.java:55)
	at org.springframework.test.util.AssertionErrors.assertEquals(AssertionErrors.java:82)
	at org.springframework.test.web.reactive.server.StatusAssertions.lambda$assertStatusAndReturn$4(StatusAssertions.java:227)
	at org.springframework.test.web.reactive.server.ExchangeResult.assertWithDiagnostics(ExchangeResult.java:197)
	... 24 more
]]>
    </error>
  </testcase> <!-- testOrderHistoryLoad -->
  <testcase name="testOrderHistoryLoad" time="0.058" classname="cool.fountain.online.web.test.order.TestHistoryTestNg">
    <error type="java.lang.AssertionError" message="Status expected:&lt;200 OK&gt; but was:&lt;404 NOT_FOUND&gt;

&gt; POST https://qa3-api.chaipoint.com/outlet-pos-api/api/order/history
&gt; WebTestClient-Request-Id: [1]
&gt; service.auth.key: [1234567]
&gt; Content-Type: [application/json]
&gt; Content-Length: [19]

{
  &quot;moduleId&quot;: 1
}

&lt; 404 NOT_FOUND Not Found
&lt; Date: [Wed, 04 Dec 2019 12:38:20 GMT]
&lt; Content-Type: [text/html;charset=utf-8]
&lt; Content-Length: [1056]
&lt; Connection: [keep-alive]
&lt; Server: [Apache-Coyote/1.1]
&lt; Content-Language: [en]

&lt;!DOCTYPE html&gt;&lt;html&gt;&lt;head&gt;&lt;title&gt;Apache Tomcat/8.5.0 - Error report&lt;/title&gt;&lt;style type=&quot;text/css&quot;&gt;H1 {font-family:Tahoma,Arial,sans-serif;color:white;background-color:#525D76;font-size:22px;} H2 {font-family:Tahoma,Arial,sans-serif;color:white;background-color:#525D76;font-size:16px;} H3 {font-family:Tahoma,Arial,sans-serif;color:white;background-color:#525D76;font-size:14px;} BODY {font-family:Tahoma,Arial,sans-serif;color:black;background-color:white;} B {font-family:Tahoma,Arial,sans-serif;color:white;background-color:#525D76;} P {font-family:Tahoma,Arial,sans-serif;background:white;color:black;font-size:12px;}A {color : black;}A.name {color : black;}.line {height: 1px; background-color: #525D76; border: none;}&lt;/style&gt; &lt;/head&gt;&lt;body&gt;&lt;h1&gt;HTTP Status 404 - /outlet-pos-api/api/order/history&lt;/h1&gt;&lt;div class=&quot;line&quot;&gt;&lt;/div&gt;&lt;p&gt;&lt;b&gt;type&lt;/b&gt; Status report&lt;/p&gt;&lt;p&gt;&lt;b&gt;message&lt;/b&gt; &lt;u&gt;/outlet-pos-api/api/order/history&lt;/u&gt;&lt;/p&gt;&lt;p&gt;&lt;b&gt;description&lt;/b&gt; &lt;u&gt;The requested resource is not available.&lt;/u&gt;&lt;/p&gt;&lt;hr class=&quot;line&quot;&gt;&lt;h3&gt;Apache Tomcat/8.5.0&lt;/h3&gt;&lt;/body&gt;&lt;/html&gt;
">
      <![CDATA[java.lang.AssertionError: Status expected:<200 OK> but was:<404 NOT_FOUND>

> POST https://qa3-api.chaipoint.com/outlet-pos-api/api/order/history
> WebTestClient-Request-Id: [1]
> service.auth.key: [1234567]
> Content-Type: [application/json]
> Content-Length: [19]

{
  "moduleId": 1
}

< 404 NOT_FOUND Not Found
< Date: [Wed, 04 Dec 2019 12:38:20 GMT]
< Content-Type: [text/html;charset=utf-8]
< Content-Length: [1056]
< Connection: [keep-alive]
< Server: [Apache-Coyote/1.1]
< Content-Language: [en]

<!DOCTYPE html><html><head><title>Apache Tomcat/8.5.0 - Error report</title><style type="text/css">H1 {font-family:Tahoma,Arial,sans-serif;color:white;background-color:#525D76;font-size:22px;} H2 {font-family:Tahoma,Arial,sans-serif;color:white;background-color:#525D76;font-size:16px;} H3 {font-family:Tahoma,Arial,sans-serif;color:white;background-color:#525D76;font-size:14px;} BODY {font-family:Tahoma,Arial,sans-serif;color:black;background-color:white;} B {font-family:Tahoma,Arial,sans-serif;color:white;background-color:#525D76;} P {font-family:Tahoma,Arial,sans-serif;background:white;color:black;font-size:12px;}A {color : black;}A.name {color : black;}.line {height: 1px; background-color: #525D76; border: none;}</style> </head><body><h1>HTTP Status 404 - /outlet-pos-api/api/order/history</h1><div class="line"></div><p><b>type</b> Status report</p><p><b>message</b> <u>/outlet-pos-api/api/order/history</u></p><p><b>description</b> <u>The requested resource is not available.</u></p><hr class="line"><h3>Apache Tomcat/8.5.0</h3></body></html>

	at org.springframework.test.web.reactive.server.ExchangeResult.assertWithDiagnostics(ExchangeResult.java:200)
	at org.springframework.test.web.reactive.server.StatusAssertions.assertStatusAndReturn(StatusAssertions.java:227)
	at org.springframework.test.web.reactive.server.StatusAssertions.isOk(StatusAssertions.java:67)
	at cool.fountain.online.web.test.order.TestHistoryTestNg.history(TestHistoryTestNg.java:91)
	at cool.fountain.online.web.test.order.TestHistoryTestNg.testOrderHistoryLoad(TestHistoryTestNg.java:77)
	at sun.reflect.GeneratedMethodAccessor53.invoke(Unknown Source)
	at sun.reflect.DelegatingMethodAccessorImpl.invoke(DelegatingMethodAccessorImpl.java:43)
	at java.lang.reflect.Method.invoke(Method.java:498)
	at org.testng.internal.MethodInvocationHelper.invokeMethod(MethodInvocationHelper.java:80)
	at org.testng.internal.MethodInvocationHelper$1.runTestMethod(MethodInvocationHelper.java:182)
	at org.springframework.test.context.testng.AbstractTestNGSpringContextTests.run(AbstractTestNGSpringContextTests.java:180)
	at sun.reflect.GeneratedMethodAccessor44.invoke(Unknown Source)
	at sun.reflect.DelegatingMethodAccessorImpl.invoke(DelegatingMethodAccessorImpl.java:43)
	at java.lang.reflect.Method.invoke(Method.java:498)
	at org.testng.internal.MethodInvocationHelper.invokeHookable(MethodInvocationHelper.java:194)
	at org.testng.internal.Invoker.invokeMethod(Invoker.java:707)
	at org.testng.internal.Invoker.invokeTestMethod(Invoker.java:901)
	at org.testng.internal.Invoker.invokeTestMethods(Invoker.java:1231)
	at org.testng.internal.TestMethodWorker.invokeTestMethods(TestMethodWorker.java:127)
	at org.testng.internal.TestMethodWorker.run(TestMethodWorker.java:111)
	at org.testng.internal.thread.ThreadUtil$2.call(ThreadUtil.java:64)
	at java.util.concurrent.FutureTask.run(FutureTask.java:266)
	at java.util.concurrent.ThreadPoolExecutor.runWorker(ThreadPoolExecutor.java:1149)
	at java.util.concurrent.ThreadPoolExecutor$Worker.run(ThreadPoolExecutor.java:624)
	at java.lang.Thread.run(Thread.java:748)
Caused by: java.lang.AssertionError: Status expected:<200 OK> but was:<404 NOT_FOUND>
	at org.springframework.test.util.AssertionErrors.fail(AssertionErrors.java:55)
	at org.springframework.test.util.AssertionErrors.assertEquals(AssertionErrors.java:82)
	at org.springframework.test.web.reactive.server.StatusAssertions.lambda$assertStatusAndReturn$4(StatusAssertions.java:227)
	at org.springframework.test.web.reactive.server.ExchangeResult.assertWithDiagnostics(ExchangeResult.java:197)
	... 24 more
]]>
    </error>
  </testcase> <!-- testOrderHistoryLoad -->
  <testcase name="testOrderHistoryLoad" time="0.406" classname="cool.fountain.online.web.test.order.TestHistoryTestNg"/>
  <testcase name="testOrderHistoryLoad" time="0.182" classname="cool.fountain.online.web.test.order.TestHistoryTestNg"/>
  <testcase name="testOrderHistoryLoad" time="0.213" classname="cool.fountain.online.web.test.order.TestHistoryTestNg"/>
  <testcase name="testOrderHistoryLoad" time="0.302" classname="cool.fountain.online.web.test.order.TestHistoryTestNg"/>
  <testcase name="testOrderHistoryLoad" time="0.104" classname="cool.fountain.online.web.test.order.TestHistoryTestNg"/>
  <testcase name="testHistory" time="2.604" classname="cool.fountain.online.web.test.order.TestHistoryTestNg"/>
  <testcase name="testOrderHistoryLoad" time="0.037" classname="cool.fountain.online.web.test.order.TestHistoryTestNg">
    <error type="java.lang.AssertionError" message="Status expected:&lt;200 OK&gt; but was:&lt;404 NOT_FOUND&gt;

&gt; POST https://qa3-api.chaipoint.com/outlet-pos-api/api/order/history
&gt; WebTestClient-Request-Id: [1]
&gt; service.auth.key: [1234567]
&gt; Content-Type: [application/json]
&gt; Content-Length: [19]

{
  &quot;moduleId&quot;: 1
}

&lt; 404 NOT_FOUND Not Found
&lt; Date: [Wed, 04 Dec 2019 12:38:20 GMT]
&lt; Content-Type: [text/html;charset=utf-8]
&lt; Content-Length: [1056]
&lt; Connection: [keep-alive]
&lt; Server: [Apache-Coyote/1.1]
&lt; Content-Language: [en]

&lt;!DOCTYPE html&gt;&lt;html&gt;&lt;head&gt;&lt;title&gt;Apache Tomcat/8.5.0 - Error report&lt;/title&gt;&lt;style type=&quot;text/css&quot;&gt;H1 {font-family:Tahoma,Arial,sans-serif;color:white;background-color:#525D76;font-size:22px;} H2 {font-family:Tahoma,Arial,sans-serif;color:white;background-color:#525D76;font-size:16px;} H3 {font-family:Tahoma,Arial,sans-serif;color:white;background-color:#525D76;font-size:14px;} BODY {font-family:Tahoma,Arial,sans-serif;color:black;background-color:white;} B {font-family:Tahoma,Arial,sans-serif;color:white;background-color:#525D76;} P {font-family:Tahoma,Arial,sans-serif;background:white;color:black;font-size:12px;}A {color : black;}A.name {color : black;}.line {height: 1px; background-color: #525D76; border: none;}&lt;/style&gt; &lt;/head&gt;&lt;body&gt;&lt;h1&gt;HTTP Status 404 - /outlet-pos-api/api/order/history&lt;/h1&gt;&lt;div class=&quot;line&quot;&gt;&lt;/div&gt;&lt;p&gt;&lt;b&gt;type&lt;/b&gt; Status report&lt;/p&gt;&lt;p&gt;&lt;b&gt;message&lt;/b&gt; &lt;u&gt;/outlet-pos-api/api/order/history&lt;/u&gt;&lt;/p&gt;&lt;p&gt;&lt;b&gt;description&lt;/b&gt; &lt;u&gt;The requested resource is not available.&lt;/u&gt;&lt;/p&gt;&lt;hr class=&quot;line&quot;&gt;&lt;h3&gt;Apache Tomcat/8.5.0&lt;/h3&gt;&lt;/body&gt;&lt;/html&gt;
">
      <![CDATA[java.lang.AssertionError: Status expected:<200 OK> but was:<404 NOT_FOUND>

> POST https://qa3-api.chaipoint.com/outlet-pos-api/api/order/history
> WebTestClient-Request-Id: [1]
> service.auth.key: [1234567]
> Content-Type: [application/json]
> Content-Length: [19]

{
  "moduleId": 1
}

< 404 NOT_FOUND Not Found
< Date: [Wed, 04 Dec 2019 12:38:20 GMT]
< Content-Type: [text/html;charset=utf-8]
< Content-Length: [1056]
< Connection: [keep-alive]
< Server: [Apache-Coyote/1.1]
< Content-Language: [en]

<!DOCTYPE html><html><head><title>Apache Tomcat/8.5.0 - Error report</title><style type="text/css">H1 {font-family:Tahoma,Arial,sans-serif;color:white;background-color:#525D76;font-size:22px;} H2 {font-family:Tahoma,Arial,sans-serif;color:white;background-color:#525D76;font-size:16px;} H3 {font-family:Tahoma,Arial,sans-serif;color:white;background-color:#525D76;font-size:14px;} BODY {font-family:Tahoma,Arial,sans-serif;color:black;background-color:white;} B {font-family:Tahoma,Arial,sans-serif;color:white;background-color:#525D76;} P {font-family:Tahoma,Arial,sans-serif;background:white;color:black;font-size:12px;}A {color : black;}A.name {color : black;}.line {height: 1px; background-color: #525D76; border: none;}</style> </head><body><h1>HTTP Status 404 - /outlet-pos-api/api/order/history</h1><div class="line"></div><p><b>type</b> Status report</p><p><b>message</b> <u>/outlet-pos-api/api/order/history</u></p><p><b>description</b> <u>The requested resource is not available.</u></p><hr class="line"><h3>Apache Tomcat/8.5.0</h3></body></html>

	at org.springframework.test.web.reactive.server.ExchangeResult.assertWithDiagnostics(ExchangeResult.java:200)
	at org.springframework.test.web.reactive.server.StatusAssertions.assertStatusAndReturn(StatusAssertions.java:227)
	at org.springframework.test.web.reactive.server.StatusAssertions.isOk(StatusAssertions.java:67)
	at cool.fountain.online.web.test.order.TestHistoryTestNg.history(TestHistoryTestNg.java:91)
	at cool.fountain.online.web.test.order.TestHistoryTestNg.testOrderHistoryLoad(TestHistoryTestNg.java:77)
	at sun.reflect.GeneratedMethodAccessor53.invoke(Unknown Source)
	at sun.reflect.DelegatingMethodAccessorImpl.invoke(DelegatingMethodAccessorImpl.java:43)
	at java.lang.reflect.Method.invoke(Method.java:498)
	at org.testng.internal.MethodInvocationHelper.invokeMethod(MethodInvocationHelper.java:80)
	at org.testng.internal.MethodInvocationHelper$1.runTestMethod(MethodInvocationHelper.java:182)
	at org.springframework.test.context.testng.AbstractTestNGSpringContextTests.run(AbstractTestNGSpringContextTests.java:180)
	at sun.reflect.GeneratedMethodAccessor44.invoke(Unknown Source)
	at sun.reflect.DelegatingMethodAccessorImpl.invoke(DelegatingMethodAccessorImpl.java:43)
	at java.lang.reflect.Method.invoke(Method.java:498)
	at org.testng.internal.MethodInvocationHelper.invokeHookable(MethodInvocationHelper.java:194)
	at org.testng.internal.Invoker.invokeMethod(Invoker.java:707)
	at org.testng.internal.Invoker.invokeTestMethod(Invoker.java:901)
	at org.testng.internal.Invoker.invokeTestMethods(Invoker.java:1231)
	at org.testng.internal.TestMethodWorker.invokeTestMethods(TestMethodWorker.java:127)
	at org.testng.internal.TestMethodWorker.run(TestMethodWorker.java:111)
	at org.testng.internal.thread.ThreadUtil$2.call(ThreadUtil.java:64)
	at java.util.concurrent.FutureTask.run(FutureTask.java:266)
	at java.util.concurrent.ThreadPoolExecutor.runWorker(ThreadPoolExecutor.java:1149)
	at java.util.concurrent.ThreadPoolExecutor$Worker.run(ThreadPoolExecutor.java:624)
	at java.lang.Thread.run(Thread.java:748)
Caused by: java.lang.AssertionError: Status expected:<200 OK> but was:<404 NOT_FOUND>
	at org.springframework.test.util.AssertionErrors.fail(AssertionErrors.java:55)
	at org.springframework.test.util.AssertionErrors.assertEquals(AssertionErrors.java:82)
	at org.springframework.test.web.reactive.server.StatusAssertions.lambda$assertStatusAndReturn$4(StatusAssertions.java:227)
	at org.springframework.test.web.reactive.server.ExchangeResult.assertWithDiagnostics(ExchangeResult.java:197)
	... 24 more
]]>
    </error>
  </testcase> <!-- testOrderHistoryLoad -->
  <testcase name="testOrderHistoryLoad" time="0.146" classname="cool.fountain.online.web.test.order.TestHistoryTestNg"/>
  <testcase name="testOrderHistoryLoad" time="0.032" classname="cool.fountain.online.web.test.order.TestHistoryTestNg">
    <error type="java.lang.AssertionError" message="Status expected:&lt;200 OK&gt; but was:&lt;404 NOT_FOUND&gt;

&gt; POST https://qa3-api.chaipoint.com/outlet-pos-api/api/order/history
&gt; WebTestClient-Request-Id: [1]
&gt; service.auth.key: [1234567]
&gt; Content-Type: [application/json]
&gt; Content-Length: [19]

{
  &quot;moduleId&quot;: 1
}

&lt; 404 NOT_FOUND Not Found
&lt; Date: [Wed, 04 Dec 2019 12:38:20 GMT]
&lt; Content-Type: [text/html;charset=utf-8]
&lt; Content-Length: [1056]
&lt; Connection: [keep-alive]
&lt; Server: [Apache-Coyote/1.1]
&lt; Content-Language: [en]

&lt;!DOCTYPE html&gt;&lt;html&gt;&lt;head&gt;&lt;title&gt;Apache Tomcat/8.5.0 - Error report&lt;/title&gt;&lt;style type=&quot;text/css&quot;&gt;H1 {font-family:Tahoma,Arial,sans-serif;color:white;background-color:#525D76;font-size:22px;} H2 {font-family:Tahoma,Arial,sans-serif;color:white;background-color:#525D76;font-size:16px;} H3 {font-family:Tahoma,Arial,sans-serif;color:white;background-color:#525D76;font-size:14px;} BODY {font-family:Tahoma,Arial,sans-serif;color:black;background-color:white;} B {font-family:Tahoma,Arial,sans-serif;color:white;background-color:#525D76;} P {font-family:Tahoma,Arial,sans-serif;background:white;color:black;font-size:12px;}A {color : black;}A.name {color : black;}.line {height: 1px; background-color: #525D76; border: none;}&lt;/style&gt; &lt;/head&gt;&lt;body&gt;&lt;h1&gt;HTTP Status 404 - /outlet-pos-api/api/order/history&lt;/h1&gt;&lt;div class=&quot;line&quot;&gt;&lt;/div&gt;&lt;p&gt;&lt;b&gt;type&lt;/b&gt; Status report&lt;/p&gt;&lt;p&gt;&lt;b&gt;message&lt;/b&gt; &lt;u&gt;/outlet-pos-api/api/order/history&lt;/u&gt;&lt;/p&gt;&lt;p&gt;&lt;b&gt;description&lt;/b&gt; &lt;u&gt;The requested resource is not available.&lt;/u&gt;&lt;/p&gt;&lt;hr class=&quot;line&quot;&gt;&lt;h3&gt;Apache Tomcat/8.5.0&lt;/h3&gt;&lt;/body&gt;&lt;/html&gt;
">
      <![CDATA[java.lang.AssertionError: Status expected:<200 OK> but was:<404 NOT_FOUND>

> POST https://qa3-api.chaipoint.com/outlet-pos-api/api/order/history
> WebTestClient-Request-Id: [1]
> service.auth.key: [1234567]
> Content-Type: [application/json]
> Content-Length: [19]

{
  "moduleId": 1
}

< 404 NOT_FOUND Not Found
< Date: [Wed, 04 Dec 2019 12:38:20 GMT]
< Content-Type: [text/html;charset=utf-8]
< Content-Length: [1056]
< Connection: [keep-alive]
< Server: [Apache-Coyote/1.1]
< Content-Language: [en]

<!DOCTYPE html><html><head><title>Apache Tomcat/8.5.0 - Error report</title><style type="text/css">H1 {font-family:Tahoma,Arial,sans-serif;color:white;background-color:#525D76;font-size:22px;} H2 {font-family:Tahoma,Arial,sans-serif;color:white;background-color:#525D76;font-size:16px;} H3 {font-family:Tahoma,Arial,sans-serif;color:white;background-color:#525D76;font-size:14px;} BODY {font-family:Tahoma,Arial,sans-serif;color:black;background-color:white;} B {font-family:Tahoma,Arial,sans-serif;color:white;background-color:#525D76;} P {font-family:Tahoma,Arial,sans-serif;background:white;color:black;font-size:12px;}A {color : black;}A.name {color : black;}.line {height: 1px; background-color: #525D76; border: none;}</style> </head><body><h1>HTTP Status 404 - /outlet-pos-api/api/order/history</h1><div class="line"></div><p><b>type</b> Status report</p><p><b>message</b> <u>/outlet-pos-api/api/order/history</u></p><p><b>description</b> <u>The requested resource is not available.</u></p><hr class="line"><h3>Apache Tomcat/8.5.0</h3></body></html>

	at org.springframework.test.web.reactive.server.ExchangeResult.assertWithDiagnostics(ExchangeResult.java:200)
	at org.springframework.test.web.reactive.server.StatusAssertions.assertStatusAndReturn(StatusAssertions.java:227)
	at org.springframework.test.web.reactive.server.StatusAssertions.isOk(StatusAssertions.java:67)
	at cool.fountain.online.web.test.order.TestHistoryTestNg.history(TestHistoryTestNg.java:91)
	at cool.fountain.online.web.test.order.TestHistoryTestNg.testOrderHistoryLoad(TestHistoryTestNg.java:77)
	at sun.reflect.GeneratedMethodAccessor53.invoke(Unknown Source)
	at sun.reflect.DelegatingMethodAccessorImpl.invoke(DelegatingMethodAccessorImpl.java:43)
	at java.lang.reflect.Method.invoke(Method.java:498)
	at org.testng.internal.MethodInvocationHelper.invokeMethod(MethodInvocationHelper.java:80)
	at org.testng.internal.MethodInvocationHelper$1.runTestMethod(MethodInvocationHelper.java:182)
	at org.springframework.test.context.testng.AbstractTestNGSpringContextTests.run(AbstractTestNGSpringContextTests.java:180)
	at sun.reflect.GeneratedMethodAccessor44.invoke(Unknown Source)
	at sun.reflect.DelegatingMethodAccessorImpl.invoke(DelegatingMethodAccessorImpl.java:43)
	at java.lang.reflect.Method.invoke(Method.java:498)
	at org.testng.internal.MethodInvocationHelper.invokeHookable(MethodInvocationHelper.java:194)
	at org.testng.internal.Invoker.invokeMethod(Invoker.java:707)
	at org.testng.internal.Invoker.invokeTestMethod(Invoker.java:901)
	at org.testng.internal.Invoker.invokeTestMethods(Invoker.java:1231)
	at org.testng.internal.TestMethodWorker.invokeTestMethods(TestMethodWorker.java:127)
	at org.testng.internal.TestMethodWorker.run(TestMethodWorker.java:111)
	at org.testng.internal.thread.ThreadUtil$2.call(ThreadUtil.java:64)
	at java.util.concurrent.FutureTask.run(FutureTask.java:266)
	at java.util.concurrent.ThreadPoolExecutor.runWorker(ThreadPoolExecutor.java:1149)
	at java.util.concurrent.ThreadPoolExecutor$Worker.run(ThreadPoolExecutor.java:624)
	at java.lang.Thread.run(Thread.java:748)
Caused by: java.lang.AssertionError: Status expected:<200 OK> but was:<404 NOT_FOUND>
	at org.springframework.test.util.AssertionErrors.fail(AssertionErrors.java:55)
	at org.springframework.test.util.AssertionErrors.assertEquals(AssertionErrors.java:82)
	at org.springframework.test.web.reactive.server.StatusAssertions.lambda$assertStatusAndReturn$4(StatusAssertions.java:227)
	at org.springframework.test.web.reactive.server.ExchangeResult.assertWithDiagnostics(ExchangeResult.java:197)
	... 24 more
]]>
    </error>
  </testcase> <!-- testOrderHistoryLoad -->
  <testcase name="testOrderHistoryLoad" time="0.034" classname="cool.fountain.online.web.test.order.TestHistoryTestNg">
    <error type="java.lang.AssertionError" message="Status expected:&lt;200 OK&gt; but was:&lt;404 NOT_FOUND&gt;

&gt; POST https://qa3-api.chaipoint.com/outlet-pos-api/api/order/history
&gt; WebTestClient-Request-Id: [1]
&gt; service.auth.key: [1234567]
&gt; Content-Type: [application/json]
&gt; Content-Length: [19]

{
  &quot;moduleId&quot;: 1
}

&lt; 404 NOT_FOUND Not Found
&lt; Date: [Wed, 04 Dec 2019 12:38:19 GMT]
&lt; Content-Type: [text/html;charset=utf-8]
&lt; Content-Length: [1056]
&lt; Connection: [keep-alive]
&lt; Server: [Apache-Coyote/1.1]
&lt; Content-Language: [en]

&lt;!DOCTYPE html&gt;&lt;html&gt;&lt;head&gt;&lt;title&gt;Apache Tomcat/8.5.0 - Error report&lt;/title&gt;&lt;style type=&quot;text/css&quot;&gt;H1 {font-family:Tahoma,Arial,sans-serif;color:white;background-color:#525D76;font-size:22px;} H2 {font-family:Tahoma,Arial,sans-serif;color:white;background-color:#525D76;font-size:16px;} H3 {font-family:Tahoma,Arial,sans-serif;color:white;background-color:#525D76;font-size:14px;} BODY {font-family:Tahoma,Arial,sans-serif;color:black;background-color:white;} B {font-family:Tahoma,Arial,sans-serif;color:white;background-color:#525D76;} P {font-family:Tahoma,Arial,sans-serif;background:white;color:black;font-size:12px;}A {color : black;}A.name {color : black;}.line {height: 1px; background-color: #525D76; border: none;}&lt;/style&gt; &lt;/head&gt;&lt;body&gt;&lt;h1&gt;HTTP Status 404 - /outlet-pos-api/api/order/history&lt;/h1&gt;&lt;div class=&quot;line&quot;&gt;&lt;/div&gt;&lt;p&gt;&lt;b&gt;type&lt;/b&gt; Status report&lt;/p&gt;&lt;p&gt;&lt;b&gt;message&lt;/b&gt; &lt;u&gt;/outlet-pos-api/api/order/history&lt;/u&gt;&lt;/p&gt;&lt;p&gt;&lt;b&gt;description&lt;/b&gt; &lt;u&gt;The requested resource is not available.&lt;/u&gt;&lt;/p&gt;&lt;hr class=&quot;line&quot;&gt;&lt;h3&gt;Apache Tomcat/8.5.0&lt;/h3&gt;&lt;/body&gt;&lt;/html&gt;
">
      <![CDATA[java.lang.AssertionError: Status expected:<200 OK> but was:<404 NOT_FOUND>

> POST https://qa3-api.chaipoint.com/outlet-pos-api/api/order/history
> WebTestClient-Request-Id: [1]
> service.auth.key: [1234567]
> Content-Type: [application/json]
> Content-Length: [19]

{
  "moduleId": 1
}

< 404 NOT_FOUND Not Found
< Date: [Wed, 04 Dec 2019 12:38:19 GMT]
< Content-Type: [text/html;charset=utf-8]
< Content-Length: [1056]
< Connection: [keep-alive]
< Server: [Apache-Coyote/1.1]
< Content-Language: [en]

<!DOCTYPE html><html><head><title>Apache Tomcat/8.5.0 - Error report</title><style type="text/css">H1 {font-family:Tahoma,Arial,sans-serif;color:white;background-color:#525D76;font-size:22px;} H2 {font-family:Tahoma,Arial,sans-serif;color:white;background-color:#525D76;font-size:16px;} H3 {font-family:Tahoma,Arial,sans-serif;color:white;background-color:#525D76;font-size:14px;} BODY {font-family:Tahoma,Arial,sans-serif;color:black;background-color:white;} B {font-family:Tahoma,Arial,sans-serif;color:white;background-color:#525D76;} P {font-family:Tahoma,Arial,sans-serif;background:white;color:black;font-size:12px;}A {color : black;}A.name {color : black;}.line {height: 1px; background-color: #525D76; border: none;}</style> </head><body><h1>HTTP Status 404 - /outlet-pos-api/api/order/history</h1><div class="line"></div><p><b>type</b> Status report</p><p><b>message</b> <u>/outlet-pos-api/api/order/history</u></p><p><b>description</b> <u>The requested resource is not available.</u></p><hr class="line"><h3>Apache Tomcat/8.5.0</h3></body></html>

	at org.springframework.test.web.reactive.server.ExchangeResult.assertWithDiagnostics(ExchangeResult.java:200)
	at org.springframework.test.web.reactive.server.StatusAssertions.assertStatusAndReturn(StatusAssertions.java:227)
	at org.springframework.test.web.reactive.server.StatusAssertions.isOk(StatusAssertions.java:67)
	at cool.fountain.online.web.test.order.TestHistoryTestNg.history(TestHistoryTestNg.java:91)
	at cool.fountain.online.web.test.order.TestHistoryTestNg.testOrderHistoryLoad(TestHistoryTestNg.java:77)
	at sun.reflect.NativeMethodAccessorImpl.invoke0(Native Method)
	at sun.reflect.NativeMethodAccessorImpl.invoke(NativeMethodAccessorImpl.java:62)
	at sun.reflect.DelegatingMethodAccessorImpl.invoke(DelegatingMethodAccessorImpl.java:43)
	at java.lang.reflect.Method.invoke(Method.java:498)
	at org.testng.internal.MethodInvocationHelper.invokeMethod(MethodInvocationHelper.java:80)
	at org.testng.internal.MethodInvocationHelper$1.runTestMethod(MethodInvocationHelper.java:182)
	at org.springframework.test.context.testng.AbstractTestNGSpringContextTests.run(AbstractTestNGSpringContextTests.java:180)
	at sun.reflect.GeneratedMethodAccessor44.invoke(Unknown Source)
	at sun.reflect.DelegatingMethodAccessorImpl.invoke(DelegatingMethodAccessorImpl.java:43)
	at java.lang.reflect.Method.invoke(Method.java:498)
	at org.testng.internal.MethodInvocationHelper.invokeHookable(MethodInvocationHelper.java:194)
	at org.testng.internal.Invoker.invokeMethod(Invoker.java:707)
	at org.testng.internal.Invoker.invokeTestMethod(Invoker.java:901)
	at org.testng.internal.Invoker.invokeTestMethods(Invoker.java:1231)
	at org.testng.internal.TestMethodWorker.invokeTestMethods(TestMethodWorker.java:127)
	at org.testng.internal.TestMethodWorker.run(TestMethodWorker.java:111)
	at org.testng.internal.thread.ThreadUtil$2.call(ThreadUtil.java:64)
	at java.util.concurrent.FutureTask.run(FutureTask.java:266)
	at java.util.concurrent.ThreadPoolExecutor.runWorker(ThreadPoolExecutor.java:1149)
	at java.util.concurrent.ThreadPoolExecutor$Worker.run(ThreadPoolExecutor.java:624)
	at java.lang.Thread.run(Thread.java:748)
Caused by: java.lang.AssertionError: Status expected:<200 OK> but was:<404 NOT_FOUND>
	at org.springframework.test.util.AssertionErrors.fail(AssertionErrors.java:55)
	at org.springframework.test.util.AssertionErrors.assertEquals(AssertionErrors.java:82)
	at org.springframework.test.web.reactive.server.StatusAssertions.lambda$assertStatusAndReturn$4(StatusAssertions.java:227)
	at org.springframework.test.web.reactive.server.ExchangeResult.assertWithDiagnostics(ExchangeResult.java:197)
	... 25 more
]]>
    </error>
  </testcase> <!-- testOrderHistoryLoad -->
  <testcase name="testOrderHistoryLoad" time="0.037" classname="cool.fountain.online.web.test.order.TestHistoryTestNg">
    <error type="java.lang.AssertionError" message="Status expected:&lt;200 OK&gt; but was:&lt;404 NOT_FOUND&gt;

&gt; POST https://qa3-api.chaipoint.com/outlet-pos-api/api/order/history
&gt; WebTestClient-Request-Id: [1]
&gt; service.auth.key: [1234567]
&gt; Content-Type: [application/json]
&gt; Content-Length: [19]

{
  &quot;moduleId&quot;: 1
}

&lt; 404 NOT_FOUND Not Found
&lt; Date: [Wed, 04 Dec 2019 12:38:20 GMT]
&lt; Content-Type: [text/html;charset=utf-8]
&lt; Content-Length: [1056]
&lt; Connection: [keep-alive]
&lt; Server: [Apache-Coyote/1.1]
&lt; Content-Language: [en]

&lt;!DOCTYPE html&gt;&lt;html&gt;&lt;head&gt;&lt;title&gt;Apache Tomcat/8.5.0 - Error report&lt;/title&gt;&lt;style type=&quot;text/css&quot;&gt;H1 {font-family:Tahoma,Arial,sans-serif;color:white;background-color:#525D76;font-size:22px;} H2 {font-family:Tahoma,Arial,sans-serif;color:white;background-color:#525D76;font-size:16px;} H3 {font-family:Tahoma,Arial,sans-serif;color:white;background-color:#525D76;font-size:14px;} BODY {font-family:Tahoma,Arial,sans-serif;color:black;background-color:white;} B {font-family:Tahoma,Arial,sans-serif;color:white;background-color:#525D76;} P {font-family:Tahoma,Arial,sans-serif;background:white;color:black;font-size:12px;}A {color : black;}A.name {color : black;}.line {height: 1px; background-color: #525D76; border: none;}&lt;/style&gt; &lt;/head&gt;&lt;body&gt;&lt;h1&gt;HTTP Status 404 - /outlet-pos-api/api/order/history&lt;/h1&gt;&lt;div class=&quot;line&quot;&gt;&lt;/div&gt;&lt;p&gt;&lt;b&gt;type&lt;/b&gt; Status report&lt;/p&gt;&lt;p&gt;&lt;b&gt;message&lt;/b&gt; &lt;u&gt;/outlet-pos-api/api/order/history&lt;/u&gt;&lt;/p&gt;&lt;p&gt;&lt;b&gt;description&lt;/b&gt; &lt;u&gt;The requested resource is not available.&lt;/u&gt;&lt;/p&gt;&lt;hr class=&quot;line&quot;&gt;&lt;h3&gt;Apache Tomcat/8.5.0&lt;/h3&gt;&lt;/body&gt;&lt;/html&gt;
">
      <![CDATA[java.lang.AssertionError: Status expected:<200 OK> but was:<404 NOT_FOUND>

> POST https://qa3-api.chaipoint.com/outlet-pos-api/api/order/history
> WebTestClient-Request-Id: [1]
> service.auth.key: [1234567]
> Content-Type: [application/json]
> Content-Length: [19]

{
  "moduleId": 1
}

< 404 NOT_FOUND Not Found
< Date: [Wed, 04 Dec 2019 12:38:20 GMT]
< Content-Type: [text/html;charset=utf-8]
< Content-Length: [1056]
< Connection: [keep-alive]
< Server: [Apache-Coyote/1.1]
< Content-Language: [en]

<!DOCTYPE html><html><head><title>Apache Tomcat/8.5.0 - Error report</title><style type="text/css">H1 {font-family:Tahoma,Arial,sans-serif;color:white;background-color:#525D76;font-size:22px;} H2 {font-family:Tahoma,Arial,sans-serif;color:white;background-color:#525D76;font-size:16px;} H3 {font-family:Tahoma,Arial,sans-serif;color:white;background-color:#525D76;font-size:14px;} BODY {font-family:Tahoma,Arial,sans-serif;color:black;background-color:white;} B {font-family:Tahoma,Arial,sans-serif;color:white;background-color:#525D76;} P {font-family:Tahoma,Arial,sans-serif;background:white;color:black;font-size:12px;}A {color : black;}A.name {color : black;}.line {height: 1px; background-color: #525D76; border: none;}</style> </head><body><h1>HTTP Status 404 - /outlet-pos-api/api/order/history</h1><div class="line"></div><p><b>type</b> Status report</p><p><b>message</b> <u>/outlet-pos-api/api/order/history</u></p><p><b>description</b> <u>The requested resource is not available.</u></p><hr class="line"><h3>Apache Tomcat/8.5.0</h3></body></html>

	at org.springframework.test.web.reactive.server.ExchangeResult.assertWithDiagnostics(ExchangeResult.java:200)
	at org.springframework.test.web.reactive.server.StatusAssertions.assertStatusAndReturn(StatusAssertions.java:227)
	at org.springframework.test.web.reactive.server.StatusAssertions.isOk(StatusAssertions.java:67)
	at cool.fountain.online.web.test.order.TestHistoryTestNg.history(TestHistoryTestNg.java:91)
	at cool.fountain.online.web.test.order.TestHistoryTestNg.testOrderHistoryLoad(TestHistoryTestNg.java:77)
	at sun.reflect.GeneratedMethodAccessor53.invoke(Unknown Source)
	at sun.reflect.DelegatingMethodAccessorImpl.invoke(DelegatingMethodAccessorImpl.java:43)
	at java.lang.reflect.Method.invoke(Method.java:498)
	at org.testng.internal.MethodInvocationHelper.invokeMethod(MethodInvocationHelper.java:80)
	at org.testng.internal.MethodInvocationHelper$1.runTestMethod(MethodInvocationHelper.java:182)
	at org.springframework.test.context.testng.AbstractTestNGSpringContextTests.run(AbstractTestNGSpringContextTests.java:180)
	at sun.reflect.GeneratedMethodAccessor44.invoke(Unknown Source)
	at sun.reflect.DelegatingMethodAccessorImpl.invoke(DelegatingMethodAccessorImpl.java:43)
	at java.lang.reflect.Method.invoke(Method.java:498)
	at org.testng.internal.MethodInvocationHelper.invokeHookable(MethodInvocationHelper.java:194)
	at org.testng.internal.Invoker.invokeMethod(Invoker.java:707)
	at org.testng.internal.Invoker.invokeTestMethod(Invoker.java:901)
	at org.testng.internal.Invoker.invokeTestMethods(Invoker.java:1231)
	at org.testng.internal.TestMethodWorker.invokeTestMethods(TestMethodWorker.java:127)
	at org.testng.internal.TestMethodWorker.run(TestMethodWorker.java:111)
	at org.testng.internal.thread.ThreadUtil$2.call(ThreadUtil.java:64)
	at java.util.concurrent.FutureTask.run(FutureTask.java:266)
	at java.util.concurrent.ThreadPoolExecutor.runWorker(ThreadPoolExecutor.java:1149)
	at java.util.concurrent.ThreadPoolExecutor$Worker.run(ThreadPoolExecutor.java:624)
	at java.lang.Thread.run(Thread.java:748)
Caused by: java.lang.AssertionError: Status expected:<200 OK> but was:<404 NOT_FOUND>
	at org.springframework.test.util.AssertionErrors.fail(AssertionErrors.java:55)
	at org.springframework.test.util.AssertionErrors.assertEquals(AssertionErrors.java:82)
	at org.springframework.test.web.reactive.server.StatusAssertions.lambda$assertStatusAndReturn$4(StatusAssertions.java:227)
	at org.springframework.test.web.reactive.server.ExchangeResult.assertWithDiagnostics(ExchangeResult.java:197)
	... 24 more
]]>
    </error>
  </testcase> <!-- testOrderHistoryLoad -->
  <testcase name="testOrderHistoryLoad" time="0.122" classname="cool.fountain.online.web.test.order.TestHistoryTestNg"/>
  <testcase name="testOrderHistoryLoad" time="0.055" classname="cool.fountain.online.web.test.order.TestHistoryTestNg">
    <error type="java.lang.AssertionError" message="Status expected:&lt;200 OK&gt; but was:&lt;404 NOT_FOUND&gt;

&gt; POST https://qa3-api.chaipoint.com/outlet-pos-api/api/order/history
&gt; WebTestClient-Request-Id: [1]
&gt; service.auth.key: [1234567]
&gt; Content-Type: [application/json]
&gt; Content-Length: [19]

{
  &quot;moduleId&quot;: 1
}

&lt; 404 NOT_FOUND Not Found
&lt; Date: [Wed, 04 Dec 2019 12:38:20 GMT]
&lt; Content-Type: [text/html;charset=utf-8]
&lt; Content-Length: [1056]
&lt; Connection: [keep-alive]
&lt; Server: [Apache-Coyote/1.1]
&lt; Content-Language: [en]

&lt;!DOCTYPE html&gt;&lt;html&gt;&lt;head&gt;&lt;title&gt;Apache Tomcat/8.5.0 - Error report&lt;/title&gt;&lt;style type=&quot;text/css&quot;&gt;H1 {font-family:Tahoma,Arial,sans-serif;color:white;background-color:#525D76;font-size:22px;} H2 {font-family:Tahoma,Arial,sans-serif;color:white;background-color:#525D76;font-size:16px;} H3 {font-family:Tahoma,Arial,sans-serif;color:white;background-color:#525D76;font-size:14px;} BODY {font-family:Tahoma,Arial,sans-serif;color:black;background-color:white;} B {font-family:Tahoma,Arial,sans-serif;color:white;background-color:#525D76;} P {font-family:Tahoma,Arial,sans-serif;background:white;color:black;font-size:12px;}A {color : black;}A.name {color : black;}.line {height: 1px; background-color: #525D76; border: none;}&lt;/style&gt; &lt;/head&gt;&lt;body&gt;&lt;h1&gt;HTTP Status 404 - /outlet-pos-api/api/order/history&lt;/h1&gt;&lt;div class=&quot;line&quot;&gt;&lt;/div&gt;&lt;p&gt;&lt;b&gt;type&lt;/b&gt; Status report&lt;/p&gt;&lt;p&gt;&lt;b&gt;message&lt;/b&gt; &lt;u&gt;/outlet-pos-api/api/order/history&lt;/u&gt;&lt;/p&gt;&lt;p&gt;&lt;b&gt;description&lt;/b&gt; &lt;u&gt;The requested resource is not available.&lt;/u&gt;&lt;/p&gt;&lt;hr class=&quot;line&quot;&gt;&lt;h3&gt;Apache Tomcat/8.5.0&lt;/h3&gt;&lt;/body&gt;&lt;/html&gt;
">
      <![CDATA[java.lang.AssertionError: Status expected:<200 OK> but was:<404 NOT_FOUND>

> POST https://qa3-api.chaipoint.com/outlet-pos-api/api/order/history
> WebTestClient-Request-Id: [1]
> service.auth.key: [1234567]
> Content-Type: [application/json]
> Content-Length: [19]

{
  "moduleId": 1
}

< 404 NOT_FOUND Not Found
< Date: [Wed, 04 Dec 2019 12:38:20 GMT]
< Content-Type: [text/html;charset=utf-8]
< Content-Length: [1056]
< Connection: [keep-alive]
< Server: [Apache-Coyote/1.1]
< Content-Language: [en]

<!DOCTYPE html><html><head><title>Apache Tomcat/8.5.0 - Error report</title><style type="text/css">H1 {font-family:Tahoma,Arial,sans-serif;color:white;background-color:#525D76;font-size:22px;} H2 {font-family:Tahoma,Arial,sans-serif;color:white;background-color:#525D76;font-size:16px;} H3 {font-family:Tahoma,Arial,sans-serif;color:white;background-color:#525D76;font-size:14px;} BODY {font-family:Tahoma,Arial,sans-serif;color:black;background-color:white;} B {font-family:Tahoma,Arial,sans-serif;color:white;background-color:#525D76;} P {font-family:Tahoma,Arial,sans-serif;background:white;color:black;font-size:12px;}A {color : black;}A.name {color : black;}.line {height: 1px; background-color: #525D76; border: none;}</style> </head><body><h1>HTTP Status 404 - /outlet-pos-api/api/order/history</h1><div class="line"></div><p><b>type</b> Status report</p><p><b>message</b> <u>/outlet-pos-api/api/order/history</u></p><p><b>description</b> <u>The requested resource is not available.</u></p><hr class="line"><h3>Apache Tomcat/8.5.0</h3></body></html>

	at org.springframework.test.web.reactive.server.ExchangeResult.assertWithDiagnostics(ExchangeResult.java:200)
	at org.springframework.test.web.reactive.server.StatusAssertions.assertStatusAndReturn(StatusAssertions.java:227)
	at org.springframework.test.web.reactive.server.StatusAssertions.isOk(StatusAssertions.java:67)
	at cool.fountain.online.web.test.order.TestHistoryTestNg.history(TestHistoryTestNg.java:91)
	at cool.fountain.online.web.test.order.TestHistoryTestNg.testOrderHistoryLoad(TestHistoryTestNg.java:77)
	at sun.reflect.GeneratedMethodAccessor53.invoke(Unknown Source)
	at sun.reflect.DelegatingMethodAccessorImpl.invoke(DelegatingMethodAccessorImpl.java:43)
	at java.lang.reflect.Method.invoke(Method.java:498)
	at org.testng.internal.MethodInvocationHelper.invokeMethod(MethodInvocationHelper.java:80)
	at org.testng.internal.MethodInvocationHelper$1.runTestMethod(MethodInvocationHelper.java:182)
	at org.springframework.test.context.testng.AbstractTestNGSpringContextTests.run(AbstractTestNGSpringContextTests.java:180)
	at sun.reflect.GeneratedMethodAccessor44.invoke(Unknown Source)
	at sun.reflect.DelegatingMethodAccessorImpl.invoke(DelegatingMethodAccessorImpl.java:43)
	at java.lang.reflect.Method.invoke(Method.java:498)
	at org.testng.internal.MethodInvocationHelper.invokeHookable(MethodInvocationHelper.java:194)
	at org.testng.internal.Invoker.invokeMethod(Invoker.java:707)
	at org.testng.internal.Invoker.invokeTestMethod(Invoker.java:901)
	at org.testng.internal.Invoker.invokeTestMethods(Invoker.java:1231)
	at org.testng.internal.TestMethodWorker.invokeTestMethods(TestMethodWorker.java:127)
	at org.testng.internal.TestMethodWorker.run(TestMethodWorker.java:111)
	at org.testng.internal.thread.ThreadUtil$2.call(ThreadUtil.java:64)
	at java.util.concurrent.FutureTask.run(FutureTask.java:266)
	at java.util.concurrent.ThreadPoolExecutor.runWorker(ThreadPoolExecutor.java:1149)
	at java.util.concurrent.ThreadPoolExecutor$Worker.run(ThreadPoolExecutor.java:624)
	at java.lang.Thread.run(Thread.java:748)
Caused by: java.lang.AssertionError: Status expected:<200 OK> but was:<404 NOT_FOUND>
	at org.springframework.test.util.AssertionErrors.fail(AssertionErrors.java:55)
	at org.springframework.test.util.AssertionErrors.assertEquals(AssertionErrors.java:82)
	at org.springframework.test.web.reactive.server.StatusAssertions.lambda$assertStatusAndReturn$4(StatusAssertions.java:227)
	at org.springframework.test.web.reactive.server.ExchangeResult.assertWithDiagnostics(ExchangeResult.java:197)
	... 24 more
]]>
    </error>
  </testcase> <!-- testOrderHistoryLoad -->
  <testcase name="testOrderHistoryLoad" time="0.057" classname="cool.fountain.online.web.test.order.TestHistoryTestNg">
    <error type="java.lang.AssertionError" message="Status expected:&lt;200 OK&gt; but was:&lt;404 NOT_FOUND&gt;

&gt; POST https://qa3-api.chaipoint.com/outlet-pos-api/api/order/history
&gt; WebTestClient-Request-Id: [1]
&gt; service.auth.key: [1234567]
&gt; Content-Type: [application/json]
&gt; Content-Length: [19]

{
  &quot;moduleId&quot;: 1
}

&lt; 404 NOT_FOUND Not Found
&lt; Date: [Wed, 04 Dec 2019 12:38:20 GMT]
&lt; Content-Type: [text/html;charset=utf-8]
&lt; Content-Length: [1056]
&lt; Connection: [keep-alive]
&lt; Server: [Apache-Coyote/1.1]
&lt; Content-Language: [en]

&lt;!DOCTYPE html&gt;&lt;html&gt;&lt;head&gt;&lt;title&gt;Apache Tomcat/8.5.0 - Error report&lt;/title&gt;&lt;style type=&quot;text/css&quot;&gt;H1 {font-family:Tahoma,Arial,sans-serif;color:white;background-color:#525D76;font-size:22px;} H2 {font-family:Tahoma,Arial,sans-serif;color:white;background-color:#525D76;font-size:16px;} H3 {font-family:Tahoma,Arial,sans-serif;color:white;background-color:#525D76;font-size:14px;} BODY {font-family:Tahoma,Arial,sans-serif;color:black;background-color:white;} B {font-family:Tahoma,Arial,sans-serif;color:white;background-color:#525D76;} P {font-family:Tahoma,Arial,sans-serif;background:white;color:black;font-size:12px;}A {color : black;}A.name {color : black;}.line {height: 1px; background-color: #525D76; border: none;}&lt;/style&gt; &lt;/head&gt;&lt;body&gt;&lt;h1&gt;HTTP Status 404 - /outlet-pos-api/api/order/history&lt;/h1&gt;&lt;div class=&quot;line&quot;&gt;&lt;/div&gt;&lt;p&gt;&lt;b&gt;type&lt;/b&gt; Status report&lt;/p&gt;&lt;p&gt;&lt;b&gt;message&lt;/b&gt; &lt;u&gt;/outlet-pos-api/api/order/history&lt;/u&gt;&lt;/p&gt;&lt;p&gt;&lt;b&gt;description&lt;/b&gt; &lt;u&gt;The requested resource is not available.&lt;/u&gt;&lt;/p&gt;&lt;hr class=&quot;line&quot;&gt;&lt;h3&gt;Apache Tomcat/8.5.0&lt;/h3&gt;&lt;/body&gt;&lt;/html&gt;
">
      <![CDATA[java.lang.AssertionError: Status expected:<200 OK> but was:<404 NOT_FOUND>

> POST https://qa3-api.chaipoint.com/outlet-pos-api/api/order/history
> WebTestClient-Request-Id: [1]
> service.auth.key: [1234567]
> Content-Type: [application/json]
> Content-Length: [19]

{
  "moduleId": 1
}

< 404 NOT_FOUND Not Found
< Date: [Wed, 04 Dec 2019 12:38:20 GMT]
< Content-Type: [text/html;charset=utf-8]
< Content-Length: [1056]
< Connection: [keep-alive]
< Server: [Apache-Coyote/1.1]
< Content-Language: [en]

<!DOCTYPE html><html><head><title>Apache Tomcat/8.5.0 - Error report</title><style type="text/css">H1 {font-family:Tahoma,Arial,sans-serif;color:white;background-color:#525D76;font-size:22px;} H2 {font-family:Tahoma,Arial,sans-serif;color:white;background-color:#525D76;font-size:16px;} H3 {font-family:Tahoma,Arial,sans-serif;color:white;background-color:#525D76;font-size:14px;} BODY {font-family:Tahoma,Arial,sans-serif;color:black;background-color:white;} B {font-family:Tahoma,Arial,sans-serif;color:white;background-color:#525D76;} P {font-family:Tahoma,Arial,sans-serif;background:white;color:black;font-size:12px;}A {color : black;}A.name {color : black;}.line {height: 1px; background-color: #525D76; border: none;}</style> </head><body><h1>HTTP Status 404 - /outlet-pos-api/api/order/history</h1><div class="line"></div><p><b>type</b> Status report</p><p><b>message</b> <u>/outlet-pos-api/api/order/history</u></p><p><b>description</b> <u>The requested resource is not available.</u></p><hr class="line"><h3>Apache Tomcat/8.5.0</h3></body></html>

	at org.springframework.test.web.reactive.server.ExchangeResult.assertWithDiagnostics(ExchangeResult.java:200)
	at org.springframework.test.web.reactive.server.StatusAssertions.assertStatusAndReturn(StatusAssertions.java:227)
	at org.springframework.test.web.reactive.server.StatusAssertions.isOk(StatusAssertions.java:67)
	at cool.fountain.online.web.test.order.TestHistoryTestNg.history(TestHistoryTestNg.java:91)
	at cool.fountain.online.web.test.order.TestHistoryTestNg.testOrderHistoryLoad(TestHistoryTestNg.java:77)
	at sun.reflect.GeneratedMethodAccessor53.invoke(Unknown Source)
	at sun.reflect.DelegatingMethodAccessorImpl.invoke(DelegatingMethodAccessorImpl.java:43)
	at java.lang.reflect.Method.invoke(Method.java:498)
	at org.testng.internal.MethodInvocationHelper.invokeMethod(MethodInvocationHelper.java:80)
	at org.testng.internal.MethodInvocationHelper$1.runTestMethod(MethodInvocationHelper.java:182)
	at org.springframework.test.context.testng.AbstractTestNGSpringContextTests.run(AbstractTestNGSpringContextTests.java:180)
	at sun.reflect.GeneratedMethodAccessor44.invoke(Unknown Source)
	at sun.reflect.DelegatingMethodAccessorImpl.invoke(DelegatingMethodAccessorImpl.java:43)
	at java.lang.reflect.Method.invoke(Method.java:498)
	at org.testng.internal.MethodInvocationHelper.invokeHookable(MethodInvocationHelper.java:194)
	at org.testng.internal.Invoker.invokeMethod(Invoker.java:707)
	at org.testng.internal.Invoker.invokeTestMethod(Invoker.java:901)
	at org.testng.internal.Invoker.invokeTestMethods(Invoker.java:1231)
	at org.testng.internal.TestMethodWorker.invokeTestMethods(TestMethodWorker.java:127)
	at org.testng.internal.TestMethodWorker.run(TestMethodWorker.java:111)
	at org.testng.internal.thread.ThreadUtil$2.call(ThreadUtil.java:64)
	at java.util.concurrent.FutureTask.run(FutureTask.java:266)
	at java.util.concurrent.ThreadPoolExecutor.runWorker(ThreadPoolExecutor.java:1149)
	at java.util.concurrent.ThreadPoolExecutor$Worker.run(ThreadPoolExecutor.java:624)
	at java.lang.Thread.run(Thread.java:748)
Caused by: java.lang.AssertionError: Status expected:<200 OK> but was:<404 NOT_FOUND>
	at org.springframework.test.util.AssertionErrors.fail(AssertionErrors.java:55)
	at org.springframework.test.util.AssertionErrors.assertEquals(AssertionErrors.java:82)
	at org.springframework.test.web.reactive.server.StatusAssertions.lambda$assertStatusAndReturn$4(StatusAssertions.java:227)
	at org.springframework.test.web.reactive.server.ExchangeResult.assertWithDiagnostics(ExchangeResult.java:197)
	... 24 more
]]>
    </error>
  </testcase> <!-- testOrderHistoryLoad -->
</testsuite> <!-- cool.fountain.online.web.test.order.TestHistoryTestNg -->
