<?xml version="1.0" encoding="UTF-8"?>
<!-- Generated by org.testng.reporters.JUnitReportReporter -->
<testsuite hostname="Chaipoints-MacBook-Air.local" name="cool.fountain.online.web.test.terminal.master.TestGetTerminalConfigTestNg" tests="101" failures="0" timestamp="9 Jan 2020 06:36:05 GMT" time="97.062" errors="0">
  <testcase name="testGetTerminalConfigLoad" time="0.970" classname="cool.fountain.online.web.test.terminal.master.TestGetTerminalConfigTestNg"/>
  <testcase name="testGetTerminalConfigLoad" time="0.945" classname="cool.fountain.online.web.test.terminal.master.TestGetTerminalConfigTestNg"/>
  <testcase name="testGetTerminalConfigLoad" time="1.327" classname="cool.fountain.online.web.test.terminal.master.TestGetTerminalConfigTestNg"/>
  <testcase name="testGetTerminalConfigLoad" time="0.914" classname="cool.fountain.online.web.test.terminal.master.TestGetTerminalConfigTestNg"/>
  <testcase name="testGetTerminalConfigLoad" time="1.316" classname="cool.fountain.online.web.test.terminal.master.TestGetTerminalConfigTestNg"/>
  <testcase name="testGetTerminalConfigLoad" time="0.958" classname="cool.fountain.online.web.test.terminal.master.TestGetTerminalConfigTestNg"/>
  <testcase name="testGetTerminalConfigLoad" time="0.837" classname="cool.fountain.online.web.test.terminal.master.TestGetTerminalConfigTestNg"/>
  <testcase name="testGetTerminalConfigLoad" time="0.966" classname="cool.fountain.online.web.test.terminal.master.TestGetTerminalConfigTestNg"/>
  <testcase name="testGetTerminalConfigLoad" time="0.711" classname="cool.fountain.online.web.test.terminal.master.TestGetTerminalConfigTestNg"/>
  <testcase name="testGetTerminalConfigLoad" time="0.977" classname="cool.fountain.online.web.test.terminal.master.TestGetTerminalConfigTestNg"/>
  <testcase name="testGetTerminalConfigLoad" time="0.781" classname="cool.fountain.online.web.test.terminal.master.TestGetTerminalConfigTestNg"/>
  <testcase name="testGetTerminalConfigLoad" time="0.756" classname="cool.fountain.online.web.test.terminal.master.TestGetTerminalConfigTestNg"/>
  <testcase name="testGetTerminalConfigLoad" time="0.853" classname="cool.fountain.online.web.test.terminal.master.TestGetTerminalConfigTestNg"/>
  <testcase name="testGetTerminalConfigLoad" time="1.771" classname="cool.fountain.online.web.test.terminal.master.TestGetTerminalConfigTestNg"/>
  <testcase name="testGetTerminalConfigLoad" time="0.448" classname="cool.fountain.online.web.test.terminal.master.TestGetTerminalConfigTestNg"/>
  <testcase name="testGetTerminalConfigLoad" time="0.890" classname="cool.fountain.online.web.test.terminal.master.TestGetTerminalConfigTestNg"/>
  <testcase name="testGetTerminalConfigLoad" time="0.943" classname="cool.fountain.online.web.test.terminal.master.TestGetTerminalConfigTestNg"/>
  <testcase name="testGetTerminalConfigLoad" time="0.812" classname="cool.fountain.online.web.test.terminal.master.TestGetTerminalConfigTestNg"/>
  <testcase name="testGetTerminalConfigLoad" time="0.458" classname="cool.fountain.online.web.test.terminal.master.TestGetTerminalConfigTestNg"/>
  <testcase name="testGetTerminalConfigLoad" time="0.985" classname="cool.fountain.online.web.test.terminal.master.TestGetTerminalConfigTestNg"/>
  <testcase name="testGetTerminalConfigLoad" time="0.734" classname="cool.fountain.online.web.test.terminal.master.TestGetTerminalConfigTestNg"/>
  <testcase name="testGetTerminalConfigLoad" time="0.978" classname="cool.fountain.online.web.test.terminal.master.TestGetTerminalConfigTestNg"/>
  <testcase name="testGetTerminalConfigLoad" time="0.959" classname="cool.fountain.online.web.test.terminal.master.TestGetTerminalConfigTestNg"/>
  <testcase name="testGetTerminalConfigLoad" time="0.971" classname="cool.fountain.online.web.test.terminal.master.TestGetTerminalConfigTestNg"/>
  <testcase name="testGetTerminalConfigLoad" time="0.841" classname="cool.fountain.online.web.test.terminal.master.TestGetTerminalConfigTestNg"/>
  <testcase name="testGetTerminalConfigLoad" time="0.959" classname="cool.fountain.online.web.test.terminal.master.TestGetTerminalConfigTestNg"/>
  <testcase name="testGetTerminalConfigLoad" time="0.759" classname="cool.fountain.online.web.test.terminal.master.TestGetTerminalConfigTestNg"/>
  <testcase name="testGetTerminalConfigLoad" time="0.852" classname="cool.fountain.online.web.test.terminal.master.TestGetTerminalConfigTestNg"/>
  <testcase name="testGetTerminalConfigLoad" time="0.927" classname="cool.fountain.online.web.test.terminal.master.TestGetTerminalConfigTestNg"/>
  <testcase name="testGetTerminalConfigLoad" time="0.761" classname="cool.fountain.online.web.test.terminal.master.TestGetTerminalConfigTestNg"/>
  <testcase name="testGetTerminalConfigLoad" time="0.901" classname="cool.fountain.online.web.test.terminal.master.TestGetTerminalConfigTestNg"/>
  <testcase name="testGetTerminalConfigLoad" time="0.734" classname="cool.fountain.online.web.test.terminal.master.TestGetTerminalConfigTestNg"/>
  <testcase name="testGetTerminalConfigLoad" time="0.854" classname="cool.fountain.online.web.test.terminal.master.TestGetTerminalConfigTestNg"/>
  <testcase name="testGetTerminalConfigLoad" time="1.035" classname="cool.fountain.online.web.test.terminal.master.TestGetTerminalConfigTestNg"/>
  <testcase name="testGetTerminalConfigLoad" time="0.976" classname="cool.fountain.online.web.test.terminal.master.TestGetTerminalConfigTestNg"/>
  <testcase name="testGetTerminalConfigLoad" time="0.832" classname="cool.fountain.online.web.test.terminal.master.TestGetTerminalConfigTestNg"/>
  <testcase name="testGetTerminalConfig" time="7.564" classname="cool.fountain.online.web.test.terminal.master.TestGetTerminalConfigTestNg"/>
  <testcase name="testGetTerminalConfigLoad" time="0.913" classname="cool.fountain.online.web.test.terminal.master.TestGetTerminalConfigTestNg"/>
  <testcase name="testGetTerminalConfigLoad" time="0.754" classname="cool.fountain.online.web.test.terminal.master.TestGetTerminalConfigTestNg"/>
  <testcase name="testGetTerminalConfigLoad" time="0.582" classname="cool.fountain.online.web.test.terminal.master.TestGetTerminalConfigTestNg"/>
  <testcase name="testGetTerminalConfigLoad" time="0.744" classname="cool.fountain.online.web.test.terminal.master.TestGetTerminalConfigTestNg"/>
  <testcase name="testGetTerminalConfigLoad" time="0.485" classname="cool.fountain.online.web.test.terminal.master.TestGetTerminalConfigTestNg"/>
  <testcase name="testGetTerminalConfigLoad" time="1.408" classname="cool.fountain.online.web.test.terminal.master.TestGetTerminalConfigTestNg"/>
  <testcase name="testGetTerminalConfigLoad" time="0.964" classname="cool.fountain.online.web.test.terminal.master.TestGetTerminalConfigTestNg"/>
  <testcase name="testGetTerminalConfigLoad" time="0.744" classname="cool.fountain.online.web.test.terminal.master.TestGetTerminalConfigTestNg"/>
  <testcase name="testGetTerminalConfigLoad" time="0.856" classname="cool.fountain.online.web.test.terminal.master.TestGetTerminalConfigTestNg"/>
  <testcase name="testGetTerminalConfigLoad" time="0.904" classname="cool.fountain.online.web.test.terminal.master.TestGetTerminalConfigTestNg"/>
  <testcase name="testGetTerminalConfigLoad" time="0.907" classname="cool.fountain.online.web.test.terminal.master.TestGetTerminalConfigTestNg"/>
  <testcase name="testGetTerminalConfigLoad" time="0.927" classname="cool.fountain.online.web.test.terminal.master.TestGetTerminalConfigTestNg"/>
  <testcase name="testGetTerminalConfigLoad" time="0.862" classname="cool.fountain.online.web.test.terminal.master.TestGetTerminalConfigTestNg"/>
  <testcase name="testGetTerminalConfigLoad" time="0.818" classname="cool.fountain.online.web.test.terminal.master.TestGetTerminalConfigTestNg"/>
  <testcase name="testGetTerminalConfigLoad" time="0.868" classname="cool.fountain.online.web.test.terminal.master.TestGetTerminalConfigTestNg"/>
  <testcase name="testGetTerminalConfigLoad" time="0.793" classname="cool.fountain.online.web.test.terminal.master.TestGetTerminalConfigTestNg"/>
  <testcase name="testGetTerminalConfigLoad" time="1.267" classname="cool.fountain.online.web.test.terminal.master.TestGetTerminalConfigTestNg"/>
  <testcase name="testGetTerminalConfigLoad" time="1.048" classname="cool.fountain.online.web.test.terminal.master.TestGetTerminalConfigTestNg"/>
  <testcase name="testGetTerminalConfigLoad" time="0.970" classname="cool.fountain.online.web.test.terminal.master.TestGetTerminalConfigTestNg"/>
  <testcase name="testGetTerminalConfigLoad" time="0.960" classname="cool.fountain.online.web.test.terminal.master.TestGetTerminalConfigTestNg"/>
  <testcase name="testGetTerminalConfigLoad" time="0.799" classname="cool.fountain.online.web.test.terminal.master.TestGetTerminalConfigTestNg"/>
  <testcase name="testGetTerminalConfigLoad" time="0.858" classname="cool.fountain.online.web.test.terminal.master.TestGetTerminalConfigTestNg"/>
  <testcase name="testGetTerminalConfigLoad" time="0.830" classname="cool.fountain.online.web.test.terminal.master.TestGetTerminalConfigTestNg"/>
  <testcase name="testGetTerminalConfigLoad" time="0.784" classname="cool.fountain.online.web.test.terminal.master.TestGetTerminalConfigTestNg"/>
  <testcase name="testGetTerminalConfigLoad" time="0.671" classname="cool.fountain.online.web.test.terminal.master.TestGetTerminalConfigTestNg"/>
  <testcase name="testGetTerminalConfigLoad" time="0.784" classname="cool.fountain.online.web.test.terminal.master.TestGetTerminalConfigTestNg"/>
  <testcase name="testGetTerminalConfigLoad" time="0.694" classname="cool.fountain.online.web.test.terminal.master.TestGetTerminalConfigTestNg"/>
  <testcase name="testGetTerminalConfigLoad" time="0.777" classname="cool.fountain.online.web.test.terminal.master.TestGetTerminalConfigTestNg"/>
  <testcase name="testGetTerminalConfigLoad" time="0.969" classname="cool.fountain.online.web.test.terminal.master.TestGetTerminalConfigTestNg"/>
  <testcase name="testGetTerminalConfigLoad" time="0.449" classname="cool.fountain.online.web.test.terminal.master.TestGetTerminalConfigTestNg"/>
  <testcase name="testGetTerminalConfigLoad" time="0.671" classname="cool.fountain.online.web.test.terminal.master.TestGetTerminalConfigTestNg"/>
  <testcase name="testGetTerminalConfigLoad" time="0.735" classname="cool.fountain.online.web.test.terminal.master.TestGetTerminalConfigTestNg"/>
  <testcase name="testGetTerminalConfigLoad" time="0.930" classname="cool.fountain.online.web.test.terminal.master.TestGetTerminalConfigTestNg"/>
  <testcase name="testGetTerminalConfigLoad" time="1.370" classname="cool.fountain.online.web.test.terminal.master.TestGetTerminalConfigTestNg"/>
  <testcase name="testGetTerminalConfigLoad" time="0.821" classname="cool.fountain.online.web.test.terminal.master.TestGetTerminalConfigTestNg"/>
  <testcase name="testGetTerminalConfigLoad" time="0.786" classname="cool.fountain.online.web.test.terminal.master.TestGetTerminalConfigTestNg"/>
  <testcase name="testGetTerminalConfigLoad" time="0.705" classname="cool.fountain.online.web.test.terminal.master.TestGetTerminalConfigTestNg"/>
  <testcase name="testGetTerminalConfigLoad" time="0.982" classname="cool.fountain.online.web.test.terminal.master.TestGetTerminalConfigTestNg"/>
  <testcase name="testGetTerminalConfigLoad" time="0.923" classname="cool.fountain.online.web.test.terminal.master.TestGetTerminalConfigTestNg"/>
  <testcase name="testGetTerminalConfigLoad" time="0.814" classname="cool.fountain.online.web.test.terminal.master.TestGetTerminalConfigTestNg"/>
  <testcase name="testGetTerminalConfigLoad" time="0.901" classname="cool.fountain.online.web.test.terminal.master.TestGetTerminalConfigTestNg"/>
  <testcase name="testGetTerminalConfigLoad" time="1.329" classname="cool.fountain.online.web.test.terminal.master.TestGetTerminalConfigTestNg"/>
  <testcase name="testGetTerminalConfigLoad" time="0.930" classname="cool.fountain.online.web.test.terminal.master.TestGetTerminalConfigTestNg"/>
  <testcase name="testGetTerminalConfigLoad" time="0.850" classname="cool.fountain.online.web.test.terminal.master.TestGetTerminalConfigTestNg"/>
  <testcase name="testGetTerminalConfigLoad" time="0.866" classname="cool.fountain.online.web.test.terminal.master.TestGetTerminalConfigTestNg"/>
  <testcase name="testGetTerminalConfigLoad" time="0.917" classname="cool.fountain.online.web.test.terminal.master.TestGetTerminalConfigTestNg"/>
  <testcase name="testGetTerminalConfigLoad" time="0.700" classname="cool.fountain.online.web.test.terminal.master.TestGetTerminalConfigTestNg"/>
  <testcase name="testGetTerminalConfigLoad" time="1.261" classname="cool.fountain.online.web.test.terminal.master.TestGetTerminalConfigTestNg"/>
  <testcase name="testGetTerminalConfigLoad" time="0.755" classname="cool.fountain.online.web.test.terminal.master.TestGetTerminalConfigTestNg"/>
  <testcase name="testGetTerminalConfigLoad" time="0.725" classname="cool.fountain.online.web.test.terminal.master.TestGetTerminalConfigTestNg"/>
  <testcase name="testGetTerminalConfigLoad" time="0.915" classname="cool.fountain.online.web.test.terminal.master.TestGetTerminalConfigTestNg"/>
  <testcase name="testGetTerminalConfigLoad" time="1.321" classname="cool.fountain.online.web.test.terminal.master.TestGetTerminalConfigTestNg"/>
  <testcase name="testGetTerminalConfigLoad" time="1.300" classname="cool.fountain.online.web.test.terminal.master.TestGetTerminalConfigTestNg"/>
  <testcase name="testGetTerminalConfigLoad" time="0.824" classname="cool.fountain.online.web.test.terminal.master.TestGetTerminalConfigTestNg"/>
  <testcase name="testGetTerminalConfigLoad" time="0.770" classname="cool.fountain.online.web.test.terminal.master.TestGetTerminalConfigTestNg"/>
  <testcase name="testGetTerminalConfigLoad" time="0.875" classname="cool.fountain.online.web.test.terminal.master.TestGetTerminalConfigTestNg"/>
  <testcase name="testGetTerminalConfigLoad" time="0.914" classname="cool.fountain.online.web.test.terminal.master.TestGetTerminalConfigTestNg"/>
  <testcase name="testGetTerminalConfigLoad" time="0.947" classname="cool.fountain.online.web.test.terminal.master.TestGetTerminalConfigTestNg"/>
  <testcase name="testGetTerminalConfigLoad" time="0.801" classname="cool.fountain.online.web.test.terminal.master.TestGetTerminalConfigTestNg"/>
  <testcase name="testGetTerminalConfigLoad" time="0.929" classname="cool.fountain.online.web.test.terminal.master.TestGetTerminalConfigTestNg"/>
  <testcase name="testGetTerminalConfigLoad" time="0.900" classname="cool.fountain.online.web.test.terminal.master.TestGetTerminalConfigTestNg"/>
  <testcase name="testGetTerminalConfigLoad" time="0.800" classname="cool.fountain.online.web.test.terminal.master.TestGetTerminalConfigTestNg"/>
  <testcase name="testGetTerminalConfigLoad" time="0.827" classname="cool.fountain.online.web.test.terminal.master.TestGetTerminalConfigTestNg"/>
  <testcase name="testGetTerminalConfigLoad" time="1.324" classname="cool.fountain.online.web.test.terminal.master.TestGetTerminalConfigTestNg"/>
</testsuite> <!-- cool.fountain.online.web.test.terminal.master.TestGetTerminalConfigTestNg -->
