<?xml version="1.0" encoding="UTF-8"?>
<!-- Generated by org.testng.reporters.JUnitReportReporter -->
<testsuite hostname="Chaipoints-MacBook-Air.local" name="in.shark.online.web.test.outlet.TestCreateOutletApiTestNg" tests="1" failures="0" timestamp="25 Nov 2019 08:40:15 GMT" time="0.016" errors="0">
  <testcase name="tryout" time="0.016" classname="in.shark.online.web.test.outlet.TestCreateOutletApiTestNg"/>
</testsuite> <!-- in.shark.online.web.test.outlet.TestCreateOutletApiTestNg -->
