<?xml version="1.0" encoding="UTF-8"?>
<!-- Generated by org.testng.reporters.JUnitReportReporter -->
<testsuite hostname="Chaipoints-MacBook-Air.local" name="cool.fountain.online.web.test.order.TestHistoryTestNg" tests="101" failures="0" timestamp="8 Jan 2020 09:57:09 GMT" time="18.513" errors="0">
  <testcase name="testHistory" time="1.814" classname="cool.fountain.online.web.test.order.TestHistoryTestNg"/>
  <testcase name="testOrderHistoryLoad" time="0.132" classname="cool.fountain.online.web.test.order.TestHistoryTestNg"/>
  <testcase name="testOrderHistoryLoad" time="0.206" classname="cool.fountain.online.web.test.order.TestHistoryTestNg"/>
  <testcase name="testOrderHistoryLoad" time="0.128" classname="cool.fountain.online.web.test.order.TestHistoryTestNg"/>
  <testcase name="testOrderHistoryLoad" time="0.124" classname="cool.fountain.online.web.test.order.TestHistoryTestNg"/>
  <testcase name="testOrderHistoryLoad" time="0.109" classname="cool.fountain.online.web.test.order.TestHistoryTestNg"/>
  <testcase name="testOrderHistoryLoad" time="0.705" classname="cool.fountain.online.web.test.order.TestHistoryTestNg"/>
  <testcase name="testOrderHistoryLoad" time="0.107" classname="cool.fountain.online.web.test.order.TestHistoryTestNg"/>
  <testcase name="testOrderHistoryLoad" time="0.188" classname="cool.fountain.online.web.test.order.TestHistoryTestNg"/>
  <testcase name="testOrderHistoryLoad" time="0.080" classname="cool.fountain.online.web.test.order.TestHistoryTestNg"/>
  <testcase name="testOrderHistoryLoad" time="0.175" classname="cool.fountain.online.web.test.order.TestHistoryTestNg"/>
  <testcase name="testOrderHistoryLoad" time="0.129" classname="cool.fountain.online.web.test.order.TestHistoryTestNg"/>
  <testcase name="testOrderHistoryLoad" time="0.130" classname="cool.fountain.online.web.test.order.TestHistoryTestNg"/>
  <testcase name="testOrderHistoryLoad" time="0.590" classname="cool.fountain.online.web.test.order.TestHistoryTestNg"/>
  <testcase name="testOrderHistoryLoad" time="0.089" classname="cool.fountain.online.web.test.order.TestHistoryTestNg"/>
  <testcase name="testOrderHistoryLoad" time="0.532" classname="cool.fountain.online.web.test.order.TestHistoryTestNg"/>
  <testcase name="testOrderHistoryLoad" time="0.083" classname="cool.fountain.online.web.test.order.TestHistoryTestNg"/>
  <testcase name="testOrderHistoryLoad" time="0.122" classname="cool.fountain.online.web.test.order.TestHistoryTestNg"/>
  <testcase name="testOrderHistoryLoad" time="0.082" classname="cool.fountain.online.web.test.order.TestHistoryTestNg"/>
  <testcase name="testOrderHistoryLoad" time="0.108" classname="cool.fountain.online.web.test.order.TestHistoryTestNg"/>
  <testcase name="testOrderHistoryLoad" time="0.120" classname="cool.fountain.online.web.test.order.TestHistoryTestNg"/>
  <testcase name="testOrderHistoryLoad" time="0.217" classname="cool.fountain.online.web.test.order.TestHistoryTestNg"/>
  <testcase name="testOrderHistoryLoad" time="0.087" classname="cool.fountain.online.web.test.order.TestHistoryTestNg"/>
  <testcase name="testOrderHistoryLoad" time="0.121" classname="cool.fountain.online.web.test.order.TestHistoryTestNg"/>
  <testcase name="testOrderHistoryLoad" time="0.135" classname="cool.fountain.online.web.test.order.TestHistoryTestNg"/>
  <testcase name="testOrderHistoryLoad" time="0.153" classname="cool.fountain.online.web.test.order.TestHistoryTestNg"/>
  <testcase name="testOrderHistoryLoad" time="0.099" classname="cool.fountain.online.web.test.order.TestHistoryTestNg"/>
  <testcase name="testOrderHistoryLoad" time="0.135" classname="cool.fountain.online.web.test.order.TestHistoryTestNg"/>
  <testcase name="testOrderHistoryLoad" time="0.106" classname="cool.fountain.online.web.test.order.TestHistoryTestNg"/>
  <testcase name="testOrderHistoryLoad" time="0.146" classname="cool.fountain.online.web.test.order.TestHistoryTestNg"/>
  <testcase name="testOrderHistoryLoad" time="0.154" classname="cool.fountain.online.web.test.order.TestHistoryTestNg"/>
  <testcase name="testOrderHistoryLoad" time="0.130" classname="cool.fountain.online.web.test.order.TestHistoryTestNg"/>
  <testcase name="testOrderHistoryLoad" time="0.100" classname="cool.fountain.online.web.test.order.TestHistoryTestNg"/>
  <testcase name="testOrderHistoryLoad" time="0.105" classname="cool.fountain.online.web.test.order.TestHistoryTestNg"/>
  <testcase name="testOrderHistoryLoad" time="0.164" classname="cool.fountain.online.web.test.order.TestHistoryTestNg"/>
  <testcase name="testOrderHistoryLoad" time="0.113" classname="cool.fountain.online.web.test.order.TestHistoryTestNg"/>
  <testcase name="testOrderHistoryLoad" time="0.108" classname="cool.fountain.online.web.test.order.TestHistoryTestNg"/>
  <testcase name="testOrderHistoryLoad" time="0.148" classname="cool.fountain.online.web.test.order.TestHistoryTestNg"/>
  <testcase name="testOrderHistoryLoad" time="0.170" classname="cool.fountain.online.web.test.order.TestHistoryTestNg"/>
  <testcase name="testOrderHistoryLoad" time="0.111" classname="cool.fountain.online.web.test.order.TestHistoryTestNg"/>
  <testcase name="testOrderHistoryLoad" time="0.159" classname="cool.fountain.online.web.test.order.TestHistoryTestNg"/>
  <testcase name="testOrderHistoryLoad" time="0.141" classname="cool.fountain.online.web.test.order.TestHistoryTestNg"/>
  <testcase name="testOrderHistoryLoad" time="0.205" classname="cool.fountain.online.web.test.order.TestHistoryTestNg"/>
  <testcase name="testOrderHistoryLoad" time="0.177" classname="cool.fountain.online.web.test.order.TestHistoryTestNg"/>
  <testcase name="testOrderHistoryLoad" time="0.382" classname="cool.fountain.online.web.test.order.TestHistoryTestNg"/>
  <testcase name="testOrderHistoryLoad" time="0.166" classname="cool.fountain.online.web.test.order.TestHistoryTestNg"/>
  <testcase name="testOrderHistoryLoad" time="0.138" classname="cool.fountain.online.web.test.order.TestHistoryTestNg"/>
  <testcase name="testOrderHistoryLoad" time="0.086" classname="cool.fountain.online.web.test.order.TestHistoryTestNg"/>
  <testcase name="testOrderHistoryLoad" time="0.406" classname="cool.fountain.online.web.test.order.TestHistoryTestNg"/>
  <testcase name="testOrderHistoryLoad" time="0.091" classname="cool.fountain.online.web.test.order.TestHistoryTestNg"/>
  <testcase name="testOrderHistoryLoad" time="0.130" classname="cool.fountain.online.web.test.order.TestHistoryTestNg"/>
  <testcase name="testOrderHistoryLoad" time="0.093" classname="cool.fountain.online.web.test.order.TestHistoryTestNg"/>
  <testcase name="testOrderHistoryLoad" time="0.082" classname="cool.fountain.online.web.test.order.TestHistoryTestNg"/>
  <testcase name="testOrderHistoryLoad" time="0.119" classname="cool.fountain.online.web.test.order.TestHistoryTestNg"/>
  <testcase name="testOrderHistoryLoad" time="0.148" classname="cool.fountain.online.web.test.order.TestHistoryTestNg"/>
  <testcase name="testOrderHistoryLoad" time="0.702" classname="cool.fountain.online.web.test.order.TestHistoryTestNg"/>
  <testcase name="testOrderHistoryLoad" time="0.087" classname="cool.fountain.online.web.test.order.TestHistoryTestNg"/>
  <testcase name="testOrderHistoryLoad" time="0.144" classname="cool.fountain.online.web.test.order.TestHistoryTestNg"/>
  <testcase name="testOrderHistoryLoad" time="0.151" classname="cool.fountain.online.web.test.order.TestHistoryTestNg"/>
  <testcase name="testOrderHistoryLoad" time="0.094" classname="cool.fountain.online.web.test.order.TestHistoryTestNg"/>
  <testcase name="testOrderHistoryLoad" time="0.118" classname="cool.fountain.online.web.test.order.TestHistoryTestNg"/>
  <testcase name="testOrderHistoryLoad" time="0.708" classname="cool.fountain.online.web.test.order.TestHistoryTestNg"/>
  <testcase name="testOrderHistoryLoad" time="0.080" classname="cool.fountain.online.web.test.order.TestHistoryTestNg"/>
  <testcase name="testOrderHistoryLoad" time="0.210" classname="cool.fountain.online.web.test.order.TestHistoryTestNg"/>
  <testcase name="testOrderHistoryLoad" time="0.176" classname="cool.fountain.online.web.test.order.TestHistoryTestNg"/>
  <testcase name="testOrderHistoryLoad" time="0.074" classname="cool.fountain.online.web.test.order.TestHistoryTestNg"/>
  <testcase name="testOrderHistoryLoad" time="0.088" classname="cool.fountain.online.web.test.order.TestHistoryTestNg"/>
  <testcase name="testOrderHistoryLoad" time="0.534" classname="cool.fountain.online.web.test.order.TestHistoryTestNg"/>
  <testcase name="testOrderHistoryLoad" time="0.107" classname="cool.fountain.online.web.test.order.TestHistoryTestNg"/>
  <testcase name="testOrderHistoryLoad" time="0.117" classname="cool.fountain.online.web.test.order.TestHistoryTestNg"/>
  <testcase name="testOrderHistoryLoad" time="0.084" classname="cool.fountain.online.web.test.order.TestHistoryTestNg"/>
  <testcase name="testOrderHistoryLoad" time="0.090" classname="cool.fountain.online.web.test.order.TestHistoryTestNg"/>
  <testcase name="testOrderHistoryLoad" time="0.105" classname="cool.fountain.online.web.test.order.TestHistoryTestNg"/>
  <testcase name="testOrderHistoryLoad" time="0.169" classname="cool.fountain.online.web.test.order.TestHistoryTestNg"/>
  <testcase name="testOrderHistoryLoad" time="0.126" classname="cool.fountain.online.web.test.order.TestHistoryTestNg"/>
  <testcase name="testOrderHistoryLoad" time="0.120" classname="cool.fountain.online.web.test.order.TestHistoryTestNg"/>
  <testcase name="testOrderHistoryLoad" time="0.092" classname="cool.fountain.online.web.test.order.TestHistoryTestNg"/>
  <testcase name="testOrderHistoryLoad" time="0.128" classname="cool.fountain.online.web.test.order.TestHistoryTestNg"/>
  <testcase name="testOrderHistoryLoad" time="0.114" classname="cool.fountain.online.web.test.order.TestHistoryTestNg"/>
  <testcase name="testOrderHistoryLoad" time="0.097" classname="cool.fountain.online.web.test.order.TestHistoryTestNg"/>
  <testcase name="testOrderHistoryLoad" time="0.510" classname="cool.fountain.online.web.test.order.TestHistoryTestNg"/>
  <testcase name="testOrderHistoryLoad" time="0.115" classname="cool.fountain.online.web.test.order.TestHistoryTestNg"/>
  <testcase name="testOrderHistoryLoad" time="0.103" classname="cool.fountain.online.web.test.order.TestHistoryTestNg"/>
  <testcase name="testOrderHistoryLoad" time="0.083" classname="cool.fountain.online.web.test.order.TestHistoryTestNg"/>
  <testcase name="testOrderHistoryLoad" time="0.148" classname="cool.fountain.online.web.test.order.TestHistoryTestNg"/>
  <testcase name="testOrderHistoryLoad" time="0.082" classname="cool.fountain.online.web.test.order.TestHistoryTestNg"/>
  <testcase name="testOrderHistoryLoad" time="0.716" classname="cool.fountain.online.web.test.order.TestHistoryTestNg"/>
  <testcase name="testOrderHistoryLoad" time="0.152" classname="cool.fountain.online.web.test.order.TestHistoryTestNg"/>
  <testcase name="testOrderHistoryLoad" time="0.071" classname="cool.fountain.online.web.test.order.TestHistoryTestNg"/>
  <testcase name="testOrderHistoryLoad" time="0.080" classname="cool.fountain.online.web.test.order.TestHistoryTestNg"/>
  <testcase name="testOrderHistoryLoad" time="0.117" classname="cool.fountain.online.web.test.order.TestHistoryTestNg"/>
  <testcase name="testOrderHistoryLoad" time="0.105" classname="cool.fountain.online.web.test.order.TestHistoryTestNg"/>
  <testcase name="testOrderHistoryLoad" time="0.072" classname="cool.fountain.online.web.test.order.TestHistoryTestNg"/>
  <testcase name="testOrderHistoryLoad" time="0.063" classname="cool.fountain.online.web.test.order.TestHistoryTestNg"/>
  <testcase name="testOrderHistoryLoad" time="0.129" classname="cool.fountain.online.web.test.order.TestHistoryTestNg"/>
  <testcase name="testOrderHistoryLoad" time="0.115" classname="cool.fountain.online.web.test.order.TestHistoryTestNg"/>
  <testcase name="testOrderHistoryLoad" time="0.113" classname="cool.fountain.online.web.test.order.TestHistoryTestNg"/>
  <testcase name="testOrderHistoryLoad" time="0.124" classname="cool.fountain.online.web.test.order.TestHistoryTestNg"/>
  <testcase name="testOrderHistoryLoad" time="0.110" classname="cool.fountain.online.web.test.order.TestHistoryTestNg"/>
  <testcase name="testOrderHistoryLoad" time="0.113" classname="cool.fountain.online.web.test.order.TestHistoryTestNg"/>
  <testcase name="testOrderHistoryLoad" time="0.099" classname="cool.fountain.online.web.test.order.TestHistoryTestNg"/>
</testsuite> <!-- cool.fountain.online.web.test.order.TestHistoryTestNg -->
