<?xml version="1.0" encoding="UTF-8"?>
<!-- Generated by org.testng.reporters.JUnitReportReporter -->
<testsuite hostname="Chaipoints-MacBook-Air.local" name="cool.fountain.online.web.test.terminal.master.TestGetTerminalConfigTestNg" tests="101" failures="0" timestamp="8 Jan 2020 10:38:11 GMT" time="61.507" errors="0">
  <testcase name="testGetTerminalConfigLoad" time="0.508" classname="cool.fountain.online.web.test.terminal.master.TestGetTerminalConfigTestNg"/>
  <testcase name="testGetTerminalConfigLoad" time="0.560" classname="cool.fountain.online.web.test.terminal.master.TestGetTerminalConfigTestNg"/>
  <testcase name="testGetTerminalConfigLoad" time="0.506" classname="cool.fountain.online.web.test.terminal.master.TestGetTerminalConfigTestNg"/>
  <testcase name="testGetTerminalConfigLoad" time="0.545" classname="cool.fountain.online.web.test.terminal.master.TestGetTerminalConfigTestNg"/>
  <testcase name="testGetTerminalConfigLoad" time="0.464" classname="cool.fountain.online.web.test.terminal.master.TestGetTerminalConfigTestNg"/>
  <testcase name="testGetTerminalConfigLoad" time="0.481" classname="cool.fountain.online.web.test.terminal.master.TestGetTerminalConfigTestNg"/>
  <testcase name="testGetTerminalConfigLoad" time="0.772" classname="cool.fountain.online.web.test.terminal.master.TestGetTerminalConfigTestNg"/>
  <testcase name="testGetTerminalConfigLoad" time="0.550" classname="cool.fountain.online.web.test.terminal.master.TestGetTerminalConfigTestNg"/>
  <testcase name="testGetTerminalConfigLoad" time="0.396" classname="cool.fountain.online.web.test.terminal.master.TestGetTerminalConfigTestNg"/>
  <testcase name="testGetTerminalConfigLoad" time="0.546" classname="cool.fountain.online.web.test.terminal.master.TestGetTerminalConfigTestNg"/>
  <testcase name="testGetTerminalConfigLoad" time="0.566" classname="cool.fountain.online.web.test.terminal.master.TestGetTerminalConfigTestNg"/>
  <testcase name="testGetTerminalConfigLoad" time="0.630" classname="cool.fountain.online.web.test.terminal.master.TestGetTerminalConfigTestNg"/>
  <testcase name="testGetTerminalConfigLoad" time="0.442" classname="cool.fountain.online.web.test.terminal.master.TestGetTerminalConfigTestNg"/>
  <testcase name="testGetTerminalConfigLoad" time="0.436" classname="cool.fountain.online.web.test.terminal.master.TestGetTerminalConfigTestNg"/>
  <testcase name="testGetTerminalConfigLoad" time="0.433" classname="cool.fountain.online.web.test.terminal.master.TestGetTerminalConfigTestNg"/>
  <testcase name="testGetTerminalConfigLoad" time="0.474" classname="cool.fountain.online.web.test.terminal.master.TestGetTerminalConfigTestNg"/>
  <testcase name="testGetTerminalConfigLoad" time="0.527" classname="cool.fountain.online.web.test.terminal.master.TestGetTerminalConfigTestNg"/>
  <testcase name="testGetTerminalConfigLoad" time="0.500" classname="cool.fountain.online.web.test.terminal.master.TestGetTerminalConfigTestNg"/>
  <testcase name="testGetTerminalConfigLoad" time="0.667" classname="cool.fountain.online.web.test.terminal.master.TestGetTerminalConfigTestNg"/>
  <testcase name="testGetTerminalConfigLoad" time="0.654" classname="cool.fountain.online.web.test.terminal.master.TestGetTerminalConfigTestNg"/>
  <testcase name="testGetTerminalConfigLoad" time="0.592" classname="cool.fountain.online.web.test.terminal.master.TestGetTerminalConfigTestNg"/>
  <testcase name="testGetTerminalConfigLoad" time="0.444" classname="cool.fountain.online.web.test.terminal.master.TestGetTerminalConfigTestNg"/>
  <testcase name="testGetTerminalConfigLoad" time="0.370" classname="cool.fountain.online.web.test.terminal.master.TestGetTerminalConfigTestNg"/>
  <testcase name="testGetTerminalConfigLoad" time="0.593" classname="cool.fountain.online.web.test.terminal.master.TestGetTerminalConfigTestNg"/>
  <testcase name="testGetTerminalConfigLoad" time="0.488" classname="cool.fountain.online.web.test.terminal.master.TestGetTerminalConfigTestNg"/>
  <testcase name="testGetTerminalConfigLoad" time="0.433" classname="cool.fountain.online.web.test.terminal.master.TestGetTerminalConfigTestNg"/>
  <testcase name="testGetTerminalConfigLoad" time="0.465" classname="cool.fountain.online.web.test.terminal.master.TestGetTerminalConfigTestNg"/>
  <testcase name="testGetTerminalConfigLoad" time="0.456" classname="cool.fountain.online.web.test.terminal.master.TestGetTerminalConfigTestNg"/>
  <testcase name="testGetTerminalConfigLoad" time="0.539" classname="cool.fountain.online.web.test.terminal.master.TestGetTerminalConfigTestNg"/>
  <testcase name="testGetTerminalConfigLoad" time="0.561" classname="cool.fountain.online.web.test.terminal.master.TestGetTerminalConfigTestNg"/>
  <testcase name="testGetTerminalConfigLoad" time="0.494" classname="cool.fountain.online.web.test.terminal.master.TestGetTerminalConfigTestNg"/>
  <testcase name="testGetTerminalConfigLoad" time="0.633" classname="cool.fountain.online.web.test.terminal.master.TestGetTerminalConfigTestNg"/>
  <testcase name="testGetTerminalConfigLoad" time="0.566" classname="cool.fountain.online.web.test.terminal.master.TestGetTerminalConfigTestNg"/>
  <testcase name="testGetTerminalConfigLoad" time="0.541" classname="cool.fountain.online.web.test.terminal.master.TestGetTerminalConfigTestNg"/>
  <testcase name="testGetTerminalConfigLoad" time="0.439" classname="cool.fountain.online.web.test.terminal.master.TestGetTerminalConfigTestNg"/>
  <testcase name="testGetTerminalConfigLoad" time="0.604" classname="cool.fountain.online.web.test.terminal.master.TestGetTerminalConfigTestNg"/>
  <testcase name="testGetTerminalConfigLoad" time="0.452" classname="cool.fountain.online.web.test.terminal.master.TestGetTerminalConfigTestNg"/>
  <testcase name="testGetTerminalConfigLoad" time="0.508" classname="cool.fountain.online.web.test.terminal.master.TestGetTerminalConfigTestNg"/>
  <testcase name="testGetTerminalConfigLoad" time="0.473" classname="cool.fountain.online.web.test.terminal.master.TestGetTerminalConfigTestNg"/>
  <testcase name="testGetTerminalConfigLoad" time="0.635" classname="cool.fountain.online.web.test.terminal.master.TestGetTerminalConfigTestNg"/>
  <testcase name="testGetTerminalConfigLoad" time="0.653" classname="cool.fountain.online.web.test.terminal.master.TestGetTerminalConfigTestNg"/>
  <testcase name="testGetTerminalConfigLoad" time="0.630" classname="cool.fountain.online.web.test.terminal.master.TestGetTerminalConfigTestNg"/>
  <testcase name="testGetTerminalConfigLoad" time="0.629" classname="cool.fountain.online.web.test.terminal.master.TestGetTerminalConfigTestNg"/>
  <testcase name="testGetTerminalConfigLoad" time="0.365" classname="cool.fountain.online.web.test.terminal.master.TestGetTerminalConfigTestNg"/>
  <testcase name="testGetTerminalConfigLoad" time="0.644" classname="cool.fountain.online.web.test.terminal.master.TestGetTerminalConfigTestNg"/>
  <testcase name="testGetTerminalConfigLoad" time="0.519" classname="cool.fountain.online.web.test.terminal.master.TestGetTerminalConfigTestNg"/>
  <testcase name="testGetTerminalConfigLoad" time="0.545" classname="cool.fountain.online.web.test.terminal.master.TestGetTerminalConfigTestNg"/>
  <testcase name="testGetTerminalConfigLoad" time="0.597" classname="cool.fountain.online.web.test.terminal.master.TestGetTerminalConfigTestNg"/>
  <testcase name="testGetTerminalConfigLoad" time="0.436" classname="cool.fountain.online.web.test.terminal.master.TestGetTerminalConfigTestNg"/>
  <testcase name="testGetTerminalConfigLoad" time="0.517" classname="cool.fountain.online.web.test.terminal.master.TestGetTerminalConfigTestNg"/>
  <testcase name="testGetTerminalConfigLoad" time="0.463" classname="cool.fountain.online.web.test.terminal.master.TestGetTerminalConfigTestNg"/>
  <testcase name="testGetTerminalConfigLoad" time="0.445" classname="cool.fountain.online.web.test.terminal.master.TestGetTerminalConfigTestNg"/>
  <testcase name="testGetTerminalConfigLoad" time="0.336" classname="cool.fountain.online.web.test.terminal.master.TestGetTerminalConfigTestNg"/>
  <testcase name="testGetTerminalConfigLoad" time="0.517" classname="cool.fountain.online.web.test.terminal.master.TestGetTerminalConfigTestNg"/>
  <testcase name="testGetTerminalConfigLoad" time="0.516" classname="cool.fountain.online.web.test.terminal.master.TestGetTerminalConfigTestNg"/>
  <testcase name="testGetTerminalConfigLoad" time="0.551" classname="cool.fountain.online.web.test.terminal.master.TestGetTerminalConfigTestNg"/>
  <testcase name="testGetTerminalConfigLoad" time="0.510" classname="cool.fountain.online.web.test.terminal.master.TestGetTerminalConfigTestNg"/>
  <testcase name="testGetTerminalConfigLoad" time="0.460" classname="cool.fountain.online.web.test.terminal.master.TestGetTerminalConfigTestNg"/>
  <testcase name="testGetTerminalConfigLoad" time="0.629" classname="cool.fountain.online.web.test.terminal.master.TestGetTerminalConfigTestNg"/>
  <testcase name="testGetTerminalConfigLoad" time="0.560" classname="cool.fountain.online.web.test.terminal.master.TestGetTerminalConfigTestNg"/>
  <testcase name="testGetTerminalConfigLoad" time="0.582" classname="cool.fountain.online.web.test.terminal.master.TestGetTerminalConfigTestNg"/>
  <testcase name="testGetTerminalConfigLoad" time="0.628" classname="cool.fountain.online.web.test.terminal.master.TestGetTerminalConfigTestNg"/>
  <testcase name="testGetTerminalConfigLoad" time="0.615" classname="cool.fountain.online.web.test.terminal.master.TestGetTerminalConfigTestNg"/>
  <testcase name="testGetTerminalConfigLoad" time="0.569" classname="cool.fountain.online.web.test.terminal.master.TestGetTerminalConfigTestNg"/>
  <testcase name="testGetTerminalConfigLoad" time="0.610" classname="cool.fountain.online.web.test.terminal.master.TestGetTerminalConfigTestNg"/>
  <testcase name="testGetTerminalConfigLoad" time="0.546" classname="cool.fountain.online.web.test.terminal.master.TestGetTerminalConfigTestNg"/>
  <testcase name="testGetTerminalConfigLoad" time="0.630" classname="cool.fountain.online.web.test.terminal.master.TestGetTerminalConfigTestNg"/>
  <testcase name="testGetTerminalConfigLoad" time="0.523" classname="cool.fountain.online.web.test.terminal.master.TestGetTerminalConfigTestNg"/>
  <testcase name="testGetTerminalConfigLoad" time="0.514" classname="cool.fountain.online.web.test.terminal.master.TestGetTerminalConfigTestNg"/>
  <testcase name="testGetTerminalConfigLoad" time="0.753" classname="cool.fountain.online.web.test.terminal.master.TestGetTerminalConfigTestNg"/>
  <testcase name="testGetTerminalConfigLoad" time="0.607" classname="cool.fountain.online.web.test.terminal.master.TestGetTerminalConfigTestNg"/>
  <testcase name="testGetTerminalConfigLoad" time="0.427" classname="cool.fountain.online.web.test.terminal.master.TestGetTerminalConfigTestNg"/>
  <testcase name="testGetTerminalConfigLoad" time="0.616" classname="cool.fountain.online.web.test.terminal.master.TestGetTerminalConfigTestNg"/>
  <testcase name="testGetTerminalConfigLoad" time="0.476" classname="cool.fountain.online.web.test.terminal.master.TestGetTerminalConfigTestNg"/>
  <testcase name="testGetTerminalConfigLoad" time="0.492" classname="cool.fountain.online.web.test.terminal.master.TestGetTerminalConfigTestNg"/>
  <testcase name="testGetTerminalConfigLoad" time="0.404" classname="cool.fountain.online.web.test.terminal.master.TestGetTerminalConfigTestNg"/>
  <testcase name="testGetTerminalConfigLoad" time="0.582" classname="cool.fountain.online.web.test.terminal.master.TestGetTerminalConfigTestNg"/>
  <testcase name="testGetTerminalConfigLoad" time="0.551" classname="cool.fountain.online.web.test.terminal.master.TestGetTerminalConfigTestNg"/>
  <testcase name="testGetTerminalConfigLoad" time="0.511" classname="cool.fountain.online.web.test.terminal.master.TestGetTerminalConfigTestNg"/>
  <testcase name="testGetTerminalConfigLoad" time="0.607" classname="cool.fountain.online.web.test.terminal.master.TestGetTerminalConfigTestNg"/>
  <testcase name="testGetTerminalConfigLoad" time="0.471" classname="cool.fountain.online.web.test.terminal.master.TestGetTerminalConfigTestNg"/>
  <testcase name="testGetTerminalConfigLoad" time="0.482" classname="cool.fountain.online.web.test.terminal.master.TestGetTerminalConfigTestNg"/>
  <testcase name="testGetTerminalConfigLoad" time="0.636" classname="cool.fountain.online.web.test.terminal.master.TestGetTerminalConfigTestNg"/>
  <testcase name="testGetTerminalConfigLoad" time="0.646" classname="cool.fountain.online.web.test.terminal.master.TestGetTerminalConfigTestNg"/>
  <testcase name="testGetTerminalConfigLoad" time="0.768" classname="cool.fountain.online.web.test.terminal.master.TestGetTerminalConfigTestNg"/>
  <testcase name="testGetTerminalConfigLoad" time="0.520" classname="cool.fountain.online.web.test.terminal.master.TestGetTerminalConfigTestNg"/>
  <testcase name="testGetTerminalConfigLoad" time="0.507" classname="cool.fountain.online.web.test.terminal.master.TestGetTerminalConfigTestNg"/>
  <testcase name="testGetTerminalConfigLoad" time="0.579" classname="cool.fountain.online.web.test.terminal.master.TestGetTerminalConfigTestNg"/>
  <testcase name="testGetTerminalConfig" time="7.915" classname="cool.fountain.online.web.test.terminal.master.TestGetTerminalConfigTestNg"/>
  <testcase name="testGetTerminalConfigLoad" time="0.429" classname="cool.fountain.online.web.test.terminal.master.TestGetTerminalConfigTestNg"/>
  <testcase name="testGetTerminalConfigLoad" time="0.651" classname="cool.fountain.online.web.test.terminal.master.TestGetTerminalConfigTestNg"/>
  <testcase name="testGetTerminalConfigLoad" time="0.549" classname="cool.fountain.online.web.test.terminal.master.TestGetTerminalConfigTestNg"/>
  <testcase name="testGetTerminalConfigLoad" time="0.493" classname="cool.fountain.online.web.test.terminal.master.TestGetTerminalConfigTestNg"/>
  <testcase name="testGetTerminalConfigLoad" time="0.519" classname="cool.fountain.online.web.test.terminal.master.TestGetTerminalConfigTestNg"/>
  <testcase name="testGetTerminalConfigLoad" time="0.495" classname="cool.fountain.online.web.test.terminal.master.TestGetTerminalConfigTestNg"/>
  <testcase name="testGetTerminalConfigLoad" time="0.750" classname="cool.fountain.online.web.test.terminal.master.TestGetTerminalConfigTestNg"/>
  <testcase name="testGetTerminalConfigLoad" time="0.473" classname="cool.fountain.online.web.test.terminal.master.TestGetTerminalConfigTestNg"/>
  <testcase name="testGetTerminalConfigLoad" time="0.509" classname="cool.fountain.online.web.test.terminal.master.TestGetTerminalConfigTestNg"/>
  <testcase name="testGetTerminalConfigLoad" time="0.575" classname="cool.fountain.online.web.test.terminal.master.TestGetTerminalConfigTestNg"/>
  <testcase name="testGetTerminalConfigLoad" time="0.396" classname="cool.fountain.online.web.test.terminal.master.TestGetTerminalConfigTestNg"/>
  <testcase name="testGetTerminalConfigLoad" time="0.436" classname="cool.fountain.online.web.test.terminal.master.TestGetTerminalConfigTestNg"/>
</testsuite> <!-- cool.fountain.online.web.test.terminal.master.TestGetTerminalConfigTestNg -->
