<?xml version="1.0" encoding="UTF-8"?>
<!-- Generated by org.testng.reporters.JUnitReportReporter -->
<testsuite hostname="Chaipoints-MacBook-Air.local" name="cool.fountain.online.web.test.order.TestHistoryTestNg" tests="101" failures="0" timestamp="8 Jan 2020 10:38:31 GMT" time="31.902" errors="1">
  <testcase name="testOrderHistoryLoad" time="0.100" classname="cool.fountain.online.web.test.order.TestHistoryTestNg"/>
  <testcase name="testOrderHistoryLoad" time="0.141" classname="cool.fountain.online.web.test.order.TestHistoryTestNg"/>
  <testcase name="testOrderHistoryLoad" time="0.462" classname="cool.fountain.online.web.test.order.TestHistoryTestNg"/>
  <testcase name="testOrderHistoryLoad" time="0.085" classname="cool.fountain.online.web.test.order.TestHistoryTestNg">
    <error type="java.lang.AssertionError" message="Status expected:&lt;200 OK&gt; but was:&lt;500 INTERNAL_SERVER_ERROR&gt;

&gt; POST https://testing.chaipoint.com/qa3/outlet-pos-api/api/order/history
&gt; WebTestClient-Request-Id: [1]
&gt; service.auth.key: [1234567]
&gt; Content-Type: [application/json]
&gt; Content-Length: [19]

{
  &quot;moduleId&quot;: 1
}

&lt; 500 INTERNAL_SERVER_ERROR Internal Server Error
&lt; Date: [Wed, 08 Jan 2020 10:37:58 GMT]
&lt; Content-Type: [application/json;charset=UTF-8]
&lt; Transfer-Encoding: [chunked]
&lt; Connection: [keep-alive]
&lt; Access-Control-Allow-Headers: [Content-Type, Cookie, service.auth.key]
&lt; Access-Control-Allow-Credentials: [true]
&lt; Access-Control-Max-Age: [86400]

{&quot;timestamp&quot;:1578479878389,&quot;status&quot;:500,&quot;error&quot;:&quot;Internal Server Error&quot;,&quot;message&quot;:&quot;Cannot connect to Hessian remote service at [https://testing.chaipoint.com/qa3/terminal-api/terminalModuleStateService]; nested exception is com.caucho.hessian.client.HessianConnectionException: 502: java.io.IOException: Server returned HTTP response code: 502 for URL: https://testing.chaipoint.com/qa3/terminal-api/terminalModuleStateService&quot;,&quot;path&quot;:&quot;/qa3/outlet-pos-api/api/order/history&quot;}
">
      <![CDATA[java.lang.AssertionError: Status expected:<200 OK> but was:<500 INTERNAL_SERVER_ERROR>

> POST https://testing.chaipoint.com/qa3/outlet-pos-api/api/order/history
> WebTestClient-Request-Id: [1]
> service.auth.key: [1234567]
> Content-Type: [application/json]
> Content-Length: [19]

{
  "moduleId": 1
}

< 500 INTERNAL_SERVER_ERROR Internal Server Error
< Date: [Wed, 08 Jan 2020 10:37:58 GMT]
< Content-Type: [application/json;charset=UTF-8]
< Transfer-Encoding: [chunked]
< Connection: [keep-alive]
< Access-Control-Allow-Headers: [Content-Type, Cookie, service.auth.key]
< Access-Control-Allow-Credentials: [true]
< Access-Control-Max-Age: [86400]

{"timestamp":1578479878389,"status":500,"error":"Internal Server Error","message":"Cannot connect to Hessian remote service at [https://testing.chaipoint.com/qa3/terminal-api/terminalModuleStateService]; nested exception is com.caucho.hessian.client.HessianConnectionException: 502: java.io.IOException: Server returned HTTP response code: 502 for URL: https://testing.chaipoint.com/qa3/terminal-api/terminalModuleStateService","path":"/qa3/outlet-pos-api/api/order/history"}

	at org.springframework.test.web.reactive.server.ExchangeResult.assertWithDiagnostics(ExchangeResult.java:200)
	at org.springframework.test.web.reactive.server.StatusAssertions.assertStatusAndReturn(StatusAssertions.java:227)
	at org.springframework.test.web.reactive.server.StatusAssertions.isOk(StatusAssertions.java:67)
	at cool.fountain.online.web.test.order.TestHistoryTestNg.history(TestHistoryTestNg.java:91)
	at cool.fountain.online.web.test.order.TestHistoryTestNg.testOrderHistoryLoad(TestHistoryTestNg.java:77)
	at sun.reflect.GeneratedMethodAccessor55.invoke(Unknown Source)
	at sun.reflect.DelegatingMethodAccessorImpl.invoke(DelegatingMethodAccessorImpl.java:43)
	at java.lang.reflect.Method.invoke(Method.java:498)
	at org.testng.internal.MethodInvocationHelper.invokeMethod(MethodInvocationHelper.java:80)
	at org.testng.internal.MethodInvocationHelper$1.runTestMethod(MethodInvocationHelper.java:182)
	at org.springframework.test.context.testng.AbstractTestNGSpringContextTests.run(AbstractTestNGSpringContextTests.java:180)
	at sun.reflect.GeneratedMethodAccessor46.invoke(Unknown Source)
	at sun.reflect.DelegatingMethodAccessorImpl.invoke(DelegatingMethodAccessorImpl.java:43)
	at java.lang.reflect.Method.invoke(Method.java:498)
	at org.testng.internal.MethodInvocationHelper.invokeHookable(MethodInvocationHelper.java:194)
	at org.testng.internal.Invoker.invokeMethod(Invoker.java:707)
	at org.testng.internal.Invoker.invokeTestMethod(Invoker.java:901)
	at org.testng.internal.Invoker.invokeTestMethods(Invoker.java:1231)
	at org.testng.internal.TestMethodWorker.invokeTestMethods(TestMethodWorker.java:127)
	at org.testng.internal.TestMethodWorker.run(TestMethodWorker.java:111)
	at org.testng.internal.thread.ThreadUtil$2.call(ThreadUtil.java:64)
	at java.util.concurrent.FutureTask.run(FutureTask.java:266)
	at java.util.concurrent.ThreadPoolExecutor.runWorker(ThreadPoolExecutor.java:1149)
	at java.util.concurrent.ThreadPoolExecutor$Worker.run(ThreadPoolExecutor.java:624)
	at java.lang.Thread.run(Thread.java:748)
Caused by: java.lang.AssertionError: Status expected:<200 OK> but was:<500 INTERNAL_SERVER_ERROR>
	at org.springframework.test.util.AssertionErrors.fail(AssertionErrors.java:55)
	at org.springframework.test.util.AssertionErrors.assertEquals(AssertionErrors.java:82)
	at org.springframework.test.web.reactive.server.StatusAssertions.lambda$assertStatusAndReturn$4(StatusAssertions.java:227)
	at org.springframework.test.web.reactive.server.ExchangeResult.assertWithDiagnostics(ExchangeResult.java:197)
	... 24 more
]]>
    </error>
  </testcase> <!-- testOrderHistoryLoad -->
  <testcase name="testOrderHistoryLoad" time="0.133" classname="cool.fountain.online.web.test.order.TestHistoryTestNg"/>
  <testcase name="testOrderHistoryLoad" time="0.134" classname="cool.fountain.online.web.test.order.TestHistoryTestNg"/>
  <testcase name="testOrderHistoryLoad" time="1.571" classname="cool.fountain.online.web.test.order.TestHistoryTestNg"/>
  <testcase name="testOrderHistoryLoad" time="0.186" classname="cool.fountain.online.web.test.order.TestHistoryTestNg"/>
  <testcase name="testOrderHistoryLoad" time="0.484" classname="cool.fountain.online.web.test.order.TestHistoryTestNg"/>
  <testcase name="testOrderHistoryLoad" time="0.148" classname="cool.fountain.online.web.test.order.TestHistoryTestNg"/>
  <testcase name="testOrderHistoryLoad" time="0.149" classname="cool.fountain.online.web.test.order.TestHistoryTestNg"/>
  <testcase name="testOrderHistoryLoad" time="0.130" classname="cool.fountain.online.web.test.order.TestHistoryTestNg"/>
  <testcase name="testOrderHistoryLoad" time="0.105" classname="cool.fountain.online.web.test.order.TestHistoryTestNg"/>
  <testcase name="testOrderHistoryLoad" time="0.184" classname="cool.fountain.online.web.test.order.TestHistoryTestNg"/>
  <testcase name="testOrderHistoryLoad" time="0.145" classname="cool.fountain.online.web.test.order.TestHistoryTestNg"/>
  <testcase name="testOrderHistoryLoad" time="1.608" classname="cool.fountain.online.web.test.order.TestHistoryTestNg"/>
  <testcase name="testOrderHistoryLoad" time="0.116" classname="cool.fountain.online.web.test.order.TestHistoryTestNg"/>
  <testcase name="testOrderHistoryLoad" time="0.130" classname="cool.fountain.online.web.test.order.TestHistoryTestNg"/>
  <testcase name="testOrderHistoryLoad" time="0.179" classname="cool.fountain.online.web.test.order.TestHistoryTestNg"/>
  <testcase name="testOrderHistoryLoad" time="0.114" classname="cool.fountain.online.web.test.order.TestHistoryTestNg"/>
  <testcase name="testOrderHistoryLoad" time="0.101" classname="cool.fountain.online.web.test.order.TestHistoryTestNg"/>
  <testcase name="testOrderHistoryLoad" time="0.102" classname="cool.fountain.online.web.test.order.TestHistoryTestNg"/>
  <testcase name="testOrderHistoryLoad" time="0.520" classname="cool.fountain.online.web.test.order.TestHistoryTestNg"/>
  <testcase name="testOrderHistoryLoad" time="0.168" classname="cool.fountain.online.web.test.order.TestHistoryTestNg"/>
  <testcase name="testOrderHistoryLoad" time="0.168" classname="cool.fountain.online.web.test.order.TestHistoryTestNg"/>
  <testcase name="testOrderHistoryLoad" time="0.514" classname="cool.fountain.online.web.test.order.TestHistoryTestNg"/>
  <testcase name="testOrderHistoryLoad" time="0.137" classname="cool.fountain.online.web.test.order.TestHistoryTestNg"/>
  <testcase name="testOrderHistoryLoad" time="0.143" classname="cool.fountain.online.web.test.order.TestHistoryTestNg"/>
  <testcase name="testOrderHistoryLoad" time="0.202" classname="cool.fountain.online.web.test.order.TestHistoryTestNg"/>
  <testcase name="testOrderHistoryLoad" time="0.126" classname="cool.fountain.online.web.test.order.TestHistoryTestNg"/>
  <testcase name="testOrderHistoryLoad" time="0.134" classname="cool.fountain.online.web.test.order.TestHistoryTestNg"/>
  <testcase name="testOrderHistoryLoad" time="0.111" classname="cool.fountain.online.web.test.order.TestHistoryTestNg"/>
  <testcase name="testOrderHistoryLoad" time="0.132" classname="cool.fountain.online.web.test.order.TestHistoryTestNg"/>
  <testcase name="testOrderHistoryLoad" time="1.597" classname="cool.fountain.online.web.test.order.TestHistoryTestNg"/>
  <testcase name="testOrderHistoryLoad" time="0.118" classname="cool.fountain.online.web.test.order.TestHistoryTestNg"/>
  <testcase name="testOrderHistoryLoad" time="0.154" classname="cool.fountain.online.web.test.order.TestHistoryTestNg"/>
  <testcase name="testOrderHistoryLoad" time="0.138" classname="cool.fountain.online.web.test.order.TestHistoryTestNg"/>
  <testcase name="testOrderHistoryLoad" time="0.158" classname="cool.fountain.online.web.test.order.TestHistoryTestNg"/>
  <testcase name="testOrderHistoryLoad" time="0.137" classname="cool.fountain.online.web.test.order.TestHistoryTestNg"/>
  <testcase name="testOrderHistoryLoad" time="0.114" classname="cool.fountain.online.web.test.order.TestHistoryTestNg"/>
  <testcase name="testOrderHistoryLoad" time="1.621" classname="cool.fountain.online.web.test.order.TestHistoryTestNg"/>
  <testcase name="testOrderHistoryLoad" time="0.106" classname="cool.fountain.online.web.test.order.TestHistoryTestNg"/>
  <testcase name="testOrderHistoryLoad" time="0.115" classname="cool.fountain.online.web.test.order.TestHistoryTestNg"/>
  <testcase name="testOrderHistoryLoad" time="1.618" classname="cool.fountain.online.web.test.order.TestHistoryTestNg"/>
  <testcase name="testOrderHistoryLoad" time="0.112" classname="cool.fountain.online.web.test.order.TestHistoryTestNg"/>
  <testcase name="testOrderHistoryLoad" time="0.143" classname="cool.fountain.online.web.test.order.TestHistoryTestNg"/>
  <testcase name="testOrderHistoryLoad" time="0.475" classname="cool.fountain.online.web.test.order.TestHistoryTestNg"/>
  <testcase name="testOrderHistoryLoad" time="0.179" classname="cool.fountain.online.web.test.order.TestHistoryTestNg"/>
  <testcase name="testOrderHistoryLoad" time="0.118" classname="cool.fountain.online.web.test.order.TestHistoryTestNg"/>
  <testcase name="testOrderHistoryLoad" time="0.157" classname="cool.fountain.online.web.test.order.TestHistoryTestNg"/>
  <testcase name="testOrderHistoryLoad" time="0.134" classname="cool.fountain.online.web.test.order.TestHistoryTestNg"/>
  <testcase name="testOrderHistoryLoad" time="0.144" classname="cool.fountain.online.web.test.order.TestHistoryTestNg"/>
  <testcase name="testOrderHistoryLoad" time="0.513" classname="cool.fountain.online.web.test.order.TestHistoryTestNg"/>
  <testcase name="testOrderHistoryLoad" time="0.106" classname="cool.fountain.online.web.test.order.TestHistoryTestNg"/>
  <testcase name="testOrderHistoryLoad" time="0.106" classname="cool.fountain.online.web.test.order.TestHistoryTestNg"/>
  <testcase name="testOrderHistoryLoad" time="0.107" classname="cool.fountain.online.web.test.order.TestHistoryTestNg"/>
  <testcase name="testOrderHistoryLoad" time="0.113" classname="cool.fountain.online.web.test.order.TestHistoryTestNg"/>
  <testcase name="testOrderHistoryLoad" time="1.593" classname="cool.fountain.online.web.test.order.TestHistoryTestNg"/>
  <testcase name="testOrderHistoryLoad" time="0.105" classname="cool.fountain.online.web.test.order.TestHistoryTestNg"/>
  <testcase name="testOrderHistoryLoad" time="0.171" classname="cool.fountain.online.web.test.order.TestHistoryTestNg"/>
  <testcase name="testOrderHistoryLoad" time="0.105" classname="cool.fountain.online.web.test.order.TestHistoryTestNg"/>
  <testcase name="testOrderHistoryLoad" time="0.491" classname="cool.fountain.online.web.test.order.TestHistoryTestNg"/>
  <testcase name="testOrderHistoryLoad" time="0.107" classname="cool.fountain.online.web.test.order.TestHistoryTestNg"/>
  <testcase name="testOrderHistoryLoad" time="0.120" classname="cool.fountain.online.web.test.order.TestHistoryTestNg"/>
  <testcase name="testOrderHistoryLoad" time="0.166" classname="cool.fountain.online.web.test.order.TestHistoryTestNg"/>
  <testcase name="testOrderHistoryLoad" time="0.137" classname="cool.fountain.online.web.test.order.TestHistoryTestNg"/>
  <testcase name="testOrderHistoryLoad" time="0.134" classname="cool.fountain.online.web.test.order.TestHistoryTestNg"/>
  <testcase name="testOrderHistoryLoad" time="0.096" classname="cool.fountain.online.web.test.order.TestHistoryTestNg"/>
  <testcase name="testOrderHistoryLoad" time="0.182" classname="cool.fountain.online.web.test.order.TestHistoryTestNg"/>
  <testcase name="testOrderHistoryLoad" time="0.134" classname="cool.fountain.online.web.test.order.TestHistoryTestNg"/>
  <testcase name="testOrderHistoryLoad" time="1.621" classname="cool.fountain.online.web.test.order.TestHistoryTestNg"/>
  <testcase name="testOrderHistoryLoad" time="0.133" classname="cool.fountain.online.web.test.order.TestHistoryTestNg"/>
  <testcase name="testOrderHistoryLoad" time="0.170" classname="cool.fountain.online.web.test.order.TestHistoryTestNg"/>
  <testcase name="testOrderHistoryLoad" time="1.579" classname="cool.fountain.online.web.test.order.TestHistoryTestNg"/>
  <testcase name="testOrderHistoryLoad" time="0.149" classname="cool.fountain.online.web.test.order.TestHistoryTestNg"/>
  <testcase name="testOrderHistoryLoad" time="0.114" classname="cool.fountain.online.web.test.order.TestHistoryTestNg"/>
  <testcase name="testOrderHistoryLoad" time="0.118" classname="cool.fountain.online.web.test.order.TestHistoryTestNg"/>
  <testcase name="testOrderHistoryLoad" time="0.163" classname="cool.fountain.online.web.test.order.TestHistoryTestNg"/>
  <testcase name="testOrderHistoryLoad" time="0.121" classname="cool.fountain.online.web.test.order.TestHistoryTestNg"/>
  <testcase name="testOrderHistoryLoad" time="1.629" classname="cool.fountain.online.web.test.order.TestHistoryTestNg"/>
  <testcase name="testOrderHistoryLoad" time="0.178" classname="cool.fountain.online.web.test.order.TestHistoryTestNg"/>
  <testcase name="testOrderHistoryLoad" time="0.444" classname="cool.fountain.online.web.test.order.TestHistoryTestNg"/>
  <testcase name="testOrderHistoryLoad" time="0.434" classname="cool.fountain.online.web.test.order.TestHistoryTestNg"/>
  <testcase name="testOrderHistoryLoad" time="0.183" classname="cool.fountain.online.web.test.order.TestHistoryTestNg"/>
  <testcase name="testOrderHistoryLoad" time="0.431" classname="cool.fountain.online.web.test.order.TestHistoryTestNg"/>
  <testcase name="testOrderHistoryLoad" time="0.124" classname="cool.fountain.online.web.test.order.TestHistoryTestNg"/>
  <testcase name="testOrderHistoryLoad" time="0.143" classname="cool.fountain.online.web.test.order.TestHistoryTestNg"/>
  <testcase name="testOrderHistoryLoad" time="0.123" classname="cool.fountain.online.web.test.order.TestHistoryTestNg"/>
  <testcase name="testHistory" time="0.134" classname="cool.fountain.online.web.test.order.TestHistoryTestNg"/>
  <testcase name="testOrderHistoryLoad" time="0.135" classname="cool.fountain.online.web.test.order.TestHistoryTestNg"/>
  <testcase name="testOrderHistoryLoad" time="0.138" classname="cool.fountain.online.web.test.order.TestHistoryTestNg"/>
  <testcase name="testOrderHistoryLoad" time="0.141" classname="cool.fountain.online.web.test.order.TestHistoryTestNg"/>
  <testcase name="testOrderHistoryLoad" time="0.191" classname="cool.fountain.online.web.test.order.TestHistoryTestNg"/>
  <testcase name="testOrderHistoryLoad" time="0.127" classname="cool.fountain.online.web.test.order.TestHistoryTestNg"/>
  <testcase name="testOrderHistoryLoad" time="0.175" classname="cool.fountain.online.web.test.order.TestHistoryTestNg"/>
  <testcase name="testOrderHistoryLoad" time="0.120" classname="cool.fountain.online.web.test.order.TestHistoryTestNg"/>
  <testcase name="testOrderHistoryLoad" time="0.127" classname="cool.fountain.online.web.test.order.TestHistoryTestNg"/>
  <testcase name="testOrderHistoryLoad" time="0.142" classname="cool.fountain.online.web.test.order.TestHistoryTestNg"/>
  <testcase name="testOrderHistoryLoad" time="0.186" classname="cool.fountain.online.web.test.order.TestHistoryTestNg"/>
  <testcase name="testOrderHistoryLoad" time="1.632" classname="cool.fountain.online.web.test.order.TestHistoryTestNg"/>
  <testcase name="testOrderHistoryLoad" time="0.111" classname="cool.fountain.online.web.test.order.TestHistoryTestNg"/>
</testsuite> <!-- cool.fountain.online.web.test.order.TestHistoryTestNg -->
