<?xml version="1.0" encoding="UTF-8"?>
<!-- Generated by org.testng.reporters.JUnitReportReporter -->
<testsuite hostname="Chaipoints-MacBook-Air.local" name="cool.fountain.online.web.test.catalogue.master.TestGetProductCatalogueApiTestNg" tests="101" failures="0" timestamp="8 Jan 2020 10:38:16 GMT" time="66.150" errors="1">
  <testcase name="testGetProductCatalogueLoad" time="0.621" classname="cool.fountain.online.web.test.catalogue.master.TestGetProductCatalogueApiTestNg"/>
  <testcase name="testGetProductCatalogueLoad" time="0.769" classname="cool.fountain.online.web.test.catalogue.master.TestGetProductCatalogueApiTestNg"/>
  <testcase name="testGetProductCatalogueLoad" time="0.665" classname="cool.fountain.online.web.test.catalogue.master.TestGetProductCatalogueApiTestNg"/>
  <testcase name="testGetProductCatalogueLoad" time="0.493" classname="cool.fountain.online.web.test.catalogue.master.TestGetProductCatalogueApiTestNg"/>
  <testcase name="testGetProductCatalogueLoad" time="0.466" classname="cool.fountain.online.web.test.catalogue.master.TestGetProductCatalogueApiTestNg"/>
  <testcase name="testGetProductCatalogueLoad" time="0.413" classname="cool.fountain.online.web.test.catalogue.master.TestGetProductCatalogueApiTestNg"/>
  <testcase name="testGetProductCatalogueLoad" time="1.011" classname="cool.fountain.online.web.test.catalogue.master.TestGetProductCatalogueApiTestNg"/>
  <testcase name="testGetProductCatalogueLoad" time="0.589" classname="cool.fountain.online.web.test.catalogue.master.TestGetProductCatalogueApiTestNg"/>
  <testcase name="testGetProductCatalogueLoad" time="0.518" classname="cool.fountain.online.web.test.catalogue.master.TestGetProductCatalogueApiTestNg"/>
  <testcase name="testGetProductCatalogueLoad" time="0.712" classname="cool.fountain.online.web.test.catalogue.master.TestGetProductCatalogueApiTestNg"/>
  <testcase name="testGetProductCatalogueLoad" time="0.835" classname="cool.fountain.online.web.test.catalogue.master.TestGetProductCatalogueApiTestNg"/>
  <testcase name="testGetProductCatalogueLoad" time="0.513" classname="cool.fountain.online.web.test.catalogue.master.TestGetProductCatalogueApiTestNg"/>
  <testcase name="testGetProductCatalogueLoad" time="0.613" classname="cool.fountain.online.web.test.catalogue.master.TestGetProductCatalogueApiTestNg"/>
  <testcase name="testGetProductCatalogueLoad" time="0.609" classname="cool.fountain.online.web.test.catalogue.master.TestGetProductCatalogueApiTestNg"/>
  <testcase name="testGetProductCatalogueLoad" time="0.683" classname="cool.fountain.online.web.test.catalogue.master.TestGetProductCatalogueApiTestNg"/>
  <testcase name="testGetProductCatalogueLoad" time="0.912" classname="cool.fountain.online.web.test.catalogue.master.TestGetProductCatalogueApiTestNg"/>
  <testcase name="testGetProductCatalogueLoad" time="0.840" classname="cool.fountain.online.web.test.catalogue.master.TestGetProductCatalogueApiTestNg"/>
  <testcase name="testGetProductCatalogueLoad" time="0.516" classname="cool.fountain.online.web.test.catalogue.master.TestGetProductCatalogueApiTestNg"/>
  <testcase name="testGetProductCatalogueLoad" time="0.532" classname="cool.fountain.online.web.test.catalogue.master.TestGetProductCatalogueApiTestNg"/>
  <testcase name="testGetProductCatalogueLoad" time="0.679" classname="cool.fountain.online.web.test.catalogue.master.TestGetProductCatalogueApiTestNg"/>
  <testcase name="testGetProductCatalogueLoad" time="0.708" classname="cool.fountain.online.web.test.catalogue.master.TestGetProductCatalogueApiTestNg"/>
  <testcase name="testGetProductCatalogueLoad" time="0.541" classname="cool.fountain.online.web.test.catalogue.master.TestGetProductCatalogueApiTestNg"/>
  <testcase name="testGetProductCatalogueLoad" time="0.924" classname="cool.fountain.online.web.test.catalogue.master.TestGetProductCatalogueApiTestNg"/>
  <testcase name="testGetProductCatalogueLoad" time="0.446" classname="cool.fountain.online.web.test.catalogue.master.TestGetProductCatalogueApiTestNg"/>
  <testcase name="testGetProductCatalogueLoad" time="0.527" classname="cool.fountain.online.web.test.catalogue.master.TestGetProductCatalogueApiTestNg"/>
  <testcase name="testGetProductCatalogueLoad" time="0.639" classname="cool.fountain.online.web.test.catalogue.master.TestGetProductCatalogueApiTestNg"/>
  <testcase name="testGetProductCatalogueLoad" time="0.747" classname="cool.fountain.online.web.test.catalogue.master.TestGetProductCatalogueApiTestNg"/>
  <testcase name="testGetProductCatalogueLoad" time="0.354" classname="cool.fountain.online.web.test.catalogue.master.TestGetProductCatalogueApiTestNg"/>
  <testcase name="testGetProductCatalogueLoad" time="0.661" classname="cool.fountain.online.web.test.catalogue.master.TestGetProductCatalogueApiTestNg"/>
  <testcase name="testGetProductCatalogueLoad" time="0.627" classname="cool.fountain.online.web.test.catalogue.master.TestGetProductCatalogueApiTestNg"/>
  <testcase name="testGetProductCatalogueLoad" time="0.659" classname="cool.fountain.online.web.test.catalogue.master.TestGetProductCatalogueApiTestNg"/>
  <testcase name="testGetProductCatalogueLoad" time="0.686" classname="cool.fountain.online.web.test.catalogue.master.TestGetProductCatalogueApiTestNg"/>
  <testcase name="testGetProductCatalogueLoad" time="0.529" classname="cool.fountain.online.web.test.catalogue.master.TestGetProductCatalogueApiTestNg"/>
  <testcase name="testGetProductCatalogueLoad" time="0.453" classname="cool.fountain.online.web.test.catalogue.master.TestGetProductCatalogueApiTestNg"/>
  <testcase name="testGetProductCatalogueLoad" time="0.557" classname="cool.fountain.online.web.test.catalogue.master.TestGetProductCatalogueApiTestNg"/>
  <testcase name="testGetProductCatalogueLoad" time="0.607" classname="cool.fountain.online.web.test.catalogue.master.TestGetProductCatalogueApiTestNg"/>
  <testcase name="testGetProductCatalogueLoad" time="0.566" classname="cool.fountain.online.web.test.catalogue.master.TestGetProductCatalogueApiTestNg"/>
  <testcase name="testGetProductCatalogueLoad" time="0.563" classname="cool.fountain.online.web.test.catalogue.master.TestGetProductCatalogueApiTestNg"/>
  <testcase name="testGetProductCatalogueLoad" time="0.682" classname="cool.fountain.online.web.test.catalogue.master.TestGetProductCatalogueApiTestNg"/>
  <testcase name="testGetProductCatalogueLoad" time="0.768" classname="cool.fountain.online.web.test.catalogue.master.TestGetProductCatalogueApiTestNg"/>
  <testcase name="testGetProductCatalogueLoad" time="0.643" classname="cool.fountain.online.web.test.catalogue.master.TestGetProductCatalogueApiTestNg"/>
  <testcase name="testGetProductCatalogueLoad" time="0.563" classname="cool.fountain.online.web.test.catalogue.master.TestGetProductCatalogueApiTestNg"/>
  <testcase name="testGetProductCatalogueLoad" time="0.671" classname="cool.fountain.online.web.test.catalogue.master.TestGetProductCatalogueApiTestNg"/>
  <testcase name="testGetProductCatalogueLoad" time="0.617" classname="cool.fountain.online.web.test.catalogue.master.TestGetProductCatalogueApiTestNg"/>
  <testcase name="testGetProductCatalogueLoad" time="0.701" classname="cool.fountain.online.web.test.catalogue.master.TestGetProductCatalogueApiTestNg"/>
  <testcase name="testGetProductCatalogueLoad" time="0.612" classname="cool.fountain.online.web.test.catalogue.master.TestGetProductCatalogueApiTestNg"/>
  <testcase name="testGetProductCatalogueLoad" time="0.512" classname="cool.fountain.online.web.test.catalogue.master.TestGetProductCatalogueApiTestNg"/>
  <testcase name="testGetProductCatalogueLoad" time="0.469" classname="cool.fountain.online.web.test.catalogue.master.TestGetProductCatalogueApiTestNg"/>
  <testcase name="testGetProductCatalogueLoad" time="0.732" classname="cool.fountain.online.web.test.catalogue.master.TestGetProductCatalogueApiTestNg"/>
  <testcase name="testGetProductCatalogueLoad" time="0.681" classname="cool.fountain.online.web.test.catalogue.master.TestGetProductCatalogueApiTestNg"/>
  <testcase name="testGetProductCatalogueLoad" time="0.666" classname="cool.fountain.online.web.test.catalogue.master.TestGetProductCatalogueApiTestNg"/>
  <testcase name="testGetProductCatalogue" time="0.967" classname="cool.fountain.online.web.test.catalogue.master.TestGetProductCatalogueApiTestNg">
    <error type="java.lang.AssertionError" message="expected [true] but found [false]">
      <![CDATA[java.lang.AssertionError: expected [true] but found [false]
	at org.testng.Assert.fail(Assert.java:94)
	at org.testng.Assert.failNotEquals(Assert.java:494)
	at org.testng.Assert.assertTrue(Assert.java:42)
	at org.testng.Assert.assertTrue(Assert.java:52)
	at cool.fountain.online.web.test.catalogue.master.TestGetProductCatalogueApiTestNg.testGetProductCatalogue(TestGetProductCatalogueApiTestNg.java:87)
	at sun.reflect.NativeMethodAccessorImpl.invoke0(Native Method)
	at sun.reflect.NativeMethodAccessorImpl.invoke(NativeMethodAccessorImpl.java:62)
	at sun.reflect.DelegatingMethodAccessorImpl.invoke(DelegatingMethodAccessorImpl.java:43)
	at java.lang.reflect.Method.invoke(Method.java:498)
	at org.testng.internal.MethodInvocationHelper.invokeMethod(MethodInvocationHelper.java:80)
	at org.testng.internal.MethodInvocationHelper$1.runTestMethod(MethodInvocationHelper.java:182)
	at org.springframework.test.context.testng.AbstractTestNGSpringContextTests.run(AbstractTestNGSpringContextTests.java:180)
	at sun.reflect.NativeMethodAccessorImpl.invoke0(Native Method)
	at sun.reflect.NativeMethodAccessorImpl.invoke(NativeMethodAccessorImpl.java:62)
	at sun.reflect.DelegatingMethodAccessorImpl.invoke(DelegatingMethodAccessorImpl.java:43)
	at java.lang.reflect.Method.invoke(Method.java:498)
	at org.testng.internal.MethodInvocationHelper.invokeHookable(MethodInvocationHelper.java:194)
	at org.testng.internal.Invoker.invokeMethod(Invoker.java:707)
	at org.testng.internal.Invoker.invokeTestMethod(Invoker.java:901)
	at org.testng.internal.Invoker.invokeTestMethods(Invoker.java:1231)
	at org.testng.internal.TestMethodWorker.invokeTestMethods(TestMethodWorker.java:127)
	at org.testng.internal.TestMethodWorker.run(TestMethodWorker.java:111)
	at org.testng.TestRunner.privateRun(TestRunner.java:767)
	at org.testng.TestRunner.run(TestRunner.java:617)
	at org.testng.SuiteRunner.runTest(SuiteRunner.java:334)
	at org.testng.SuiteRunner.runSequentially(SuiteRunner.java:329)
	at org.testng.SuiteRunner.privateRun(SuiteRunner.java:291)
	at org.testng.SuiteRunner.run(SuiteRunner.java:240)
	at org.testng.SuiteRunnerWorker.runSuite(SuiteRunnerWorker.java:52)
	at org.testng.SuiteRunnerWorker.run(SuiteRunnerWorker.java:86)
	at org.testng.TestNG.runSuitesSequentially(TestNG.java:1198)
	at org.testng.TestNG.runSuitesSequentially(TestNG.java:1194)
	at org.testng.TestNG.runSuitesLocally(TestNG.java:1123)
	at org.testng.TestNG.run(TestNG.java:1031)
	at org.apache.maven.surefire.testng.TestNGExecutor.run(TestNGExecutor.java:283)
	at org.apache.maven.surefire.testng.TestNGXmlTestSuite.execute(TestNGXmlTestSuite.java:75)
	at org.apache.maven.surefire.testng.TestNGProvider.invoke(TestNGProvider.java:120)
	at org.apache.maven.surefire.booter.ForkedBooter.invokeProviderInSameClassLoader(ForkedBooter.java:384)
	at org.apache.maven.surefire.booter.ForkedBooter.runSuitesInProcess(ForkedBooter.java:345)
	at org.apache.maven.surefire.booter.ForkedBooter.execute(ForkedBooter.java:126)
	at org.apache.maven.surefire.booter.ForkedBooter.main(ForkedBooter.java:418)
]]>
    </error>
  </testcase> <!-- testGetProductCatalogue -->
  <testcase name="testGetProductCatalogueLoad" time="0.691" classname="cool.fountain.online.web.test.catalogue.master.TestGetProductCatalogueApiTestNg"/>
  <testcase name="testGetProductCatalogueLoad" time="0.616" classname="cool.fountain.online.web.test.catalogue.master.TestGetProductCatalogueApiTestNg"/>
  <testcase name="testGetProductCatalogueLoad" time="0.548" classname="cool.fountain.online.web.test.catalogue.master.TestGetProductCatalogueApiTestNg"/>
  <testcase name="testGetProductCatalogueLoad" time="0.500" classname="cool.fountain.online.web.test.catalogue.master.TestGetProductCatalogueApiTestNg"/>
  <testcase name="testGetProductCatalogueLoad" time="0.947" classname="cool.fountain.online.web.test.catalogue.master.TestGetProductCatalogueApiTestNg"/>
  <testcase name="testGetProductCatalogueLoad" time="0.611" classname="cool.fountain.online.web.test.catalogue.master.TestGetProductCatalogueApiTestNg"/>
  <testcase name="testGetProductCatalogueLoad" time="0.543" classname="cool.fountain.online.web.test.catalogue.master.TestGetProductCatalogueApiTestNg"/>
  <testcase name="testGetProductCatalogueLoad" time="0.687" classname="cool.fountain.online.web.test.catalogue.master.TestGetProductCatalogueApiTestNg"/>
  <testcase name="testGetProductCatalogueLoad" time="0.550" classname="cool.fountain.online.web.test.catalogue.master.TestGetProductCatalogueApiTestNg"/>
  <testcase name="testGetProductCatalogueLoad" time="0.857" classname="cool.fountain.online.web.test.catalogue.master.TestGetProductCatalogueApiTestNg"/>
  <testcase name="testGetProductCatalogueLoad" time="0.601" classname="cool.fountain.online.web.test.catalogue.master.TestGetProductCatalogueApiTestNg"/>
  <testcase name="testGetProductCatalogueLoad" time="0.424" classname="cool.fountain.online.web.test.catalogue.master.TestGetProductCatalogueApiTestNg"/>
  <testcase name="testGetProductCatalogueLoad" time="0.600" classname="cool.fountain.online.web.test.catalogue.master.TestGetProductCatalogueApiTestNg"/>
  <testcase name="testGetProductCatalogueLoad" time="0.671" classname="cool.fountain.online.web.test.catalogue.master.TestGetProductCatalogueApiTestNg"/>
  <testcase name="testGetProductCatalogueLoad" time="0.644" classname="cool.fountain.online.web.test.catalogue.master.TestGetProductCatalogueApiTestNg"/>
  <testcase name="testGetProductCatalogueLoad" time="0.790" classname="cool.fountain.online.web.test.catalogue.master.TestGetProductCatalogueApiTestNg"/>
  <testcase name="testGetProductCatalogueLoad" time="0.670" classname="cool.fountain.online.web.test.catalogue.master.TestGetProductCatalogueApiTestNg"/>
  <testcase name="testGetProductCatalogueLoad" time="0.758" classname="cool.fountain.online.web.test.catalogue.master.TestGetProductCatalogueApiTestNg"/>
  <testcase name="testGetProductCatalogueLoad" time="0.573" classname="cool.fountain.online.web.test.catalogue.master.TestGetProductCatalogueApiTestNg"/>
  <testcase name="testGetProductCatalogueLoad" time="0.945" classname="cool.fountain.online.web.test.catalogue.master.TestGetProductCatalogueApiTestNg"/>
  <testcase name="testGetProductCatalogueLoad" time="0.734" classname="cool.fountain.online.web.test.catalogue.master.TestGetProductCatalogueApiTestNg"/>
  <testcase name="testGetProductCatalogueLoad" time="0.542" classname="cool.fountain.online.web.test.catalogue.master.TestGetProductCatalogueApiTestNg"/>
  <testcase name="testGetProductCatalogueLoad" time="0.635" classname="cool.fountain.online.web.test.catalogue.master.TestGetProductCatalogueApiTestNg"/>
  <testcase name="testGetProductCatalogueLoad" time="0.827" classname="cool.fountain.online.web.test.catalogue.master.TestGetProductCatalogueApiTestNg"/>
  <testcase name="testGetProductCatalogueLoad" time="0.712" classname="cool.fountain.online.web.test.catalogue.master.TestGetProductCatalogueApiTestNg"/>
  <testcase name="testGetProductCatalogueLoad" time="0.727" classname="cool.fountain.online.web.test.catalogue.master.TestGetProductCatalogueApiTestNg"/>
  <testcase name="testGetProductCatalogueLoad" time="0.682" classname="cool.fountain.online.web.test.catalogue.master.TestGetProductCatalogueApiTestNg"/>
  <testcase name="testGetProductCatalogueLoad" time="0.925" classname="cool.fountain.online.web.test.catalogue.master.TestGetProductCatalogueApiTestNg"/>
  <testcase name="testGetProductCatalogueLoad" time="0.808" classname="cool.fountain.online.web.test.catalogue.master.TestGetProductCatalogueApiTestNg"/>
  <testcase name="testGetProductCatalogueLoad" time="0.671" classname="cool.fountain.online.web.test.catalogue.master.TestGetProductCatalogueApiTestNg"/>
  <testcase name="testGetProductCatalogueLoad" time="0.485" classname="cool.fountain.online.web.test.catalogue.master.TestGetProductCatalogueApiTestNg"/>
  <testcase name="testGetProductCatalogueLoad" time="0.504" classname="cool.fountain.online.web.test.catalogue.master.TestGetProductCatalogueApiTestNg"/>
  <testcase name="testGetProductCatalogueLoad" time="0.895" classname="cool.fountain.online.web.test.catalogue.master.TestGetProductCatalogueApiTestNg"/>
  <testcase name="testGetProductCatalogueLoad" time="0.987" classname="cool.fountain.online.web.test.catalogue.master.TestGetProductCatalogueApiTestNg"/>
  <testcase name="testGetProductCatalogueLoad" time="0.671" classname="cool.fountain.online.web.test.catalogue.master.TestGetProductCatalogueApiTestNg"/>
  <testcase name="testGetProductCatalogueLoad" time="0.547" classname="cool.fountain.online.web.test.catalogue.master.TestGetProductCatalogueApiTestNg"/>
  <testcase name="testGetProductCatalogueLoad" time="0.758" classname="cool.fountain.online.web.test.catalogue.master.TestGetProductCatalogueApiTestNg"/>
  <testcase name="testGetProductCatalogueLoad" time="0.542" classname="cool.fountain.online.web.test.catalogue.master.TestGetProductCatalogueApiTestNg"/>
  <testcase name="testGetProductCatalogueLoad" time="0.635" classname="cool.fountain.online.web.test.catalogue.master.TestGetProductCatalogueApiTestNg"/>
  <testcase name="testGetProductCatalogueLoad" time="0.640" classname="cool.fountain.online.web.test.catalogue.master.TestGetProductCatalogueApiTestNg"/>
  <testcase name="testGetProductCatalogueLoad" time="0.718" classname="cool.fountain.online.web.test.catalogue.master.TestGetProductCatalogueApiTestNg"/>
  <testcase name="testGetProductCatalogueLoad" time="0.547" classname="cool.fountain.online.web.test.catalogue.master.TestGetProductCatalogueApiTestNg"/>
  <testcase name="testGetProductCatalogueLoad" time="0.776" classname="cool.fountain.online.web.test.catalogue.master.TestGetProductCatalogueApiTestNg"/>
  <testcase name="testGetProductCatalogueLoad" time="0.483" classname="cool.fountain.online.web.test.catalogue.master.TestGetProductCatalogueApiTestNg"/>
  <testcase name="testGetProductCatalogueLoad" time="0.712" classname="cool.fountain.online.web.test.catalogue.master.TestGetProductCatalogueApiTestNg"/>
  <testcase name="testGetProductCatalogueLoad" time="0.643" classname="cool.fountain.online.web.test.catalogue.master.TestGetProductCatalogueApiTestNg"/>
  <testcase name="testGetProductCatalogueLoad" time="0.634" classname="cool.fountain.online.web.test.catalogue.master.TestGetProductCatalogueApiTestNg"/>
  <testcase name="testGetProductCatalogueLoad" time="0.471" classname="cool.fountain.online.web.test.catalogue.master.TestGetProductCatalogueApiTestNg"/>
  <testcase name="testGetProductCatalogueLoad" time="0.946" classname="cool.fountain.online.web.test.catalogue.master.TestGetProductCatalogueApiTestNg"/>
</testsuite> <!-- cool.fountain.online.web.test.catalogue.master.TestGetProductCatalogueApiTestNg -->
