<?xml version="1.0" encoding="UTF-8"?>
<!-- Generated by org.testng.reporters.JUnitReportReporter -->
<testsuite hostname="Chaipoints-MacBook-Air.local" name="cool.fountain.online.web.test.event.master.TestPostEventstestNg" tests="101" failures="0" timestamp="8 Jan 2020 10:38:06 GMT" time="12.469" errors="0">
  <testcase name="testpostEventsLoad" time="0.113" classname="cool.fountain.online.web.test.event.master.TestPostEventstestNg"/>
  <testcase name="testpostEventsLoad" time="0.099" classname="cool.fountain.online.web.test.event.master.TestPostEventstestNg"/>
  <testcase name="testpostEventsLoad" time="0.104" classname="cool.fountain.online.web.test.event.master.TestPostEventstestNg"/>
  <testcase name="testpostEventsLoad" time="0.142" classname="cool.fountain.online.web.test.event.master.TestPostEventstestNg"/>
  <testcase name="testpostEventsLoad" time="0.108" classname="cool.fountain.online.web.test.event.master.TestPostEventstestNg"/>
  <testcase name="testpostEventsLoad" time="0.113" classname="cool.fountain.online.web.test.event.master.TestPostEventstestNg"/>
  <testcase name="testpostEventsLoad" time="0.128" classname="cool.fountain.online.web.test.event.master.TestPostEventstestNg"/>
  <testcase name="testpostEventsLoad" time="0.113" classname="cool.fountain.online.web.test.event.master.TestPostEventstestNg"/>
  <testcase name="testpostEventsLoad" time="0.109" classname="cool.fountain.online.web.test.event.master.TestPostEventstestNg"/>
  <testcase name="testpostEventsLoad" time="0.100" classname="cool.fountain.online.web.test.event.master.TestPostEventstestNg"/>
  <testcase name="testpostEventsLoad" time="0.096" classname="cool.fountain.online.web.test.event.master.TestPostEventstestNg"/>
  <testcase name="testpostEventsLoad" time="0.130" classname="cool.fountain.online.web.test.event.master.TestPostEventstestNg"/>
  <testcase name="testpostEventsLoad" time="0.098" classname="cool.fountain.online.web.test.event.master.TestPostEventstestNg"/>
  <testcase name="testpostEventsLoad" time="0.156" classname="cool.fountain.online.web.test.event.master.TestPostEventstestNg"/>
  <testcase name="testpostEventsLoad" time="0.107" classname="cool.fountain.online.web.test.event.master.TestPostEventstestNg"/>
  <testcase name="testpostEventsLoad" time="0.135" classname="cool.fountain.online.web.test.event.master.TestPostEventstestNg"/>
  <testcase name="testpostEventsLoad" time="0.140" classname="cool.fountain.online.web.test.event.master.TestPostEventstestNg"/>
  <testcase name="testpostEventsLoad" time="0.121" classname="cool.fountain.online.web.test.event.master.TestPostEventstestNg"/>
  <testcase name="testpostEventsLoad" time="0.103" classname="cool.fountain.online.web.test.event.master.TestPostEventstestNg"/>
  <testcase name="testpostEventsLoad" time="0.096" classname="cool.fountain.online.web.test.event.master.TestPostEventstestNg"/>
  <testcase name="testpostEventsLoad" time="0.107" classname="cool.fountain.online.web.test.event.master.TestPostEventstestNg"/>
  <testcase name="testpostEventsLoad" time="0.133" classname="cool.fountain.online.web.test.event.master.TestPostEventstestNg"/>
  <testcase name="testpostEventsLoad" time="0.153" classname="cool.fountain.online.web.test.event.master.TestPostEventstestNg"/>
  <testcase name="testpostEventsLoad" time="0.095" classname="cool.fountain.online.web.test.event.master.TestPostEventstestNg"/>
  <testcase name="testpostEventsLoad" time="0.103" classname="cool.fountain.online.web.test.event.master.TestPostEventstestNg"/>
  <testcase name="testpostEventsLoad" time="0.159" classname="cool.fountain.online.web.test.event.master.TestPostEventstestNg"/>
  <testcase name="testpostEventsLoad" time="0.176" classname="cool.fountain.online.web.test.event.master.TestPostEventstestNg"/>
  <testcase name="testpostEventsLoad" time="0.190" classname="cool.fountain.online.web.test.event.master.TestPostEventstestNg"/>
  <testcase name="testpostEventsLoad" time="0.097" classname="cool.fountain.online.web.test.event.master.TestPostEventstestNg"/>
  <testcase name="testpostEventsLoad" time="0.120" classname="cool.fountain.online.web.test.event.master.TestPostEventstestNg"/>
  <testcase name="testpostEventsLoad" time="0.126" classname="cool.fountain.online.web.test.event.master.TestPostEventstestNg"/>
  <testcase name="testpostEventsLoad" time="0.117" classname="cool.fountain.online.web.test.event.master.TestPostEventstestNg"/>
  <testcase name="testpostEventsLoad" time="0.158" classname="cool.fountain.online.web.test.event.master.TestPostEventstestNg"/>
  <testcase name="testpostEventsLoad" time="0.103" classname="cool.fountain.online.web.test.event.master.TestPostEventstestNg"/>
  <testcase name="testpostEventsLoad" time="0.174" classname="cool.fountain.online.web.test.event.master.TestPostEventstestNg"/>
  <testcase name="testpostEventsLoad" time="0.108" classname="cool.fountain.online.web.test.event.master.TestPostEventstestNg"/>
  <testcase name="testpostEventsLoad" time="0.115" classname="cool.fountain.online.web.test.event.master.TestPostEventstestNg"/>
  <testcase name="testpostEventsLoad" time="0.132" classname="cool.fountain.online.web.test.event.master.TestPostEventstestNg"/>
  <testcase name="testpostEventsLoad" time="0.113" classname="cool.fountain.online.web.test.event.master.TestPostEventstestNg"/>
  <testcase name="testpostEventsLoad" time="0.126" classname="cool.fountain.online.web.test.event.master.TestPostEventstestNg"/>
  <testcase name="testpostEventsLoad" time="0.196" classname="cool.fountain.online.web.test.event.master.TestPostEventstestNg"/>
  <testcase name="testpostEventsLoad" time="0.117" classname="cool.fountain.online.web.test.event.master.TestPostEventstestNg"/>
  <testcase name="testpostEventsLoad" time="0.148" classname="cool.fountain.online.web.test.event.master.TestPostEventstestNg"/>
  <testcase name="testpostEventsLoad" time="0.133" classname="cool.fountain.online.web.test.event.master.TestPostEventstestNg"/>
  <testcase name="testpostEventsLoad" time="0.105" classname="cool.fountain.online.web.test.event.master.TestPostEventstestNg"/>
  <testcase name="testpostEventsLoad" time="0.115" classname="cool.fountain.online.web.test.event.master.TestPostEventstestNg"/>
  <testcase name="testpostEventsLoad" time="0.112" classname="cool.fountain.online.web.test.event.master.TestPostEventstestNg"/>
  <testcase name="testpostEventsLoad" time="0.122" classname="cool.fountain.online.web.test.event.master.TestPostEventstestNg"/>
  <testcase name="testpostEventsLoad" time="0.109" classname="cool.fountain.online.web.test.event.master.TestPostEventstestNg"/>
  <testcase name="testpostEventsLoad" time="0.111" classname="cool.fountain.online.web.test.event.master.TestPostEventstestNg"/>
  <testcase name="testpostEventsLoad" time="0.133" classname="cool.fountain.online.web.test.event.master.TestPostEventstestNg"/>
  <testcase name="testpostEventsLoad" time="0.144" classname="cool.fountain.online.web.test.event.master.TestPostEventstestNg"/>
  <testcase name="testpostEventsLoad" time="0.097" classname="cool.fountain.online.web.test.event.master.TestPostEventstestNg"/>
  <testcase name="testpostEventsLoad" time="0.122" classname="cool.fountain.online.web.test.event.master.TestPostEventstestNg"/>
  <testcase name="testpostEventsLoad" time="0.159" classname="cool.fountain.online.web.test.event.master.TestPostEventstestNg"/>
  <testcase name="testpostEventsLoad" time="0.091" classname="cool.fountain.online.web.test.event.master.TestPostEventstestNg"/>
  <testcase name="testPostEvent" time="0.183" classname="cool.fountain.online.web.test.event.master.TestPostEventstestNg"/>
  <testcase name="testpostEventsLoad" time="0.116" classname="cool.fountain.online.web.test.event.master.TestPostEventstestNg"/>
  <testcase name="testpostEventsLoad" time="0.086" classname="cool.fountain.online.web.test.event.master.TestPostEventstestNg"/>
  <testcase name="testpostEventsLoad" time="0.094" classname="cool.fountain.online.web.test.event.master.TestPostEventstestNg"/>
  <testcase name="testpostEventsLoad" time="0.105" classname="cool.fountain.online.web.test.event.master.TestPostEventstestNg"/>
  <testcase name="testpostEventsLoad" time="0.164" classname="cool.fountain.online.web.test.event.master.TestPostEventstestNg"/>
  <testcase name="testpostEventsLoad" time="0.104" classname="cool.fountain.online.web.test.event.master.TestPostEventstestNg"/>
  <testcase name="testpostEventsLoad" time="0.099" classname="cool.fountain.online.web.test.event.master.TestPostEventstestNg"/>
  <testcase name="testpostEventsLoad" time="0.149" classname="cool.fountain.online.web.test.event.master.TestPostEventstestNg"/>
  <testcase name="testpostEventsLoad" time="0.180" classname="cool.fountain.online.web.test.event.master.TestPostEventstestNg"/>
  <testcase name="testpostEventsLoad" time="0.108" classname="cool.fountain.online.web.test.event.master.TestPostEventstestNg"/>
  <testcase name="testpostEventsLoad" time="0.174" classname="cool.fountain.online.web.test.event.master.TestPostEventstestNg"/>
  <testcase name="testpostEventsLoad" time="0.101" classname="cool.fountain.online.web.test.event.master.TestPostEventstestNg"/>
  <testcase name="testpostEventsLoad" time="0.151" classname="cool.fountain.online.web.test.event.master.TestPostEventstestNg"/>
  <testcase name="testpostEventsLoad" time="0.100" classname="cool.fountain.online.web.test.event.master.TestPostEventstestNg"/>
  <testcase name="testpostEventsLoad" time="0.163" classname="cool.fountain.online.web.test.event.master.TestPostEventstestNg"/>
  <testcase name="testpostEventsLoad" time="0.105" classname="cool.fountain.online.web.test.event.master.TestPostEventstestNg"/>
  <testcase name="testpostEventsLoad" time="0.151" classname="cool.fountain.online.web.test.event.master.TestPostEventstestNg"/>
  <testcase name="testpostEventsLoad" time="0.096" classname="cool.fountain.online.web.test.event.master.TestPostEventstestNg"/>
  <testcase name="testpostEventsLoad" time="0.111" classname="cool.fountain.online.web.test.event.master.TestPostEventstestNg"/>
  <testcase name="testpostEventsLoad" time="0.159" classname="cool.fountain.online.web.test.event.master.TestPostEventstestNg"/>
  <testcase name="testpostEventsLoad" time="0.125" classname="cool.fountain.online.web.test.event.master.TestPostEventstestNg"/>
  <testcase name="testpostEventsLoad" time="0.110" classname="cool.fountain.online.web.test.event.master.TestPostEventstestNg"/>
  <testcase name="testpostEventsLoad" time="0.108" classname="cool.fountain.online.web.test.event.master.TestPostEventstestNg"/>
  <testcase name="testpostEventsLoad" time="0.101" classname="cool.fountain.online.web.test.event.master.TestPostEventstestNg"/>
  <testcase name="testpostEventsLoad" time="0.097" classname="cool.fountain.online.web.test.event.master.TestPostEventstestNg"/>
  <testcase name="testpostEventsLoad" time="0.141" classname="cool.fountain.online.web.test.event.master.TestPostEventstestNg"/>
  <testcase name="testpostEventsLoad" time="0.117" classname="cool.fountain.online.web.test.event.master.TestPostEventstestNg"/>
  <testcase name="testpostEventsLoad" time="0.090" classname="cool.fountain.online.web.test.event.master.TestPostEventstestNg"/>
  <testcase name="testpostEventsLoad" time="0.107" classname="cool.fountain.online.web.test.event.master.TestPostEventstestNg"/>
  <testcase name="testpostEventsLoad" time="0.141" classname="cool.fountain.online.web.test.event.master.TestPostEventstestNg"/>
  <testcase name="testpostEventsLoad" time="0.093" classname="cool.fountain.online.web.test.event.master.TestPostEventstestNg"/>
  <testcase name="testpostEventsLoad" time="0.134" classname="cool.fountain.online.web.test.event.master.TestPostEventstestNg"/>
  <testcase name="testpostEventsLoad" time="0.181" classname="cool.fountain.online.web.test.event.master.TestPostEventstestNg"/>
  <testcase name="testpostEventsLoad" time="0.116" classname="cool.fountain.online.web.test.event.master.TestPostEventstestNg"/>
  <testcase name="testpostEventsLoad" time="0.094" classname="cool.fountain.online.web.test.event.master.TestPostEventstestNg"/>
  <testcase name="testpostEventsLoad" time="0.096" classname="cool.fountain.online.web.test.event.master.TestPostEventstestNg"/>
  <testcase name="testpostEventsLoad" time="0.128" classname="cool.fountain.online.web.test.event.master.TestPostEventstestNg"/>
  <testcase name="testpostEventsLoad" time="0.101" classname="cool.fountain.online.web.test.event.master.TestPostEventstestNg"/>
  <testcase name="testpostEventsLoad" time="0.101" classname="cool.fountain.online.web.test.event.master.TestPostEventstestNg"/>
  <testcase name="testpostEventsLoad" time="0.130" classname="cool.fountain.online.web.test.event.master.TestPostEventstestNg"/>
  <testcase name="testpostEventsLoad" time="0.101" classname="cool.fountain.online.web.test.event.master.TestPostEventstestNg"/>
  <testcase name="testpostEventsLoad" time="0.104" classname="cool.fountain.online.web.test.event.master.TestPostEventstestNg"/>
  <testcase name="testpostEventsLoad" time="0.150" classname="cool.fountain.online.web.test.event.master.TestPostEventstestNg"/>
  <testcase name="testpostEventsLoad" time="0.174" classname="cool.fountain.online.web.test.event.master.TestPostEventstestNg"/>
</testsuite> <!-- cool.fountain.online.web.test.event.master.TestPostEventstestNg -->
